[2024-04-09T21:55:57.918+0000] {processor.py:161} INFO - Started process (PID=33) to work on /home/airflow/.local/lib/python3.12/site-packages/airflow/example_dags/example_bash_operator.py
[2024-04-09T21:55:57.920+0000] {processor.py:830} INFO - Processing file /home/airflow/.local/lib/python3.12/site-packages/airflow/example_dags/example_bash_operator.py for tasks to queue
[2024-04-09T21:55:57.922+0000] {logging_mixin.py:188} INFO - [2024-04-09T21:55:57.922+0000] {dagbag.py:540} INFO - Filling up the DagBag from /home/airflow/.local/lib/python3.12/site-packages/airflow/example_dags/example_bash_operator.py
[2024-04-09T21:55:58.023+0000] {processor.py:840} INFO - DAG(s) 'example_bash_operator' retrieved from /home/airflow/.local/lib/python3.12/site-packages/airflow/example_dags/example_bash_operator.py
[2024-04-09T21:55:59.612+0000] {logging_mixin.py:188} INFO - [2024-04-09T21:55:59.611+0000] {dag.py:3096} INFO - Sync 1 DAGs
[2024-04-09T21:55:59.642+0000] {logging_mixin.py:188} INFO - [2024-04-09T21:55:59.642+0000] {dag.py:3954} INFO - Setting next_dagrun for example_bash_operator to 2024-04-08 00:00:00+00:00, run_after=2024-04-09 00:00:00+00:00
[2024-04-09T21:56:00.543+0000] {processor.py:183} INFO - Processing /home/airflow/.local/lib/python3.12/site-packages/airflow/example_dags/example_bash_operator.py took 2.635 seconds
[2024-04-09T21:58:00.325+0000] {processor.py:161} INFO - Started process (PID=102) to work on /home/airflow/.local/lib/python3.12/site-packages/airflow/example_dags/example_bash_operator.py
[2024-04-09T21:58:00.326+0000] {processor.py:830} INFO - Processing file /home/airflow/.local/lib/python3.12/site-packages/airflow/example_dags/example_bash_operator.py for tasks to queue
[2024-04-09T21:58:00.329+0000] {logging_mixin.py:188} INFO - [2024-04-09T21:58:00.328+0000] {dagbag.py:540} INFO - Filling up the DagBag from /home/airflow/.local/lib/python3.12/site-packages/airflow/example_dags/example_bash_operator.py
[2024-04-09T21:58:00.528+0000] {processor.py:840} INFO - DAG(s) 'example_bash_operator' retrieved from /home/airflow/.local/lib/python3.12/site-packages/airflow/example_dags/example_bash_operator.py
[2024-04-09T21:58:00.738+0000] {logging_mixin.py:188} INFO - [2024-04-09T21:58:00.737+0000] {dag.py:3096} INFO - Sync 1 DAGs
[2024-04-09T21:58:00.785+0000] {logging_mixin.py:188} INFO - [2024-04-09T21:58:00.785+0000] {dag.py:3954} INFO - Setting next_dagrun for example_bash_operator to 2024-04-08 00:00:00+00:00, run_after=2024-04-09 00:00:00+00:00
[2024-04-09T21:58:00.999+0000] {processor.py:183} INFO - Processing /home/airflow/.local/lib/python3.12/site-packages/airflow/example_dags/example_bash_operator.py took 0.681 seconds
[2024-04-09T21:58:31.262+0000] {processor.py:161} INFO - Started process (PID=159) to work on /home/airflow/.local/lib/python3.12/site-packages/airflow/example_dags/example_bash_operator.py
[2024-04-09T21:58:31.264+0000] {processor.py:830} INFO - Processing file /home/airflow/.local/lib/python3.12/site-packages/airflow/example_dags/example_bash_operator.py for tasks to queue
[2024-04-09T21:58:31.266+0000] {logging_mixin.py:188} INFO - [2024-04-09T21:58:31.266+0000] {dagbag.py:540} INFO - Filling up the DagBag from /home/airflow/.local/lib/python3.12/site-packages/airflow/example_dags/example_bash_operator.py
[2024-04-09T21:58:31.283+0000] {processor.py:840} INFO - DAG(s) 'example_bash_operator' retrieved from /home/airflow/.local/lib/python3.12/site-packages/airflow/example_dags/example_bash_operator.py
[2024-04-09T21:58:31.322+0000] {logging_mixin.py:188} INFO - [2024-04-09T21:58:31.322+0000] {dag.py:3096} INFO - Sync 1 DAGs
[2024-04-09T21:58:31.351+0000] {logging_mixin.py:188} INFO - [2024-04-09T21:58:31.351+0000] {dag.py:3954} INFO - Setting next_dagrun for example_bash_operator to 2024-04-08 00:00:00+00:00, run_after=2024-04-09 00:00:00+00:00
[2024-04-09T21:58:31.626+0000] {processor.py:183} INFO - Processing /home/airflow/.local/lib/python3.12/site-packages/airflow/example_dags/example_bash_operator.py took 0.374 seconds
[2024-04-09T21:59:02.334+0000] {processor.py:161} INFO - Started process (PID=217) to work on /home/airflow/.local/lib/python3.12/site-packages/airflow/example_dags/example_bash_operator.py
[2024-04-09T21:59:02.336+0000] {processor.py:830} INFO - Processing file /home/airflow/.local/lib/python3.12/site-packages/airflow/example_dags/example_bash_operator.py for tasks to queue
[2024-04-09T21:59:02.340+0000] {logging_mixin.py:188} INFO - [2024-04-09T21:59:02.339+0000] {dagbag.py:540} INFO - Filling up the DagBag from /home/airflow/.local/lib/python3.12/site-packages/airflow/example_dags/example_bash_operator.py
[2024-04-09T21:59:02.358+0000] {processor.py:840} INFO - DAG(s) 'example_bash_operator' retrieved from /home/airflow/.local/lib/python3.12/site-packages/airflow/example_dags/example_bash_operator.py
[2024-04-09T21:59:02.408+0000] {logging_mixin.py:188} INFO - [2024-04-09T21:59:02.408+0000] {dag.py:3096} INFO - Sync 1 DAGs
[2024-04-09T21:59:02.453+0000] {logging_mixin.py:188} INFO - [2024-04-09T21:59:02.452+0000] {dag.py:3954} INFO - Setting next_dagrun for example_bash_operator to 2024-04-08 00:00:00+00:00, run_after=2024-04-09 00:00:00+00:00
[2024-04-09T21:59:02.708+0000] {processor.py:183} INFO - Processing /home/airflow/.local/lib/python3.12/site-packages/airflow/example_dags/example_bash_operator.py took 0.385 seconds
[2024-04-09T21:59:32.838+0000] {processor.py:161} INFO - Started process (PID=273) to work on /home/airflow/.local/lib/python3.12/site-packages/airflow/example_dags/example_bash_operator.py
[2024-04-09T21:59:32.839+0000] {processor.py:830} INFO - Processing file /home/airflow/.local/lib/python3.12/site-packages/airflow/example_dags/example_bash_operator.py for tasks to queue
[2024-04-09T21:59:32.842+0000] {logging_mixin.py:188} INFO - [2024-04-09T21:59:32.841+0000] {dagbag.py:540} INFO - Filling up the DagBag from /home/airflow/.local/lib/python3.12/site-packages/airflow/example_dags/example_bash_operator.py
[2024-04-09T21:59:32.860+0000] {processor.py:840} INFO - DAG(s) 'example_bash_operator' retrieved from /home/airflow/.local/lib/python3.12/site-packages/airflow/example_dags/example_bash_operator.py
[2024-04-09T21:59:32.898+0000] {logging_mixin.py:188} INFO - [2024-04-09T21:59:32.898+0000] {dag.py:3096} INFO - Sync 1 DAGs
[2024-04-09T21:59:32.931+0000] {logging_mixin.py:188} INFO - [2024-04-09T21:59:32.930+0000] {dag.py:3954} INFO - Setting next_dagrun for example_bash_operator to 2024-04-08 00:00:00+00:00, run_after=2024-04-09 00:00:00+00:00
[2024-04-09T21:59:33.089+0000] {processor.py:183} INFO - Processing /home/airflow/.local/lib/python3.12/site-packages/airflow/example_dags/example_bash_operator.py took 0.259 seconds
[2024-04-09T22:00:11.076+0000] {processor.py:161} INFO - Started process (PID=325) to work on /home/airflow/.local/lib/python3.12/site-packages/airflow/example_dags/example_bash_operator.py
[2024-04-09T22:00:11.077+0000] {processor.py:830} INFO - Processing file /home/airflow/.local/lib/python3.12/site-packages/airflow/example_dags/example_bash_operator.py for tasks to queue
[2024-04-09T22:00:11.079+0000] {logging_mixin.py:188} INFO - [2024-04-09T22:00:11.079+0000] {dagbag.py:540} INFO - Filling up the DagBag from /home/airflow/.local/lib/python3.12/site-packages/airflow/example_dags/example_bash_operator.py
[2024-04-09T22:00:11.094+0000] {processor.py:840} INFO - DAG(s) 'example_bash_operator' retrieved from /home/airflow/.local/lib/python3.12/site-packages/airflow/example_dags/example_bash_operator.py
[2024-04-09T22:00:11.146+0000] {logging_mixin.py:188} INFO - [2024-04-09T22:00:11.146+0000] {dag.py:3096} INFO - Sync 1 DAGs
[2024-04-09T22:00:11.200+0000] {logging_mixin.py:188} INFO - [2024-04-09T22:00:11.200+0000] {dag.py:3954} INFO - Setting next_dagrun for example_bash_operator to 2024-04-08 00:00:00+00:00, run_after=2024-04-09 00:00:00+00:00
[2024-04-09T22:00:11.393+0000] {processor.py:183} INFO - Processing /home/airflow/.local/lib/python3.12/site-packages/airflow/example_dags/example_bash_operator.py took 0.325 seconds
[2024-04-09T22:00:41.952+0000] {processor.py:161} INFO - Started process (PID=367) to work on /home/airflow/.local/lib/python3.12/site-packages/airflow/example_dags/example_bash_operator.py
[2024-04-09T22:00:41.953+0000] {processor.py:830} INFO - Processing file /home/airflow/.local/lib/python3.12/site-packages/airflow/example_dags/example_bash_operator.py for tasks to queue
[2024-04-09T22:00:41.957+0000] {logging_mixin.py:188} INFO - [2024-04-09T22:00:41.956+0000] {dagbag.py:540} INFO - Filling up the DagBag from /home/airflow/.local/lib/python3.12/site-packages/airflow/example_dags/example_bash_operator.py
[2024-04-09T22:00:41.999+0000] {processor.py:840} INFO - DAG(s) 'example_bash_operator' retrieved from /home/airflow/.local/lib/python3.12/site-packages/airflow/example_dags/example_bash_operator.py
[2024-04-09T22:00:42.039+0000] {logging_mixin.py:188} INFO - [2024-04-09T22:00:42.038+0000] {dag.py:3096} INFO - Sync 1 DAGs
[2024-04-09T22:00:42.071+0000] {logging_mixin.py:188} INFO - [2024-04-09T22:00:42.071+0000] {dag.py:3954} INFO - Setting next_dagrun for example_bash_operator to 2024-04-08 00:00:00+00:00, run_after=2024-04-09 00:00:00+00:00
[2024-04-09T22:00:42.258+0000] {processor.py:183} INFO - Processing /home/airflow/.local/lib/python3.12/site-packages/airflow/example_dags/example_bash_operator.py took 0.314 seconds
[2024-04-09T22:01:12.613+0000] {processor.py:161} INFO - Started process (PID=424) to work on /home/airflow/.local/lib/python3.12/site-packages/airflow/example_dags/example_bash_operator.py
[2024-04-09T22:01:12.614+0000] {processor.py:830} INFO - Processing file /home/airflow/.local/lib/python3.12/site-packages/airflow/example_dags/example_bash_operator.py for tasks to queue
[2024-04-09T22:01:12.617+0000] {logging_mixin.py:188} INFO - [2024-04-09T22:01:12.616+0000] {dagbag.py:540} INFO - Filling up the DagBag from /home/airflow/.local/lib/python3.12/site-packages/airflow/example_dags/example_bash_operator.py
[2024-04-09T22:01:12.639+0000] {processor.py:840} INFO - DAG(s) 'example_bash_operator' retrieved from /home/airflow/.local/lib/python3.12/site-packages/airflow/example_dags/example_bash_operator.py
[2024-04-09T22:01:12.691+0000] {logging_mixin.py:188} INFO - [2024-04-09T22:01:12.691+0000] {dag.py:3096} INFO - Sync 1 DAGs
[2024-04-09T22:01:12.728+0000] {logging_mixin.py:188} INFO - [2024-04-09T22:01:12.728+0000] {dag.py:3954} INFO - Setting next_dagrun for example_bash_operator to 2024-04-08 00:00:00+00:00, run_after=2024-04-09 00:00:00+00:00
[2024-04-09T22:01:12.971+0000] {processor.py:183} INFO - Processing /home/airflow/.local/lib/python3.12/site-packages/airflow/example_dags/example_bash_operator.py took 0.366 seconds
[2024-04-09T22:01:43.078+0000] {processor.py:161} INFO - Started process (PID=480) to work on /home/airflow/.local/lib/python3.12/site-packages/airflow/example_dags/example_bash_operator.py
[2024-04-09T22:01:43.080+0000] {processor.py:830} INFO - Processing file /home/airflow/.local/lib/python3.12/site-packages/airflow/example_dags/example_bash_operator.py for tasks to queue
[2024-04-09T22:01:43.084+0000] {logging_mixin.py:188} INFO - [2024-04-09T22:01:43.083+0000] {dagbag.py:540} INFO - Filling up the DagBag from /home/airflow/.local/lib/python3.12/site-packages/airflow/example_dags/example_bash_operator.py
[2024-04-09T22:01:43.102+0000] {processor.py:840} INFO - DAG(s) 'example_bash_operator' retrieved from /home/airflow/.local/lib/python3.12/site-packages/airflow/example_dags/example_bash_operator.py
[2024-04-09T22:01:43.157+0000] {logging_mixin.py:188} INFO - [2024-04-09T22:01:43.157+0000] {dag.py:3096} INFO - Sync 1 DAGs
[2024-04-09T22:01:43.190+0000] {logging_mixin.py:188} INFO - [2024-04-09T22:01:43.190+0000] {dag.py:3954} INFO - Setting next_dagrun for example_bash_operator to 2024-04-08 00:00:00+00:00, run_after=2024-04-09 00:00:00+00:00
[2024-04-09T22:01:43.407+0000] {processor.py:183} INFO - Processing /home/airflow/.local/lib/python3.12/site-packages/airflow/example_dags/example_bash_operator.py took 0.340 seconds
[2024-04-09T22:02:13.908+0000] {processor.py:161} INFO - Started process (PID=538) to work on /home/airflow/.local/lib/python3.12/site-packages/airflow/example_dags/example_bash_operator.py
[2024-04-09T22:02:13.909+0000] {processor.py:830} INFO - Processing file /home/airflow/.local/lib/python3.12/site-packages/airflow/example_dags/example_bash_operator.py for tasks to queue
[2024-04-09T22:02:13.912+0000] {logging_mixin.py:188} INFO - [2024-04-09T22:02:13.911+0000] {dagbag.py:540} INFO - Filling up the DagBag from /home/airflow/.local/lib/python3.12/site-packages/airflow/example_dags/example_bash_operator.py
[2024-04-09T22:02:13.931+0000] {processor.py:840} INFO - DAG(s) 'example_bash_operator' retrieved from /home/airflow/.local/lib/python3.12/site-packages/airflow/example_dags/example_bash_operator.py
[2024-04-09T22:02:13.973+0000] {logging_mixin.py:188} INFO - [2024-04-09T22:02:13.972+0000] {dag.py:3096} INFO - Sync 1 DAGs
[2024-04-09T22:02:14.010+0000] {logging_mixin.py:188} INFO - [2024-04-09T22:02:14.010+0000] {dag.py:3954} INFO - Setting next_dagrun for example_bash_operator to 2024-04-08 00:00:00+00:00, run_after=2024-04-09 00:00:00+00:00
[2024-04-09T22:02:14.264+0000] {processor.py:183} INFO - Processing /home/airflow/.local/lib/python3.12/site-packages/airflow/example_dags/example_bash_operator.py took 0.364 seconds
[2024-04-09T22:03:18.974+0000] {processor.py:161} INFO - Started process (PID=601) to work on /home/airflow/.local/lib/python3.12/site-packages/airflow/example_dags/example_bash_operator.py
[2024-04-09T22:03:18.976+0000] {processor.py:830} INFO - Processing file /home/airflow/.local/lib/python3.12/site-packages/airflow/example_dags/example_bash_operator.py for tasks to queue
[2024-04-09T22:03:18.979+0000] {logging_mixin.py:188} INFO - [2024-04-09T22:03:18.978+0000] {dagbag.py:540} INFO - Filling up the DagBag from /home/airflow/.local/lib/python3.12/site-packages/airflow/example_dags/example_bash_operator.py
[2024-04-09T22:03:18.999+0000] {processor.py:840} INFO - DAG(s) 'example_bash_operator' retrieved from /home/airflow/.local/lib/python3.12/site-packages/airflow/example_dags/example_bash_operator.py
[2024-04-09T22:03:19.051+0000] {logging_mixin.py:188} INFO - [2024-04-09T22:03:19.050+0000] {dag.py:3096} INFO - Sync 1 DAGs
[2024-04-09T22:03:19.086+0000] {logging_mixin.py:188} INFO - [2024-04-09T22:03:19.086+0000] {dag.py:3954} INFO - Setting next_dagrun for example_bash_operator to 2024-04-08 00:00:00+00:00, run_after=2024-04-09 00:00:00+00:00
[2024-04-09T22:03:19.336+0000] {processor.py:183} INFO - Processing /home/airflow/.local/lib/python3.12/site-packages/airflow/example_dags/example_bash_operator.py took 0.374 seconds
[2024-04-09T22:03:49.636+0000] {processor.py:161} INFO - Started process (PID=657) to work on /home/airflow/.local/lib/python3.12/site-packages/airflow/example_dags/example_bash_operator.py
[2024-04-09T22:03:49.638+0000] {processor.py:830} INFO - Processing file /home/airflow/.local/lib/python3.12/site-packages/airflow/example_dags/example_bash_operator.py for tasks to queue
[2024-04-09T22:03:49.642+0000] {logging_mixin.py:188} INFO - [2024-04-09T22:03:49.641+0000] {dagbag.py:540} INFO - Filling up the DagBag from /home/airflow/.local/lib/python3.12/site-packages/airflow/example_dags/example_bash_operator.py
[2024-04-09T22:03:49.697+0000] {processor.py:840} INFO - DAG(s) 'example_bash_operator' retrieved from /home/airflow/.local/lib/python3.12/site-packages/airflow/example_dags/example_bash_operator.py
[2024-04-09T22:03:49.746+0000] {logging_mixin.py:188} INFO - [2024-04-09T22:03:49.745+0000] {dag.py:3096} INFO - Sync 1 DAGs
[2024-04-09T22:03:49.789+0000] {logging_mixin.py:188} INFO - [2024-04-09T22:03:49.789+0000] {dag.py:3954} INFO - Setting next_dagrun for example_bash_operator to 2024-04-08 00:00:00+00:00, run_after=2024-04-09 00:00:00+00:00
[2024-04-09T22:03:50.285+0000] {processor.py:183} INFO - Processing /home/airflow/.local/lib/python3.12/site-packages/airflow/example_dags/example_bash_operator.py took 0.669 seconds
[2024-04-09T22:04:20.977+0000] {processor.py:161} INFO - Started process (PID=714) to work on /home/airflow/.local/lib/python3.12/site-packages/airflow/example_dags/example_bash_operator.py
[2024-04-09T22:04:20.978+0000] {processor.py:830} INFO - Processing file /home/airflow/.local/lib/python3.12/site-packages/airflow/example_dags/example_bash_operator.py for tasks to queue
[2024-04-09T22:04:20.982+0000] {logging_mixin.py:188} INFO - [2024-04-09T22:04:20.982+0000] {dagbag.py:540} INFO - Filling up the DagBag from /home/airflow/.local/lib/python3.12/site-packages/airflow/example_dags/example_bash_operator.py
[2024-04-09T22:04:21.010+0000] {processor.py:840} INFO - DAG(s) 'example_bash_operator' retrieved from /home/airflow/.local/lib/python3.12/site-packages/airflow/example_dags/example_bash_operator.py
[2024-04-09T22:04:21.069+0000] {logging_mixin.py:188} INFO - [2024-04-09T22:04:21.069+0000] {dag.py:3096} INFO - Sync 1 DAGs
[2024-04-09T22:04:21.103+0000] {logging_mixin.py:188} INFO - [2024-04-09T22:04:21.103+0000] {dag.py:3954} INFO - Setting next_dagrun for example_bash_operator to 2024-04-08 00:00:00+00:00, run_after=2024-04-09 00:00:00+00:00
[2024-04-09T22:04:21.252+0000] {processor.py:183} INFO - Processing /home/airflow/.local/lib/python3.12/site-packages/airflow/example_dags/example_bash_operator.py took 0.288 seconds
[2024-04-09T22:04:52.019+0000] {processor.py:161} INFO - Started process (PID=772) to work on /home/airflow/.local/lib/python3.12/site-packages/airflow/example_dags/example_bash_operator.py
[2024-04-09T22:04:52.020+0000] {processor.py:830} INFO - Processing file /home/airflow/.local/lib/python3.12/site-packages/airflow/example_dags/example_bash_operator.py for tasks to queue
[2024-04-09T22:04:52.024+0000] {logging_mixin.py:188} INFO - [2024-04-09T22:04:52.023+0000] {dagbag.py:540} INFO - Filling up the DagBag from /home/airflow/.local/lib/python3.12/site-packages/airflow/example_dags/example_bash_operator.py
[2024-04-09T22:04:52.045+0000] {processor.py:840} INFO - DAG(s) 'example_bash_operator' retrieved from /home/airflow/.local/lib/python3.12/site-packages/airflow/example_dags/example_bash_operator.py
[2024-04-09T22:04:52.133+0000] {logging_mixin.py:188} INFO - [2024-04-09T22:04:52.132+0000] {dag.py:3096} INFO - Sync 1 DAGs
[2024-04-09T22:04:52.209+0000] {logging_mixin.py:188} INFO - [2024-04-09T22:04:52.208+0000] {dag.py:3954} INFO - Setting next_dagrun for example_bash_operator to 2024-04-08 00:00:00+00:00, run_after=2024-04-09 00:00:00+00:00
[2024-04-09T22:04:52.653+0000] {processor.py:183} INFO - Processing /home/airflow/.local/lib/python3.12/site-packages/airflow/example_dags/example_bash_operator.py took 0.643 seconds
[2024-04-09T22:05:23.083+0000] {processor.py:161} INFO - Started process (PID=830) to work on /home/airflow/.local/lib/python3.12/site-packages/airflow/example_dags/example_bash_operator.py
[2024-04-09T22:05:23.084+0000] {processor.py:830} INFO - Processing file /home/airflow/.local/lib/python3.12/site-packages/airflow/example_dags/example_bash_operator.py for tasks to queue
[2024-04-09T22:05:23.087+0000] {logging_mixin.py:188} INFO - [2024-04-09T22:05:23.086+0000] {dagbag.py:540} INFO - Filling up the DagBag from /home/airflow/.local/lib/python3.12/site-packages/airflow/example_dags/example_bash_operator.py
[2024-04-09T22:05:23.105+0000] {processor.py:840} INFO - DAG(s) 'example_bash_operator' retrieved from /home/airflow/.local/lib/python3.12/site-packages/airflow/example_dags/example_bash_operator.py
[2024-04-09T22:05:23.152+0000] {logging_mixin.py:188} INFO - [2024-04-09T22:05:23.151+0000] {dag.py:3096} INFO - Sync 1 DAGs
[2024-04-09T22:05:23.198+0000] {logging_mixin.py:188} INFO - [2024-04-09T22:05:23.198+0000] {dag.py:3954} INFO - Setting next_dagrun for example_bash_operator to 2024-04-08 00:00:00+00:00, run_after=2024-04-09 00:00:00+00:00
[2024-04-09T22:05:23.273+0000] {processor.py:183} INFO - Processing /home/airflow/.local/lib/python3.12/site-packages/airflow/example_dags/example_bash_operator.py took 0.198 seconds
[2024-04-09T22:05:53.656+0000] {processor.py:161} INFO - Started process (PID=888) to work on /home/airflow/.local/lib/python3.12/site-packages/airflow/example_dags/example_bash_operator.py
[2024-04-09T22:05:53.657+0000] {processor.py:830} INFO - Processing file /home/airflow/.local/lib/python3.12/site-packages/airflow/example_dags/example_bash_operator.py for tasks to queue
[2024-04-09T22:05:53.660+0000] {logging_mixin.py:188} INFO - [2024-04-09T22:05:53.660+0000] {dagbag.py:540} INFO - Filling up the DagBag from /home/airflow/.local/lib/python3.12/site-packages/airflow/example_dags/example_bash_operator.py
[2024-04-09T22:05:53.681+0000] {processor.py:840} INFO - DAG(s) 'example_bash_operator' retrieved from /home/airflow/.local/lib/python3.12/site-packages/airflow/example_dags/example_bash_operator.py
[2024-04-09T22:05:53.728+0000] {logging_mixin.py:188} INFO - [2024-04-09T22:05:53.727+0000] {dag.py:3096} INFO - Sync 1 DAGs
[2024-04-09T22:05:53.762+0000] {logging_mixin.py:188} INFO - [2024-04-09T22:05:53.762+0000] {dag.py:3954} INFO - Setting next_dagrun for example_bash_operator to 2024-04-08 00:00:00+00:00, run_after=2024-04-09 00:00:00+00:00
[2024-04-09T22:05:53.892+0000] {processor.py:183} INFO - Processing /home/airflow/.local/lib/python3.12/site-packages/airflow/example_dags/example_bash_operator.py took 0.246 seconds
[2024-04-09T22:06:24.343+0000] {processor.py:161} INFO - Started process (PID=946) to work on /home/airflow/.local/lib/python3.12/site-packages/airflow/example_dags/example_bash_operator.py
[2024-04-09T22:06:24.345+0000] {processor.py:830} INFO - Processing file /home/airflow/.local/lib/python3.12/site-packages/airflow/example_dags/example_bash_operator.py for tasks to queue
[2024-04-09T22:06:24.347+0000] {logging_mixin.py:188} INFO - [2024-04-09T22:06:24.347+0000] {dagbag.py:540} INFO - Filling up the DagBag from /home/airflow/.local/lib/python3.12/site-packages/airflow/example_dags/example_bash_operator.py
[2024-04-09T22:06:24.363+0000] {processor.py:840} INFO - DAG(s) 'example_bash_operator' retrieved from /home/airflow/.local/lib/python3.12/site-packages/airflow/example_dags/example_bash_operator.py
[2024-04-09T22:06:24.406+0000] {logging_mixin.py:188} INFO - [2024-04-09T22:06:24.406+0000] {dag.py:3096} INFO - Sync 1 DAGs
[2024-04-09T22:06:24.442+0000] {logging_mixin.py:188} INFO - [2024-04-09T22:06:24.441+0000] {dag.py:3954} INFO - Setting next_dagrun for example_bash_operator to 2024-04-08 00:00:00+00:00, run_after=2024-04-09 00:00:00+00:00
[2024-04-09T22:06:24.605+0000] {processor.py:183} INFO - Processing /home/airflow/.local/lib/python3.12/site-packages/airflow/example_dags/example_bash_operator.py took 0.272 seconds
[2024-04-09T22:06:54.914+0000] {processor.py:161} INFO - Started process (PID=1010) to work on /home/airflow/.local/lib/python3.12/site-packages/airflow/example_dags/example_bash_operator.py
[2024-04-09T22:06:54.915+0000] {processor.py:830} INFO - Processing file /home/airflow/.local/lib/python3.12/site-packages/airflow/example_dags/example_bash_operator.py for tasks to queue
[2024-04-09T22:06:54.919+0000] {logging_mixin.py:188} INFO - [2024-04-09T22:06:54.918+0000] {dagbag.py:540} INFO - Filling up the DagBag from /home/airflow/.local/lib/python3.12/site-packages/airflow/example_dags/example_bash_operator.py
[2024-04-09T22:06:54.939+0000] {processor.py:840} INFO - DAG(s) 'example_bash_operator' retrieved from /home/airflow/.local/lib/python3.12/site-packages/airflow/example_dags/example_bash_operator.py
[2024-04-09T22:06:54.984+0000] {logging_mixin.py:188} INFO - [2024-04-09T22:06:54.984+0000] {dag.py:3096} INFO - Sync 1 DAGs
[2024-04-09T22:06:55.022+0000] {logging_mixin.py:188} INFO - [2024-04-09T22:06:55.022+0000] {dag.py:3954} INFO - Setting next_dagrun for example_bash_operator to 2024-04-08 00:00:00+00:00, run_after=2024-04-09 00:00:00+00:00
[2024-04-09T22:06:55.205+0000] {processor.py:183} INFO - Processing /home/airflow/.local/lib/python3.12/site-packages/airflow/example_dags/example_bash_operator.py took 0.302 seconds
[2024-04-09T22:07:25.266+0000] {processor.py:161} INFO - Started process (PID=1068) to work on /home/airflow/.local/lib/python3.12/site-packages/airflow/example_dags/example_bash_operator.py
[2024-04-09T22:07:25.267+0000] {processor.py:830} INFO - Processing file /home/airflow/.local/lib/python3.12/site-packages/airflow/example_dags/example_bash_operator.py for tasks to queue
[2024-04-09T22:07:25.270+0000] {logging_mixin.py:188} INFO - [2024-04-09T22:07:25.270+0000] {dagbag.py:540} INFO - Filling up the DagBag from /home/airflow/.local/lib/python3.12/site-packages/airflow/example_dags/example_bash_operator.py
[2024-04-09T22:07:25.286+0000] {processor.py:840} INFO - DAG(s) 'example_bash_operator' retrieved from /home/airflow/.local/lib/python3.12/site-packages/airflow/example_dags/example_bash_operator.py
[2024-04-09T22:07:25.326+0000] {logging_mixin.py:188} INFO - [2024-04-09T22:07:25.326+0000] {dag.py:3096} INFO - Sync 1 DAGs
[2024-04-09T22:07:25.361+0000] {logging_mixin.py:188} INFO - [2024-04-09T22:07:25.360+0000] {dag.py:3954} INFO - Setting next_dagrun for example_bash_operator to 2024-04-08 00:00:00+00:00, run_after=2024-04-09 00:00:00+00:00
[2024-04-09T22:07:25.423+0000] {processor.py:183} INFO - Processing /home/airflow/.local/lib/python3.12/site-packages/airflow/example_dags/example_bash_operator.py took 0.166 seconds
[2024-04-09T22:07:55.683+0000] {processor.py:161} INFO - Started process (PID=1127) to work on /home/airflow/.local/lib/python3.12/site-packages/airflow/example_dags/example_bash_operator.py
[2024-04-09T22:07:55.685+0000] {processor.py:830} INFO - Processing file /home/airflow/.local/lib/python3.12/site-packages/airflow/example_dags/example_bash_operator.py for tasks to queue
[2024-04-09T22:07:55.688+0000] {logging_mixin.py:188} INFO - [2024-04-09T22:07:55.688+0000] {dagbag.py:540} INFO - Filling up the DagBag from /home/airflow/.local/lib/python3.12/site-packages/airflow/example_dags/example_bash_operator.py
[2024-04-09T22:07:55.707+0000] {processor.py:840} INFO - DAG(s) 'example_bash_operator' retrieved from /home/airflow/.local/lib/python3.12/site-packages/airflow/example_dags/example_bash_operator.py
[2024-04-09T22:07:55.931+0000] {logging_mixin.py:188} INFO - [2024-04-09T22:07:55.931+0000] {dag.py:3096} INFO - Sync 1 DAGs
[2024-04-09T22:07:55.959+0000] {logging_mixin.py:188} INFO - [2024-04-09T22:07:55.958+0000] {dag.py:3954} INFO - Setting next_dagrun for example_bash_operator to 2024-04-08 00:00:00+00:00, run_after=2024-04-09 00:00:00+00:00
[2024-04-09T22:07:56.028+0000] {processor.py:183} INFO - Processing /home/airflow/.local/lib/python3.12/site-packages/airflow/example_dags/example_bash_operator.py took 0.352 seconds
[2024-04-09T22:08:26.621+0000] {processor.py:161} INFO - Started process (PID=1185) to work on /home/airflow/.local/lib/python3.12/site-packages/airflow/example_dags/example_bash_operator.py
[2024-04-09T22:08:26.622+0000] {processor.py:830} INFO - Processing file /home/airflow/.local/lib/python3.12/site-packages/airflow/example_dags/example_bash_operator.py for tasks to queue
[2024-04-09T22:08:26.625+0000] {logging_mixin.py:188} INFO - [2024-04-09T22:08:26.625+0000] {dagbag.py:540} INFO - Filling up the DagBag from /home/airflow/.local/lib/python3.12/site-packages/airflow/example_dags/example_bash_operator.py
[2024-04-09T22:08:26.648+0000] {processor.py:840} INFO - DAG(s) 'example_bash_operator' retrieved from /home/airflow/.local/lib/python3.12/site-packages/airflow/example_dags/example_bash_operator.py
[2024-04-09T22:08:26.691+0000] {logging_mixin.py:188} INFO - [2024-04-09T22:08:26.691+0000] {dag.py:3096} INFO - Sync 1 DAGs
[2024-04-09T22:08:26.732+0000] {logging_mixin.py:188} INFO - [2024-04-09T22:08:26.731+0000] {dag.py:3954} INFO - Setting next_dagrun for example_bash_operator to 2024-04-08 00:00:00+00:00, run_after=2024-04-09 00:00:00+00:00
[2024-04-09T22:08:26.787+0000] {processor.py:183} INFO - Processing /home/airflow/.local/lib/python3.12/site-packages/airflow/example_dags/example_bash_operator.py took 0.177 seconds
[2024-04-09T22:08:57.529+0000] {processor.py:161} INFO - Started process (PID=1243) to work on /home/airflow/.local/lib/python3.12/site-packages/airflow/example_dags/example_bash_operator.py
[2024-04-09T22:08:57.531+0000] {processor.py:830} INFO - Processing file /home/airflow/.local/lib/python3.12/site-packages/airflow/example_dags/example_bash_operator.py for tasks to queue
[2024-04-09T22:08:57.535+0000] {logging_mixin.py:188} INFO - [2024-04-09T22:08:57.534+0000] {dagbag.py:540} INFO - Filling up the DagBag from /home/airflow/.local/lib/python3.12/site-packages/airflow/example_dags/example_bash_operator.py
[2024-04-09T22:08:57.558+0000] {processor.py:840} INFO - DAG(s) 'example_bash_operator' retrieved from /home/airflow/.local/lib/python3.12/site-packages/airflow/example_dags/example_bash_operator.py
[2024-04-09T22:08:57.612+0000] {logging_mixin.py:188} INFO - [2024-04-09T22:08:57.612+0000] {dag.py:3096} INFO - Sync 1 DAGs
[2024-04-09T22:08:57.661+0000] {logging_mixin.py:188} INFO - [2024-04-09T22:08:57.660+0000] {dag.py:3954} INFO - Setting next_dagrun for example_bash_operator to 2024-04-08 00:00:00+00:00, run_after=2024-04-09 00:00:00+00:00
[2024-04-09T22:08:57.719+0000] {processor.py:183} INFO - Processing /home/airflow/.local/lib/python3.12/site-packages/airflow/example_dags/example_bash_operator.py took 0.203 seconds
[2024-04-09T22:09:27.953+0000] {processor.py:161} INFO - Started process (PID=1301) to work on /home/airflow/.local/lib/python3.12/site-packages/airflow/example_dags/example_bash_operator.py
[2024-04-09T22:09:27.954+0000] {processor.py:830} INFO - Processing file /home/airflow/.local/lib/python3.12/site-packages/airflow/example_dags/example_bash_operator.py for tasks to queue
[2024-04-09T22:09:27.972+0000] {logging_mixin.py:188} INFO - [2024-04-09T22:09:27.971+0000] {dagbag.py:540} INFO - Filling up the DagBag from /home/airflow/.local/lib/python3.12/site-packages/airflow/example_dags/example_bash_operator.py
[2024-04-09T22:09:28.011+0000] {processor.py:840} INFO - DAG(s) 'example_bash_operator' retrieved from /home/airflow/.local/lib/python3.12/site-packages/airflow/example_dags/example_bash_operator.py
[2024-04-09T22:09:28.070+0000] {logging_mixin.py:188} INFO - [2024-04-09T22:09:28.069+0000] {dag.py:3096} INFO - Sync 1 DAGs
[2024-04-09T22:09:28.144+0000] {logging_mixin.py:188} INFO - [2024-04-09T22:09:28.144+0000] {dag.py:3954} INFO - Setting next_dagrun for example_bash_operator to 2024-04-08 00:00:00+00:00, run_after=2024-04-09 00:00:00+00:00
[2024-04-09T22:09:28.262+0000] {processor.py:183} INFO - Processing /home/airflow/.local/lib/python3.12/site-packages/airflow/example_dags/example_bash_operator.py took 0.331 seconds
[2024-04-09T22:09:58.467+0000] {processor.py:161} INFO - Started process (PID=1359) to work on /home/airflow/.local/lib/python3.12/site-packages/airflow/example_dags/example_bash_operator.py
[2024-04-09T22:09:58.469+0000] {processor.py:830} INFO - Processing file /home/airflow/.local/lib/python3.12/site-packages/airflow/example_dags/example_bash_operator.py for tasks to queue
[2024-04-09T22:09:58.473+0000] {logging_mixin.py:188} INFO - [2024-04-09T22:09:58.472+0000] {dagbag.py:540} INFO - Filling up the DagBag from /home/airflow/.local/lib/python3.12/site-packages/airflow/example_dags/example_bash_operator.py
[2024-04-09T22:09:58.494+0000] {processor.py:840} INFO - DAG(s) 'example_bash_operator' retrieved from /home/airflow/.local/lib/python3.12/site-packages/airflow/example_dags/example_bash_operator.py
[2024-04-09T22:09:58.544+0000] {logging_mixin.py:188} INFO - [2024-04-09T22:09:58.543+0000] {dag.py:3096} INFO - Sync 1 DAGs
[2024-04-09T22:09:58.596+0000] {logging_mixin.py:188} INFO - [2024-04-09T22:09:58.595+0000] {dag.py:3954} INFO - Setting next_dagrun for example_bash_operator to 2024-04-08 00:00:00+00:00, run_after=2024-04-09 00:00:00+00:00
[2024-04-09T22:09:58.674+0000] {processor.py:183} INFO - Processing /home/airflow/.local/lib/python3.12/site-packages/airflow/example_dags/example_bash_operator.py took 0.220 seconds
