[2024-04-09T21:57:58.070+0000] {processor.py:161} INFO - Started process (PID=96) to work on /home/airflow/.local/lib/python3.12/site-packages/airflow/example_dags/example_branch_labels.py
[2024-04-09T21:57:58.071+0000] {processor.py:830} INFO - Processing file /home/airflow/.local/lib/python3.12/site-packages/airflow/example_dags/example_branch_labels.py for tasks to queue
[2024-04-09T21:57:58.074+0000] {logging_mixin.py:188} INFO - [2024-04-09T21:57:58.074+0000] {dagbag.py:540} INFO - Filling up the DagBag from /home/airflow/.local/lib/python3.12/site-packages/airflow/example_dags/example_branch_labels.py
[2024-04-09T21:57:58.099+0000] {processor.py:840} INFO - DAG(s) 'example_branch_labels' retrieved from /home/airflow/.local/lib/python3.12/site-packages/airflow/example_dags/example_branch_labels.py
[2024-04-09T21:57:59.109+0000] {logging_mixin.py:188} INFO - [2024-04-09T21:57:59.108+0000] {dag.py:3096} INFO - Sync 1 DAGs
[2024-04-09T21:57:59.142+0000] {logging_mixin.py:188} INFO - [2024-04-09T21:57:59.142+0000] {dag.py:3954} INFO - Setting next_dagrun for example_branch_labels to 2024-04-08 00:00:00+00:00, run_after=2024-04-09 00:00:00+00:00
[2024-04-09T21:57:59.457+0000] {processor.py:183} INFO - Processing /home/airflow/.local/lib/python3.12/site-packages/airflow/example_dags/example_branch_labels.py took 0.818 seconds
[2024-04-09T21:58:29.842+0000] {processor.py:161} INFO - Started process (PID=154) to work on /home/airflow/.local/lib/python3.12/site-packages/airflow/example_dags/example_branch_labels.py
[2024-04-09T21:58:29.844+0000] {processor.py:830} INFO - Processing file /home/airflow/.local/lib/python3.12/site-packages/airflow/example_dags/example_branch_labels.py for tasks to queue
[2024-04-09T21:58:29.846+0000] {logging_mixin.py:188} INFO - [2024-04-09T21:58:29.846+0000] {dagbag.py:540} INFO - Filling up the DagBag from /home/airflow/.local/lib/python3.12/site-packages/airflow/example_dags/example_branch_labels.py
[2024-04-09T21:58:29.860+0000] {processor.py:840} INFO - DAG(s) 'example_branch_labels' retrieved from /home/airflow/.local/lib/python3.12/site-packages/airflow/example_dags/example_branch_labels.py
[2024-04-09T21:58:29.899+0000] {logging_mixin.py:188} INFO - [2024-04-09T21:58:29.899+0000] {dag.py:3096} INFO - Sync 1 DAGs
[2024-04-09T21:58:29.939+0000] {logging_mixin.py:188} INFO - [2024-04-09T21:58:29.938+0000] {dag.py:3954} INFO - Setting next_dagrun for example_branch_labels to 2024-04-08 00:00:00+00:00, run_after=2024-04-09 00:00:00+00:00
[2024-04-09T21:58:30.136+0000] {processor.py:183} INFO - Processing /home/airflow/.local/lib/python3.12/site-packages/airflow/example_dags/example_branch_labels.py took 0.303 seconds
[2024-04-09T21:59:00.561+0000] {processor.py:161} INFO - Started process (PID=210) to work on /home/airflow/.local/lib/python3.12/site-packages/airflow/example_dags/example_branch_labels.py
[2024-04-09T21:59:00.563+0000] {processor.py:830} INFO - Processing file /home/airflow/.local/lib/python3.12/site-packages/airflow/example_dags/example_branch_labels.py for tasks to queue
[2024-04-09T21:59:00.576+0000] {logging_mixin.py:188} INFO - [2024-04-09T21:59:00.570+0000] {dagbag.py:540} INFO - Filling up the DagBag from /home/airflow/.local/lib/python3.12/site-packages/airflow/example_dags/example_branch_labels.py
[2024-04-09T21:59:00.599+0000] {processor.py:840} INFO - DAG(s) 'example_branch_labels' retrieved from /home/airflow/.local/lib/python3.12/site-packages/airflow/example_dags/example_branch_labels.py
[2024-04-09T21:59:00.650+0000] {logging_mixin.py:188} INFO - [2024-04-09T21:59:00.650+0000] {dag.py:3096} INFO - Sync 1 DAGs
[2024-04-09T21:59:00.800+0000] {logging_mixin.py:188} INFO - [2024-04-09T21:59:00.800+0000] {dag.py:3954} INFO - Setting next_dagrun for example_branch_labels to 2024-04-08 00:00:00+00:00, run_after=2024-04-09 00:00:00+00:00
[2024-04-09T21:59:01.071+0000] {processor.py:183} INFO - Processing /home/airflow/.local/lib/python3.12/site-packages/airflow/example_dags/example_branch_labels.py took 0.525 seconds
[2024-04-09T21:59:31.314+0000] {processor.py:161} INFO - Started process (PID=268) to work on /home/airflow/.local/lib/python3.12/site-packages/airflow/example_dags/example_branch_labels.py
[2024-04-09T21:59:31.316+0000] {processor.py:830} INFO - Processing file /home/airflow/.local/lib/python3.12/site-packages/airflow/example_dags/example_branch_labels.py for tasks to queue
[2024-04-09T21:59:31.319+0000] {logging_mixin.py:188} INFO - [2024-04-09T21:59:31.318+0000] {dagbag.py:540} INFO - Filling up the DagBag from /home/airflow/.local/lib/python3.12/site-packages/airflow/example_dags/example_branch_labels.py
[2024-04-09T21:59:31.330+0000] {processor.py:840} INFO - DAG(s) 'example_branch_labels' retrieved from /home/airflow/.local/lib/python3.12/site-packages/airflow/example_dags/example_branch_labels.py
[2024-04-09T21:59:31.357+0000] {logging_mixin.py:188} INFO - [2024-04-09T21:59:31.357+0000] {dag.py:3096} INFO - Sync 1 DAGs
[2024-04-09T21:59:31.391+0000] {logging_mixin.py:188} INFO - [2024-04-09T21:59:31.391+0000] {dag.py:3954} INFO - Setting next_dagrun for example_branch_labels to 2024-04-08 00:00:00+00:00, run_after=2024-04-09 00:00:00+00:00
[2024-04-09T21:59:31.555+0000] {processor.py:183} INFO - Processing /home/airflow/.local/lib/python3.12/site-packages/airflow/example_dags/example_branch_labels.py took 0.249 seconds
[2024-04-09T22:00:12.320+0000] {processor.py:161} INFO - Started process (PID=332) to work on /home/airflow/.local/lib/python3.12/site-packages/airflow/example_dags/example_branch_labels.py
[2024-04-09T22:00:12.322+0000] {processor.py:830} INFO - Processing file /home/airflow/.local/lib/python3.12/site-packages/airflow/example_dags/example_branch_labels.py for tasks to queue
[2024-04-09T22:00:12.324+0000] {logging_mixin.py:188} INFO - [2024-04-09T22:00:12.324+0000] {dagbag.py:540} INFO - Filling up the DagBag from /home/airflow/.local/lib/python3.12/site-packages/airflow/example_dags/example_branch_labels.py
[2024-04-09T22:00:12.335+0000] {processor.py:840} INFO - DAG(s) 'example_branch_labels' retrieved from /home/airflow/.local/lib/python3.12/site-packages/airflow/example_dags/example_branch_labels.py
[2024-04-09T22:00:12.362+0000] {logging_mixin.py:188} INFO - [2024-04-09T22:00:12.362+0000] {dag.py:3096} INFO - Sync 1 DAGs
[2024-04-09T22:00:12.393+0000] {logging_mixin.py:188} INFO - [2024-04-09T22:00:12.393+0000] {dag.py:3954} INFO - Setting next_dagrun for example_branch_labels to 2024-04-08 00:00:00+00:00, run_after=2024-04-09 00:00:00+00:00
[2024-04-09T22:00:12.625+0000] {processor.py:183} INFO - Processing /home/airflow/.local/lib/python3.12/site-packages/airflow/example_dags/example_branch_labels.py took 0.312 seconds
[2024-04-09T22:00:51.997+0000] {processor.py:161} INFO - Started process (PID=397) to work on /home/airflow/.local/lib/python3.12/site-packages/airflow/example_dags/example_branch_labels.py
[2024-04-09T22:00:51.999+0000] {processor.py:830} INFO - Processing file /home/airflow/.local/lib/python3.12/site-packages/airflow/example_dags/example_branch_labels.py for tasks to queue
[2024-04-09T22:00:52.002+0000] {logging_mixin.py:188} INFO - [2024-04-09T22:00:52.001+0000] {dagbag.py:540} INFO - Filling up the DagBag from /home/airflow/.local/lib/python3.12/site-packages/airflow/example_dags/example_branch_labels.py
[2024-04-09T22:00:52.014+0000] {processor.py:840} INFO - DAG(s) 'example_branch_labels' retrieved from /home/airflow/.local/lib/python3.12/site-packages/airflow/example_dags/example_branch_labels.py
[2024-04-09T22:00:52.044+0000] {logging_mixin.py:188} INFO - [2024-04-09T22:00:52.044+0000] {dag.py:3096} INFO - Sync 1 DAGs
[2024-04-09T22:00:52.074+0000] {logging_mixin.py:188} INFO - [2024-04-09T22:00:52.074+0000] {dag.py:3954} INFO - Setting next_dagrun for example_branch_labels to 2024-04-08 00:00:00+00:00, run_after=2024-04-09 00:00:00+00:00
[2024-04-09T22:00:52.243+0000] {processor.py:183} INFO - Processing /home/airflow/.local/lib/python3.12/site-packages/airflow/example_dags/example_branch_labels.py took 0.253 seconds
[2024-04-09T22:01:22.616+0000] {processor.py:161} INFO - Started process (PID=456) to work on /home/airflow/.local/lib/python3.12/site-packages/airflow/example_dags/example_branch_labels.py
[2024-04-09T22:01:22.618+0000] {processor.py:830} INFO - Processing file /home/airflow/.local/lib/python3.12/site-packages/airflow/example_dags/example_branch_labels.py for tasks to queue
[2024-04-09T22:01:22.621+0000] {logging_mixin.py:188} INFO - [2024-04-09T22:01:22.620+0000] {dagbag.py:540} INFO - Filling up the DagBag from /home/airflow/.local/lib/python3.12/site-packages/airflow/example_dags/example_branch_labels.py
[2024-04-09T22:01:22.634+0000] {processor.py:840} INFO - DAG(s) 'example_branch_labels' retrieved from /home/airflow/.local/lib/python3.12/site-packages/airflow/example_dags/example_branch_labels.py
[2024-04-09T22:01:22.673+0000] {logging_mixin.py:188} INFO - [2024-04-09T22:01:22.672+0000] {dag.py:3096} INFO - Sync 1 DAGs
[2024-04-09T22:01:22.716+0000] {logging_mixin.py:188} INFO - [2024-04-09T22:01:22.716+0000] {dag.py:3954} INFO - Setting next_dagrun for example_branch_labels to 2024-04-08 00:00:00+00:00, run_after=2024-04-09 00:00:00+00:00
[2024-04-09T22:01:22.861+0000] {processor.py:183} INFO - Processing /home/airflow/.local/lib/python3.12/site-packages/airflow/example_dags/example_branch_labels.py took 0.256 seconds
[2024-04-09T22:01:52.986+0000] {processor.py:161} INFO - Started process (PID=513) to work on /home/airflow/.local/lib/python3.12/site-packages/airflow/example_dags/example_branch_labels.py
[2024-04-09T22:01:52.988+0000] {processor.py:830} INFO - Processing file /home/airflow/.local/lib/python3.12/site-packages/airflow/example_dags/example_branch_labels.py for tasks to queue
[2024-04-09T22:01:52.991+0000] {logging_mixin.py:188} INFO - [2024-04-09T22:01:52.991+0000] {dagbag.py:540} INFO - Filling up the DagBag from /home/airflow/.local/lib/python3.12/site-packages/airflow/example_dags/example_branch_labels.py
[2024-04-09T22:01:53.008+0000] {processor.py:840} INFO - DAG(s) 'example_branch_labels' retrieved from /home/airflow/.local/lib/python3.12/site-packages/airflow/example_dags/example_branch_labels.py
[2024-04-09T22:01:53.062+0000] {logging_mixin.py:188} INFO - [2024-04-09T22:01:53.061+0000] {dag.py:3096} INFO - Sync 1 DAGs
[2024-04-09T22:01:53.115+0000] {logging_mixin.py:188} INFO - [2024-04-09T22:01:53.115+0000] {dag.py:3954} INFO - Setting next_dagrun for example_branch_labels to 2024-04-08 00:00:00+00:00, run_after=2024-04-09 00:00:00+00:00
[2024-04-09T22:01:53.326+0000] {processor.py:183} INFO - Processing /home/airflow/.local/lib/python3.12/site-packages/airflow/example_dags/example_branch_labels.py took 0.351 seconds
[2024-04-09T22:02:23.835+0000] {processor.py:161} INFO - Started process (PID=573) to work on /home/airflow/.local/lib/python3.12/site-packages/airflow/example_dags/example_branch_labels.py
[2024-04-09T22:02:23.836+0000] {processor.py:830} INFO - Processing file /home/airflow/.local/lib/python3.12/site-packages/airflow/example_dags/example_branch_labels.py for tasks to queue
[2024-04-09T22:02:23.838+0000] {logging_mixin.py:188} INFO - [2024-04-09T22:02:23.838+0000] {dagbag.py:540} INFO - Filling up the DagBag from /home/airflow/.local/lib/python3.12/site-packages/airflow/example_dags/example_branch_labels.py
[2024-04-09T22:02:23.849+0000] {processor.py:840} INFO - DAG(s) 'example_branch_labels' retrieved from /home/airflow/.local/lib/python3.12/site-packages/airflow/example_dags/example_branch_labels.py
[2024-04-09T22:02:23.887+0000] {logging_mixin.py:188} INFO - [2024-04-09T22:02:23.886+0000] {dag.py:3096} INFO - Sync 1 DAGs
[2024-04-09T22:02:23.939+0000] {logging_mixin.py:188} INFO - [2024-04-09T22:02:23.938+0000] {dag.py:3954} INFO - Setting next_dagrun for example_branch_labels to 2024-04-08 00:00:00+00:00, run_after=2024-04-09 00:00:00+00:00
[2024-04-09T22:02:24.313+0000] {processor.py:183} INFO - Processing /home/airflow/.local/lib/python3.12/site-packages/airflow/example_dags/example_branch_labels.py took 0.486 seconds
[2024-04-09T22:03:28.004+0000] {processor.py:161} INFO - Started process (PID=649) to work on /home/airflow/.local/lib/python3.12/site-packages/airflow/example_dags/example_branch_labels.py
[2024-04-09T22:03:28.005+0000] {processor.py:830} INFO - Processing file /home/airflow/.local/lib/python3.12/site-packages/airflow/example_dags/example_branch_labels.py for tasks to queue
[2024-04-09T22:03:28.009+0000] {logging_mixin.py:188} INFO - [2024-04-09T22:03:28.008+0000] {dagbag.py:540} INFO - Filling up the DagBag from /home/airflow/.local/lib/python3.12/site-packages/airflow/example_dags/example_branch_labels.py
[2024-04-09T22:03:28.019+0000] {processor.py:840} INFO - DAG(s) 'example_branch_labels' retrieved from /home/airflow/.local/lib/python3.12/site-packages/airflow/example_dags/example_branch_labels.py
[2024-04-09T22:03:28.057+0000] {logging_mixin.py:188} INFO - [2024-04-09T22:03:28.056+0000] {dag.py:3096} INFO - Sync 1 DAGs
[2024-04-09T22:03:28.100+0000] {logging_mixin.py:188} INFO - [2024-04-09T22:03:28.100+0000] {dag.py:3954} INFO - Setting next_dagrun for example_branch_labels to 2024-04-08 00:00:00+00:00, run_after=2024-04-09 00:00:00+00:00
[2024-04-09T22:03:28.307+0000] {processor.py:183} INFO - Processing /home/airflow/.local/lib/python3.12/site-packages/airflow/example_dags/example_branch_labels.py took 0.315 seconds
[2024-04-09T22:04:01.225+0000] {processor.py:161} INFO - Started process (PID=707) to work on /home/airflow/.local/lib/python3.12/site-packages/airflow/example_dags/example_branch_labels.py
[2024-04-09T22:04:01.226+0000] {processor.py:830} INFO - Processing file /home/airflow/.local/lib/python3.12/site-packages/airflow/example_dags/example_branch_labels.py for tasks to queue
[2024-04-09T22:04:01.229+0000] {logging_mixin.py:188} INFO - [2024-04-09T22:04:01.228+0000] {dagbag.py:540} INFO - Filling up the DagBag from /home/airflow/.local/lib/python3.12/site-packages/airflow/example_dags/example_branch_labels.py
[2024-04-09T22:04:01.240+0000] {processor.py:840} INFO - DAG(s) 'example_branch_labels' retrieved from /home/airflow/.local/lib/python3.12/site-packages/airflow/example_dags/example_branch_labels.py
[2024-04-09T22:04:01.272+0000] {logging_mixin.py:188} INFO - [2024-04-09T22:04:01.272+0000] {dag.py:3096} INFO - Sync 1 DAGs
[2024-04-09T22:04:01.302+0000] {logging_mixin.py:188} INFO - [2024-04-09T22:04:01.301+0000] {dag.py:3954} INFO - Setting next_dagrun for example_branch_labels to 2024-04-08 00:00:00+00:00, run_after=2024-04-09 00:00:00+00:00
[2024-04-09T22:04:01.464+0000] {processor.py:183} INFO - Processing /home/airflow/.local/lib/python3.12/site-packages/airflow/example_dags/example_branch_labels.py took 0.247 seconds
[2024-04-09T22:04:33.152+0000] {processor.py:161} INFO - Started process (PID=765) to work on /home/airflow/.local/lib/python3.12/site-packages/airflow/example_dags/example_branch_labels.py
[2024-04-09T22:04:33.154+0000] {processor.py:830} INFO - Processing file /home/airflow/.local/lib/python3.12/site-packages/airflow/example_dags/example_branch_labels.py for tasks to queue
[2024-04-09T22:04:33.156+0000] {logging_mixin.py:188} INFO - [2024-04-09T22:04:33.156+0000] {dagbag.py:540} INFO - Filling up the DagBag from /home/airflow/.local/lib/python3.12/site-packages/airflow/example_dags/example_branch_labels.py
[2024-04-09T22:04:33.167+0000] {processor.py:840} INFO - DAG(s) 'example_branch_labels' retrieved from /home/airflow/.local/lib/python3.12/site-packages/airflow/example_dags/example_branch_labels.py
[2024-04-09T22:04:33.195+0000] {logging_mixin.py:188} INFO - [2024-04-09T22:04:33.195+0000] {dag.py:3096} INFO - Sync 1 DAGs
[2024-04-09T22:04:33.226+0000] {logging_mixin.py:188} INFO - [2024-04-09T22:04:33.225+0000] {dag.py:3954} INFO - Setting next_dagrun for example_branch_labels to 2024-04-08 00:00:00+00:00, run_after=2024-04-09 00:00:00+00:00
[2024-04-09T22:04:33.361+0000] {processor.py:183} INFO - Processing /home/airflow/.local/lib/python3.12/site-packages/airflow/example_dags/example_branch_labels.py took 0.216 seconds
[2024-04-09T22:05:07.098+0000] {processor.py:161} INFO - Started process (PID=823) to work on /home/airflow/.local/lib/python3.12/site-packages/airflow/example_dags/example_branch_labels.py
[2024-04-09T22:05:07.100+0000] {processor.py:830} INFO - Processing file /home/airflow/.local/lib/python3.12/site-packages/airflow/example_dags/example_branch_labels.py for tasks to queue
[2024-04-09T22:05:07.103+0000] {logging_mixin.py:188} INFO - [2024-04-09T22:05:07.102+0000] {dagbag.py:540} INFO - Filling up the DagBag from /home/airflow/.local/lib/python3.12/site-packages/airflow/example_dags/example_branch_labels.py
[2024-04-09T22:05:07.113+0000] {processor.py:840} INFO - DAG(s) 'example_branch_labels' retrieved from /home/airflow/.local/lib/python3.12/site-packages/airflow/example_dags/example_branch_labels.py
[2024-04-09T22:05:07.142+0000] {logging_mixin.py:188} INFO - [2024-04-09T22:05:07.142+0000] {dag.py:3096} INFO - Sync 1 DAGs
[2024-04-09T22:05:07.175+0000] {logging_mixin.py:188} INFO - [2024-04-09T22:05:07.175+0000] {dag.py:3954} INFO - Setting next_dagrun for example_branch_labels to 2024-04-08 00:00:00+00:00, run_after=2024-04-09 00:00:00+00:00
[2024-04-09T22:05:07.287+0000] {processor.py:183} INFO - Processing /home/airflow/.local/lib/python3.12/site-packages/airflow/example_dags/example_branch_labels.py took 0.197 seconds
[2024-04-09T22:05:37.380+0000] {processor.py:161} INFO - Started process (PID=880) to work on /home/airflow/.local/lib/python3.12/site-packages/airflow/example_dags/example_branch_labels.py
[2024-04-09T22:05:37.382+0000] {processor.py:830} INFO - Processing file /home/airflow/.local/lib/python3.12/site-packages/airflow/example_dags/example_branch_labels.py for tasks to queue
[2024-04-09T22:05:37.385+0000] {logging_mixin.py:188} INFO - [2024-04-09T22:05:37.385+0000] {dagbag.py:540} INFO - Filling up the DagBag from /home/airflow/.local/lib/python3.12/site-packages/airflow/example_dags/example_branch_labels.py
[2024-04-09T22:05:37.399+0000] {processor.py:840} INFO - DAG(s) 'example_branch_labels' retrieved from /home/airflow/.local/lib/python3.12/site-packages/airflow/example_dags/example_branch_labels.py
[2024-04-09T22:05:37.431+0000] {logging_mixin.py:188} INFO - [2024-04-09T22:05:37.431+0000] {dag.py:3096} INFO - Sync 1 DAGs
[2024-04-09T22:05:37.461+0000] {logging_mixin.py:188} INFO - [2024-04-09T22:05:37.461+0000] {dag.py:3954} INFO - Setting next_dagrun for example_branch_labels to 2024-04-08 00:00:00+00:00, run_after=2024-04-09 00:00:00+00:00
[2024-04-09T22:05:37.536+0000] {processor.py:183} INFO - Processing /home/airflow/.local/lib/python3.12/site-packages/airflow/example_dags/example_branch_labels.py took 0.165 seconds
[2024-04-09T22:06:07.773+0000] {processor.py:161} INFO - Started process (PID=938) to work on /home/airflow/.local/lib/python3.12/site-packages/airflow/example_dags/example_branch_labels.py
[2024-04-09T22:06:07.775+0000] {processor.py:830} INFO - Processing file /home/airflow/.local/lib/python3.12/site-packages/airflow/example_dags/example_branch_labels.py for tasks to queue
[2024-04-09T22:06:07.777+0000] {logging_mixin.py:188} INFO - [2024-04-09T22:06:07.777+0000] {dagbag.py:540} INFO - Filling up the DagBag from /home/airflow/.local/lib/python3.12/site-packages/airflow/example_dags/example_branch_labels.py
[2024-04-09T22:06:07.792+0000] {processor.py:840} INFO - DAG(s) 'example_branch_labels' retrieved from /home/airflow/.local/lib/python3.12/site-packages/airflow/example_dags/example_branch_labels.py
[2024-04-09T22:06:07.837+0000] {logging_mixin.py:188} INFO - [2024-04-09T22:06:07.837+0000] {dag.py:3096} INFO - Sync 1 DAGs
[2024-04-09T22:06:07.885+0000] {logging_mixin.py:188} INFO - [2024-04-09T22:06:07.885+0000] {dag.py:3954} INFO - Setting next_dagrun for example_branch_labels to 2024-04-08 00:00:00+00:00, run_after=2024-04-09 00:00:00+00:00
[2024-04-09T22:06:07.968+0000] {processor.py:183} INFO - Processing /home/airflow/.local/lib/python3.12/site-packages/airflow/example_dags/example_branch_labels.py took 0.208 seconds
[2024-04-09T22:06:38.870+0000] {processor.py:161} INFO - Started process (PID=997) to work on /home/airflow/.local/lib/python3.12/site-packages/airflow/example_dags/example_branch_labels.py
[2024-04-09T22:06:38.872+0000] {processor.py:830} INFO - Processing file /home/airflow/.local/lib/python3.12/site-packages/airflow/example_dags/example_branch_labels.py for tasks to queue
[2024-04-09T22:06:38.880+0000] {logging_mixin.py:188} INFO - [2024-04-09T22:06:38.879+0000] {dagbag.py:540} INFO - Filling up the DagBag from /home/airflow/.local/lib/python3.12/site-packages/airflow/example_dags/example_branch_labels.py
[2024-04-09T22:06:38.909+0000] {processor.py:840} INFO - DAG(s) 'example_branch_labels' retrieved from /home/airflow/.local/lib/python3.12/site-packages/airflow/example_dags/example_branch_labels.py
[2024-04-09T22:06:39.293+0000] {logging_mixin.py:188} INFO - [2024-04-09T22:06:39.292+0000] {dag.py:3096} INFO - Sync 1 DAGs
[2024-04-09T22:06:39.345+0000] {logging_mixin.py:188} INFO - [2024-04-09T22:06:39.344+0000] {dag.py:3954} INFO - Setting next_dagrun for example_branch_labels to 2024-04-08 00:00:00+00:00, run_after=2024-04-09 00:00:00+00:00
[2024-04-09T22:06:39.461+0000] {processor.py:183} INFO - Processing /home/airflow/.local/lib/python3.12/site-packages/airflow/example_dags/example_branch_labels.py took 0.602 seconds
[2024-04-09T22:07:12.658+0000] {processor.py:161} INFO - Started process (PID=1054) to work on /home/airflow/.local/lib/python3.12/site-packages/airflow/example_dags/example_branch_labels.py
[2024-04-09T22:07:12.660+0000] {processor.py:830} INFO - Processing file /home/airflow/.local/lib/python3.12/site-packages/airflow/example_dags/example_branch_labels.py for tasks to queue
[2024-04-09T22:07:12.663+0000] {logging_mixin.py:188} INFO - [2024-04-09T22:07:12.662+0000] {dagbag.py:540} INFO - Filling up the DagBag from /home/airflow/.local/lib/python3.12/site-packages/airflow/example_dags/example_branch_labels.py
[2024-04-09T22:07:12.674+0000] {processor.py:840} INFO - DAG(s) 'example_branch_labels' retrieved from /home/airflow/.local/lib/python3.12/site-packages/airflow/example_dags/example_branch_labels.py
[2024-04-09T22:07:12.721+0000] {logging_mixin.py:188} INFO - [2024-04-09T22:07:12.720+0000] {dag.py:3096} INFO - Sync 1 DAGs
[2024-04-09T22:07:13.091+0000] {logging_mixin.py:188} INFO - [2024-04-09T22:07:13.090+0000] {dag.py:3954} INFO - Setting next_dagrun for example_branch_labels to 2024-04-08 00:00:00+00:00, run_after=2024-04-09 00:00:00+00:00
[2024-04-09T22:07:13.208+0000] {processor.py:183} INFO - Processing /home/airflow/.local/lib/python3.12/site-packages/airflow/example_dags/example_branch_labels.py took 0.557 seconds
[2024-04-09T22:07:43.541+0000] {processor.py:161} INFO - Started process (PID=1115) to work on /home/airflow/.local/lib/python3.12/site-packages/airflow/example_dags/example_branch_labels.py
[2024-04-09T22:07:43.543+0000] {processor.py:830} INFO - Processing file /home/airflow/.local/lib/python3.12/site-packages/airflow/example_dags/example_branch_labels.py for tasks to queue
[2024-04-09T22:07:43.547+0000] {logging_mixin.py:188} INFO - [2024-04-09T22:07:43.546+0000] {dagbag.py:540} INFO - Filling up the DagBag from /home/airflow/.local/lib/python3.12/site-packages/airflow/example_dags/example_branch_labels.py
[2024-04-09T22:07:43.564+0000] {processor.py:840} INFO - DAG(s) 'example_branch_labels' retrieved from /home/airflow/.local/lib/python3.12/site-packages/airflow/example_dags/example_branch_labels.py
[2024-04-09T22:07:43.596+0000] {logging_mixin.py:188} INFO - [2024-04-09T22:07:43.596+0000] {dag.py:3096} INFO - Sync 1 DAGs
[2024-04-09T22:07:43.648+0000] {logging_mixin.py:188} INFO - [2024-04-09T22:07:43.648+0000] {dag.py:3954} INFO - Setting next_dagrun for example_branch_labels to 2024-04-08 00:00:00+00:00, run_after=2024-04-09 00:00:00+00:00
[2024-04-09T22:07:43.935+0000] {processor.py:183} INFO - Processing /home/airflow/.local/lib/python3.12/site-packages/airflow/example_dags/example_branch_labels.py took 0.418 seconds
[2024-04-09T22:08:14.601+0000] {processor.py:161} INFO - Started process (PID=1174) to work on /home/airflow/.local/lib/python3.12/site-packages/airflow/example_dags/example_branch_labels.py
[2024-04-09T22:08:14.603+0000] {processor.py:830} INFO - Processing file /home/airflow/.local/lib/python3.12/site-packages/airflow/example_dags/example_branch_labels.py for tasks to queue
[2024-04-09T22:08:14.606+0000] {logging_mixin.py:188} INFO - [2024-04-09T22:08:14.606+0000] {dagbag.py:540} INFO - Filling up the DagBag from /home/airflow/.local/lib/python3.12/site-packages/airflow/example_dags/example_branch_labels.py
[2024-04-09T22:08:14.619+0000] {processor.py:840} INFO - DAG(s) 'example_branch_labels' retrieved from /home/airflow/.local/lib/python3.12/site-packages/airflow/example_dags/example_branch_labels.py
[2024-04-09T22:08:14.649+0000] {logging_mixin.py:188} INFO - [2024-04-09T22:08:14.649+0000] {dag.py:3096} INFO - Sync 1 DAGs
[2024-04-09T22:08:14.687+0000] {logging_mixin.py:188} INFO - [2024-04-09T22:08:14.686+0000] {dag.py:3954} INFO - Setting next_dagrun for example_branch_labels to 2024-04-08 00:00:00+00:00, run_after=2024-04-09 00:00:00+00:00
[2024-04-09T22:08:14.754+0000] {processor.py:183} INFO - Processing /home/airflow/.local/lib/python3.12/site-packages/airflow/example_dags/example_branch_labels.py took 0.164 seconds
[2024-04-09T22:08:44.918+0000] {processor.py:161} INFO - Started process (PID=1232) to work on /home/airflow/.local/lib/python3.12/site-packages/airflow/example_dags/example_branch_labels.py
[2024-04-09T22:08:44.920+0000] {processor.py:830} INFO - Processing file /home/airflow/.local/lib/python3.12/site-packages/airflow/example_dags/example_branch_labels.py for tasks to queue
[2024-04-09T22:08:44.923+0000] {logging_mixin.py:188} INFO - [2024-04-09T22:08:44.922+0000] {dagbag.py:540} INFO - Filling up the DagBag from /home/airflow/.local/lib/python3.12/site-packages/airflow/example_dags/example_branch_labels.py
[2024-04-09T22:08:44.934+0000] {processor.py:840} INFO - DAG(s) 'example_branch_labels' retrieved from /home/airflow/.local/lib/python3.12/site-packages/airflow/example_dags/example_branch_labels.py
[2024-04-09T22:08:44.967+0000] {logging_mixin.py:188} INFO - [2024-04-09T22:08:44.967+0000] {dag.py:3096} INFO - Sync 1 DAGs
[2024-04-09T22:08:45.007+0000] {logging_mixin.py:188} INFO - [2024-04-09T22:08:45.007+0000] {dag.py:3954} INFO - Setting next_dagrun for example_branch_labels to 2024-04-08 00:00:00+00:00, run_after=2024-04-09 00:00:00+00:00
[2024-04-09T22:08:45.091+0000] {processor.py:183} INFO - Processing /home/airflow/.local/lib/python3.12/site-packages/airflow/example_dags/example_branch_labels.py took 0.182 seconds
[2024-04-09T22:09:15.152+0000] {processor.py:161} INFO - Started process (PID=1289) to work on /home/airflow/.local/lib/python3.12/site-packages/airflow/example_dags/example_branch_labels.py
[2024-04-09T22:09:15.154+0000] {processor.py:830} INFO - Processing file /home/airflow/.local/lib/python3.12/site-packages/airflow/example_dags/example_branch_labels.py for tasks to queue
[2024-04-09T22:09:15.158+0000] {logging_mixin.py:188} INFO - [2024-04-09T22:09:15.157+0000] {dagbag.py:540} INFO - Filling up the DagBag from /home/airflow/.local/lib/python3.12/site-packages/airflow/example_dags/example_branch_labels.py
[2024-04-09T22:09:15.170+0000] {processor.py:840} INFO - DAG(s) 'example_branch_labels' retrieved from /home/airflow/.local/lib/python3.12/site-packages/airflow/example_dags/example_branch_labels.py
[2024-04-09T22:09:15.202+0000] {logging_mixin.py:188} INFO - [2024-04-09T22:09:15.202+0000] {dag.py:3096} INFO - Sync 1 DAGs
[2024-04-09T22:09:15.234+0000] {logging_mixin.py:188} INFO - [2024-04-09T22:09:15.234+0000] {dag.py:3954} INFO - Setting next_dagrun for example_branch_labels to 2024-04-08 00:00:00+00:00, run_after=2024-04-09 00:00:00+00:00
[2024-04-09T22:09:15.295+0000] {processor.py:183} INFO - Processing /home/airflow/.local/lib/python3.12/site-packages/airflow/example_dags/example_branch_labels.py took 0.153 seconds
[2024-04-09T22:09:45.790+0000] {processor.py:161} INFO - Started process (PID=1348) to work on /home/airflow/.local/lib/python3.12/site-packages/airflow/example_dags/example_branch_labels.py
[2024-04-09T22:09:45.791+0000] {processor.py:830} INFO - Processing file /home/airflow/.local/lib/python3.12/site-packages/airflow/example_dags/example_branch_labels.py for tasks to queue
[2024-04-09T22:09:45.794+0000] {logging_mixin.py:188} INFO - [2024-04-09T22:09:45.794+0000] {dagbag.py:540} INFO - Filling up the DagBag from /home/airflow/.local/lib/python3.12/site-packages/airflow/example_dags/example_branch_labels.py
[2024-04-09T22:09:45.811+0000] {processor.py:840} INFO - DAG(s) 'example_branch_labels' retrieved from /home/airflow/.local/lib/python3.12/site-packages/airflow/example_dags/example_branch_labels.py
[2024-04-09T22:09:45.848+0000] {logging_mixin.py:188} INFO - [2024-04-09T22:09:45.848+0000] {dag.py:3096} INFO - Sync 1 DAGs
[2024-04-09T22:09:45.896+0000] {logging_mixin.py:188} INFO - [2024-04-09T22:09:45.895+0000] {dag.py:3954} INFO - Setting next_dagrun for example_branch_labels to 2024-04-08 00:00:00+00:00, run_after=2024-04-09 00:00:00+00:00
[2024-04-09T22:09:45.954+0000] {processor.py:183} INFO - Processing /home/airflow/.local/lib/python3.12/site-packages/airflow/example_dags/example_branch_labels.py took 0.172 seconds
[2024-04-09T22:10:16.163+0000] {processor.py:161} INFO - Started process (PID=1406) to work on /home/airflow/.local/lib/python3.12/site-packages/airflow/example_dags/example_branch_labels.py
[2024-04-09T22:10:16.165+0000] {processor.py:830} INFO - Processing file /home/airflow/.local/lib/python3.12/site-packages/airflow/example_dags/example_branch_labels.py for tasks to queue
[2024-04-09T22:10:16.168+0000] {logging_mixin.py:188} INFO - [2024-04-09T22:10:16.167+0000] {dagbag.py:540} INFO - Filling up the DagBag from /home/airflow/.local/lib/python3.12/site-packages/airflow/example_dags/example_branch_labels.py
[2024-04-09T22:10:16.182+0000] {processor.py:840} INFO - DAG(s) 'example_branch_labels' retrieved from /home/airflow/.local/lib/python3.12/site-packages/airflow/example_dags/example_branch_labels.py
[2024-04-09T22:10:16.214+0000] {logging_mixin.py:188} INFO - [2024-04-09T22:10:16.213+0000] {dag.py:3096} INFO - Sync 1 DAGs
[2024-04-09T22:10:16.249+0000] {logging_mixin.py:188} INFO - [2024-04-09T22:10:16.248+0000] {dag.py:3954} INFO - Setting next_dagrun for example_branch_labels to 2024-04-08 00:00:00+00:00, run_after=2024-04-09 00:00:00+00:00
[2024-04-09T22:10:16.297+0000] {processor.py:183} INFO - Processing /home/airflow/.local/lib/python3.12/site-packages/airflow/example_dags/example_branch_labels.py took 0.145 seconds
