[2024-04-09T21:57:48.649+0000] {processor.py:161} INFO - Started process (PID=80) to work on /home/airflow/.local/lib/python3.12/site-packages/airflow/example_dags/example_latest_only.py
[2024-04-09T21:57:48.651+0000] {processor.py:830} INFO - Processing file /home/airflow/.local/lib/python3.12/site-packages/airflow/example_dags/example_latest_only.py for tasks to queue
[2024-04-09T21:57:48.654+0000] {logging_mixin.py:188} INFO - [2024-04-09T21:57:48.653+0000] {dagbag.py:540} INFO - Filling up the DagBag from /home/airflow/.local/lib/python3.12/site-packages/airflow/example_dags/example_latest_only.py
[2024-04-09T21:57:48.677+0000] {processor.py:840} INFO - DAG(s) 'latest_only' retrieved from /home/airflow/.local/lib/python3.12/site-packages/airflow/example_dags/example_latest_only.py
[2024-04-09T21:57:48.851+0000] {logging_mixin.py:188} INFO - [2024-04-09T21:57:48.850+0000] {dag.py:3096} INFO - Sync 1 DAGs
[2024-04-09T21:57:48.929+0000] {logging_mixin.py:188} INFO - [2024-04-09T21:57:48.929+0000] {dag.py:3954} INFO - Setting next_dagrun for latest_only to 2024-04-09 16:00:00+00:00, run_after=2024-04-09 20:00:00+00:00
[2024-04-09T21:57:49.508+0000] {processor.py:183} INFO - Processing /home/airflow/.local/lib/python3.12/site-packages/airflow/example_dags/example_latest_only.py took 0.870 seconds
[2024-04-09T21:58:22.227+0000] {processor.py:161} INFO - Started process (PID=138) to work on /home/airflow/.local/lib/python3.12/site-packages/airflow/example_dags/example_latest_only.py
[2024-04-09T21:58:22.229+0000] {processor.py:830} INFO - Processing file /home/airflow/.local/lib/python3.12/site-packages/airflow/example_dags/example_latest_only.py for tasks to queue
[2024-04-09T21:58:22.231+0000] {logging_mixin.py:188} INFO - [2024-04-09T21:58:22.231+0000] {dagbag.py:540} INFO - Filling up the DagBag from /home/airflow/.local/lib/python3.12/site-packages/airflow/example_dags/example_latest_only.py
[2024-04-09T21:58:22.237+0000] {processor.py:840} INFO - DAG(s) 'latest_only' retrieved from /home/airflow/.local/lib/python3.12/site-packages/airflow/example_dags/example_latest_only.py
[2024-04-09T21:58:22.263+0000] {logging_mixin.py:188} INFO - [2024-04-09T21:58:22.262+0000] {dag.py:3096} INFO - Sync 1 DAGs
[2024-04-09T21:58:22.290+0000] {logging_mixin.py:188} INFO - [2024-04-09T21:58:22.290+0000] {dag.py:3954} INFO - Setting next_dagrun for latest_only to 2024-04-09 16:00:00+00:00, run_after=2024-04-09 20:00:00+00:00
[2024-04-09T21:58:22.468+0000] {processor.py:183} INFO - Processing /home/airflow/.local/lib/python3.12/site-packages/airflow/example_dags/example_latest_only.py took 0.248 seconds
[2024-04-09T21:58:52.532+0000] {processor.py:161} INFO - Started process (PID=194) to work on /home/airflow/.local/lib/python3.12/site-packages/airflow/example_dags/example_latest_only.py
[2024-04-09T21:58:52.533+0000] {processor.py:830} INFO - Processing file /home/airflow/.local/lib/python3.12/site-packages/airflow/example_dags/example_latest_only.py for tasks to queue
[2024-04-09T21:58:52.536+0000] {logging_mixin.py:188} INFO - [2024-04-09T21:58:52.535+0000] {dagbag.py:540} INFO - Filling up the DagBag from /home/airflow/.local/lib/python3.12/site-packages/airflow/example_dags/example_latest_only.py
[2024-04-09T21:58:52.542+0000] {processor.py:840} INFO - DAG(s) 'latest_only' retrieved from /home/airflow/.local/lib/python3.12/site-packages/airflow/example_dags/example_latest_only.py
[2024-04-09T21:58:52.568+0000] {logging_mixin.py:188} INFO - [2024-04-09T21:58:52.567+0000] {dag.py:3096} INFO - Sync 1 DAGs
[2024-04-09T21:58:52.596+0000] {logging_mixin.py:188} INFO - [2024-04-09T21:58:52.596+0000] {dag.py:3954} INFO - Setting next_dagrun for latest_only to 2024-04-09 16:00:00+00:00, run_after=2024-04-09 20:00:00+00:00
[2024-04-09T21:58:52.955+0000] {processor.py:183} INFO - Processing /home/airflow/.local/lib/python3.12/site-packages/airflow/example_dags/example_latest_only.py took 0.431 seconds
[2024-04-09T21:59:26.656+0000] {processor.py:161} INFO - Started process (PID=252) to work on /home/airflow/.local/lib/python3.12/site-packages/airflow/example_dags/example_latest_only.py
[2024-04-09T21:59:26.658+0000] {processor.py:830} INFO - Processing file /home/airflow/.local/lib/python3.12/site-packages/airflow/example_dags/example_latest_only.py for tasks to queue
[2024-04-09T21:59:26.661+0000] {logging_mixin.py:188} INFO - [2024-04-09T21:59:26.661+0000] {dagbag.py:540} INFO - Filling up the DagBag from /home/airflow/.local/lib/python3.12/site-packages/airflow/example_dags/example_latest_only.py
[2024-04-09T21:59:26.670+0000] {processor.py:840} INFO - DAG(s) 'latest_only' retrieved from /home/airflow/.local/lib/python3.12/site-packages/airflow/example_dags/example_latest_only.py
[2024-04-09T21:59:26.697+0000] {logging_mixin.py:188} INFO - [2024-04-09T21:59:26.697+0000] {dag.py:3096} INFO - Sync 1 DAGs
[2024-04-09T21:59:26.731+0000] {logging_mixin.py:188} INFO - [2024-04-09T21:59:26.731+0000] {dag.py:3954} INFO - Setting next_dagrun for latest_only to 2024-04-09 16:00:00+00:00, run_after=2024-04-09 20:00:00+00:00
[2024-04-09T21:59:26.934+0000] {processor.py:183} INFO - Processing /home/airflow/.local/lib/python3.12/site-packages/airflow/example_dags/example_latest_only.py took 0.286 seconds
[2024-04-09T22:00:08.215+0000] {processor.py:161} INFO - Started process (PID=310) to work on /home/airflow/.local/lib/python3.12/site-packages/airflow/example_dags/example_latest_only.py
[2024-04-09T22:00:08.216+0000] {processor.py:830} INFO - Processing file /home/airflow/.local/lib/python3.12/site-packages/airflow/example_dags/example_latest_only.py for tasks to queue
[2024-04-09T22:00:08.219+0000] {logging_mixin.py:188} INFO - [2024-04-09T22:00:08.219+0000] {dagbag.py:540} INFO - Filling up the DagBag from /home/airflow/.local/lib/python3.12/site-packages/airflow/example_dags/example_latest_only.py
[2024-04-09T22:00:08.225+0000] {processor.py:840} INFO - DAG(s) 'latest_only' retrieved from /home/airflow/.local/lib/python3.12/site-packages/airflow/example_dags/example_latest_only.py
[2024-04-09T22:00:08.254+0000] {logging_mixin.py:188} INFO - [2024-04-09T22:00:08.254+0000] {dag.py:3096} INFO - Sync 1 DAGs
[2024-04-09T22:00:08.284+0000] {logging_mixin.py:188} INFO - [2024-04-09T22:00:08.284+0000] {dag.py:3954} INFO - Setting next_dagrun for latest_only to 2024-04-09 16:00:00+00:00, run_after=2024-04-09 20:00:00+00:00
[2024-04-09T22:00:08.467+0000] {processor.py:183} INFO - Processing /home/airflow/.local/lib/python3.12/site-packages/airflow/example_dags/example_latest_only.py took 0.260 seconds
[2024-04-09T22:00:44.323+0000] {processor.py:161} INFO - Started process (PID=371) to work on /home/airflow/.local/lib/python3.12/site-packages/airflow/example_dags/example_latest_only.py
[2024-04-09T22:00:44.325+0000] {processor.py:830} INFO - Processing file /home/airflow/.local/lib/python3.12/site-packages/airflow/example_dags/example_latest_only.py for tasks to queue
[2024-04-09T22:00:44.328+0000] {logging_mixin.py:188} INFO - [2024-04-09T22:00:44.328+0000] {dagbag.py:540} INFO - Filling up the DagBag from /home/airflow/.local/lib/python3.12/site-packages/airflow/example_dags/example_latest_only.py
[2024-04-09T22:00:44.336+0000] {processor.py:840} INFO - DAG(s) 'latest_only' retrieved from /home/airflow/.local/lib/python3.12/site-packages/airflow/example_dags/example_latest_only.py
[2024-04-09T22:00:44.365+0000] {logging_mixin.py:188} INFO - [2024-04-09T22:00:44.364+0000] {dag.py:3096} INFO - Sync 1 DAGs
[2024-04-09T22:00:44.394+0000] {logging_mixin.py:188} INFO - [2024-04-09T22:00:44.393+0000] {dag.py:3954} INFO - Setting next_dagrun for latest_only to 2024-04-09 16:00:00+00:00, run_after=2024-04-09 20:00:00+00:00
[2024-04-09T22:00:44.644+0000] {processor.py:183} INFO - Processing /home/airflow/.local/lib/python3.12/site-packages/airflow/example_dags/example_latest_only.py took 0.330 seconds
[2024-04-09T22:01:14.737+0000] {processor.py:161} INFO - Started process (PID=428) to work on /home/airflow/.local/lib/python3.12/site-packages/airflow/example_dags/example_latest_only.py
[2024-04-09T22:01:14.739+0000] {processor.py:830} INFO - Processing file /home/airflow/.local/lib/python3.12/site-packages/airflow/example_dags/example_latest_only.py for tasks to queue
[2024-04-09T22:01:14.743+0000] {logging_mixin.py:188} INFO - [2024-04-09T22:01:14.742+0000] {dagbag.py:540} INFO - Filling up the DagBag from /home/airflow/.local/lib/python3.12/site-packages/airflow/example_dags/example_latest_only.py
[2024-04-09T22:01:14.751+0000] {processor.py:840} INFO - DAG(s) 'latest_only' retrieved from /home/airflow/.local/lib/python3.12/site-packages/airflow/example_dags/example_latest_only.py
[2024-04-09T22:01:14.783+0000] {logging_mixin.py:188} INFO - [2024-04-09T22:01:14.782+0000] {dag.py:3096} INFO - Sync 1 DAGs
[2024-04-09T22:01:14.827+0000] {logging_mixin.py:188} INFO - [2024-04-09T22:01:14.827+0000] {dag.py:3954} INFO - Setting next_dagrun for latest_only to 2024-04-09 16:00:00+00:00, run_after=2024-04-09 20:00:00+00:00
[2024-04-09T22:01:14.997+0000] {processor.py:183} INFO - Processing /home/airflow/.local/lib/python3.12/site-packages/airflow/example_dags/example_latest_only.py took 0.270 seconds
[2024-04-09T22:01:45.324+0000] {processor.py:161} INFO - Started process (PID=486) to work on /home/airflow/.local/lib/python3.12/site-packages/airflow/example_dags/example_latest_only.py
[2024-04-09T22:01:45.325+0000] {processor.py:830} INFO - Processing file /home/airflow/.local/lib/python3.12/site-packages/airflow/example_dags/example_latest_only.py for tasks to queue
[2024-04-09T22:01:45.328+0000] {logging_mixin.py:188} INFO - [2024-04-09T22:01:45.327+0000] {dagbag.py:540} INFO - Filling up the DagBag from /home/airflow/.local/lib/python3.12/site-packages/airflow/example_dags/example_latest_only.py
[2024-04-09T22:01:45.334+0000] {processor.py:840} INFO - DAG(s) 'latest_only' retrieved from /home/airflow/.local/lib/python3.12/site-packages/airflow/example_dags/example_latest_only.py
[2024-04-09T22:01:45.360+0000] {logging_mixin.py:188} INFO - [2024-04-09T22:01:45.359+0000] {dag.py:3096} INFO - Sync 1 DAGs
[2024-04-09T22:01:45.389+0000] {logging_mixin.py:188} INFO - [2024-04-09T22:01:45.388+0000] {dag.py:3954} INFO - Setting next_dagrun for latest_only to 2024-04-09 16:00:00+00:00, run_after=2024-04-09 20:00:00+00:00
[2024-04-09T22:01:45.536+0000] {processor.py:183} INFO - Processing /home/airflow/.local/lib/python3.12/site-packages/airflow/example_dags/example_latest_only.py took 0.220 seconds
[2024-04-09T22:02:15.885+0000] {processor.py:161} INFO - Started process (PID=544) to work on /home/airflow/.local/lib/python3.12/site-packages/airflow/example_dags/example_latest_only.py
[2024-04-09T22:02:15.887+0000] {processor.py:830} INFO - Processing file /home/airflow/.local/lib/python3.12/site-packages/airflow/example_dags/example_latest_only.py for tasks to queue
[2024-04-09T22:02:15.890+0000] {logging_mixin.py:188} INFO - [2024-04-09T22:02:15.889+0000] {dagbag.py:540} INFO - Filling up the DagBag from /home/airflow/.local/lib/python3.12/site-packages/airflow/example_dags/example_latest_only.py
[2024-04-09T22:02:15.897+0000] {processor.py:840} INFO - DAG(s) 'latest_only' retrieved from /home/airflow/.local/lib/python3.12/site-packages/airflow/example_dags/example_latest_only.py
[2024-04-09T22:02:15.927+0000] {logging_mixin.py:188} INFO - [2024-04-09T22:02:15.927+0000] {dag.py:3096} INFO - Sync 1 DAGs
[2024-04-09T22:02:15.974+0000] {logging_mixin.py:188} INFO - [2024-04-09T22:02:15.973+0000] {dag.py:3954} INFO - Setting next_dagrun for latest_only to 2024-04-09 16:00:00+00:00, run_after=2024-04-09 20:00:00+00:00
[2024-04-09T22:02:16.239+0000] {processor.py:183} INFO - Processing /home/airflow/.local/lib/python3.12/site-packages/airflow/example_dags/example_latest_only.py took 0.365 seconds
[2024-04-09T22:03:24.827+0000] {processor.py:161} INFO - Started process (PID=633) to work on /home/airflow/.local/lib/python3.12/site-packages/airflow/example_dags/example_latest_only.py
[2024-04-09T22:03:24.829+0000] {processor.py:830} INFO - Processing file /home/airflow/.local/lib/python3.12/site-packages/airflow/example_dags/example_latest_only.py for tasks to queue
[2024-04-09T22:03:24.832+0000] {logging_mixin.py:188} INFO - [2024-04-09T22:03:24.832+0000] {dagbag.py:540} INFO - Filling up the DagBag from /home/airflow/.local/lib/python3.12/site-packages/airflow/example_dags/example_latest_only.py
[2024-04-09T22:03:24.841+0000] {processor.py:840} INFO - DAG(s) 'latest_only' retrieved from /home/airflow/.local/lib/python3.12/site-packages/airflow/example_dags/example_latest_only.py
[2024-04-09T22:03:24.876+0000] {logging_mixin.py:188} INFO - [2024-04-09T22:03:24.876+0000] {dag.py:3096} INFO - Sync 1 DAGs
[2024-04-09T22:03:24.916+0000] {logging_mixin.py:188} INFO - [2024-04-09T22:03:24.915+0000] {dag.py:3954} INFO - Setting next_dagrun for latest_only to 2024-04-09 16:00:00+00:00, run_after=2024-04-09 20:00:00+00:00
[2024-04-09T22:03:25.232+0000] {processor.py:183} INFO - Processing /home/airflow/.local/lib/python3.12/site-packages/airflow/example_dags/example_latest_only.py took 0.414 seconds
[2024-04-09T22:03:59.246+0000] {processor.py:161} INFO - Started process (PID=691) to work on /home/airflow/.local/lib/python3.12/site-packages/airflow/example_dags/example_latest_only.py
[2024-04-09T22:03:59.248+0000] {processor.py:830} INFO - Processing file /home/airflow/.local/lib/python3.12/site-packages/airflow/example_dags/example_latest_only.py for tasks to queue
[2024-04-09T22:03:59.250+0000] {logging_mixin.py:188} INFO - [2024-04-09T22:03:59.250+0000] {dagbag.py:540} INFO - Filling up the DagBag from /home/airflow/.local/lib/python3.12/site-packages/airflow/example_dags/example_latest_only.py
[2024-04-09T22:03:59.256+0000] {processor.py:840} INFO - DAG(s) 'latest_only' retrieved from /home/airflow/.local/lib/python3.12/site-packages/airflow/example_dags/example_latest_only.py
[2024-04-09T22:03:59.287+0000] {logging_mixin.py:188} INFO - [2024-04-09T22:03:59.287+0000] {dag.py:3096} INFO - Sync 1 DAGs
[2024-04-09T22:03:59.338+0000] {logging_mixin.py:188} INFO - [2024-04-09T22:03:59.338+0000] {dag.py:3954} INFO - Setting next_dagrun for latest_only to 2024-04-09 16:00:00+00:00, run_after=2024-04-09 20:00:00+00:00
[2024-04-09T22:03:59.518+0000] {processor.py:183} INFO - Processing /home/airflow/.local/lib/python3.12/site-packages/airflow/example_dags/example_latest_only.py took 0.279 seconds
[2024-04-09T22:04:30.339+0000] {processor.py:161} INFO - Started process (PID=749) to work on /home/airflow/.local/lib/python3.12/site-packages/airflow/example_dags/example_latest_only.py
[2024-04-09T22:04:30.341+0000] {processor.py:830} INFO - Processing file /home/airflow/.local/lib/python3.12/site-packages/airflow/example_dags/example_latest_only.py for tasks to queue
[2024-04-09T22:04:30.343+0000] {logging_mixin.py:188} INFO - [2024-04-09T22:04:30.343+0000] {dagbag.py:540} INFO - Filling up the DagBag from /home/airflow/.local/lib/python3.12/site-packages/airflow/example_dags/example_latest_only.py
[2024-04-09T22:04:30.349+0000] {processor.py:840} INFO - DAG(s) 'latest_only' retrieved from /home/airflow/.local/lib/python3.12/site-packages/airflow/example_dags/example_latest_only.py
[2024-04-09T22:04:30.378+0000] {logging_mixin.py:188} INFO - [2024-04-09T22:04:30.378+0000] {dag.py:3096} INFO - Sync 1 DAGs
[2024-04-09T22:04:30.419+0000] {logging_mixin.py:188} INFO - [2024-04-09T22:04:30.418+0000] {dag.py:3954} INFO - Setting next_dagrun for latest_only to 2024-04-09 16:00:00+00:00, run_after=2024-04-09 20:00:00+00:00
[2024-04-09T22:04:30.576+0000] {processor.py:183} INFO - Processing /home/airflow/.local/lib/python3.12/site-packages/airflow/example_dags/example_latest_only.py took 0.246 seconds
[2024-04-09T22:05:02.864+0000] {processor.py:161} INFO - Started process (PID=807) to work on /home/airflow/.local/lib/python3.12/site-packages/airflow/example_dags/example_latest_only.py
[2024-04-09T22:05:02.865+0000] {processor.py:830} INFO - Processing file /home/airflow/.local/lib/python3.12/site-packages/airflow/example_dags/example_latest_only.py for tasks to queue
[2024-04-09T22:05:02.868+0000] {logging_mixin.py:188} INFO - [2024-04-09T22:05:02.867+0000] {dagbag.py:540} INFO - Filling up the DagBag from /home/airflow/.local/lib/python3.12/site-packages/airflow/example_dags/example_latest_only.py
[2024-04-09T22:05:02.874+0000] {processor.py:840} INFO - DAG(s) 'latest_only' retrieved from /home/airflow/.local/lib/python3.12/site-packages/airflow/example_dags/example_latest_only.py
[2024-04-09T22:05:02.911+0000] {logging_mixin.py:188} INFO - [2024-04-09T22:05:02.911+0000] {dag.py:3096} INFO - Sync 1 DAGs
[2024-04-09T22:05:02.942+0000] {logging_mixin.py:188} INFO - [2024-04-09T22:05:02.941+0000] {dag.py:3954} INFO - Setting next_dagrun for latest_only to 2024-04-09 16:00:00+00:00, run_after=2024-04-09 20:00:00+00:00
[2024-04-09T22:05:03.170+0000] {processor.py:183} INFO - Processing /home/airflow/.local/lib/python3.12/site-packages/airflow/example_dags/example_latest_only.py took 0.314 seconds
[2024-04-09T22:05:34.138+0000] {processor.py:161} INFO - Started process (PID=865) to work on /home/airflow/.local/lib/python3.12/site-packages/airflow/example_dags/example_latest_only.py
[2024-04-09T22:05:34.140+0000] {processor.py:830} INFO - Processing file /home/airflow/.local/lib/python3.12/site-packages/airflow/example_dags/example_latest_only.py for tasks to queue
[2024-04-09T22:05:34.143+0000] {logging_mixin.py:188} INFO - [2024-04-09T22:05:34.142+0000] {dagbag.py:540} INFO - Filling up the DagBag from /home/airflow/.local/lib/python3.12/site-packages/airflow/example_dags/example_latest_only.py
[2024-04-09T22:05:34.151+0000] {processor.py:840} INFO - DAG(s) 'latest_only' retrieved from /home/airflow/.local/lib/python3.12/site-packages/airflow/example_dags/example_latest_only.py
[2024-04-09T22:05:34.195+0000] {logging_mixin.py:188} INFO - [2024-04-09T22:05:34.194+0000] {dag.py:3096} INFO - Sync 1 DAGs
[2024-04-09T22:05:34.234+0000] {logging_mixin.py:188} INFO - [2024-04-09T22:05:34.233+0000] {dag.py:3954} INFO - Setting next_dagrun for latest_only to 2024-04-09 16:00:00+00:00, run_after=2024-04-09 20:00:00+00:00
[2024-04-09T22:05:34.323+0000] {processor.py:183} INFO - Processing /home/airflow/.local/lib/python3.12/site-packages/airflow/example_dags/example_latest_only.py took 0.197 seconds
[2024-04-09T22:06:04.648+0000] {processor.py:161} INFO - Started process (PID=923) to work on /home/airflow/.local/lib/python3.12/site-packages/airflow/example_dags/example_latest_only.py
[2024-04-09T22:06:04.649+0000] {processor.py:830} INFO - Processing file /home/airflow/.local/lib/python3.12/site-packages/airflow/example_dags/example_latest_only.py for tasks to queue
[2024-04-09T22:06:04.652+0000] {logging_mixin.py:188} INFO - [2024-04-09T22:06:04.652+0000] {dagbag.py:540} INFO - Filling up the DagBag from /home/airflow/.local/lib/python3.12/site-packages/airflow/example_dags/example_latest_only.py
[2024-04-09T22:06:04.659+0000] {processor.py:840} INFO - DAG(s) 'latest_only' retrieved from /home/airflow/.local/lib/python3.12/site-packages/airflow/example_dags/example_latest_only.py
[2024-04-09T22:06:04.710+0000] {logging_mixin.py:188} INFO - [2024-04-09T22:06:04.709+0000] {dag.py:3096} INFO - Sync 1 DAGs
[2024-04-09T22:06:04.966+0000] {logging_mixin.py:188} INFO - [2024-04-09T22:06:04.965+0000] {dag.py:3954} INFO - Setting next_dagrun for latest_only to 2024-04-09 16:00:00+00:00, run_after=2024-04-09 20:00:00+00:00
[2024-04-09T22:06:05.034+0000] {processor.py:183} INFO - Processing /home/airflow/.local/lib/python3.12/site-packages/airflow/example_dags/example_latest_only.py took 0.397 seconds
[2024-04-09T22:06:35.623+0000] {processor.py:161} INFO - Started process (PID=981) to work on /home/airflow/.local/lib/python3.12/site-packages/airflow/example_dags/example_latest_only.py
[2024-04-09T22:06:35.624+0000] {processor.py:830} INFO - Processing file /home/airflow/.local/lib/python3.12/site-packages/airflow/example_dags/example_latest_only.py for tasks to queue
[2024-04-09T22:06:35.627+0000] {logging_mixin.py:188} INFO - [2024-04-09T22:06:35.626+0000] {dagbag.py:540} INFO - Filling up the DagBag from /home/airflow/.local/lib/python3.12/site-packages/airflow/example_dags/example_latest_only.py
[2024-04-09T22:06:35.633+0000] {processor.py:840} INFO - DAG(s) 'latest_only' retrieved from /home/airflow/.local/lib/python3.12/site-packages/airflow/example_dags/example_latest_only.py
[2024-04-09T22:06:35.663+0000] {logging_mixin.py:188} INFO - [2024-04-09T22:06:35.663+0000] {dag.py:3096} INFO - Sync 1 DAGs
[2024-04-09T22:06:35.876+0000] {logging_mixin.py:188} INFO - [2024-04-09T22:06:35.876+0000] {dag.py:3954} INFO - Setting next_dagrun for latest_only to 2024-04-09 16:00:00+00:00, run_after=2024-04-09 20:00:00+00:00
[2024-04-09T22:06:36.008+0000] {processor.py:183} INFO - Processing /home/airflow/.local/lib/python3.12/site-packages/airflow/example_dags/example_latest_only.py took 0.393 seconds
[2024-04-09T22:07:06.889+0000] {processor.py:161} INFO - Started process (PID=1039) to work on /home/airflow/.local/lib/python3.12/site-packages/airflow/example_dags/example_latest_only.py
[2024-04-09T22:07:06.890+0000] {processor.py:830} INFO - Processing file /home/airflow/.local/lib/python3.12/site-packages/airflow/example_dags/example_latest_only.py for tasks to queue
[2024-04-09T22:07:06.894+0000] {logging_mixin.py:188} INFO - [2024-04-09T22:07:06.894+0000] {dagbag.py:540} INFO - Filling up the DagBag from /home/airflow/.local/lib/python3.12/site-packages/airflow/example_dags/example_latest_only.py
[2024-04-09T22:07:06.905+0000] {processor.py:840} INFO - DAG(s) 'latest_only' retrieved from /home/airflow/.local/lib/python3.12/site-packages/airflow/example_dags/example_latest_only.py
[2024-04-09T22:07:06.951+0000] {logging_mixin.py:188} INFO - [2024-04-09T22:07:06.950+0000] {dag.py:3096} INFO - Sync 1 DAGs
[2024-04-09T22:07:07.003+0000] {logging_mixin.py:188} INFO - [2024-04-09T22:07:07.002+0000] {dag.py:3954} INFO - Setting next_dagrun for latest_only to 2024-04-09 16:00:00+00:00, run_after=2024-04-09 20:00:00+00:00
[2024-04-09T22:07:07.408+0000] {processor.py:183} INFO - Processing /home/airflow/.local/lib/python3.12/site-packages/airflow/example_dags/example_latest_only.py took 0.532 seconds
[2024-04-09T22:07:38.024+0000] {processor.py:161} INFO - Started process (PID=1097) to work on /home/airflow/.local/lib/python3.12/site-packages/airflow/example_dags/example_latest_only.py
[2024-04-09T22:07:38.026+0000] {processor.py:830} INFO - Processing file /home/airflow/.local/lib/python3.12/site-packages/airflow/example_dags/example_latest_only.py for tasks to queue
[2024-04-09T22:07:38.029+0000] {logging_mixin.py:188} INFO - [2024-04-09T22:07:38.029+0000] {dagbag.py:540} INFO - Filling up the DagBag from /home/airflow/.local/lib/python3.12/site-packages/airflow/example_dags/example_latest_only.py
[2024-04-09T22:07:38.036+0000] {processor.py:840} INFO - DAG(s) 'latest_only' retrieved from /home/airflow/.local/lib/python3.12/site-packages/airflow/example_dags/example_latest_only.py
[2024-04-09T22:07:38.064+0000] {logging_mixin.py:188} INFO - [2024-04-09T22:07:38.064+0000] {dag.py:3096} INFO - Sync 1 DAGs
[2024-04-09T22:07:38.094+0000] {logging_mixin.py:188} INFO - [2024-04-09T22:07:38.094+0000] {dag.py:3954} INFO - Setting next_dagrun for latest_only to 2024-04-09 16:00:00+00:00, run_after=2024-04-09 20:00:00+00:00
[2024-04-09T22:07:38.164+0000] {processor.py:183} INFO - Processing /home/airflow/.local/lib/python3.12/site-packages/airflow/example_dags/example_latest_only.py took 0.147 seconds
[2024-04-09T22:08:08.870+0000] {processor.py:161} INFO - Started process (PID=1156) to work on /home/airflow/.local/lib/python3.12/site-packages/airflow/example_dags/example_latest_only.py
[2024-04-09T22:08:08.871+0000] {processor.py:830} INFO - Processing file /home/airflow/.local/lib/python3.12/site-packages/airflow/example_dags/example_latest_only.py for tasks to queue
[2024-04-09T22:08:08.874+0000] {logging_mixin.py:188} INFO - [2024-04-09T22:08:08.873+0000] {dagbag.py:540} INFO - Filling up the DagBag from /home/airflow/.local/lib/python3.12/site-packages/airflow/example_dags/example_latest_only.py
[2024-04-09T22:08:08.882+0000] {processor.py:840} INFO - DAG(s) 'latest_only' retrieved from /home/airflow/.local/lib/python3.12/site-packages/airflow/example_dags/example_latest_only.py
[2024-04-09T22:08:08.911+0000] {logging_mixin.py:188} INFO - [2024-04-09T22:08:08.911+0000] {dag.py:3096} INFO - Sync 1 DAGs
[2024-04-09T22:08:08.941+0000] {logging_mixin.py:188} INFO - [2024-04-09T22:08:08.941+0000] {dag.py:3954} INFO - Setting next_dagrun for latest_only to 2024-04-09 16:00:00+00:00, run_after=2024-04-09 20:00:00+00:00
[2024-04-09T22:08:09.005+0000] {processor.py:183} INFO - Processing /home/airflow/.local/lib/python3.12/site-packages/airflow/example_dags/example_latest_only.py took 0.143 seconds
[2024-04-09T22:08:39.066+0000] {processor.py:161} INFO - Started process (PID=1213) to work on /home/airflow/.local/lib/python3.12/site-packages/airflow/example_dags/example_latest_only.py
[2024-04-09T22:08:39.067+0000] {processor.py:830} INFO - Processing file /home/airflow/.local/lib/python3.12/site-packages/airflow/example_dags/example_latest_only.py for tasks to queue
[2024-04-09T22:08:39.070+0000] {logging_mixin.py:188} INFO - [2024-04-09T22:08:39.069+0000] {dagbag.py:540} INFO - Filling up the DagBag from /home/airflow/.local/lib/python3.12/site-packages/airflow/example_dags/example_latest_only.py
[2024-04-09T22:08:39.077+0000] {processor.py:840} INFO - DAG(s) 'latest_only' retrieved from /home/airflow/.local/lib/python3.12/site-packages/airflow/example_dags/example_latest_only.py
[2024-04-09T22:08:39.105+0000] {logging_mixin.py:188} INFO - [2024-04-09T22:08:39.104+0000] {dag.py:3096} INFO - Sync 1 DAGs
[2024-04-09T22:08:39.139+0000] {logging_mixin.py:188} INFO - [2024-04-09T22:08:39.138+0000] {dag.py:3954} INFO - Setting next_dagrun for latest_only to 2024-04-09 16:00:00+00:00, run_after=2024-04-09 20:00:00+00:00
[2024-04-09T22:08:39.237+0000] {processor.py:183} INFO - Processing /home/airflow/.local/lib/python3.12/site-packages/airflow/example_dags/example_latest_only.py took 0.180 seconds
[2024-04-09T22:09:09.296+0000] {processor.py:161} INFO - Started process (PID=1269) to work on /home/airflow/.local/lib/python3.12/site-packages/airflow/example_dags/example_latest_only.py
[2024-04-09T22:09:09.297+0000] {processor.py:830} INFO - Processing file /home/airflow/.local/lib/python3.12/site-packages/airflow/example_dags/example_latest_only.py for tasks to queue
[2024-04-09T22:09:09.300+0000] {logging_mixin.py:188} INFO - [2024-04-09T22:09:09.300+0000] {dagbag.py:540} INFO - Filling up the DagBag from /home/airflow/.local/lib/python3.12/site-packages/airflow/example_dags/example_latest_only.py
[2024-04-09T22:09:09.308+0000] {processor.py:840} INFO - DAG(s) 'latest_only' retrieved from /home/airflow/.local/lib/python3.12/site-packages/airflow/example_dags/example_latest_only.py
[2024-04-09T22:09:09.344+0000] {logging_mixin.py:188} INFO - [2024-04-09T22:09:09.343+0000] {dag.py:3096} INFO - Sync 1 DAGs
[2024-04-09T22:09:09.386+0000] {logging_mixin.py:188} INFO - [2024-04-09T22:09:09.386+0000] {dag.py:3954} INFO - Setting next_dagrun for latest_only to 2024-04-09 16:00:00+00:00, run_after=2024-04-09 20:00:00+00:00
[2024-04-09T22:09:09.451+0000] {processor.py:183} INFO - Processing /home/airflow/.local/lib/python3.12/site-packages/airflow/example_dags/example_latest_only.py took 0.163 seconds
[2024-04-09T22:09:39.729+0000] {processor.py:161} INFO - Started process (PID=1327) to work on /home/airflow/.local/lib/python3.12/site-packages/airflow/example_dags/example_latest_only.py
[2024-04-09T22:09:39.730+0000] {processor.py:830} INFO - Processing file /home/airflow/.local/lib/python3.12/site-packages/airflow/example_dags/example_latest_only.py for tasks to queue
[2024-04-09T22:09:39.734+0000] {logging_mixin.py:188} INFO - [2024-04-09T22:09:39.733+0000] {dagbag.py:540} INFO - Filling up the DagBag from /home/airflow/.local/lib/python3.12/site-packages/airflow/example_dags/example_latest_only.py
[2024-04-09T22:09:39.740+0000] {processor.py:840} INFO - DAG(s) 'latest_only' retrieved from /home/airflow/.local/lib/python3.12/site-packages/airflow/example_dags/example_latest_only.py
[2024-04-09T22:09:39.768+0000] {logging_mixin.py:188} INFO - [2024-04-09T22:09:39.768+0000] {dag.py:3096} INFO - Sync 1 DAGs
[2024-04-09T22:09:39.803+0000] {logging_mixin.py:188} INFO - [2024-04-09T22:09:39.803+0000] {dag.py:3954} INFO - Setting next_dagrun for latest_only to 2024-04-09 16:00:00+00:00, run_after=2024-04-09 20:00:00+00:00
[2024-04-09T22:09:39.965+0000] {processor.py:183} INFO - Processing /home/airflow/.local/lib/python3.12/site-packages/airflow/example_dags/example_latest_only.py took 0.248 seconds
[2024-04-09T22:10:10.797+0000] {processor.py:161} INFO - Started process (PID=1385) to work on /home/airflow/.local/lib/python3.12/site-packages/airflow/example_dags/example_latest_only.py
[2024-04-09T22:10:10.798+0000] {processor.py:830} INFO - Processing file /home/airflow/.local/lib/python3.12/site-packages/airflow/example_dags/example_latest_only.py for tasks to queue
[2024-04-09T22:10:10.801+0000] {logging_mixin.py:188} INFO - [2024-04-09T22:10:10.801+0000] {dagbag.py:540} INFO - Filling up the DagBag from /home/airflow/.local/lib/python3.12/site-packages/airflow/example_dags/example_latest_only.py
[2024-04-09T22:10:10.812+0000] {processor.py:840} INFO - DAG(s) 'latest_only' retrieved from /home/airflow/.local/lib/python3.12/site-packages/airflow/example_dags/example_latest_only.py
[2024-04-09T22:10:10.846+0000] {logging_mixin.py:188} INFO - [2024-04-09T22:10:10.845+0000] {dag.py:3096} INFO - Sync 1 DAGs
[2024-04-09T22:10:10.884+0000] {logging_mixin.py:188} INFO - [2024-04-09T22:10:10.884+0000] {dag.py:3954} INFO - Setting next_dagrun for latest_only to 2024-04-09 16:00:00+00:00, run_after=2024-04-09 20:00:00+00:00
[2024-04-09T22:10:10.952+0000] {processor.py:183} INFO - Processing /home/airflow/.local/lib/python3.12/site-packages/airflow/example_dags/example_latest_only.py took 0.172 seconds
