[2024-04-09T21:57:48.461+0000] {processor.py:161} INFO - Started process (PID=79) to work on /home/airflow/.local/lib/python3.12/site-packages/airflow/example_dags/example_latest_only_with_trigger.py
[2024-04-09T21:57:48.466+0000] {processor.py:830} INFO - Processing file /home/airflow/.local/lib/python3.12/site-packages/airflow/example_dags/example_latest_only_with_trigger.py for tasks to queue
[2024-04-09T21:57:48.471+0000] {logging_mixin.py:188} INFO - [2024-04-09T21:57:48.470+0000] {dagbag.py:540} INFO - Filling up the DagBag from /home/airflow/.local/lib/python3.12/site-packages/airflow/example_dags/example_latest_only_with_trigger.py
[2024-04-09T21:57:48.592+0000] {processor.py:840} INFO - DAG(s) 'latest_only_with_trigger' retrieved from /home/airflow/.local/lib/python3.12/site-packages/airflow/example_dags/example_latest_only_with_trigger.py
[2024-04-09T21:57:48.799+0000] {logging_mixin.py:188} INFO - [2024-04-09T21:57:48.799+0000] {dag.py:3096} INFO - Sync 1 DAGs
[2024-04-09T21:57:48.897+0000] {logging_mixin.py:188} INFO - [2024-04-09T21:57:48.896+0000] {dag.py:3954} INFO - Setting next_dagrun for latest_only_with_trigger to 2024-04-09 16:00:00+00:00, run_after=2024-04-09 20:00:00+00:00
[2024-04-09T21:57:49.329+0000] {processor.py:183} INFO - Processing /home/airflow/.local/lib/python3.12/site-packages/airflow/example_dags/example_latest_only_with_trigger.py took 0.885 seconds
[2024-04-09T21:58:21.955+0000] {processor.py:161} INFO - Started process (PID=137) to work on /home/airflow/.local/lib/python3.12/site-packages/airflow/example_dags/example_latest_only_with_trigger.py
[2024-04-09T21:58:21.956+0000] {processor.py:830} INFO - Processing file /home/airflow/.local/lib/python3.12/site-packages/airflow/example_dags/example_latest_only_with_trigger.py for tasks to queue
[2024-04-09T21:58:21.959+0000] {logging_mixin.py:188} INFO - [2024-04-09T21:58:21.958+0000] {dagbag.py:540} INFO - Filling up the DagBag from /home/airflow/.local/lib/python3.12/site-packages/airflow/example_dags/example_latest_only_with_trigger.py
[2024-04-09T21:58:21.965+0000] {processor.py:840} INFO - DAG(s) 'latest_only_with_trigger' retrieved from /home/airflow/.local/lib/python3.12/site-packages/airflow/example_dags/example_latest_only_with_trigger.py
[2024-04-09T21:58:21.994+0000] {logging_mixin.py:188} INFO - [2024-04-09T21:58:21.994+0000] {dag.py:3096} INFO - Sync 1 DAGs
[2024-04-09T21:58:22.023+0000] {logging_mixin.py:188} INFO - [2024-04-09T21:58:22.022+0000] {dag.py:3954} INFO - Setting next_dagrun for latest_only_with_trigger to 2024-04-09 16:00:00+00:00, run_after=2024-04-09 20:00:00+00:00
[2024-04-09T21:58:22.192+0000] {processor.py:183} INFO - Processing /home/airflow/.local/lib/python3.12/site-packages/airflow/example_dags/example_latest_only_with_trigger.py took 0.245 seconds
[2024-04-09T21:58:52.295+0000] {processor.py:161} INFO - Started process (PID=193) to work on /home/airflow/.local/lib/python3.12/site-packages/airflow/example_dags/example_latest_only_with_trigger.py
[2024-04-09T21:58:52.296+0000] {processor.py:830} INFO - Processing file /home/airflow/.local/lib/python3.12/site-packages/airflow/example_dags/example_latest_only_with_trigger.py for tasks to queue
[2024-04-09T21:58:52.299+0000] {logging_mixin.py:188} INFO - [2024-04-09T21:58:52.298+0000] {dagbag.py:540} INFO - Filling up the DagBag from /home/airflow/.local/lib/python3.12/site-packages/airflow/example_dags/example_latest_only_with_trigger.py
[2024-04-09T21:58:52.306+0000] {processor.py:840} INFO - DAG(s) 'latest_only_with_trigger' retrieved from /home/airflow/.local/lib/python3.12/site-packages/airflow/example_dags/example_latest_only_with_trigger.py
[2024-04-09T21:58:52.332+0000] {logging_mixin.py:188} INFO - [2024-04-09T21:58:52.332+0000] {dag.py:3096} INFO - Sync 1 DAGs
[2024-04-09T21:58:52.360+0000] {logging_mixin.py:188} INFO - [2024-04-09T21:58:52.360+0000] {dag.py:3954} INFO - Setting next_dagrun for latest_only_with_trigger to 2024-04-09 16:00:00+00:00, run_after=2024-04-09 20:00:00+00:00
[2024-04-09T21:58:52.827+0000] {processor.py:183} INFO - Processing /home/airflow/.local/lib/python3.12/site-packages/airflow/example_dags/example_latest_only_with_trigger.py took 0.540 seconds
[2024-04-09T21:59:26.322+0000] {processor.py:161} INFO - Started process (PID=251) to work on /home/airflow/.local/lib/python3.12/site-packages/airflow/example_dags/example_latest_only_with_trigger.py
[2024-04-09T21:59:26.323+0000] {processor.py:830} INFO - Processing file /home/airflow/.local/lib/python3.12/site-packages/airflow/example_dags/example_latest_only_with_trigger.py for tasks to queue
[2024-04-09T21:59:26.326+0000] {logging_mixin.py:188} INFO - [2024-04-09T21:59:26.325+0000] {dagbag.py:540} INFO - Filling up the DagBag from /home/airflow/.local/lib/python3.12/site-packages/airflow/example_dags/example_latest_only_with_trigger.py
[2024-04-09T21:59:26.333+0000] {processor.py:840} INFO - DAG(s) 'latest_only_with_trigger' retrieved from /home/airflow/.local/lib/python3.12/site-packages/airflow/example_dags/example_latest_only_with_trigger.py
[2024-04-09T21:59:26.361+0000] {logging_mixin.py:188} INFO - [2024-04-09T21:59:26.361+0000] {dag.py:3096} INFO - Sync 1 DAGs
[2024-04-09T21:59:26.391+0000] {logging_mixin.py:188} INFO - [2024-04-09T21:59:26.391+0000] {dag.py:3954} INFO - Setting next_dagrun for latest_only_with_trigger to 2024-04-09 16:00:00+00:00, run_after=2024-04-09 20:00:00+00:00
[2024-04-09T21:59:26.592+0000] {processor.py:183} INFO - Processing /home/airflow/.local/lib/python3.12/site-packages/airflow/example_dags/example_latest_only_with_trigger.py took 0.278 seconds
[2024-04-09T22:00:07.818+0000] {processor.py:161} INFO - Started process (PID=309) to work on /home/airflow/.local/lib/python3.12/site-packages/airflow/example_dags/example_latest_only_with_trigger.py
[2024-04-09T22:00:07.819+0000] {processor.py:830} INFO - Processing file /home/airflow/.local/lib/python3.12/site-packages/airflow/example_dags/example_latest_only_with_trigger.py for tasks to queue
[2024-04-09T22:00:07.822+0000] {logging_mixin.py:188} INFO - [2024-04-09T22:00:07.821+0000] {dagbag.py:540} INFO - Filling up the DagBag from /home/airflow/.local/lib/python3.12/site-packages/airflow/example_dags/example_latest_only_with_trigger.py
[2024-04-09T22:00:07.828+0000] {processor.py:840} INFO - DAG(s) 'latest_only_with_trigger' retrieved from /home/airflow/.local/lib/python3.12/site-packages/airflow/example_dags/example_latest_only_with_trigger.py
[2024-04-09T22:00:07.856+0000] {logging_mixin.py:188} INFO - [2024-04-09T22:00:07.856+0000] {dag.py:3096} INFO - Sync 1 DAGs
[2024-04-09T22:00:07.888+0000] {logging_mixin.py:188} INFO - [2024-04-09T22:00:07.887+0000] {dag.py:3954} INFO - Setting next_dagrun for latest_only_with_trigger to 2024-04-09 16:00:00+00:00, run_after=2024-04-09 20:00:00+00:00
[2024-04-09T22:00:08.095+0000] {processor.py:183} INFO - Processing /home/airflow/.local/lib/python3.12/site-packages/airflow/example_dags/example_latest_only_with_trigger.py took 0.285 seconds
[2024-04-09T22:00:43.833+0000] {processor.py:161} INFO - Started process (PID=370) to work on /home/airflow/.local/lib/python3.12/site-packages/airflow/example_dags/example_latest_only_with_trigger.py
[2024-04-09T22:00:43.835+0000] {processor.py:830} INFO - Processing file /home/airflow/.local/lib/python3.12/site-packages/airflow/example_dags/example_latest_only_with_trigger.py for tasks to queue
[2024-04-09T22:00:43.840+0000] {logging_mixin.py:188} INFO - [2024-04-09T22:00:43.839+0000] {dagbag.py:540} INFO - Filling up the DagBag from /home/airflow/.local/lib/python3.12/site-packages/airflow/example_dags/example_latest_only_with_trigger.py
[2024-04-09T22:00:43.853+0000] {processor.py:840} INFO - DAG(s) 'latest_only_with_trigger' retrieved from /home/airflow/.local/lib/python3.12/site-packages/airflow/example_dags/example_latest_only_with_trigger.py
[2024-04-09T22:00:43.887+0000] {logging_mixin.py:188} INFO - [2024-04-09T22:00:43.887+0000] {dag.py:3096} INFO - Sync 1 DAGs
[2024-04-09T22:00:43.917+0000] {logging_mixin.py:188} INFO - [2024-04-09T22:00:43.916+0000] {dag.py:3954} INFO - Setting next_dagrun for latest_only_with_trigger to 2024-04-09 16:00:00+00:00, run_after=2024-04-09 20:00:00+00:00
[2024-04-09T22:00:44.275+0000] {processor.py:183} INFO - Processing /home/airflow/.local/lib/python3.12/site-packages/airflow/example_dags/example_latest_only_with_trigger.py took 0.454 seconds
[2024-04-09T22:01:14.333+0000] {processor.py:161} INFO - Started process (PID=427) to work on /home/airflow/.local/lib/python3.12/site-packages/airflow/example_dags/example_latest_only_with_trigger.py
[2024-04-09T22:01:14.335+0000] {processor.py:830} INFO - Processing file /home/airflow/.local/lib/python3.12/site-packages/airflow/example_dags/example_latest_only_with_trigger.py for tasks to queue
[2024-04-09T22:01:14.338+0000] {logging_mixin.py:188} INFO - [2024-04-09T22:01:14.338+0000] {dagbag.py:540} INFO - Filling up the DagBag from /home/airflow/.local/lib/python3.12/site-packages/airflow/example_dags/example_latest_only_with_trigger.py
[2024-04-09T22:01:14.347+0000] {processor.py:840} INFO - DAG(s) 'latest_only_with_trigger' retrieved from /home/airflow/.local/lib/python3.12/site-packages/airflow/example_dags/example_latest_only_with_trigger.py
[2024-04-09T22:01:14.384+0000] {logging_mixin.py:188} INFO - [2024-04-09T22:01:14.383+0000] {dag.py:3096} INFO - Sync 1 DAGs
[2024-04-09T22:01:14.419+0000] {logging_mixin.py:188} INFO - [2024-04-09T22:01:14.419+0000] {dag.py:3954} INFO - Setting next_dagrun for latest_only_with_trigger to 2024-04-09 16:00:00+00:00, run_after=2024-04-09 20:00:00+00:00
[2024-04-09T22:01:14.669+0000] {processor.py:183} INFO - Processing /home/airflow/.local/lib/python3.12/site-packages/airflow/example_dags/example_latest_only_with_trigger.py took 0.348 seconds
[2024-04-09T22:01:44.823+0000] {processor.py:161} INFO - Started process (PID=485) to work on /home/airflow/.local/lib/python3.12/site-packages/airflow/example_dags/example_latest_only_with_trigger.py
[2024-04-09T22:01:44.825+0000] {processor.py:830} INFO - Processing file /home/airflow/.local/lib/python3.12/site-packages/airflow/example_dags/example_latest_only_with_trigger.py for tasks to queue
[2024-04-09T22:01:44.828+0000] {logging_mixin.py:188} INFO - [2024-04-09T22:01:44.828+0000] {dagbag.py:540} INFO - Filling up the DagBag from /home/airflow/.local/lib/python3.12/site-packages/airflow/example_dags/example_latest_only_with_trigger.py
[2024-04-09T22:01:44.837+0000] {processor.py:840} INFO - DAG(s) 'latest_only_with_trigger' retrieved from /home/airflow/.local/lib/python3.12/site-packages/airflow/example_dags/example_latest_only_with_trigger.py
[2024-04-09T22:01:44.865+0000] {logging_mixin.py:188} INFO - [2024-04-09T22:01:44.865+0000] {dag.py:3096} INFO - Sync 1 DAGs
[2024-04-09T22:01:44.903+0000] {logging_mixin.py:188} INFO - [2024-04-09T22:01:44.902+0000] {dag.py:3954} INFO - Setting next_dagrun for latest_only_with_trigger to 2024-04-09 16:00:00+00:00, run_after=2024-04-09 20:00:00+00:00
[2024-04-09T22:01:45.433+0000] {processor.py:183} INFO - Processing /home/airflow/.local/lib/python3.12/site-packages/airflow/example_dags/example_latest_only_with_trigger.py took 0.621 seconds
[2024-04-09T22:02:15.884+0000] {processor.py:161} INFO - Started process (PID=543) to work on /home/airflow/.local/lib/python3.12/site-packages/airflow/example_dags/example_latest_only_with_trigger.py
[2024-04-09T22:02:15.886+0000] {processor.py:830} INFO - Processing file /home/airflow/.local/lib/python3.12/site-packages/airflow/example_dags/example_latest_only_with_trigger.py for tasks to queue
[2024-04-09T22:02:15.890+0000] {logging_mixin.py:188} INFO - [2024-04-09T22:02:15.889+0000] {dagbag.py:540} INFO - Filling up the DagBag from /home/airflow/.local/lib/python3.12/site-packages/airflow/example_dags/example_latest_only_with_trigger.py
[2024-04-09T22:02:15.898+0000] {processor.py:840} INFO - DAG(s) 'latest_only_with_trigger' retrieved from /home/airflow/.local/lib/python3.12/site-packages/airflow/example_dags/example_latest_only_with_trigger.py
[2024-04-09T22:02:15.927+0000] {logging_mixin.py:188} INFO - [2024-04-09T22:02:15.927+0000] {dag.py:3096} INFO - Sync 1 DAGs
[2024-04-09T22:02:15.974+0000] {logging_mixin.py:188} INFO - [2024-04-09T22:02:15.973+0000] {dag.py:3954} INFO - Setting next_dagrun for latest_only_with_trigger to 2024-04-09 16:00:00+00:00, run_after=2024-04-09 20:00:00+00:00
[2024-04-09T22:02:16.239+0000] {processor.py:183} INFO - Processing /home/airflow/.local/lib/python3.12/site-packages/airflow/example_dags/example_latest_only_with_trigger.py took 0.366 seconds
[2024-04-09T22:03:24.486+0000] {processor.py:161} INFO - Started process (PID=632) to work on /home/airflow/.local/lib/python3.12/site-packages/airflow/example_dags/example_latest_only_with_trigger.py
[2024-04-09T22:03:24.487+0000] {processor.py:830} INFO - Processing file /home/airflow/.local/lib/python3.12/site-packages/airflow/example_dags/example_latest_only_with_trigger.py for tasks to queue
[2024-04-09T22:03:24.493+0000] {logging_mixin.py:188} INFO - [2024-04-09T22:03:24.493+0000] {dagbag.py:540} INFO - Filling up the DagBag from /home/airflow/.local/lib/python3.12/site-packages/airflow/example_dags/example_latest_only_with_trigger.py
[2024-04-09T22:03:24.500+0000] {processor.py:840} INFO - DAG(s) 'latest_only_with_trigger' retrieved from /home/airflow/.local/lib/python3.12/site-packages/airflow/example_dags/example_latest_only_with_trigger.py
[2024-04-09T22:03:24.542+0000] {logging_mixin.py:188} INFO - [2024-04-09T22:03:24.541+0000] {dag.py:3096} INFO - Sync 1 DAGs
[2024-04-09T22:03:24.578+0000] {logging_mixin.py:188} INFO - [2024-04-09T22:03:24.577+0000] {dag.py:3954} INFO - Setting next_dagrun for latest_only_with_trigger to 2024-04-09 16:00:00+00:00, run_after=2024-04-09 20:00:00+00:00
[2024-04-09T22:03:24.774+0000] {processor.py:183} INFO - Processing /home/airflow/.local/lib/python3.12/site-packages/airflow/example_dags/example_latest_only_with_trigger.py took 0.302 seconds
[2024-04-09T22:03:59.093+0000] {processor.py:161} INFO - Started process (PID=690) to work on /home/airflow/.local/lib/python3.12/site-packages/airflow/example_dags/example_latest_only_with_trigger.py
[2024-04-09T22:03:59.094+0000] {processor.py:830} INFO - Processing file /home/airflow/.local/lib/python3.12/site-packages/airflow/example_dags/example_latest_only_with_trigger.py for tasks to queue
[2024-04-09T22:03:59.098+0000] {logging_mixin.py:188} INFO - [2024-04-09T22:03:59.097+0000] {dagbag.py:540} INFO - Filling up the DagBag from /home/airflow/.local/lib/python3.12/site-packages/airflow/example_dags/example_latest_only_with_trigger.py
[2024-04-09T22:03:59.107+0000] {processor.py:840} INFO - DAG(s) 'latest_only_with_trigger' retrieved from /home/airflow/.local/lib/python3.12/site-packages/airflow/example_dags/example_latest_only_with_trigger.py
[2024-04-09T22:03:59.136+0000] {logging_mixin.py:188} INFO - [2024-04-09T22:03:59.136+0000] {dag.py:3096} INFO - Sync 1 DAGs
[2024-04-09T22:03:59.164+0000] {logging_mixin.py:188} INFO - [2024-04-09T22:03:59.164+0000] {dag.py:3954} INFO - Setting next_dagrun for latest_only_with_trigger to 2024-04-09 16:00:00+00:00, run_after=2024-04-09 20:00:00+00:00
[2024-04-09T22:03:59.284+0000] {processor.py:183} INFO - Processing /home/airflow/.local/lib/python3.12/site-packages/airflow/example_dags/example_latest_only_with_trigger.py took 0.201 seconds
[2024-04-09T22:04:30.339+0000] {processor.py:161} INFO - Started process (PID=748) to work on /home/airflow/.local/lib/python3.12/site-packages/airflow/example_dags/example_latest_only_with_trigger.py
[2024-04-09T22:04:30.341+0000] {processor.py:830} INFO - Processing file /home/airflow/.local/lib/python3.12/site-packages/airflow/example_dags/example_latest_only_with_trigger.py for tasks to queue
[2024-04-09T22:04:30.343+0000] {logging_mixin.py:188} INFO - [2024-04-09T22:04:30.343+0000] {dagbag.py:540} INFO - Filling up the DagBag from /home/airflow/.local/lib/python3.12/site-packages/airflow/example_dags/example_latest_only_with_trigger.py
[2024-04-09T22:04:30.350+0000] {processor.py:840} INFO - DAG(s) 'latest_only_with_trigger' retrieved from /home/airflow/.local/lib/python3.12/site-packages/airflow/example_dags/example_latest_only_with_trigger.py
[2024-04-09T22:04:30.383+0000] {logging_mixin.py:188} INFO - [2024-04-09T22:04:30.383+0000] {dag.py:3096} INFO - Sync 1 DAGs
[2024-04-09T22:04:30.421+0000] {logging_mixin.py:188} INFO - [2024-04-09T22:04:30.421+0000] {dag.py:3954} INFO - Setting next_dagrun for latest_only_with_trigger to 2024-04-09 16:00:00+00:00, run_after=2024-04-09 20:00:00+00:00
[2024-04-09T22:04:30.672+0000] {processor.py:183} INFO - Processing /home/airflow/.local/lib/python3.12/site-packages/airflow/example_dags/example_latest_only_with_trigger.py took 0.343 seconds
[2024-04-09T22:05:02.723+0000] {processor.py:161} INFO - Started process (PID=806) to work on /home/airflow/.local/lib/python3.12/site-packages/airflow/example_dags/example_latest_only_with_trigger.py
[2024-04-09T22:05:02.725+0000] {processor.py:830} INFO - Processing file /home/airflow/.local/lib/python3.12/site-packages/airflow/example_dags/example_latest_only_with_trigger.py for tasks to queue
[2024-04-09T22:05:02.727+0000] {logging_mixin.py:188} INFO - [2024-04-09T22:05:02.727+0000] {dagbag.py:540} INFO - Filling up the DagBag from /home/airflow/.local/lib/python3.12/site-packages/airflow/example_dags/example_latest_only_with_trigger.py
[2024-04-09T22:05:02.734+0000] {processor.py:840} INFO - DAG(s) 'latest_only_with_trigger' retrieved from /home/airflow/.local/lib/python3.12/site-packages/airflow/example_dags/example_latest_only_with_trigger.py
[2024-04-09T22:05:02.763+0000] {logging_mixin.py:188} INFO - [2024-04-09T22:05:02.763+0000] {dag.py:3096} INFO - Sync 1 DAGs
[2024-04-09T22:05:02.792+0000] {logging_mixin.py:188} INFO - [2024-04-09T22:05:02.792+0000] {dag.py:3954} INFO - Setting next_dagrun for latest_only_with_trigger to 2024-04-09 16:00:00+00:00, run_after=2024-04-09 20:00:00+00:00
[2024-04-09T22:05:03.170+0000] {processor.py:183} INFO - Processing /home/airflow/.local/lib/python3.12/site-packages/airflow/example_dags/example_latest_only_with_trigger.py took 0.454 seconds
[2024-04-09T22:05:34.138+0000] {processor.py:161} INFO - Started process (PID=864) to work on /home/airflow/.local/lib/python3.12/site-packages/airflow/example_dags/example_latest_only_with_trigger.py
[2024-04-09T22:05:34.140+0000] {processor.py:830} INFO - Processing file /home/airflow/.local/lib/python3.12/site-packages/airflow/example_dags/example_latest_only_with_trigger.py for tasks to queue
[2024-04-09T22:05:34.143+0000] {logging_mixin.py:188} INFO - [2024-04-09T22:05:34.142+0000] {dagbag.py:540} INFO - Filling up the DagBag from /home/airflow/.local/lib/python3.12/site-packages/airflow/example_dags/example_latest_only_with_trigger.py
[2024-04-09T22:05:34.154+0000] {processor.py:840} INFO - DAG(s) 'latest_only_with_trigger' retrieved from /home/airflow/.local/lib/python3.12/site-packages/airflow/example_dags/example_latest_only_with_trigger.py
[2024-04-09T22:05:34.197+0000] {logging_mixin.py:188} INFO - [2024-04-09T22:05:34.197+0000] {dag.py:3096} INFO - Sync 1 DAGs
[2024-04-09T22:05:34.235+0000] {logging_mixin.py:188} INFO - [2024-04-09T22:05:34.235+0000] {dag.py:3954} INFO - Setting next_dagrun for latest_only_with_trigger to 2024-04-09 16:00:00+00:00, run_after=2024-04-09 20:00:00+00:00
[2024-04-09T22:05:34.392+0000] {processor.py:183} INFO - Processing /home/airflow/.local/lib/python3.12/site-packages/airflow/example_dags/example_latest_only_with_trigger.py took 0.267 seconds
[2024-04-09T22:06:04.572+0000] {processor.py:161} INFO - Started process (PID=922) to work on /home/airflow/.local/lib/python3.12/site-packages/airflow/example_dags/example_latest_only_with_trigger.py
[2024-04-09T22:06:04.574+0000] {processor.py:830} INFO - Processing file /home/airflow/.local/lib/python3.12/site-packages/airflow/example_dags/example_latest_only_with_trigger.py for tasks to queue
[2024-04-09T22:06:04.576+0000] {logging_mixin.py:188} INFO - [2024-04-09T22:06:04.576+0000] {dagbag.py:540} INFO - Filling up the DagBag from /home/airflow/.local/lib/python3.12/site-packages/airflow/example_dags/example_latest_only_with_trigger.py
[2024-04-09T22:06:04.585+0000] {processor.py:840} INFO - DAG(s) 'latest_only_with_trigger' retrieved from /home/airflow/.local/lib/python3.12/site-packages/airflow/example_dags/example_latest_only_with_trigger.py
[2024-04-09T22:06:04.622+0000] {logging_mixin.py:188} INFO - [2024-04-09T22:06:04.622+0000] {dag.py:3096} INFO - Sync 1 DAGs
[2024-04-09T22:06:04.879+0000] {logging_mixin.py:188} INFO - [2024-04-09T22:06:04.879+0000] {dag.py:3954} INFO - Setting next_dagrun for latest_only_with_trigger to 2024-04-09 16:00:00+00:00, run_after=2024-04-09 20:00:00+00:00
[2024-04-09T22:06:04.935+0000] {processor.py:183} INFO - Processing /home/airflow/.local/lib/python3.12/site-packages/airflow/example_dags/example_latest_only_with_trigger.py took 0.371 seconds
[2024-04-09T22:06:35.381+0000] {processor.py:161} INFO - Started process (PID=980) to work on /home/airflow/.local/lib/python3.12/site-packages/airflow/example_dags/example_latest_only_with_trigger.py
[2024-04-09T22:06:35.382+0000] {processor.py:830} INFO - Processing file /home/airflow/.local/lib/python3.12/site-packages/airflow/example_dags/example_latest_only_with_trigger.py for tasks to queue
[2024-04-09T22:06:35.385+0000] {logging_mixin.py:188} INFO - [2024-04-09T22:06:35.384+0000] {dagbag.py:540} INFO - Filling up the DagBag from /home/airflow/.local/lib/python3.12/site-packages/airflow/example_dags/example_latest_only_with_trigger.py
[2024-04-09T22:06:35.392+0000] {processor.py:840} INFO - DAG(s) 'latest_only_with_trigger' retrieved from /home/airflow/.local/lib/python3.12/site-packages/airflow/example_dags/example_latest_only_with_trigger.py
[2024-04-09T22:06:35.427+0000] {logging_mixin.py:188} INFO - [2024-04-09T22:06:35.427+0000] {dag.py:3096} INFO - Sync 1 DAGs
[2024-04-09T22:06:35.647+0000] {logging_mixin.py:188} INFO - [2024-04-09T22:06:35.646+0000] {dag.py:3954} INFO - Setting next_dagrun for latest_only_with_trigger to 2024-04-09 16:00:00+00:00, run_after=2024-04-09 20:00:00+00:00
[2024-04-09T22:06:35.705+0000] {processor.py:183} INFO - Processing /home/airflow/.local/lib/python3.12/site-packages/airflow/example_dags/example_latest_only_with_trigger.py took 0.333 seconds
[2024-04-09T22:07:06.811+0000] {processor.py:161} INFO - Started process (PID=1038) to work on /home/airflow/.local/lib/python3.12/site-packages/airflow/example_dags/example_latest_only_with_trigger.py
[2024-04-09T22:07:06.814+0000] {processor.py:830} INFO - Processing file /home/airflow/.local/lib/python3.12/site-packages/airflow/example_dags/example_latest_only_with_trigger.py for tasks to queue
[2024-04-09T22:07:06.824+0000] {logging_mixin.py:188} INFO - [2024-04-09T22:07:06.823+0000] {dagbag.py:540} INFO - Filling up the DagBag from /home/airflow/.local/lib/python3.12/site-packages/airflow/example_dags/example_latest_only_with_trigger.py
[2024-04-09T22:07:06.848+0000] {processor.py:840} INFO - DAG(s) 'latest_only_with_trigger' retrieved from /home/airflow/.local/lib/python3.12/site-packages/airflow/example_dags/example_latest_only_with_trigger.py
[2024-04-09T22:07:06.910+0000] {logging_mixin.py:188} INFO - [2024-04-09T22:07:06.909+0000] {dag.py:3096} INFO - Sync 1 DAGs
[2024-04-09T22:07:06.956+0000] {logging_mixin.py:188} INFO - [2024-04-09T22:07:06.956+0000] {dag.py:3954} INFO - Setting next_dagrun for latest_only_with_trigger to 2024-04-09 16:00:00+00:00, run_after=2024-04-09 20:00:00+00:00
[2024-04-09T22:07:07.312+0000] {processor.py:183} INFO - Processing /home/airflow/.local/lib/python3.12/site-packages/airflow/example_dags/example_latest_only_with_trigger.py took 0.517 seconds
[2024-04-09T22:07:38.024+0000] {processor.py:161} INFO - Started process (PID=1096) to work on /home/airflow/.local/lib/python3.12/site-packages/airflow/example_dags/example_latest_only_with_trigger.py
[2024-04-09T22:07:38.026+0000] {processor.py:830} INFO - Processing file /home/airflow/.local/lib/python3.12/site-packages/airflow/example_dags/example_latest_only_with_trigger.py for tasks to queue
[2024-04-09T22:07:38.029+0000] {logging_mixin.py:188} INFO - [2024-04-09T22:07:38.029+0000] {dagbag.py:540} INFO - Filling up the DagBag from /home/airflow/.local/lib/python3.12/site-packages/airflow/example_dags/example_latest_only_with_trigger.py
[2024-04-09T22:07:38.037+0000] {processor.py:840} INFO - DAG(s) 'latest_only_with_trigger' retrieved from /home/airflow/.local/lib/python3.12/site-packages/airflow/example_dags/example_latest_only_with_trigger.py
[2024-04-09T22:07:38.066+0000] {logging_mixin.py:188} INFO - [2024-04-09T22:07:38.065+0000] {dag.py:3096} INFO - Sync 1 DAGs
[2024-04-09T22:07:38.096+0000] {logging_mixin.py:188} INFO - [2024-04-09T22:07:38.096+0000] {dag.py:3954} INFO - Setting next_dagrun for latest_only_with_trigger to 2024-04-09 16:00:00+00:00, run_after=2024-04-09 20:00:00+00:00
[2024-04-09T22:07:38.188+0000] {processor.py:183} INFO - Processing /home/airflow/.local/lib/python3.12/site-packages/airflow/example_dags/example_latest_only_with_trigger.py took 0.171 seconds
[2024-04-09T22:08:08.868+0000] {processor.py:161} INFO - Started process (PID=1155) to work on /home/airflow/.local/lib/python3.12/site-packages/airflow/example_dags/example_latest_only_with_trigger.py
[2024-04-09T22:08:08.869+0000] {processor.py:830} INFO - Processing file /home/airflow/.local/lib/python3.12/site-packages/airflow/example_dags/example_latest_only_with_trigger.py for tasks to queue
[2024-04-09T22:08:08.872+0000] {logging_mixin.py:188} INFO - [2024-04-09T22:08:08.872+0000] {dagbag.py:540} INFO - Filling up the DagBag from /home/airflow/.local/lib/python3.12/site-packages/airflow/example_dags/example_latest_only_with_trigger.py
[2024-04-09T22:08:08.882+0000] {processor.py:840} INFO - DAG(s) 'latest_only_with_trigger' retrieved from /home/airflow/.local/lib/python3.12/site-packages/airflow/example_dags/example_latest_only_with_trigger.py
[2024-04-09T22:08:08.913+0000] {logging_mixin.py:188} INFO - [2024-04-09T22:08:08.913+0000] {dag.py:3096} INFO - Sync 1 DAGs
[2024-04-09T22:08:08.942+0000] {logging_mixin.py:188} INFO - [2024-04-09T22:08:08.942+0000] {dag.py:3954} INFO - Setting next_dagrun for latest_only_with_trigger to 2024-04-09 16:00:00+00:00, run_after=2024-04-09 20:00:00+00:00
[2024-04-09T22:08:09.029+0000] {processor.py:183} INFO - Processing /home/airflow/.local/lib/python3.12/site-packages/airflow/example_dags/example_latest_only_with_trigger.py took 0.170 seconds
[2024-04-09T22:08:39.286+0000] {processor.py:161} INFO - Started process (PID=1214) to work on /home/airflow/.local/lib/python3.12/site-packages/airflow/example_dags/example_latest_only_with_trigger.py
[2024-04-09T22:08:39.287+0000] {processor.py:830} INFO - Processing file /home/airflow/.local/lib/python3.12/site-packages/airflow/example_dags/example_latest_only_with_trigger.py for tasks to queue
[2024-04-09T22:08:39.290+0000] {logging_mixin.py:188} INFO - [2024-04-09T22:08:39.289+0000] {dagbag.py:540} INFO - Filling up the DagBag from /home/airflow/.local/lib/python3.12/site-packages/airflow/example_dags/example_latest_only_with_trigger.py
[2024-04-09T22:08:39.298+0000] {processor.py:840} INFO - DAG(s) 'latest_only_with_trigger' retrieved from /home/airflow/.local/lib/python3.12/site-packages/airflow/example_dags/example_latest_only_with_trigger.py
[2024-04-09T22:08:39.328+0000] {logging_mixin.py:188} INFO - [2024-04-09T22:08:39.327+0000] {dag.py:3096} INFO - Sync 1 DAGs
[2024-04-09T22:08:39.360+0000] {logging_mixin.py:188} INFO - [2024-04-09T22:08:39.359+0000] {dag.py:3954} INFO - Setting next_dagrun for latest_only_with_trigger to 2024-04-09 16:00:00+00:00, run_after=2024-04-09 20:00:00+00:00
[2024-04-09T22:08:39.412+0000] {processor.py:183} INFO - Processing /home/airflow/.local/lib/python3.12/site-packages/airflow/example_dags/example_latest_only_with_trigger.py took 0.135 seconds
[2024-04-09T22:09:09.509+0000] {processor.py:161} INFO - Started process (PID=1272) to work on /home/airflow/.local/lib/python3.12/site-packages/airflow/example_dags/example_latest_only_with_trigger.py
[2024-04-09T22:09:09.510+0000] {processor.py:830} INFO - Processing file /home/airflow/.local/lib/python3.12/site-packages/airflow/example_dags/example_latest_only_with_trigger.py for tasks to queue
[2024-04-09T22:09:09.513+0000] {logging_mixin.py:188} INFO - [2024-04-09T22:09:09.513+0000] {dagbag.py:540} INFO - Filling up the DagBag from /home/airflow/.local/lib/python3.12/site-packages/airflow/example_dags/example_latest_only_with_trigger.py
[2024-04-09T22:09:09.521+0000] {processor.py:840} INFO - DAG(s) 'latest_only_with_trigger' retrieved from /home/airflow/.local/lib/python3.12/site-packages/airflow/example_dags/example_latest_only_with_trigger.py
[2024-04-09T22:09:09.554+0000] {logging_mixin.py:188} INFO - [2024-04-09T22:09:09.553+0000] {dag.py:3096} INFO - Sync 1 DAGs
[2024-04-09T22:09:09.596+0000] {logging_mixin.py:188} INFO - [2024-04-09T22:09:09.596+0000] {dag.py:3954} INFO - Setting next_dagrun for latest_only_with_trigger to 2024-04-09 16:00:00+00:00, run_after=2024-04-09 20:00:00+00:00
[2024-04-09T22:09:09.670+0000] {processor.py:183} INFO - Processing /home/airflow/.local/lib/python3.12/site-packages/airflow/example_dags/example_latest_only_with_trigger.py took 0.171 seconds
[2024-04-09T22:09:39.895+0000] {processor.py:161} INFO - Started process (PID=1328) to work on /home/airflow/.local/lib/python3.12/site-packages/airflow/example_dags/example_latest_only_with_trigger.py
[2024-04-09T22:09:39.896+0000] {processor.py:830} INFO - Processing file /home/airflow/.local/lib/python3.12/site-packages/airflow/example_dags/example_latest_only_with_trigger.py for tasks to queue
[2024-04-09T22:09:39.899+0000] {logging_mixin.py:188} INFO - [2024-04-09T22:09:39.898+0000] {dagbag.py:540} INFO - Filling up the DagBag from /home/airflow/.local/lib/python3.12/site-packages/airflow/example_dags/example_latest_only_with_trigger.py
[2024-04-09T22:09:39.909+0000] {processor.py:840} INFO - DAG(s) 'latest_only_with_trigger' retrieved from /home/airflow/.local/lib/python3.12/site-packages/airflow/example_dags/example_latest_only_with_trigger.py
[2024-04-09T22:09:39.939+0000] {logging_mixin.py:188} INFO - [2024-04-09T22:09:39.938+0000] {dag.py:3096} INFO - Sync 1 DAGs
[2024-04-09T22:09:39.971+0000] {logging_mixin.py:188} INFO - [2024-04-09T22:09:39.970+0000] {dag.py:3954} INFO - Setting next_dagrun for latest_only_with_trigger to 2024-04-09 16:00:00+00:00, run_after=2024-04-09 20:00:00+00:00
[2024-04-09T22:09:40.089+0000] {processor.py:183} INFO - Processing /home/airflow/.local/lib/python3.12/site-packages/airflow/example_dags/example_latest_only_with_trigger.py took 0.205 seconds
[2024-04-09T22:10:10.917+0000] {processor.py:161} INFO - Started process (PID=1386) to work on /home/airflow/.local/lib/python3.12/site-packages/airflow/example_dags/example_latest_only_with_trigger.py
[2024-04-09T22:10:10.919+0000] {processor.py:830} INFO - Processing file /home/airflow/.local/lib/python3.12/site-packages/airflow/example_dags/example_latest_only_with_trigger.py for tasks to queue
[2024-04-09T22:10:10.921+0000] {logging_mixin.py:188} INFO - [2024-04-09T22:10:10.921+0000] {dagbag.py:540} INFO - Filling up the DagBag from /home/airflow/.local/lib/python3.12/site-packages/airflow/example_dags/example_latest_only_with_trigger.py
[2024-04-09T22:10:10.929+0000] {processor.py:840} INFO - DAG(s) 'latest_only_with_trigger' retrieved from /home/airflow/.local/lib/python3.12/site-packages/airflow/example_dags/example_latest_only_with_trigger.py
[2024-04-09T22:10:10.960+0000] {logging_mixin.py:188} INFO - [2024-04-09T22:10:10.960+0000] {dag.py:3096} INFO - Sync 1 DAGs
[2024-04-09T22:10:11.014+0000] {logging_mixin.py:188} INFO - [2024-04-09T22:10:11.014+0000] {dag.py:3954} INFO - Setting next_dagrun for latest_only_with_trigger to 2024-04-09 16:00:00+00:00, run_after=2024-04-09 20:00:00+00:00
[2024-04-09T22:10:11.119+0000] {processor.py:183} INFO - Processing /home/airflow/.local/lib/python3.12/site-packages/airflow/example_dags/example_latest_only_with_trigger.py took 0.209 seconds
