[2024-04-09T21:57:28.168+0000] {processor.py:161} INFO - Started process (PID=66) to work on /home/airflow/.local/lib/python3.12/site-packages/airflow/example_dags/example_python_operator.py
[2024-04-09T21:57:28.170+0000] {processor.py:830} INFO - Processing file /home/airflow/.local/lib/python3.12/site-packages/airflow/example_dags/example_python_operator.py for tasks to queue
[2024-04-09T21:57:28.318+0000] {logging_mixin.py:188} INFO - [2024-04-09T21:57:28.317+0000] {dagbag.py:540} INFO - Filling up the DagBag from /home/airflow/.local/lib/python3.12/site-packages/airflow/example_dags/example_python_operator.py
[2024-04-09T21:57:28.971+0000] {processor.py:840} INFO - DAG(s) 'example_python_operator' retrieved from /home/airflow/.local/lib/python3.12/site-packages/airflow/example_dags/example_python_operator.py
[2024-04-09T21:57:40.759+0000] {logging_mixin.py:188} INFO - [2024-04-09T21:57:40.759+0000] {dag.py:3096} INFO - Sync 1 DAGs
[2024-04-09T21:57:40.927+0000] {logging_mixin.py:188} INFO - [2024-04-09T21:57:40.927+0000] {dag.py:3954} INFO - Setting next_dagrun for example_python_operator to None, run_after=None
[2024-04-09T21:57:41.156+0000] {processor.py:183} INFO - Processing /home/airflow/.local/lib/python3.12/site-packages/airflow/example_dags/example_python_operator.py took 13.008 seconds
[2024-04-09T21:58:19.733+0000] {processor.py:161} INFO - Started process (PID=130) to work on /home/airflow/.local/lib/python3.12/site-packages/airflow/example_dags/example_python_operator.py
[2024-04-09T21:58:19.734+0000] {processor.py:830} INFO - Processing file /home/airflow/.local/lib/python3.12/site-packages/airflow/example_dags/example_python_operator.py for tasks to queue
[2024-04-09T21:58:19.737+0000] {logging_mixin.py:188} INFO - [2024-04-09T21:58:19.736+0000] {dagbag.py:540} INFO - Filling up the DagBag from /home/airflow/.local/lib/python3.12/site-packages/airflow/example_dags/example_python_operator.py
[2024-04-09T21:58:19.753+0000] {processor.py:840} INFO - DAG(s) 'example_python_operator' retrieved from /home/airflow/.local/lib/python3.12/site-packages/airflow/example_dags/example_python_operator.py
[2024-04-09T21:58:19.783+0000] {logging_mixin.py:188} INFO - [2024-04-09T21:58:19.783+0000] {dag.py:3096} INFO - Sync 1 DAGs
[2024-04-09T21:58:19.800+0000] {logging_mixin.py:188} INFO - [2024-04-09T21:58:19.800+0000] {dag.py:3954} INFO - Setting next_dagrun for example_python_operator to None, run_after=None
[2024-04-09T21:58:20.015+0000] {processor.py:183} INFO - Processing /home/airflow/.local/lib/python3.12/site-packages/airflow/example_dags/example_python_operator.py took 0.289 seconds
[2024-04-09T21:58:50.415+0000] {processor.py:161} INFO - Started process (PID=186) to work on /home/airflow/.local/lib/python3.12/site-packages/airflow/example_dags/example_python_operator.py
[2024-04-09T21:58:50.417+0000] {processor.py:830} INFO - Processing file /home/airflow/.local/lib/python3.12/site-packages/airflow/example_dags/example_python_operator.py for tasks to queue
[2024-04-09T21:58:50.419+0000] {logging_mixin.py:188} INFO - [2024-04-09T21:58:50.419+0000] {dagbag.py:540} INFO - Filling up the DagBag from /home/airflow/.local/lib/python3.12/site-packages/airflow/example_dags/example_python_operator.py
[2024-04-09T21:58:50.432+0000] {processor.py:840} INFO - DAG(s) 'example_python_operator' retrieved from /home/airflow/.local/lib/python3.12/site-packages/airflow/example_dags/example_python_operator.py
[2024-04-09T21:58:50.480+0000] {logging_mixin.py:188} INFO - [2024-04-09T21:58:50.480+0000] {dag.py:3096} INFO - Sync 1 DAGs
[2024-04-09T21:58:50.532+0000] {logging_mixin.py:188} INFO - [2024-04-09T21:58:50.532+0000] {dag.py:3954} INFO - Setting next_dagrun for example_python_operator to None, run_after=None
[2024-04-09T21:58:50.932+0000] {processor.py:183} INFO - Processing /home/airflow/.local/lib/python3.12/site-packages/airflow/example_dags/example_python_operator.py took 0.525 seconds
[2024-04-09T21:59:23.929+0000] {processor.py:161} INFO - Started process (PID=244) to work on /home/airflow/.local/lib/python3.12/site-packages/airflow/example_dags/example_python_operator.py
[2024-04-09T21:59:23.930+0000] {processor.py:830} INFO - Processing file /home/airflow/.local/lib/python3.12/site-packages/airflow/example_dags/example_python_operator.py for tasks to queue
[2024-04-09T21:59:23.933+0000] {logging_mixin.py:188} INFO - [2024-04-09T21:59:23.932+0000] {dagbag.py:540} INFO - Filling up the DagBag from /home/airflow/.local/lib/python3.12/site-packages/airflow/example_dags/example_python_operator.py
[2024-04-09T21:59:23.946+0000] {processor.py:840} INFO - DAG(s) 'example_python_operator' retrieved from /home/airflow/.local/lib/python3.12/site-packages/airflow/example_dags/example_python_operator.py
[2024-04-09T21:59:23.979+0000] {logging_mixin.py:188} INFO - [2024-04-09T21:59:23.979+0000] {dag.py:3096} INFO - Sync 1 DAGs
[2024-04-09T21:59:23.996+0000] {logging_mixin.py:188} INFO - [2024-04-09T21:59:23.996+0000] {dag.py:3954} INFO - Setting next_dagrun for example_python_operator to None, run_after=None
[2024-04-09T21:59:24.342+0000] {processor.py:183} INFO - Processing /home/airflow/.local/lib/python3.12/site-packages/airflow/example_dags/example_python_operator.py took 0.421 seconds
[2024-04-09T22:00:01.300+0000] {processor.py:161} INFO - Started process (PID=302) to work on /home/airflow/.local/lib/python3.12/site-packages/airflow/example_dags/example_python_operator.py
[2024-04-09T22:00:01.302+0000] {processor.py:830} INFO - Processing file /home/airflow/.local/lib/python3.12/site-packages/airflow/example_dags/example_python_operator.py for tasks to queue
[2024-04-09T22:00:01.304+0000] {logging_mixin.py:188} INFO - [2024-04-09T22:00:01.304+0000] {dagbag.py:540} INFO - Filling up the DagBag from /home/airflow/.local/lib/python3.12/site-packages/airflow/example_dags/example_python_operator.py
[2024-04-09T22:00:01.320+0000] {processor.py:840} INFO - DAG(s) 'example_python_operator' retrieved from /home/airflow/.local/lib/python3.12/site-packages/airflow/example_dags/example_python_operator.py
[2024-04-09T22:00:01.441+0000] {logging_mixin.py:188} INFO - [2024-04-09T22:00:01.441+0000] {dag.py:3096} INFO - Sync 1 DAGs
[2024-04-09T22:00:01.711+0000] {logging_mixin.py:188} INFO - [2024-04-09T22:00:01.711+0000] {dag.py:3954} INFO - Setting next_dagrun for example_python_operator to None, run_after=None
[2024-04-09T22:00:02.426+0000] {processor.py:183} INFO - Processing /home/airflow/.local/lib/python3.12/site-packages/airflow/example_dags/example_python_operator.py took 1.212 seconds
[2024-04-09T22:00:32.809+0000] {processor.py:161} INFO - Started process (PID=359) to work on /home/airflow/.local/lib/python3.12/site-packages/airflow/example_dags/example_python_operator.py
[2024-04-09T22:00:32.811+0000] {processor.py:830} INFO - Processing file /home/airflow/.local/lib/python3.12/site-packages/airflow/example_dags/example_python_operator.py for tasks to queue
[2024-04-09T22:00:32.813+0000] {logging_mixin.py:188} INFO - [2024-04-09T22:00:32.813+0000] {dagbag.py:540} INFO - Filling up the DagBag from /home/airflow/.local/lib/python3.12/site-packages/airflow/example_dags/example_python_operator.py
[2024-04-09T22:00:32.828+0000] {processor.py:840} INFO - DAG(s) 'example_python_operator' retrieved from /home/airflow/.local/lib/python3.12/site-packages/airflow/example_dags/example_python_operator.py
[2024-04-09T22:00:32.861+0000] {logging_mixin.py:188} INFO - [2024-04-09T22:00:32.861+0000] {dag.py:3096} INFO - Sync 1 DAGs
[2024-04-09T22:00:32.881+0000] {logging_mixin.py:188} INFO - [2024-04-09T22:00:32.881+0000] {dag.py:3954} INFO - Setting next_dagrun for example_python_operator to None, run_after=None
[2024-04-09T22:00:33.049+0000] {processor.py:183} INFO - Processing /home/airflow/.local/lib/python3.12/site-packages/airflow/example_dags/example_python_operator.py took 0.250 seconds
[2024-04-09T22:01:03.221+0000] {processor.py:161} INFO - Started process (PID=417) to work on /home/airflow/.local/lib/python3.12/site-packages/airflow/example_dags/example_python_operator.py
[2024-04-09T22:01:03.222+0000] {processor.py:830} INFO - Processing file /home/airflow/.local/lib/python3.12/site-packages/airflow/example_dags/example_python_operator.py for tasks to queue
[2024-04-09T22:01:03.225+0000] {logging_mixin.py:188} INFO - [2024-04-09T22:01:03.224+0000] {dagbag.py:540} INFO - Filling up the DagBag from /home/airflow/.local/lib/python3.12/site-packages/airflow/example_dags/example_python_operator.py
[2024-04-09T22:01:03.238+0000] {processor.py:840} INFO - DAG(s) 'example_python_operator' retrieved from /home/airflow/.local/lib/python3.12/site-packages/airflow/example_dags/example_python_operator.py
[2024-04-09T22:01:03.268+0000] {logging_mixin.py:188} INFO - [2024-04-09T22:01:03.268+0000] {dag.py:3096} INFO - Sync 1 DAGs
[2024-04-09T22:01:03.284+0000] {logging_mixin.py:188} INFO - [2024-04-09T22:01:03.284+0000] {dag.py:3954} INFO - Setting next_dagrun for example_python_operator to None, run_after=None
[2024-04-09T22:01:03.477+0000] {processor.py:183} INFO - Processing /home/airflow/.local/lib/python3.12/site-packages/airflow/example_dags/example_python_operator.py took 0.264 seconds
[2024-04-09T22:01:34.201+0000] {processor.py:161} INFO - Started process (PID=475) to work on /home/airflow/.local/lib/python3.12/site-packages/airflow/example_dags/example_python_operator.py
[2024-04-09T22:01:34.203+0000] {processor.py:830} INFO - Processing file /home/airflow/.local/lib/python3.12/site-packages/airflow/example_dags/example_python_operator.py for tasks to queue
[2024-04-09T22:01:34.206+0000] {logging_mixin.py:188} INFO - [2024-04-09T22:01:34.205+0000] {dagbag.py:540} INFO - Filling up the DagBag from /home/airflow/.local/lib/python3.12/site-packages/airflow/example_dags/example_python_operator.py
[2024-04-09T22:01:34.222+0000] {processor.py:840} INFO - DAG(s) 'example_python_operator' retrieved from /home/airflow/.local/lib/python3.12/site-packages/airflow/example_dags/example_python_operator.py
[2024-04-09T22:01:34.256+0000] {logging_mixin.py:188} INFO - [2024-04-09T22:01:34.255+0000] {dag.py:3096} INFO - Sync 1 DAGs
[2024-04-09T22:01:34.274+0000] {logging_mixin.py:188} INFO - [2024-04-09T22:01:34.274+0000] {dag.py:3954} INFO - Setting next_dagrun for example_python_operator to None, run_after=None
[2024-04-09T22:01:34.408+0000] {processor.py:183} INFO - Processing /home/airflow/.local/lib/python3.12/site-packages/airflow/example_dags/example_python_operator.py took 0.217 seconds
[2024-04-09T22:02:05.164+0000] {processor.py:161} INFO - Started process (PID=533) to work on /home/airflow/.local/lib/python3.12/site-packages/airflow/example_dags/example_python_operator.py
[2024-04-09T22:02:05.165+0000] {processor.py:830} INFO - Processing file /home/airflow/.local/lib/python3.12/site-packages/airflow/example_dags/example_python_operator.py for tasks to queue
[2024-04-09T22:02:05.167+0000] {logging_mixin.py:188} INFO - [2024-04-09T22:02:05.167+0000] {dagbag.py:540} INFO - Filling up the DagBag from /home/airflow/.local/lib/python3.12/site-packages/airflow/example_dags/example_python_operator.py
[2024-04-09T22:02:05.180+0000] {processor.py:840} INFO - DAG(s) 'example_python_operator' retrieved from /home/airflow/.local/lib/python3.12/site-packages/airflow/example_dags/example_python_operator.py
[2024-04-09T22:02:05.209+0000] {logging_mixin.py:188} INFO - [2024-04-09T22:02:05.209+0000] {dag.py:3096} INFO - Sync 1 DAGs
[2024-04-09T22:02:05.227+0000] {logging_mixin.py:188} INFO - [2024-04-09T22:02:05.227+0000] {dag.py:3954} INFO - Setting next_dagrun for example_python_operator to None, run_after=None
[2024-04-09T22:02:05.410+0000] {processor.py:183} INFO - Processing /home/airflow/.local/lib/python3.12/site-packages/airflow/example_dags/example_python_operator.py took 0.254 seconds
[2024-04-09T22:02:37.347+0000] {processor.py:161} INFO - Started process (PID=590) to work on /home/airflow/.local/lib/python3.12/site-packages/airflow/example_dags/example_python_operator.py
[2024-04-09T22:02:37.349+0000] {processor.py:830} INFO - Processing file /home/airflow/.local/lib/python3.12/site-packages/airflow/example_dags/example_python_operator.py for tasks to queue
[2024-04-09T22:02:37.351+0000] {logging_mixin.py:188} INFO - [2024-04-09T22:02:37.351+0000] {dagbag.py:540} INFO - Filling up the DagBag from /home/airflow/.local/lib/python3.12/site-packages/airflow/example_dags/example_python_operator.py
[2024-04-09T22:02:37.367+0000] {processor.py:840} INFO - DAG(s) 'example_python_operator' retrieved from /home/airflow/.local/lib/python3.12/site-packages/airflow/example_dags/example_python_operator.py
[2024-04-09T22:02:37.398+0000] {logging_mixin.py:188} INFO - [2024-04-09T22:02:37.398+0000] {dag.py:3096} INFO - Sync 1 DAGs
[2024-04-09T22:02:37.417+0000] {logging_mixin.py:188} INFO - [2024-04-09T22:02:37.417+0000] {dag.py:3954} INFO - Setting next_dagrun for example_python_operator to None, run_after=None
[2024-04-09T22:02:37.816+0000] {processor.py:183} INFO - Processing /home/airflow/.local/lib/python3.12/site-packages/airflow/example_dags/example_python_operator.py took 0.477 seconds
[2024-04-09T22:03:23.526+0000] {processor.py:161} INFO - Started process (PID=621) to work on /home/airflow/.local/lib/python3.12/site-packages/airflow/example_dags/example_python_operator.py
[2024-04-09T22:03:23.527+0000] {processor.py:830} INFO - Processing file /home/airflow/.local/lib/python3.12/site-packages/airflow/example_dags/example_python_operator.py for tasks to queue
[2024-04-09T22:03:23.530+0000] {logging_mixin.py:188} INFO - [2024-04-09T22:03:23.529+0000] {dagbag.py:540} INFO - Filling up the DagBag from /home/airflow/.local/lib/python3.12/site-packages/airflow/example_dags/example_python_operator.py
[2024-04-09T22:03:23.544+0000] {processor.py:840} INFO - DAG(s) 'example_python_operator' retrieved from /home/airflow/.local/lib/python3.12/site-packages/airflow/example_dags/example_python_operator.py
[2024-04-09T22:03:23.576+0000] {logging_mixin.py:188} INFO - [2024-04-09T22:03:23.576+0000] {dag.py:3096} INFO - Sync 1 DAGs
[2024-04-09T22:03:23.594+0000] {logging_mixin.py:188} INFO - [2024-04-09T22:03:23.594+0000] {dag.py:3954} INFO - Setting next_dagrun for example_python_operator to None, run_after=None
[2024-04-09T22:03:23.859+0000] {processor.py:183} INFO - Processing /home/airflow/.local/lib/python3.12/site-packages/airflow/example_dags/example_python_operator.py took 0.342 seconds
[2024-04-09T22:03:58.591+0000] {processor.py:161} INFO - Started process (PID=685) to work on /home/airflow/.local/lib/python3.12/site-packages/airflow/example_dags/example_python_operator.py
[2024-04-09T22:03:58.593+0000] {processor.py:830} INFO - Processing file /home/airflow/.local/lib/python3.12/site-packages/airflow/example_dags/example_python_operator.py for tasks to queue
[2024-04-09T22:03:58.595+0000] {logging_mixin.py:188} INFO - [2024-04-09T22:03:58.595+0000] {dagbag.py:540} INFO - Filling up the DagBag from /home/airflow/.local/lib/python3.12/site-packages/airflow/example_dags/example_python_operator.py
[2024-04-09T22:03:58.609+0000] {processor.py:840} INFO - DAG(s) 'example_python_operator' retrieved from /home/airflow/.local/lib/python3.12/site-packages/airflow/example_dags/example_python_operator.py
[2024-04-09T22:03:58.647+0000] {logging_mixin.py:188} INFO - [2024-04-09T22:03:58.646+0000] {dag.py:3096} INFO - Sync 1 DAGs
[2024-04-09T22:03:58.668+0000] {logging_mixin.py:188} INFO - [2024-04-09T22:03:58.668+0000] {dag.py:3954} INFO - Setting next_dagrun for example_python_operator to None, run_after=None
[2024-04-09T22:03:58.768+0000] {processor.py:183} INFO - Processing /home/airflow/.local/lib/python3.12/site-packages/airflow/example_dags/example_python_operator.py took 0.184 seconds
[2024-04-09T22:04:29.358+0000] {processor.py:161} INFO - Started process (PID=743) to work on /home/airflow/.local/lib/python3.12/site-packages/airflow/example_dags/example_python_operator.py
[2024-04-09T22:04:29.360+0000] {processor.py:830} INFO - Processing file /home/airflow/.local/lib/python3.12/site-packages/airflow/example_dags/example_python_operator.py for tasks to queue
[2024-04-09T22:04:29.362+0000] {logging_mixin.py:188} INFO - [2024-04-09T22:04:29.362+0000] {dagbag.py:540} INFO - Filling up the DagBag from /home/airflow/.local/lib/python3.12/site-packages/airflow/example_dags/example_python_operator.py
[2024-04-09T22:04:29.377+0000] {processor.py:840} INFO - DAG(s) 'example_python_operator' retrieved from /home/airflow/.local/lib/python3.12/site-packages/airflow/example_dags/example_python_operator.py
[2024-04-09T22:04:29.409+0000] {logging_mixin.py:188} INFO - [2024-04-09T22:04:29.408+0000] {dag.py:3096} INFO - Sync 1 DAGs
[2024-04-09T22:04:29.426+0000] {logging_mixin.py:188} INFO - [2024-04-09T22:04:29.425+0000] {dag.py:3954} INFO - Setting next_dagrun for example_python_operator to None, run_after=None
[2024-04-09T22:04:29.531+0000] {processor.py:183} INFO - Processing /home/airflow/.local/lib/python3.12/site-packages/airflow/example_dags/example_python_operator.py took 0.181 seconds
[2024-04-09T22:05:01.897+0000] {processor.py:161} INFO - Started process (PID=801) to work on /home/airflow/.local/lib/python3.12/site-packages/airflow/example_dags/example_python_operator.py
[2024-04-09T22:05:01.898+0000] {processor.py:830} INFO - Processing file /home/airflow/.local/lib/python3.12/site-packages/airflow/example_dags/example_python_operator.py for tasks to queue
[2024-04-09T22:05:01.901+0000] {logging_mixin.py:188} INFO - [2024-04-09T22:05:01.901+0000] {dagbag.py:540} INFO - Filling up the DagBag from /home/airflow/.local/lib/python3.12/site-packages/airflow/example_dags/example_python_operator.py
[2024-04-09T22:05:01.915+0000] {processor.py:840} INFO - DAG(s) 'example_python_operator' retrieved from /home/airflow/.local/lib/python3.12/site-packages/airflow/example_dags/example_python_operator.py
[2024-04-09T22:05:01.946+0000] {logging_mixin.py:188} INFO - [2024-04-09T22:05:01.946+0000] {dag.py:3096} INFO - Sync 1 DAGs
[2024-04-09T22:05:01.964+0000] {logging_mixin.py:188} INFO - [2024-04-09T22:05:01.964+0000] {dag.py:3954} INFO - Setting next_dagrun for example_python_operator to None, run_after=None
[2024-04-09T22:05:02.154+0000] {processor.py:183} INFO - Processing /home/airflow/.local/lib/python3.12/site-packages/airflow/example_dags/example_python_operator.py took 0.265 seconds
[2024-04-09T22:05:32.359+0000] {processor.py:161} INFO - Started process (PID=859) to work on /home/airflow/.local/lib/python3.12/site-packages/airflow/example_dags/example_python_operator.py
[2024-04-09T22:05:32.360+0000] {processor.py:830} INFO - Processing file /home/airflow/.local/lib/python3.12/site-packages/airflow/example_dags/example_python_operator.py for tasks to queue
[2024-04-09T22:05:32.364+0000] {logging_mixin.py:188} INFO - [2024-04-09T22:05:32.363+0000] {dagbag.py:540} INFO - Filling up the DagBag from /home/airflow/.local/lib/python3.12/site-packages/airflow/example_dags/example_python_operator.py
[2024-04-09T22:05:32.378+0000] {processor.py:840} INFO - DAG(s) 'example_python_operator' retrieved from /home/airflow/.local/lib/python3.12/site-packages/airflow/example_dags/example_python_operator.py
[2024-04-09T22:05:32.419+0000] {logging_mixin.py:188} INFO - [2024-04-09T22:05:32.418+0000] {dag.py:3096} INFO - Sync 1 DAGs
[2024-04-09T22:05:32.446+0000] {logging_mixin.py:188} INFO - [2024-04-09T22:05:32.446+0000] {dag.py:3954} INFO - Setting next_dagrun for example_python_operator to None, run_after=None
[2024-04-09T22:05:32.540+0000] {processor.py:183} INFO - Processing /home/airflow/.local/lib/python3.12/site-packages/airflow/example_dags/example_python_operator.py took 0.190 seconds
[2024-04-09T22:06:03.288+0000] {processor.py:161} INFO - Started process (PID=917) to work on /home/airflow/.local/lib/python3.12/site-packages/airflow/example_dags/example_python_operator.py
[2024-04-09T22:06:03.289+0000] {processor.py:830} INFO - Processing file /home/airflow/.local/lib/python3.12/site-packages/airflow/example_dags/example_python_operator.py for tasks to queue
[2024-04-09T22:06:03.292+0000] {logging_mixin.py:188} INFO - [2024-04-09T22:06:03.292+0000] {dagbag.py:540} INFO - Filling up the DagBag from /home/airflow/.local/lib/python3.12/site-packages/airflow/example_dags/example_python_operator.py
[2024-04-09T22:06:03.305+0000] {processor.py:840} INFO - DAG(s) 'example_python_operator' retrieved from /home/airflow/.local/lib/python3.12/site-packages/airflow/example_dags/example_python_operator.py
[2024-04-09T22:06:03.342+0000] {logging_mixin.py:188} INFO - [2024-04-09T22:06:03.342+0000] {dag.py:3096} INFO - Sync 1 DAGs
[2024-04-09T22:06:03.551+0000] {logging_mixin.py:188} INFO - [2024-04-09T22:06:03.550+0000] {dag.py:3954} INFO - Setting next_dagrun for example_python_operator to None, run_after=None
[2024-04-09T22:06:03.605+0000] {processor.py:183} INFO - Processing /home/airflow/.local/lib/python3.12/site-packages/airflow/example_dags/example_python_operator.py took 0.329 seconds
[2024-04-09T22:06:34.449+0000] {processor.py:161} INFO - Started process (PID=975) to work on /home/airflow/.local/lib/python3.12/site-packages/airflow/example_dags/example_python_operator.py
[2024-04-09T22:06:34.450+0000] {processor.py:830} INFO - Processing file /home/airflow/.local/lib/python3.12/site-packages/airflow/example_dags/example_python_operator.py for tasks to queue
[2024-04-09T22:06:34.454+0000] {logging_mixin.py:188} INFO - [2024-04-09T22:06:34.453+0000] {dagbag.py:540} INFO - Filling up the DagBag from /home/airflow/.local/lib/python3.12/site-packages/airflow/example_dags/example_python_operator.py
[2024-04-09T22:06:34.471+0000] {processor.py:840} INFO - DAG(s) 'example_python_operator' retrieved from /home/airflow/.local/lib/python3.12/site-packages/airflow/example_dags/example_python_operator.py
[2024-04-09T22:06:34.503+0000] {logging_mixin.py:188} INFO - [2024-04-09T22:06:34.503+0000] {dag.py:3096} INFO - Sync 1 DAGs
[2024-04-09T22:06:34.522+0000] {logging_mixin.py:188} INFO - [2024-04-09T22:06:34.522+0000] {dag.py:3954} INFO - Setting next_dagrun for example_python_operator to None, run_after=None
[2024-04-09T22:06:34.759+0000] {processor.py:183} INFO - Processing /home/airflow/.local/lib/python3.12/site-packages/airflow/example_dags/example_python_operator.py took 0.321 seconds
[2024-04-09T22:07:05.754+0000] {processor.py:161} INFO - Started process (PID=1033) to work on /home/airflow/.local/lib/python3.12/site-packages/airflow/example_dags/example_python_operator.py
[2024-04-09T22:07:05.756+0000] {processor.py:830} INFO - Processing file /home/airflow/.local/lib/python3.12/site-packages/airflow/example_dags/example_python_operator.py for tasks to queue
[2024-04-09T22:07:05.760+0000] {logging_mixin.py:188} INFO - [2024-04-09T22:07:05.759+0000] {dagbag.py:540} INFO - Filling up the DagBag from /home/airflow/.local/lib/python3.12/site-packages/airflow/example_dags/example_python_operator.py
[2024-04-09T22:07:05.778+0000] {processor.py:840} INFO - DAG(s) 'example_python_operator' retrieved from /home/airflow/.local/lib/python3.12/site-packages/airflow/example_dags/example_python_operator.py
[2024-04-09T22:07:05.822+0000] {logging_mixin.py:188} INFO - [2024-04-09T22:07:05.822+0000] {dag.py:3096} INFO - Sync 1 DAGs
[2024-04-09T22:07:05.848+0000] {logging_mixin.py:188} INFO - [2024-04-09T22:07:05.848+0000] {dag.py:3954} INFO - Setting next_dagrun for example_python_operator to None, run_after=None
[2024-04-09T22:07:05.990+0000] {processor.py:183} INFO - Processing /home/airflow/.local/lib/python3.12/site-packages/airflow/example_dags/example_python_operator.py took 0.255 seconds
[2024-04-09T22:07:36.462+0000] {processor.py:161} INFO - Started process (PID=1091) to work on /home/airflow/.local/lib/python3.12/site-packages/airflow/example_dags/example_python_operator.py
[2024-04-09T22:07:36.463+0000] {processor.py:830} INFO - Processing file /home/airflow/.local/lib/python3.12/site-packages/airflow/example_dags/example_python_operator.py for tasks to queue
[2024-04-09T22:07:36.467+0000] {logging_mixin.py:188} INFO - [2024-04-09T22:07:36.466+0000] {dagbag.py:540} INFO - Filling up the DagBag from /home/airflow/.local/lib/python3.12/site-packages/airflow/example_dags/example_python_operator.py
[2024-04-09T22:07:36.487+0000] {processor.py:840} INFO - DAG(s) 'example_python_operator' retrieved from /home/airflow/.local/lib/python3.12/site-packages/airflow/example_dags/example_python_operator.py
[2024-04-09T22:07:36.521+0000] {logging_mixin.py:188} INFO - [2024-04-09T22:07:36.521+0000] {dag.py:3096} INFO - Sync 1 DAGs
[2024-04-09T22:07:36.542+0000] {logging_mixin.py:188} INFO - [2024-04-09T22:07:36.542+0000] {dag.py:3954} INFO - Setting next_dagrun for example_python_operator to None, run_after=None
[2024-04-09T22:07:36.608+0000] {processor.py:183} INFO - Processing /home/airflow/.local/lib/python3.12/site-packages/airflow/example_dags/example_python_operator.py took 0.158 seconds
[2024-04-09T22:08:07.153+0000] {processor.py:161} INFO - Started process (PID=1148) to work on /home/airflow/.local/lib/python3.12/site-packages/airflow/example_dags/example_python_operator.py
[2024-04-09T22:08:07.154+0000] {processor.py:830} INFO - Processing file /home/airflow/.local/lib/python3.12/site-packages/airflow/example_dags/example_python_operator.py for tasks to queue
[2024-04-09T22:08:07.158+0000] {logging_mixin.py:188} INFO - [2024-04-09T22:08:07.157+0000] {dagbag.py:540} INFO - Filling up the DagBag from /home/airflow/.local/lib/python3.12/site-packages/airflow/example_dags/example_python_operator.py
[2024-04-09T22:08:07.180+0000] {processor.py:840} INFO - DAG(s) 'example_python_operator' retrieved from /home/airflow/.local/lib/python3.12/site-packages/airflow/example_dags/example_python_operator.py
[2024-04-09T22:08:07.220+0000] {logging_mixin.py:188} INFO - [2024-04-09T22:08:07.220+0000] {dag.py:3096} INFO - Sync 1 DAGs
[2024-04-09T22:08:07.245+0000] {logging_mixin.py:188} INFO - [2024-04-09T22:08:07.244+0000] {dag.py:3954} INFO - Setting next_dagrun for example_python_operator to None, run_after=None
[2024-04-09T22:08:07.305+0000] {processor.py:183} INFO - Processing /home/airflow/.local/lib/python3.12/site-packages/airflow/example_dags/example_python_operator.py took 0.164 seconds
[2024-04-09T22:08:37.900+0000] {processor.py:161} INFO - Started process (PID=1206) to work on /home/airflow/.local/lib/python3.12/site-packages/airflow/example_dags/example_python_operator.py
[2024-04-09T22:08:37.901+0000] {processor.py:830} INFO - Processing file /home/airflow/.local/lib/python3.12/site-packages/airflow/example_dags/example_python_operator.py for tasks to queue
[2024-04-09T22:08:37.904+0000] {logging_mixin.py:188} INFO - [2024-04-09T22:08:37.903+0000] {dagbag.py:540} INFO - Filling up the DagBag from /home/airflow/.local/lib/python3.12/site-packages/airflow/example_dags/example_python_operator.py
[2024-04-09T22:08:37.921+0000] {processor.py:840} INFO - DAG(s) 'example_python_operator' retrieved from /home/airflow/.local/lib/python3.12/site-packages/airflow/example_dags/example_python_operator.py
[2024-04-09T22:08:37.958+0000] {logging_mixin.py:188} INFO - [2024-04-09T22:08:37.958+0000] {dag.py:3096} INFO - Sync 1 DAGs
[2024-04-09T22:08:37.978+0000] {logging_mixin.py:188} INFO - [2024-04-09T22:08:37.977+0000] {dag.py:3954} INFO - Setting next_dagrun for example_python_operator to None, run_after=None
[2024-04-09T22:08:38.038+0000] {processor.py:183} INFO - Processing /home/airflow/.local/lib/python3.12/site-packages/airflow/example_dags/example_python_operator.py took 0.146 seconds
[2024-04-09T22:09:08.560+0000] {processor.py:161} INFO - Started process (PID=1263) to work on /home/airflow/.local/lib/python3.12/site-packages/airflow/example_dags/example_python_operator.py
[2024-04-09T22:09:08.562+0000] {processor.py:830} INFO - Processing file /home/airflow/.local/lib/python3.12/site-packages/airflow/example_dags/example_python_operator.py for tasks to queue
[2024-04-09T22:09:08.565+0000] {logging_mixin.py:188} INFO - [2024-04-09T22:09:08.564+0000] {dagbag.py:540} INFO - Filling up the DagBag from /home/airflow/.local/lib/python3.12/site-packages/airflow/example_dags/example_python_operator.py
[2024-04-09T22:09:08.579+0000] {processor.py:840} INFO - DAG(s) 'example_python_operator' retrieved from /home/airflow/.local/lib/python3.12/site-packages/airflow/example_dags/example_python_operator.py
[2024-04-09T22:09:08.620+0000] {logging_mixin.py:188} INFO - [2024-04-09T22:09:08.619+0000] {dag.py:3096} INFO - Sync 1 DAGs
[2024-04-09T22:09:08.644+0000] {logging_mixin.py:188} INFO - [2024-04-09T22:09:08.644+0000] {dag.py:3954} INFO - Setting next_dagrun for example_python_operator to None, run_after=None
[2024-04-09T22:09:08.704+0000] {processor.py:183} INFO - Processing /home/airflow/.local/lib/python3.12/site-packages/airflow/example_dags/example_python_operator.py took 0.155 seconds
[2024-04-09T22:09:39.019+0000] {processor.py:161} INFO - Started process (PID=1321) to work on /home/airflow/.local/lib/python3.12/site-packages/airflow/example_dags/example_python_operator.py
[2024-04-09T22:09:39.020+0000] {processor.py:830} INFO - Processing file /home/airflow/.local/lib/python3.12/site-packages/airflow/example_dags/example_python_operator.py for tasks to queue
[2024-04-09T22:09:39.023+0000] {logging_mixin.py:188} INFO - [2024-04-09T22:09:39.023+0000] {dagbag.py:540} INFO - Filling up the DagBag from /home/airflow/.local/lib/python3.12/site-packages/airflow/example_dags/example_python_operator.py
[2024-04-09T22:09:39.037+0000] {processor.py:840} INFO - DAG(s) 'example_python_operator' retrieved from /home/airflow/.local/lib/python3.12/site-packages/airflow/example_dags/example_python_operator.py
[2024-04-09T22:09:39.071+0000] {logging_mixin.py:188} INFO - [2024-04-09T22:09:39.071+0000] {dag.py:3096} INFO - Sync 1 DAGs
[2024-04-09T22:09:39.089+0000] {logging_mixin.py:188} INFO - [2024-04-09T22:09:39.089+0000] {dag.py:3954} INFO - Setting next_dagrun for example_python_operator to None, run_after=None
[2024-04-09T22:09:39.144+0000] {processor.py:183} INFO - Processing /home/airflow/.local/lib/python3.12/site-packages/airflow/example_dags/example_python_operator.py took 0.133 seconds
[2024-04-09T22:10:09.881+0000] {processor.py:161} INFO - Started process (PID=1379) to work on /home/airflow/.local/lib/python3.12/site-packages/airflow/example_dags/example_python_operator.py
[2024-04-09T22:10:09.883+0000] {processor.py:830} INFO - Processing file /home/airflow/.local/lib/python3.12/site-packages/airflow/example_dags/example_python_operator.py for tasks to queue
[2024-04-09T22:10:09.886+0000] {logging_mixin.py:188} INFO - [2024-04-09T22:10:09.886+0000] {dagbag.py:540} INFO - Filling up the DagBag from /home/airflow/.local/lib/python3.12/site-packages/airflow/example_dags/example_python_operator.py
[2024-04-09T22:10:09.907+0000] {processor.py:840} INFO - DAG(s) 'example_python_operator' retrieved from /home/airflow/.local/lib/python3.12/site-packages/airflow/example_dags/example_python_operator.py
[2024-04-09T22:10:09.945+0000] {logging_mixin.py:188} INFO - [2024-04-09T22:10:09.944+0000] {dag.py:3096} INFO - Sync 1 DAGs
[2024-04-09T22:10:09.966+0000] {logging_mixin.py:188} INFO - [2024-04-09T22:10:09.965+0000] {dag.py:3954} INFO - Setting next_dagrun for example_python_operator to None, run_after=None
[2024-04-09T22:10:10.018+0000] {processor.py:183} INFO - Processing /home/airflow/.local/lib/python3.12/site-packages/airflow/example_dags/example_python_operator.py took 0.149 seconds
[2024-04-09T22:10:40.278+0000] {processor.py:161} INFO - Started process (PID=1437) to work on /home/airflow/.local/lib/python3.12/site-packages/airflow/example_dags/example_python_operator.py
[2024-04-09T22:10:40.280+0000] {processor.py:830} INFO - Processing file /home/airflow/.local/lib/python3.12/site-packages/airflow/example_dags/example_python_operator.py for tasks to queue
[2024-04-09T22:10:40.284+0000] {logging_mixin.py:188} INFO - [2024-04-09T22:10:40.283+0000] {dagbag.py:540} INFO - Filling up the DagBag from /home/airflow/.local/lib/python3.12/site-packages/airflow/example_dags/example_python_operator.py
[2024-04-09T22:10:40.308+0000] {processor.py:840} INFO - DAG(s) 'example_python_operator' retrieved from /home/airflow/.local/lib/python3.12/site-packages/airflow/example_dags/example_python_operator.py
[2024-04-09T22:10:40.364+0000] {logging_mixin.py:188} INFO - [2024-04-09T22:10:40.364+0000] {dag.py:3096} INFO - Sync 1 DAGs
[2024-04-09T22:10:40.397+0000] {logging_mixin.py:188} INFO - [2024-04-09T22:10:40.396+0000] {dag.py:3954} INFO - Setting next_dagrun for example_python_operator to None, run_after=None
[2024-04-09T22:10:40.464+0000] {processor.py:183} INFO - Processing /home/airflow/.local/lib/python3.12/site-packages/airflow/example_dags/example_python_operator.py took 0.198 seconds
[2024-04-09T22:11:10.805+0000] {processor.py:161} INFO - Started process (PID=1495) to work on /home/airflow/.local/lib/python3.12/site-packages/airflow/example_dags/example_python_operator.py
[2024-04-09T22:11:10.806+0000] {processor.py:830} INFO - Processing file /home/airflow/.local/lib/python3.12/site-packages/airflow/example_dags/example_python_operator.py for tasks to queue
[2024-04-09T22:11:10.808+0000] {logging_mixin.py:188} INFO - [2024-04-09T22:11:10.808+0000] {dagbag.py:540} INFO - Filling up the DagBag from /home/airflow/.local/lib/python3.12/site-packages/airflow/example_dags/example_python_operator.py
[2024-04-09T22:11:10.827+0000] {processor.py:840} INFO - DAG(s) 'example_python_operator' retrieved from /home/airflow/.local/lib/python3.12/site-packages/airflow/example_dags/example_python_operator.py
[2024-04-09T22:11:10.863+0000] {logging_mixin.py:188} INFO - [2024-04-09T22:11:10.863+0000] {dag.py:3096} INFO - Sync 1 DAGs
[2024-04-09T22:11:10.887+0000] {logging_mixin.py:188} INFO - [2024-04-09T22:11:10.887+0000] {dag.py:3954} INFO - Setting next_dagrun for example_python_operator to None, run_after=None
[2024-04-09T22:11:10.950+0000] {processor.py:183} INFO - Processing /home/airflow/.local/lib/python3.12/site-packages/airflow/example_dags/example_python_operator.py took 0.154 seconds
[2024-04-09T22:11:41.495+0000] {processor.py:161} INFO - Started process (PID=1553) to work on /home/airflow/.local/lib/python3.12/site-packages/airflow/example_dags/example_python_operator.py
[2024-04-09T22:11:41.497+0000] {processor.py:830} INFO - Processing file /home/airflow/.local/lib/python3.12/site-packages/airflow/example_dags/example_python_operator.py for tasks to queue
[2024-04-09T22:11:41.499+0000] {logging_mixin.py:188} INFO - [2024-04-09T22:11:41.499+0000] {dagbag.py:540} INFO - Filling up the DagBag from /home/airflow/.local/lib/python3.12/site-packages/airflow/example_dags/example_python_operator.py
[2024-04-09T22:11:41.514+0000] {processor.py:840} INFO - DAG(s) 'example_python_operator' retrieved from /home/airflow/.local/lib/python3.12/site-packages/airflow/example_dags/example_python_operator.py
[2024-04-09T22:11:41.558+0000] {logging_mixin.py:188} INFO - [2024-04-09T22:11:41.557+0000] {dag.py:3096} INFO - Sync 1 DAGs
[2024-04-09T22:11:41.578+0000] {logging_mixin.py:188} INFO - [2024-04-09T22:11:41.577+0000] {dag.py:3954} INFO - Setting next_dagrun for example_python_operator to None, run_after=None
[2024-04-09T22:11:41.634+0000] {processor.py:183} INFO - Processing /home/airflow/.local/lib/python3.12/site-packages/airflow/example_dags/example_python_operator.py took 0.148 seconds
