[2024-04-09T21:56:00.747+0000] {processor.py:161} INFO - Started process (PID=35) to work on /home/airflow/.local/lib/python3.12/site-packages/airflow/example_dags/example_xcomargs.py
[2024-04-09T21:56:00.748+0000] {processor.py:830} INFO - Processing file /home/airflow/.local/lib/python3.12/site-packages/airflow/example_dags/example_xcomargs.py for tasks to queue
[2024-04-09T21:56:00.752+0000] {logging_mixin.py:188} INFO - [2024-04-09T21:56:00.751+0000] {dagbag.py:540} INFO - Filling up the DagBag from /home/airflow/.local/lib/python3.12/site-packages/airflow/example_dags/example_xcomargs.py
[2024-04-09T21:56:00.894+0000] {processor.py:840} INFO - DAG(s) 'example_xcom_args_with_operators', 'example_xcom_args' retrieved from /home/airflow/.local/lib/python3.12/site-packages/airflow/example_dags/example_xcomargs.py
[2024-04-09T21:56:01.125+0000] {logging_mixin.py:188} INFO - [2024-04-09T21:56:01.124+0000] {dag.py:3096} INFO - Sync 2 DAGs
[2024-04-09T21:56:01.148+0000] {logging_mixin.py:188} INFO - [2024-04-09T21:56:01.147+0000] {dag.py:3954} INFO - Setting next_dagrun for example_xcom_args to None, run_after=None
[2024-04-09T21:56:01.155+0000] {logging_mixin.py:188} INFO - [2024-04-09T21:56:01.155+0000] {dag.py:3954} INFO - Setting next_dagrun for example_xcom_args_with_operators to None, run_after=None
[2024-04-09T21:56:01.695+0000] {processor.py:183} INFO - Processing /home/airflow/.local/lib/python3.12/site-packages/airflow/example_dags/example_xcomargs.py took 0.959 seconds
[2024-04-09T21:58:02.384+0000] {processor.py:161} INFO - Started process (PID=104) to work on /home/airflow/.local/lib/python3.12/site-packages/airflow/example_dags/example_xcomargs.py
[2024-04-09T21:58:02.385+0000] {processor.py:830} INFO - Processing file /home/airflow/.local/lib/python3.12/site-packages/airflow/example_dags/example_xcomargs.py for tasks to queue
[2024-04-09T21:58:02.388+0000] {logging_mixin.py:188} INFO - [2024-04-09T21:58:02.388+0000] {dagbag.py:540} INFO - Filling up the DagBag from /home/airflow/.local/lib/python3.12/site-packages/airflow/example_dags/example_xcomargs.py
[2024-04-09T21:58:02.584+0000] {processor.py:840} INFO - DAG(s) 'example_xcom_args', 'example_xcom_args_with_operators' retrieved from /home/airflow/.local/lib/python3.12/site-packages/airflow/example_dags/example_xcomargs.py
[2024-04-09T21:58:03.389+0000] {logging_mixin.py:188} INFO - [2024-04-09T21:58:03.389+0000] {dag.py:3096} INFO - Sync 2 DAGs
[2024-04-09T21:58:03.494+0000] {logging_mixin.py:188} INFO - [2024-04-09T21:58:03.494+0000] {dag.py:3954} INFO - Setting next_dagrun for example_xcom_args to None, run_after=None
[2024-04-09T21:58:03.499+0000] {logging_mixin.py:188} INFO - [2024-04-09T21:58:03.499+0000] {dag.py:3954} INFO - Setting next_dagrun for example_xcom_args_with_operators to None, run_after=None
[2024-04-09T21:58:03.955+0000] {processor.py:183} INFO - Processing /home/airflow/.local/lib/python3.12/site-packages/airflow/example_dags/example_xcomargs.py took 1.578 seconds
[2024-04-09T21:58:34.047+0000] {processor.py:161} INFO - Started process (PID=161) to work on /home/airflow/.local/lib/python3.12/site-packages/airflow/example_dags/example_xcomargs.py
[2024-04-09T21:58:34.049+0000] {processor.py:830} INFO - Processing file /home/airflow/.local/lib/python3.12/site-packages/airflow/example_dags/example_xcomargs.py for tasks to queue
[2024-04-09T21:58:34.051+0000] {logging_mixin.py:188} INFO - [2024-04-09T21:58:34.051+0000] {dagbag.py:540} INFO - Filling up the DagBag from /home/airflow/.local/lib/python3.12/site-packages/airflow/example_dags/example_xcomargs.py
[2024-04-09T21:58:34.062+0000] {processor.py:840} INFO - DAG(s) 'example_xcom_args', 'example_xcom_args_with_operators' retrieved from /home/airflow/.local/lib/python3.12/site-packages/airflow/example_dags/example_xcomargs.py
[2024-04-09T21:58:34.093+0000] {logging_mixin.py:188} INFO - [2024-04-09T21:58:34.093+0000] {dag.py:3096} INFO - Sync 2 DAGs
[2024-04-09T21:58:34.110+0000] {logging_mixin.py:188} INFO - [2024-04-09T21:58:34.110+0000] {dag.py:3954} INFO - Setting next_dagrun for example_xcom_args to None, run_after=None
[2024-04-09T21:58:34.115+0000] {logging_mixin.py:188} INFO - [2024-04-09T21:58:34.115+0000] {dag.py:3954} INFO - Setting next_dagrun for example_xcom_args_with_operators to None, run_after=None
[2024-04-09T21:58:34.339+0000] {processor.py:183} INFO - Processing /home/airflow/.local/lib/python3.12/site-packages/airflow/example_dags/example_xcomargs.py took 0.300 seconds
[2024-04-09T21:59:04.607+0000] {processor.py:161} INFO - Started process (PID=219) to work on /home/airflow/.local/lib/python3.12/site-packages/airflow/example_dags/example_xcomargs.py
[2024-04-09T21:59:04.608+0000] {processor.py:830} INFO - Processing file /home/airflow/.local/lib/python3.12/site-packages/airflow/example_dags/example_xcomargs.py for tasks to queue
[2024-04-09T21:59:04.611+0000] {logging_mixin.py:188} INFO - [2024-04-09T21:59:04.611+0000] {dagbag.py:540} INFO - Filling up the DagBag from /home/airflow/.local/lib/python3.12/site-packages/airflow/example_dags/example_xcomargs.py
[2024-04-09T21:59:04.622+0000] {processor.py:840} INFO - DAG(s) 'example_xcom_args_with_operators', 'example_xcom_args' retrieved from /home/airflow/.local/lib/python3.12/site-packages/airflow/example_dags/example_xcomargs.py
[2024-04-09T21:59:04.657+0000] {logging_mixin.py:188} INFO - [2024-04-09T21:59:04.656+0000] {dag.py:3096} INFO - Sync 2 DAGs
[2024-04-09T21:59:04.674+0000] {logging_mixin.py:188} INFO - [2024-04-09T21:59:04.674+0000] {dag.py:3954} INFO - Setting next_dagrun for example_xcom_args to None, run_after=None
[2024-04-09T21:59:04.680+0000] {logging_mixin.py:188} INFO - [2024-04-09T21:59:04.679+0000] {dag.py:3954} INFO - Setting next_dagrun for example_xcom_args_with_operators to None, run_after=None
[2024-04-09T21:59:04.842+0000] {processor.py:183} INFO - Processing /home/airflow/.local/lib/python3.12/site-packages/airflow/example_dags/example_xcomargs.py took 0.243 seconds
[2024-04-09T21:59:35.151+0000] {processor.py:161} INFO - Started process (PID=275) to work on /home/airflow/.local/lib/python3.12/site-packages/airflow/example_dags/example_xcomargs.py
[2024-04-09T21:59:35.153+0000] {processor.py:830} INFO - Processing file /home/airflow/.local/lib/python3.12/site-packages/airflow/example_dags/example_xcomargs.py for tasks to queue
[2024-04-09T21:59:35.156+0000] {logging_mixin.py:188} INFO - [2024-04-09T21:59:35.155+0000] {dagbag.py:540} INFO - Filling up the DagBag from /home/airflow/.local/lib/python3.12/site-packages/airflow/example_dags/example_xcomargs.py
[2024-04-09T21:59:35.171+0000] {processor.py:840} INFO - DAG(s) 'example_xcom_args', 'example_xcom_args_with_operators' retrieved from /home/airflow/.local/lib/python3.12/site-packages/airflow/example_dags/example_xcomargs.py
[2024-04-09T21:59:35.212+0000] {logging_mixin.py:188} INFO - [2024-04-09T21:59:35.211+0000] {dag.py:3096} INFO - Sync 2 DAGs
[2024-04-09T21:59:35.231+0000] {logging_mixin.py:188} INFO - [2024-04-09T21:59:35.231+0000] {dag.py:3954} INFO - Setting next_dagrun for example_xcom_args to None, run_after=None
[2024-04-09T21:59:35.237+0000] {logging_mixin.py:188} INFO - [2024-04-09T21:59:35.237+0000] {dag.py:3954} INFO - Setting next_dagrun for example_xcom_args_with_operators to None, run_after=None
[2024-04-09T21:59:35.421+0000] {processor.py:183} INFO - Processing /home/airflow/.local/lib/python3.12/site-packages/airflow/example_dags/example_xcomargs.py took 0.282 seconds
[2024-04-09T22:00:11.445+0000] {processor.py:161} INFO - Started process (PID=327) to work on /home/airflow/.local/lib/python3.12/site-packages/airflow/example_dags/example_xcomargs.py
[2024-04-09T22:00:11.446+0000] {processor.py:830} INFO - Processing file /home/airflow/.local/lib/python3.12/site-packages/airflow/example_dags/example_xcomargs.py for tasks to queue
[2024-04-09T22:00:11.448+0000] {logging_mixin.py:188} INFO - [2024-04-09T22:00:11.448+0000] {dagbag.py:540} INFO - Filling up the DagBag from /home/airflow/.local/lib/python3.12/site-packages/airflow/example_dags/example_xcomargs.py
[2024-04-09T22:00:11.459+0000] {processor.py:840} INFO - DAG(s) 'example_xcom_args', 'example_xcom_args_with_operators' retrieved from /home/airflow/.local/lib/python3.12/site-packages/airflow/example_dags/example_xcomargs.py
[2024-04-09T22:00:11.488+0000] {logging_mixin.py:188} INFO - [2024-04-09T22:00:11.488+0000] {dag.py:3096} INFO - Sync 2 DAGs
[2024-04-09T22:00:11.505+0000] {logging_mixin.py:188} INFO - [2024-04-09T22:00:11.505+0000] {dag.py:3954} INFO - Setting next_dagrun for example_xcom_args to None, run_after=None
[2024-04-09T22:00:11.510+0000] {logging_mixin.py:188} INFO - [2024-04-09T22:00:11.510+0000] {dag.py:3954} INFO - Setting next_dagrun for example_xcom_args_with_operators to None, run_after=None
[2024-04-09T22:00:11.732+0000] {processor.py:183} INFO - Processing /home/airflow/.local/lib/python3.12/site-packages/airflow/example_dags/example_xcomargs.py took 0.295 seconds
[2024-04-09T22:00:42.872+0000] {processor.py:161} INFO - Started process (PID=369) to work on /home/airflow/.local/lib/python3.12/site-packages/airflow/example_dags/example_xcomargs.py
[2024-04-09T22:00:42.873+0000] {processor.py:830} INFO - Processing file /home/airflow/.local/lib/python3.12/site-packages/airflow/example_dags/example_xcomargs.py for tasks to queue
[2024-04-09T22:00:42.876+0000] {logging_mixin.py:188} INFO - [2024-04-09T22:00:42.875+0000] {dagbag.py:540} INFO - Filling up the DagBag from /home/airflow/.local/lib/python3.12/site-packages/airflow/example_dags/example_xcomargs.py
[2024-04-09T22:00:43.148+0000] {processor.py:840} INFO - DAG(s) 'example_xcom_args', 'example_xcom_args_with_operators' retrieved from /home/airflow/.local/lib/python3.12/site-packages/airflow/example_dags/example_xcomargs.py
[2024-04-09T22:00:43.190+0000] {logging_mixin.py:188} INFO - [2024-04-09T22:00:43.190+0000] {dag.py:3096} INFO - Sync 2 DAGs
[2024-04-09T22:00:43.214+0000] {logging_mixin.py:188} INFO - [2024-04-09T22:00:43.214+0000] {dag.py:3954} INFO - Setting next_dagrun for example_xcom_args to None, run_after=None
[2024-04-09T22:00:43.222+0000] {logging_mixin.py:188} INFO - [2024-04-09T22:00:43.222+0000] {dag.py:3954} INFO - Setting next_dagrun for example_xcom_args_with_operators to None, run_after=None
[2024-04-09T22:00:43.789+0000] {processor.py:183} INFO - Processing /home/airflow/.local/lib/python3.12/site-packages/airflow/example_dags/example_xcomargs.py took 0.925 seconds
[2024-04-09T22:01:14.033+0000] {processor.py:161} INFO - Started process (PID=426) to work on /home/airflow/.local/lib/python3.12/site-packages/airflow/example_dags/example_xcomargs.py
[2024-04-09T22:01:14.034+0000] {processor.py:830} INFO - Processing file /home/airflow/.local/lib/python3.12/site-packages/airflow/example_dags/example_xcomargs.py for tasks to queue
[2024-04-09T22:01:14.038+0000] {logging_mixin.py:188} INFO - [2024-04-09T22:01:14.037+0000] {dagbag.py:540} INFO - Filling up the DagBag from /home/airflow/.local/lib/python3.12/site-packages/airflow/example_dags/example_xcomargs.py
[2024-04-09T22:01:14.053+0000] {processor.py:840} INFO - DAG(s) 'example_xcom_args_with_operators', 'example_xcom_args' retrieved from /home/airflow/.local/lib/python3.12/site-packages/airflow/example_dags/example_xcomargs.py
[2024-04-09T22:01:14.096+0000] {logging_mixin.py:188} INFO - [2024-04-09T22:01:14.095+0000] {dag.py:3096} INFO - Sync 2 DAGs
[2024-04-09T22:01:14.116+0000] {logging_mixin.py:188} INFO - [2024-04-09T22:01:14.115+0000] {dag.py:3954} INFO - Setting next_dagrun for example_xcom_args to None, run_after=None
[2024-04-09T22:01:14.122+0000] {logging_mixin.py:188} INFO - [2024-04-09T22:01:14.122+0000] {dag.py:3954} INFO - Setting next_dagrun for example_xcom_args_with_operators to None, run_after=None
[2024-04-09T22:01:14.276+0000] {processor.py:183} INFO - Processing /home/airflow/.local/lib/python3.12/site-packages/airflow/example_dags/example_xcomargs.py took 0.254 seconds
[2024-04-09T22:01:44.822+0000] {processor.py:161} INFO - Started process (PID=484) to work on /home/airflow/.local/lib/python3.12/site-packages/airflow/example_dags/example_xcomargs.py
[2024-04-09T22:01:44.823+0000] {processor.py:830} INFO - Processing file /home/airflow/.local/lib/python3.12/site-packages/airflow/example_dags/example_xcomargs.py for tasks to queue
[2024-04-09T22:01:44.827+0000] {logging_mixin.py:188} INFO - [2024-04-09T22:01:44.826+0000] {dagbag.py:540} INFO - Filling up the DagBag from /home/airflow/.local/lib/python3.12/site-packages/airflow/example_dags/example_xcomargs.py
[2024-04-09T22:01:44.839+0000] {processor.py:840} INFO - DAG(s) 'example_xcom_args_with_operators', 'example_xcom_args' retrieved from /home/airflow/.local/lib/python3.12/site-packages/airflow/example_dags/example_xcomargs.py
[2024-04-09T22:01:44.872+0000] {logging_mixin.py:188} INFO - [2024-04-09T22:01:44.871+0000] {dag.py:3096} INFO - Sync 2 DAGs
[2024-04-09T22:01:44.889+0000] {logging_mixin.py:188} INFO - [2024-04-09T22:01:44.889+0000] {dag.py:3954} INFO - Setting next_dagrun for example_xcom_args to None, run_after=None
[2024-04-09T22:01:44.902+0000] {logging_mixin.py:188} INFO - [2024-04-09T22:01:44.901+0000] {dag.py:3954} INFO - Setting next_dagrun for example_xcom_args_with_operators to None, run_after=None
[2024-04-09T22:01:45.287+0000] {processor.py:183} INFO - Processing /home/airflow/.local/lib/python3.12/site-packages/airflow/example_dags/example_xcomargs.py took 0.477 seconds
[2024-04-09T22:02:15.350+0000] {processor.py:161} INFO - Started process (PID=542) to work on /home/airflow/.local/lib/python3.12/site-packages/airflow/example_dags/example_xcomargs.py
[2024-04-09T22:02:15.352+0000] {processor.py:830} INFO - Processing file /home/airflow/.local/lib/python3.12/site-packages/airflow/example_dags/example_xcomargs.py for tasks to queue
[2024-04-09T22:02:15.375+0000] {logging_mixin.py:188} INFO - [2024-04-09T22:02:15.374+0000] {dagbag.py:540} INFO - Filling up the DagBag from /home/airflow/.local/lib/python3.12/site-packages/airflow/example_dags/example_xcomargs.py
[2024-04-09T22:02:15.402+0000] {processor.py:840} INFO - DAG(s) 'example_xcom_args_with_operators', 'example_xcom_args' retrieved from /home/airflow/.local/lib/python3.12/site-packages/airflow/example_dags/example_xcomargs.py
[2024-04-09T22:02:15.522+0000] {logging_mixin.py:188} INFO - [2024-04-09T22:02:15.522+0000] {dag.py:3096} INFO - Sync 2 DAGs
[2024-04-09T22:02:15.606+0000] {logging_mixin.py:188} INFO - [2024-04-09T22:02:15.606+0000] {dag.py:3954} INFO - Setting next_dagrun for example_xcom_args to None, run_after=None
[2024-04-09T22:02:15.617+0000] {logging_mixin.py:188} INFO - [2024-04-09T22:02:15.617+0000] {dag.py:3954} INFO - Setting next_dagrun for example_xcom_args_with_operators to None, run_after=None
[2024-04-09T22:02:15.825+0000] {processor.py:183} INFO - Processing /home/airflow/.local/lib/python3.12/site-packages/airflow/example_dags/example_xcomargs.py took 0.485 seconds
[2024-04-09T22:03:19.708+0000] {processor.py:161} INFO - Started process (PID=603) to work on /home/airflow/.local/lib/python3.12/site-packages/airflow/example_dags/example_xcomargs.py
[2024-04-09T22:03:19.710+0000] {processor.py:830} INFO - Processing file /home/airflow/.local/lib/python3.12/site-packages/airflow/example_dags/example_xcomargs.py for tasks to queue
[2024-04-09T22:03:19.713+0000] {logging_mixin.py:188} INFO - [2024-04-09T22:03:19.713+0000] {dagbag.py:540} INFO - Filling up the DagBag from /home/airflow/.local/lib/python3.12/site-packages/airflow/example_dags/example_xcomargs.py
[2024-04-09T22:03:19.831+0000] {processor.py:840} INFO - DAG(s) 'example_xcom_args_with_operators', 'example_xcom_args' retrieved from /home/airflow/.local/lib/python3.12/site-packages/airflow/example_dags/example_xcomargs.py
[2024-04-09T22:03:19.865+0000] {logging_mixin.py:188} INFO - [2024-04-09T22:03:19.865+0000] {dag.py:3096} INFO - Sync 2 DAGs
[2024-04-09T22:03:19.884+0000] {logging_mixin.py:188} INFO - [2024-04-09T22:03:19.884+0000] {dag.py:3954} INFO - Setting next_dagrun for example_xcom_args to None, run_after=None
[2024-04-09T22:03:19.889+0000] {logging_mixin.py:188} INFO - [2024-04-09T22:03:19.889+0000] {dag.py:3954} INFO - Setting next_dagrun for example_xcom_args_with_operators to None, run_after=None
[2024-04-09T22:03:20.136+0000] {processor.py:183} INFO - Processing /home/airflow/.local/lib/python3.12/site-packages/airflow/example_dags/example_xcomargs.py took 0.439 seconds
[2024-04-09T22:03:55.238+0000] {processor.py:161} INFO - Started process (PID=668) to work on /home/airflow/.local/lib/python3.12/site-packages/airflow/example_dags/example_xcomargs.py
[2024-04-09T22:03:55.239+0000] {processor.py:830} INFO - Processing file /home/airflow/.local/lib/python3.12/site-packages/airflow/example_dags/example_xcomargs.py for tasks to queue
[2024-04-09T22:03:55.242+0000] {logging_mixin.py:188} INFO - [2024-04-09T22:03:55.241+0000] {dagbag.py:540} INFO - Filling up the DagBag from /home/airflow/.local/lib/python3.12/site-packages/airflow/example_dags/example_xcomargs.py
[2024-04-09T22:03:55.252+0000] {processor.py:840} INFO - DAG(s) 'example_xcom_args', 'example_xcom_args_with_operators' retrieved from /home/airflow/.local/lib/python3.12/site-packages/airflow/example_dags/example_xcomargs.py
[2024-04-09T22:03:55.290+0000] {logging_mixin.py:188} INFO - [2024-04-09T22:03:55.290+0000] {dag.py:3096} INFO - Sync 2 DAGs
[2024-04-09T22:03:55.315+0000] {logging_mixin.py:188} INFO - [2024-04-09T22:03:55.315+0000] {dag.py:3954} INFO - Setting next_dagrun for example_xcom_args to None, run_after=None
[2024-04-09T22:03:55.325+0000] {logging_mixin.py:188} INFO - [2024-04-09T22:03:55.324+0000] {dag.py:3954} INFO - Setting next_dagrun for example_xcom_args_with_operators to None, run_after=None
[2024-04-09T22:03:55.452+0000] {processor.py:183} INFO - Processing /home/airflow/.local/lib/python3.12/site-packages/airflow/example_dags/example_xcomargs.py took 0.222 seconds
[2024-04-09T22:04:26.110+0000] {processor.py:161} INFO - Started process (PID=726) to work on /home/airflow/.local/lib/python3.12/site-packages/airflow/example_dags/example_xcomargs.py
[2024-04-09T22:04:26.112+0000] {processor.py:830} INFO - Processing file /home/airflow/.local/lib/python3.12/site-packages/airflow/example_dags/example_xcomargs.py for tasks to queue
[2024-04-09T22:04:26.114+0000] {logging_mixin.py:188} INFO - [2024-04-09T22:04:26.114+0000] {dagbag.py:540} INFO - Filling up the DagBag from /home/airflow/.local/lib/python3.12/site-packages/airflow/example_dags/example_xcomargs.py
[2024-04-09T22:04:26.130+0000] {processor.py:840} INFO - DAG(s) 'example_xcom_args_with_operators', 'example_xcom_args' retrieved from /home/airflow/.local/lib/python3.12/site-packages/airflow/example_dags/example_xcomargs.py
[2024-04-09T22:04:26.166+0000] {logging_mixin.py:188} INFO - [2024-04-09T22:04:26.166+0000] {dag.py:3096} INFO - Sync 2 DAGs
[2024-04-09T22:04:26.186+0000] {logging_mixin.py:188} INFO - [2024-04-09T22:04:26.185+0000] {dag.py:3954} INFO - Setting next_dagrun for example_xcom_args to None, run_after=None
[2024-04-09T22:04:26.191+0000] {logging_mixin.py:188} INFO - [2024-04-09T22:04:26.191+0000] {dag.py:3954} INFO - Setting next_dagrun for example_xcom_args_with_operators to None, run_after=None
[2024-04-09T22:04:26.312+0000] {processor.py:183} INFO - Processing /home/airflow/.local/lib/python3.12/site-packages/airflow/example_dags/example_xcomargs.py took 0.213 seconds
[2024-04-09T22:04:56.730+0000] {processor.py:161} INFO - Started process (PID=781) to work on /home/airflow/.local/lib/python3.12/site-packages/airflow/example_dags/example_xcomargs.py
[2024-04-09T22:04:56.732+0000] {processor.py:830} INFO - Processing file /home/airflow/.local/lib/python3.12/site-packages/airflow/example_dags/example_xcomargs.py for tasks to queue
[2024-04-09T22:04:56.736+0000] {logging_mixin.py:188} INFO - [2024-04-09T22:04:56.736+0000] {dagbag.py:540} INFO - Filling up the DagBag from /home/airflow/.local/lib/python3.12/site-packages/airflow/example_dags/example_xcomargs.py
[2024-04-09T22:04:56.752+0000] {processor.py:840} INFO - DAG(s) 'example_xcom_args_with_operators', 'example_xcom_args' retrieved from /home/airflow/.local/lib/python3.12/site-packages/airflow/example_dags/example_xcomargs.py
[2024-04-09T22:04:56.800+0000] {logging_mixin.py:188} INFO - [2024-04-09T22:04:56.800+0000] {dag.py:3096} INFO - Sync 2 DAGs
[2024-04-09T22:04:56.831+0000] {logging_mixin.py:188} INFO - [2024-04-09T22:04:56.831+0000] {dag.py:3954} INFO - Setting next_dagrun for example_xcom_args to None, run_after=None
[2024-04-09T22:04:56.844+0000] {logging_mixin.py:188} INFO - [2024-04-09T22:04:56.843+0000] {dag.py:3954} INFO - Setting next_dagrun for example_xcom_args_with_operators to None, run_after=None
[2024-04-09T22:04:56.964+0000] {processor.py:183} INFO - Processing /home/airflow/.local/lib/python3.12/site-packages/airflow/example_dags/example_xcomargs.py took 0.242 seconds
[2024-04-09T22:05:27.405+0000] {processor.py:161} INFO - Started process (PID=839) to work on /home/airflow/.local/lib/python3.12/site-packages/airflow/example_dags/example_xcomargs.py
[2024-04-09T22:05:27.406+0000] {processor.py:830} INFO - Processing file /home/airflow/.local/lib/python3.12/site-packages/airflow/example_dags/example_xcomargs.py for tasks to queue
[2024-04-09T22:05:27.409+0000] {logging_mixin.py:188} INFO - [2024-04-09T22:05:27.408+0000] {dagbag.py:540} INFO - Filling up the DagBag from /home/airflow/.local/lib/python3.12/site-packages/airflow/example_dags/example_xcomargs.py
[2024-04-09T22:05:27.420+0000] {processor.py:840} INFO - DAG(s) 'example_xcom_args_with_operators', 'example_xcom_args' retrieved from /home/airflow/.local/lib/python3.12/site-packages/airflow/example_dags/example_xcomargs.py
[2024-04-09T22:05:27.459+0000] {logging_mixin.py:188} INFO - [2024-04-09T22:05:27.458+0000] {dag.py:3096} INFO - Sync 2 DAGs
[2024-04-09T22:05:27.484+0000] {logging_mixin.py:188} INFO - [2024-04-09T22:05:27.484+0000] {dag.py:3954} INFO - Setting next_dagrun for example_xcom_args to None, run_after=None
[2024-04-09T22:05:27.490+0000] {logging_mixin.py:188} INFO - [2024-04-09T22:05:27.489+0000] {dag.py:3954} INFO - Setting next_dagrun for example_xcom_args_with_operators to None, run_after=None
[2024-04-09T22:05:27.649+0000] {processor.py:183} INFO - Processing /home/airflow/.local/lib/python3.12/site-packages/airflow/example_dags/example_xcomargs.py took 0.256 seconds
[2024-04-09T22:05:58.094+0000] {processor.py:161} INFO - Started process (PID=897) to work on /home/airflow/.local/lib/python3.12/site-packages/airflow/example_dags/example_xcomargs.py
[2024-04-09T22:05:58.096+0000] {processor.py:830} INFO - Processing file /home/airflow/.local/lib/python3.12/site-packages/airflow/example_dags/example_xcomargs.py for tasks to queue
[2024-04-09T22:05:58.099+0000] {logging_mixin.py:188} INFO - [2024-04-09T22:05:58.098+0000] {dagbag.py:540} INFO - Filling up the DagBag from /home/airflow/.local/lib/python3.12/site-packages/airflow/example_dags/example_xcomargs.py
[2024-04-09T22:05:58.111+0000] {processor.py:840} INFO - DAG(s) 'example_xcom_args_with_operators', 'example_xcom_args' retrieved from /home/airflow/.local/lib/python3.12/site-packages/airflow/example_dags/example_xcomargs.py
[2024-04-09T22:05:58.153+0000] {logging_mixin.py:188} INFO - [2024-04-09T22:05:58.152+0000] {dag.py:3096} INFO - Sync 2 DAGs
[2024-04-09T22:05:58.181+0000] {logging_mixin.py:188} INFO - [2024-04-09T22:05:58.180+0000] {dag.py:3954} INFO - Setting next_dagrun for example_xcom_args to None, run_after=None
[2024-04-09T22:05:58.188+0000] {logging_mixin.py:188} INFO - [2024-04-09T22:05:58.188+0000] {dag.py:3954} INFO - Setting next_dagrun for example_xcom_args_with_operators to None, run_after=None
[2024-04-09T22:05:58.311+0000] {processor.py:183} INFO - Processing /home/airflow/.local/lib/python3.12/site-packages/airflow/example_dags/example_xcomargs.py took 0.229 seconds
[2024-04-09T22:06:28.716+0000] {processor.py:161} INFO - Started process (PID=955) to work on /home/airflow/.local/lib/python3.12/site-packages/airflow/example_dags/example_xcomargs.py
[2024-04-09T22:06:28.718+0000] {processor.py:830} INFO - Processing file /home/airflow/.local/lib/python3.12/site-packages/airflow/example_dags/example_xcomargs.py for tasks to queue
[2024-04-09T22:06:28.721+0000] {logging_mixin.py:188} INFO - [2024-04-09T22:06:28.720+0000] {dagbag.py:540} INFO - Filling up the DagBag from /home/airflow/.local/lib/python3.12/site-packages/airflow/example_dags/example_xcomargs.py
[2024-04-09T22:06:28.736+0000] {processor.py:840} INFO - DAG(s) 'example_xcom_args_with_operators', 'example_xcom_args' retrieved from /home/airflow/.local/lib/python3.12/site-packages/airflow/example_dags/example_xcomargs.py
[2024-04-09T22:06:28.780+0000] {logging_mixin.py:188} INFO - [2024-04-09T22:06:28.779+0000] {dag.py:3096} INFO - Sync 2 DAGs
[2024-04-09T22:06:28.798+0000] {logging_mixin.py:188} INFO - [2024-04-09T22:06:28.797+0000] {dag.py:3954} INFO - Setting next_dagrun for example_xcom_args to None, run_after=None
[2024-04-09T22:06:28.803+0000] {logging_mixin.py:188} INFO - [2024-04-09T22:06:28.803+0000] {dag.py:3954} INFO - Setting next_dagrun for example_xcom_args_with_operators to None, run_after=None
[2024-04-09T22:06:28.861+0000] {processor.py:183} INFO - Processing /home/airflow/.local/lib/python3.12/site-packages/airflow/example_dags/example_xcomargs.py took 0.155 seconds
[2024-04-09T22:06:59.307+0000] {processor.py:161} INFO - Started process (PID=1013) to work on /home/airflow/.local/lib/python3.12/site-packages/airflow/example_dags/example_xcomargs.py
[2024-04-09T22:06:59.319+0000] {processor.py:830} INFO - Processing file /home/airflow/.local/lib/python3.12/site-packages/airflow/example_dags/example_xcomargs.py for tasks to queue
[2024-04-09T22:06:59.323+0000] {logging_mixin.py:188} INFO - [2024-04-09T22:06:59.322+0000] {dagbag.py:540} INFO - Filling up the DagBag from /home/airflow/.local/lib/python3.12/site-packages/airflow/example_dags/example_xcomargs.py
[2024-04-09T22:06:59.357+0000] {processor.py:840} INFO - DAG(s) 'example_xcom_args_with_operators', 'example_xcom_args' retrieved from /home/airflow/.local/lib/python3.12/site-packages/airflow/example_dags/example_xcomargs.py
[2024-04-09T22:06:59.425+0000] {logging_mixin.py:188} INFO - [2024-04-09T22:06:59.425+0000] {dag.py:3096} INFO - Sync 2 DAGs
[2024-04-09T22:06:59.461+0000] {logging_mixin.py:188} INFO - [2024-04-09T22:06:59.460+0000] {dag.py:3954} INFO - Setting next_dagrun for example_xcom_args to None, run_after=None
[2024-04-09T22:06:59.473+0000] {logging_mixin.py:188} INFO - [2024-04-09T22:06:59.472+0000] {dag.py:3954} INFO - Setting next_dagrun for example_xcom_args_with_operators to None, run_after=None
[2024-04-09T22:06:59.558+0000] {processor.py:183} INFO - Processing /home/airflow/.local/lib/python3.12/site-packages/airflow/example_dags/example_xcomargs.py took 0.265 seconds
[2024-04-09T22:07:29.689+0000] {processor.py:161} INFO - Started process (PID=1071) to work on /home/airflow/.local/lib/python3.12/site-packages/airflow/example_dags/example_xcomargs.py
[2024-04-09T22:07:29.691+0000] {processor.py:830} INFO - Processing file /home/airflow/.local/lib/python3.12/site-packages/airflow/example_dags/example_xcomargs.py for tasks to queue
[2024-04-09T22:07:29.694+0000] {logging_mixin.py:188} INFO - [2024-04-09T22:07:29.694+0000] {dagbag.py:540} INFO - Filling up the DagBag from /home/airflow/.local/lib/python3.12/site-packages/airflow/example_dags/example_xcomargs.py
[2024-04-09T22:07:29.707+0000] {processor.py:840} INFO - DAG(s) 'example_xcom_args', 'example_xcom_args_with_operators' retrieved from /home/airflow/.local/lib/python3.12/site-packages/airflow/example_dags/example_xcomargs.py
[2024-04-09T22:07:29.748+0000] {logging_mixin.py:188} INFO - [2024-04-09T22:07:29.747+0000] {dag.py:3096} INFO - Sync 2 DAGs
[2024-04-09T22:07:29.772+0000] {logging_mixin.py:188} INFO - [2024-04-09T22:07:29.771+0000] {dag.py:3954} INFO - Setting next_dagrun for example_xcom_args to None, run_after=None
[2024-04-09T22:07:29.780+0000] {logging_mixin.py:188} INFO - [2024-04-09T22:07:29.779+0000] {dag.py:3954} INFO - Setting next_dagrun for example_xcom_args_with_operators to None, run_after=None
[2024-04-09T22:07:29.939+0000] {processor.py:183} INFO - Processing /home/airflow/.local/lib/python3.12/site-packages/airflow/example_dags/example_xcomargs.py took 0.259 seconds
[2024-04-09T22:08:00.108+0000] {processor.py:161} INFO - Started process (PID=1130) to work on /home/airflow/.local/lib/python3.12/site-packages/airflow/example_dags/example_xcomargs.py
[2024-04-09T22:08:00.110+0000] {processor.py:830} INFO - Processing file /home/airflow/.local/lib/python3.12/site-packages/airflow/example_dags/example_xcomargs.py for tasks to queue
[2024-04-09T22:08:00.113+0000] {logging_mixin.py:188} INFO - [2024-04-09T22:08:00.112+0000] {dagbag.py:540} INFO - Filling up the DagBag from /home/airflow/.local/lib/python3.12/site-packages/airflow/example_dags/example_xcomargs.py
[2024-04-09T22:08:00.124+0000] {processor.py:840} INFO - DAG(s) 'example_xcom_args_with_operators', 'example_xcom_args' retrieved from /home/airflow/.local/lib/python3.12/site-packages/airflow/example_dags/example_xcomargs.py
[2024-04-09T22:08:00.358+0000] {logging_mixin.py:188} INFO - [2024-04-09T22:08:00.357+0000] {dag.py:3096} INFO - Sync 2 DAGs
[2024-04-09T22:08:00.373+0000] {logging_mixin.py:188} INFO - [2024-04-09T22:08:00.372+0000] {dag.py:3954} INFO - Setting next_dagrun for example_xcom_args to None, run_after=None
[2024-04-09T22:08:00.378+0000] {logging_mixin.py:188} INFO - [2024-04-09T22:08:00.377+0000] {dag.py:3954} INFO - Setting next_dagrun for example_xcom_args_with_operators to None, run_after=None
[2024-04-09T22:08:00.427+0000] {processor.py:183} INFO - Processing /home/airflow/.local/lib/python3.12/site-packages/airflow/example_dags/example_xcomargs.py took 0.327 seconds
[2024-04-09T22:08:30.926+0000] {processor.py:161} INFO - Started process (PID=1188) to work on /home/airflow/.local/lib/python3.12/site-packages/airflow/example_dags/example_xcomargs.py
[2024-04-09T22:08:30.928+0000] {processor.py:830} INFO - Processing file /home/airflow/.local/lib/python3.12/site-packages/airflow/example_dags/example_xcomargs.py for tasks to queue
[2024-04-09T22:08:30.931+0000] {logging_mixin.py:188} INFO - [2024-04-09T22:08:30.930+0000] {dagbag.py:540} INFO - Filling up the DagBag from /home/airflow/.local/lib/python3.12/site-packages/airflow/example_dags/example_xcomargs.py
[2024-04-09T22:08:30.948+0000] {processor.py:840} INFO - DAG(s) 'example_xcom_args_with_operators', 'example_xcom_args' retrieved from /home/airflow/.local/lib/python3.12/site-packages/airflow/example_dags/example_xcomargs.py
[2024-04-09T22:08:30.999+0000] {logging_mixin.py:188} INFO - [2024-04-09T22:08:30.998+0000] {dag.py:3096} INFO - Sync 2 DAGs
[2024-04-09T22:08:31.035+0000] {logging_mixin.py:188} INFO - [2024-04-09T22:08:31.035+0000] {dag.py:3954} INFO - Setting next_dagrun for example_xcom_args to None, run_after=None
[2024-04-09T22:08:31.046+0000] {logging_mixin.py:188} INFO - [2024-04-09T22:08:31.045+0000] {dag.py:3954} INFO - Setting next_dagrun for example_xcom_args_with_operators to None, run_after=None
[2024-04-09T22:08:31.132+0000] {processor.py:183} INFO - Processing /home/airflow/.local/lib/python3.12/site-packages/airflow/example_dags/example_xcomargs.py took 0.217 seconds
[2024-04-09T22:09:01.828+0000] {processor.py:161} INFO - Started process (PID=1246) to work on /home/airflow/.local/lib/python3.12/site-packages/airflow/example_dags/example_xcomargs.py
[2024-04-09T22:09:01.829+0000] {processor.py:830} INFO - Processing file /home/airflow/.local/lib/python3.12/site-packages/airflow/example_dags/example_xcomargs.py for tasks to queue
[2024-04-09T22:09:01.832+0000] {logging_mixin.py:188} INFO - [2024-04-09T22:09:01.831+0000] {dagbag.py:540} INFO - Filling up the DagBag from /home/airflow/.local/lib/python3.12/site-packages/airflow/example_dags/example_xcomargs.py
[2024-04-09T22:09:01.846+0000] {processor.py:840} INFO - DAG(s) 'example_xcom_args_with_operators', 'example_xcom_args' retrieved from /home/airflow/.local/lib/python3.12/site-packages/airflow/example_dags/example_xcomargs.py
[2024-04-09T22:09:01.885+0000] {logging_mixin.py:188} INFO - [2024-04-09T22:09:01.884+0000] {dag.py:3096} INFO - Sync 2 DAGs
[2024-04-09T22:09:01.909+0000] {logging_mixin.py:188} INFO - [2024-04-09T22:09:01.908+0000] {dag.py:3954} INFO - Setting next_dagrun for example_xcom_args to None, run_after=None
[2024-04-09T22:09:01.915+0000] {logging_mixin.py:188} INFO - [2024-04-09T22:09:01.914+0000] {dag.py:3954} INFO - Setting next_dagrun for example_xcom_args_with_operators to None, run_after=None
[2024-04-09T22:09:01.973+0000] {processor.py:183} INFO - Processing /home/airflow/.local/lib/python3.12/site-packages/airflow/example_dags/example_xcomargs.py took 0.154 seconds
[2024-04-09T22:09:32.358+0000] {processor.py:161} INFO - Started process (PID=1304) to work on /home/airflow/.local/lib/python3.12/site-packages/airflow/example_dags/example_xcomargs.py
[2024-04-09T22:09:32.359+0000] {processor.py:830} INFO - Processing file /home/airflow/.local/lib/python3.12/site-packages/airflow/example_dags/example_xcomargs.py for tasks to queue
[2024-04-09T22:09:32.363+0000] {logging_mixin.py:188} INFO - [2024-04-09T22:09:32.362+0000] {dagbag.py:540} INFO - Filling up the DagBag from /home/airflow/.local/lib/python3.12/site-packages/airflow/example_dags/example_xcomargs.py
[2024-04-09T22:09:32.379+0000] {processor.py:840} INFO - DAG(s) 'example_xcom_args', 'example_xcom_args_with_operators' retrieved from /home/airflow/.local/lib/python3.12/site-packages/airflow/example_dags/example_xcomargs.py
[2024-04-09T22:09:32.426+0000] {logging_mixin.py:188} INFO - [2024-04-09T22:09:32.426+0000] {dag.py:3096} INFO - Sync 2 DAGs
[2024-04-09T22:09:32.452+0000] {logging_mixin.py:188} INFO - [2024-04-09T22:09:32.452+0000] {dag.py:3954} INFO - Setting next_dagrun for example_xcom_args to None, run_after=None
[2024-04-09T22:09:32.458+0000] {logging_mixin.py:188} INFO - [2024-04-09T22:09:32.458+0000] {dag.py:3954} INFO - Setting next_dagrun for example_xcom_args_with_operators to None, run_after=None
[2024-04-09T22:09:32.518+0000] {processor.py:183} INFO - Processing /home/airflow/.local/lib/python3.12/site-packages/airflow/example_dags/example_xcomargs.py took 0.171 seconds
[2024-04-09T22:10:02.829+0000] {processor.py:161} INFO - Started process (PID=1362) to work on /home/airflow/.local/lib/python3.12/site-packages/airflow/example_dags/example_xcomargs.py
[2024-04-09T22:10:02.832+0000] {processor.py:830} INFO - Processing file /home/airflow/.local/lib/python3.12/site-packages/airflow/example_dags/example_xcomargs.py for tasks to queue
[2024-04-09T22:10:02.835+0000] {logging_mixin.py:188} INFO - [2024-04-09T22:10:02.835+0000] {dagbag.py:540} INFO - Filling up the DagBag from /home/airflow/.local/lib/python3.12/site-packages/airflow/example_dags/example_xcomargs.py
[2024-04-09T22:10:02.854+0000] {processor.py:840} INFO - DAG(s) 'example_xcom_args_with_operators', 'example_xcom_args' retrieved from /home/airflow/.local/lib/python3.12/site-packages/airflow/example_dags/example_xcomargs.py
[2024-04-09T22:10:02.899+0000] {logging_mixin.py:188} INFO - [2024-04-09T22:10:02.899+0000] {dag.py:3096} INFO - Sync 2 DAGs
[2024-04-09T22:10:02.924+0000] {logging_mixin.py:188} INFO - [2024-04-09T22:10:02.923+0000] {dag.py:3954} INFO - Setting next_dagrun for example_xcom_args to None, run_after=None
[2024-04-09T22:10:02.946+0000] {logging_mixin.py:188} INFO - [2024-04-09T22:10:02.946+0000] {dag.py:3954} INFO - Setting next_dagrun for example_xcom_args_with_operators to None, run_after=None
[2024-04-09T22:10:03.013+0000] {processor.py:183} INFO - Processing /home/airflow/.local/lib/python3.12/site-packages/airflow/example_dags/example_xcomargs.py took 0.198 seconds
[2024-04-09T22:10:33.121+0000] {processor.py:161} INFO - Started process (PID=1420) to work on /home/airflow/.local/lib/python3.12/site-packages/airflow/example_dags/example_xcomargs.py
[2024-04-09T22:10:33.122+0000] {processor.py:830} INFO - Processing file /home/airflow/.local/lib/python3.12/site-packages/airflow/example_dags/example_xcomargs.py for tasks to queue
[2024-04-09T22:10:33.125+0000] {logging_mixin.py:188} INFO - [2024-04-09T22:10:33.125+0000] {dagbag.py:540} INFO - Filling up the DagBag from /home/airflow/.local/lib/python3.12/site-packages/airflow/example_dags/example_xcomargs.py
[2024-04-09T22:10:33.142+0000] {processor.py:840} INFO - DAG(s) 'example_xcom_args', 'example_xcom_args_with_operators' retrieved from /home/airflow/.local/lib/python3.12/site-packages/airflow/example_dags/example_xcomargs.py
[2024-04-09T22:10:33.175+0000] {logging_mixin.py:188} INFO - [2024-04-09T22:10:33.175+0000] {dag.py:3096} INFO - Sync 2 DAGs
[2024-04-09T22:10:33.193+0000] {logging_mixin.py:188} INFO - [2024-04-09T22:10:33.193+0000] {dag.py:3954} INFO - Setting next_dagrun for example_xcom_args to None, run_after=None
[2024-04-09T22:10:33.199+0000] {logging_mixin.py:188} INFO - [2024-04-09T22:10:33.199+0000] {dag.py:3954} INFO - Setting next_dagrun for example_xcom_args_with_operators to None, run_after=None
[2024-04-09T22:10:33.366+0000] {processor.py:183} INFO - Processing /home/airflow/.local/lib/python3.12/site-packages/airflow/example_dags/example_xcomargs.py took 0.255 seconds
[2024-04-09T22:11:03.865+0000] {processor.py:161} INFO - Started process (PID=1478) to work on /home/airflow/.local/lib/python3.12/site-packages/airflow/example_dags/example_xcomargs.py
[2024-04-09T22:11:03.867+0000] {processor.py:830} INFO - Processing file /home/airflow/.local/lib/python3.12/site-packages/airflow/example_dags/example_xcomargs.py for tasks to queue
[2024-04-09T22:11:03.870+0000] {logging_mixin.py:188} INFO - [2024-04-09T22:11:03.869+0000] {dagbag.py:540} INFO - Filling up the DagBag from /home/airflow/.local/lib/python3.12/site-packages/airflow/example_dags/example_xcomargs.py
[2024-04-09T22:11:03.886+0000] {processor.py:840} INFO - DAG(s) 'example_xcom_args_with_operators', 'example_xcom_args' retrieved from /home/airflow/.local/lib/python3.12/site-packages/airflow/example_dags/example_xcomargs.py
[2024-04-09T22:11:03.922+0000] {logging_mixin.py:188} INFO - [2024-04-09T22:11:03.921+0000] {dag.py:3096} INFO - Sync 2 DAGs
[2024-04-09T22:11:03.947+0000] {logging_mixin.py:188} INFO - [2024-04-09T22:11:03.947+0000] {dag.py:3954} INFO - Setting next_dagrun for example_xcom_args to None, run_after=None
[2024-04-09T22:11:03.955+0000] {logging_mixin.py:188} INFO - [2024-04-09T22:11:03.955+0000] {dag.py:3954} INFO - Setting next_dagrun for example_xcom_args_with_operators to None, run_after=None
[2024-04-09T22:11:04.040+0000] {processor.py:183} INFO - Processing /home/airflow/.local/lib/python3.12/site-packages/airflow/example_dags/example_xcomargs.py took 0.186 seconds
[2024-04-09T22:11:34.778+0000] {processor.py:161} INFO - Started process (PID=1536) to work on /home/airflow/.local/lib/python3.12/site-packages/airflow/example_dags/example_xcomargs.py
[2024-04-09T22:11:34.779+0000] {processor.py:830} INFO - Processing file /home/airflow/.local/lib/python3.12/site-packages/airflow/example_dags/example_xcomargs.py for tasks to queue
[2024-04-09T22:11:34.782+0000] {logging_mixin.py:188} INFO - [2024-04-09T22:11:34.781+0000] {dagbag.py:540} INFO - Filling up the DagBag from /home/airflow/.local/lib/python3.12/site-packages/airflow/example_dags/example_xcomargs.py
[2024-04-09T22:11:34.795+0000] {processor.py:840} INFO - DAG(s) 'example_xcom_args', 'example_xcom_args_with_operators' retrieved from /home/airflow/.local/lib/python3.12/site-packages/airflow/example_dags/example_xcomargs.py
[2024-04-09T22:11:34.837+0000] {logging_mixin.py:188} INFO - [2024-04-09T22:11:34.836+0000] {dag.py:3096} INFO - Sync 2 DAGs
[2024-04-09T22:11:34.860+0000] {logging_mixin.py:188} INFO - [2024-04-09T22:11:34.860+0000] {dag.py:3954} INFO - Setting next_dagrun for example_xcom_args to None, run_after=None
[2024-04-09T22:11:34.867+0000] {logging_mixin.py:188} INFO - [2024-04-09T22:11:34.867+0000] {dag.py:3954} INFO - Setting next_dagrun for example_xcom_args_with_operators to None, run_after=None
[2024-04-09T22:11:34.954+0000] {processor.py:183} INFO - Processing /home/airflow/.local/lib/python3.12/site-packages/airflow/example_dags/example_xcomargs.py took 0.193 seconds
