[2024-04-09T21:56:02.147+0000] {processor.py:161} INFO - Started process (PID=38) to work on /home/airflow/.local/lib/python3.12/site-packages/airflow/example_dags/example_external_task_marker_dag.py
[2024-04-09T21:56:02.148+0000] {processor.py:830} INFO - Processing file /home/airflow/.local/lib/python3.12/site-packages/airflow/example_dags/example_external_task_marker_dag.py for tasks to queue
[2024-04-09T21:56:02.151+0000] {logging_mixin.py:188} INFO - [2024-04-09T21:56:02.151+0000] {dagbag.py:540} INFO - Filling up the DagBag from /home/airflow/.local/lib/python3.12/site-packages/airflow/example_dags/example_external_task_marker_dag.py
[2024-04-09T21:56:02.287+0000] {processor.py:840} INFO - DAG(s) 'example_external_task_marker_parent', 'example_external_task_marker_child' retrieved from /home/airflow/.local/lib/python3.12/site-packages/airflow/example_dags/example_external_task_marker_dag.py
[2024-04-09T21:56:02.478+0000] {logging_mixin.py:188} INFO - [2024-04-09T21:56:02.477+0000] {dag.py:3096} INFO - Sync 2 DAGs
[2024-04-09T21:56:02.492+0000] {logging_mixin.py:188} INFO - [2024-04-09T21:56:02.492+0000] {dag.py:3954} INFO - Setting next_dagrun for example_external_task_marker_child to None, run_after=None
[2024-04-09T21:56:02.496+0000] {logging_mixin.py:188} INFO - [2024-04-09T21:56:02.496+0000] {dag.py:3954} INFO - Setting next_dagrun for example_external_task_marker_parent to None, run_after=None
[2024-04-09T21:56:02.955+0000] {processor.py:183} INFO - Processing /home/airflow/.local/lib/python3.12/site-packages/airflow/example_dags/example_external_task_marker_dag.py took 0.819 seconds
[2024-04-09T21:58:05.710+0000] {processor.py:161} INFO - Started process (PID=107) to work on /home/airflow/.local/lib/python3.12/site-packages/airflow/example_dags/example_external_task_marker_dag.py
[2024-04-09T21:58:05.711+0000] {processor.py:830} INFO - Processing file /home/airflow/.local/lib/python3.12/site-packages/airflow/example_dags/example_external_task_marker_dag.py for tasks to queue
[2024-04-09T21:58:05.714+0000] {logging_mixin.py:188} INFO - [2024-04-09T21:58:05.713+0000] {dagbag.py:540} INFO - Filling up the DagBag from /home/airflow/.local/lib/python3.12/site-packages/airflow/example_dags/example_external_task_marker_dag.py
[2024-04-09T21:58:06.288+0000] {processor.py:840} INFO - DAG(s) 'example_external_task_marker_parent', 'example_external_task_marker_child' retrieved from /home/airflow/.local/lib/python3.12/site-packages/airflow/example_dags/example_external_task_marker_dag.py
[2024-04-09T21:58:06.923+0000] {logging_mixin.py:188} INFO - [2024-04-09T21:58:06.923+0000] {dag.py:3096} INFO - Sync 2 DAGs
[2024-04-09T21:58:07.672+0000] {logging_mixin.py:188} INFO - [2024-04-09T21:58:07.671+0000] {dag.py:3954} INFO - Setting next_dagrun for example_external_task_marker_child to None, run_after=None
[2024-04-09T21:58:07.816+0000] {logging_mixin.py:188} INFO - [2024-04-09T21:58:07.816+0000] {dag.py:3954} INFO - Setting next_dagrun for example_external_task_marker_parent to None, run_after=None
[2024-04-09T21:58:08.169+0000] {processor.py:183} INFO - Processing /home/airflow/.local/lib/python3.12/site-packages/airflow/example_dags/example_external_task_marker_dag.py took 2.468 seconds
[2024-04-09T21:58:38.420+0000] {processor.py:161} INFO - Started process (PID=164) to work on /home/airflow/.local/lib/python3.12/site-packages/airflow/example_dags/example_external_task_marker_dag.py
[2024-04-09T21:58:38.421+0000] {processor.py:830} INFO - Processing file /home/airflow/.local/lib/python3.12/site-packages/airflow/example_dags/example_external_task_marker_dag.py for tasks to queue
[2024-04-09T21:58:38.426+0000] {logging_mixin.py:188} INFO - [2024-04-09T21:58:38.425+0000] {dagbag.py:540} INFO - Filling up the DagBag from /home/airflow/.local/lib/python3.12/site-packages/airflow/example_dags/example_external_task_marker_dag.py
[2024-04-09T21:58:38.438+0000] {processor.py:840} INFO - DAG(s) 'example_external_task_marker_child', 'example_external_task_marker_parent' retrieved from /home/airflow/.local/lib/python3.12/site-packages/airflow/example_dags/example_external_task_marker_dag.py
[2024-04-09T21:58:38.486+0000] {logging_mixin.py:188} INFO - [2024-04-09T21:58:38.486+0000] {dag.py:3096} INFO - Sync 2 DAGs
[2024-04-09T21:58:38.519+0000] {logging_mixin.py:188} INFO - [2024-04-09T21:58:38.518+0000] {dag.py:3954} INFO - Setting next_dagrun for example_external_task_marker_child to None, run_after=None
[2024-04-09T21:58:38.527+0000] {logging_mixin.py:188} INFO - [2024-04-09T21:58:38.526+0000] {dag.py:3954} INFO - Setting next_dagrun for example_external_task_marker_parent to None, run_after=None
[2024-04-09T21:58:38.757+0000] {processor.py:183} INFO - Processing /home/airflow/.local/lib/python3.12/site-packages/airflow/example_dags/example_external_task_marker_dag.py took 0.348 seconds
[2024-04-09T21:59:09.152+0000] {processor.py:161} INFO - Started process (PID=222) to work on /home/airflow/.local/lib/python3.12/site-packages/airflow/example_dags/example_external_task_marker_dag.py
[2024-04-09T21:59:09.153+0000] {processor.py:830} INFO - Processing file /home/airflow/.local/lib/python3.12/site-packages/airflow/example_dags/example_external_task_marker_dag.py for tasks to queue
[2024-04-09T21:59:09.157+0000] {logging_mixin.py:188} INFO - [2024-04-09T21:59:09.156+0000] {dagbag.py:540} INFO - Filling up the DagBag from /home/airflow/.local/lib/python3.12/site-packages/airflow/example_dags/example_external_task_marker_dag.py
[2024-04-09T21:59:09.164+0000] {processor.py:840} INFO - DAG(s) 'example_external_task_marker_child', 'example_external_task_marker_parent' retrieved from /home/airflow/.local/lib/python3.12/site-packages/airflow/example_dags/example_external_task_marker_dag.py
[2024-04-09T21:59:09.196+0000] {logging_mixin.py:188} INFO - [2024-04-09T21:59:09.195+0000] {dag.py:3096} INFO - Sync 2 DAGs
[2024-04-09T21:59:09.213+0000] {logging_mixin.py:188} INFO - [2024-04-09T21:59:09.213+0000] {dag.py:3954} INFO - Setting next_dagrun for example_external_task_marker_child to None, run_after=None
[2024-04-09T21:59:09.219+0000] {logging_mixin.py:188} INFO - [2024-04-09T21:59:09.218+0000] {dag.py:3954} INFO - Setting next_dagrun for example_external_task_marker_parent to None, run_after=None
[2024-04-09T21:59:09.375+0000] {processor.py:183} INFO - Processing /home/airflow/.local/lib/python3.12/site-packages/airflow/example_dags/example_external_task_marker_dag.py took 0.231 seconds
[2024-04-09T21:59:39.764+0000] {processor.py:161} INFO - Started process (PID=280) to work on /home/airflow/.local/lib/python3.12/site-packages/airflow/example_dags/example_external_task_marker_dag.py
[2024-04-09T21:59:39.766+0000] {processor.py:830} INFO - Processing file /home/airflow/.local/lib/python3.12/site-packages/airflow/example_dags/example_external_task_marker_dag.py for tasks to queue
[2024-04-09T21:59:39.768+0000] {logging_mixin.py:188} INFO - [2024-04-09T21:59:39.768+0000] {dagbag.py:540} INFO - Filling up the DagBag from /home/airflow/.local/lib/python3.12/site-packages/airflow/example_dags/example_external_task_marker_dag.py
[2024-04-09T21:59:39.776+0000] {processor.py:840} INFO - DAG(s) 'example_external_task_marker_child', 'example_external_task_marker_parent' retrieved from /home/airflow/.local/lib/python3.12/site-packages/airflow/example_dags/example_external_task_marker_dag.py
[2024-04-09T21:59:39.807+0000] {logging_mixin.py:188} INFO - [2024-04-09T21:59:39.807+0000] {dag.py:3096} INFO - Sync 2 DAGs
[2024-04-09T21:59:39.824+0000] {logging_mixin.py:188} INFO - [2024-04-09T21:59:39.824+0000] {dag.py:3954} INFO - Setting next_dagrun for example_external_task_marker_child to None, run_after=None
[2024-04-09T21:59:39.830+0000] {logging_mixin.py:188} INFO - [2024-04-09T21:59:39.829+0000] {dag.py:3954} INFO - Setting next_dagrun for example_external_task_marker_parent to None, run_after=None
[2024-04-09T21:59:40.030+0000] {processor.py:183} INFO - Processing /home/airflow/.local/lib/python3.12/site-packages/airflow/example_dags/example_external_task_marker_dag.py took 0.273 seconds
[2024-04-09T22:00:11.969+0000] {processor.py:161} INFO - Started process (PID=330) to work on /home/airflow/.local/lib/python3.12/site-packages/airflow/example_dags/example_external_task_marker_dag.py
[2024-04-09T22:00:11.970+0000] {processor.py:830} INFO - Processing file /home/airflow/.local/lib/python3.12/site-packages/airflow/example_dags/example_external_task_marker_dag.py for tasks to queue
[2024-04-09T22:00:11.973+0000] {logging_mixin.py:188} INFO - [2024-04-09T22:00:11.972+0000] {dagbag.py:540} INFO - Filling up the DagBag from /home/airflow/.local/lib/python3.12/site-packages/airflow/example_dags/example_external_task_marker_dag.py
[2024-04-09T22:00:11.981+0000] {processor.py:840} INFO - DAG(s) 'example_external_task_marker_parent', 'example_external_task_marker_child' retrieved from /home/airflow/.local/lib/python3.12/site-packages/airflow/example_dags/example_external_task_marker_dag.py
[2024-04-09T22:00:12.012+0000] {logging_mixin.py:188} INFO - [2024-04-09T22:00:12.011+0000] {dag.py:3096} INFO - Sync 2 DAGs
[2024-04-09T22:00:12.029+0000] {logging_mixin.py:188} INFO - [2024-04-09T22:00:12.028+0000] {dag.py:3954} INFO - Setting next_dagrun for example_external_task_marker_child to None, run_after=None
[2024-04-09T22:00:12.034+0000] {logging_mixin.py:188} INFO - [2024-04-09T22:00:12.034+0000] {dag.py:3954} INFO - Setting next_dagrun for example_external_task_marker_parent to None, run_after=None
[2024-04-09T22:00:12.282+0000] {processor.py:183} INFO - Processing /home/airflow/.local/lib/python3.12/site-packages/airflow/example_dags/example_external_task_marker_dag.py took 0.320 seconds
[2024-04-09T22:00:51.190+0000] {processor.py:161} INFO - Started process (PID=388) to work on /home/airflow/.local/lib/python3.12/site-packages/airflow/example_dags/example_external_task_marker_dag.py
[2024-04-09T22:00:51.191+0000] {processor.py:830} INFO - Processing file /home/airflow/.local/lib/python3.12/site-packages/airflow/example_dags/example_external_task_marker_dag.py for tasks to queue
[2024-04-09T22:00:51.195+0000] {logging_mixin.py:188} INFO - [2024-04-09T22:00:51.194+0000] {dagbag.py:540} INFO - Filling up the DagBag from /home/airflow/.local/lib/python3.12/site-packages/airflow/example_dags/example_external_task_marker_dag.py
[2024-04-09T22:00:51.203+0000] {processor.py:840} INFO - DAG(s) 'example_external_task_marker_child', 'example_external_task_marker_parent' retrieved from /home/airflow/.local/lib/python3.12/site-packages/airflow/example_dags/example_external_task_marker_dag.py
[2024-04-09T22:00:51.236+0000] {logging_mixin.py:188} INFO - [2024-04-09T22:00:51.235+0000] {dag.py:3096} INFO - Sync 2 DAGs
[2024-04-09T22:00:51.256+0000] {logging_mixin.py:188} INFO - [2024-04-09T22:00:51.256+0000] {dag.py:3954} INFO - Setting next_dagrun for example_external_task_marker_child to None, run_after=None
[2024-04-09T22:00:51.262+0000] {logging_mixin.py:188} INFO - [2024-04-09T22:00:51.262+0000] {dag.py:3954} INFO - Setting next_dagrun for example_external_task_marker_parent to None, run_after=None
[2024-04-09T22:00:51.474+0000] {processor.py:183} INFO - Processing /home/airflow/.local/lib/python3.12/site-packages/airflow/example_dags/example_external_task_marker_dag.py took 0.295 seconds
[2024-04-09T22:01:21.529+0000] {processor.py:161} INFO - Started process (PID=445) to work on /home/airflow/.local/lib/python3.12/site-packages/airflow/example_dags/example_external_task_marker_dag.py
[2024-04-09T22:01:21.530+0000] {processor.py:830} INFO - Processing file /home/airflow/.local/lib/python3.12/site-packages/airflow/example_dags/example_external_task_marker_dag.py for tasks to queue
[2024-04-09T22:01:21.533+0000] {logging_mixin.py:188} INFO - [2024-04-09T22:01:21.532+0000] {dagbag.py:540} INFO - Filling up the DagBag from /home/airflow/.local/lib/python3.12/site-packages/airflow/example_dags/example_external_task_marker_dag.py
[2024-04-09T22:01:21.542+0000] {processor.py:840} INFO - DAG(s) 'example_external_task_marker_parent', 'example_external_task_marker_child' retrieved from /home/airflow/.local/lib/python3.12/site-packages/airflow/example_dags/example_external_task_marker_dag.py
[2024-04-09T22:01:21.583+0000] {logging_mixin.py:188} INFO - [2024-04-09T22:01:21.583+0000] {dag.py:3096} INFO - Sync 2 DAGs
[2024-04-09T22:01:21.601+0000] {logging_mixin.py:188} INFO - [2024-04-09T22:01:21.601+0000] {dag.py:3954} INFO - Setting next_dagrun for example_external_task_marker_child to None, run_after=None
[2024-04-09T22:01:21.607+0000] {logging_mixin.py:188} INFO - [2024-04-09T22:01:21.606+0000] {dag.py:3954} INFO - Setting next_dagrun for example_external_task_marker_parent to None, run_after=None
[2024-04-09T22:01:21.803+0000] {processor.py:183} INFO - Processing /home/airflow/.local/lib/python3.12/site-packages/airflow/example_dags/example_external_task_marker_dag.py took 0.284 seconds
[2024-04-09T22:01:52.334+0000] {processor.py:161} INFO - Started process (PID=509) to work on /home/airflow/.local/lib/python3.12/site-packages/airflow/example_dags/example_external_task_marker_dag.py
[2024-04-09T22:01:52.336+0000] {processor.py:830} INFO - Processing file /home/airflow/.local/lib/python3.12/site-packages/airflow/example_dags/example_external_task_marker_dag.py for tasks to queue
[2024-04-09T22:01:52.339+0000] {logging_mixin.py:188} INFO - [2024-04-09T22:01:52.339+0000] {dagbag.py:540} INFO - Filling up the DagBag from /home/airflow/.local/lib/python3.12/site-packages/airflow/example_dags/example_external_task_marker_dag.py
[2024-04-09T22:01:52.351+0000] {processor.py:840} INFO - DAG(s) 'example_external_task_marker_parent', 'example_external_task_marker_child' retrieved from /home/airflow/.local/lib/python3.12/site-packages/airflow/example_dags/example_external_task_marker_dag.py
[2024-04-09T22:01:52.404+0000] {logging_mixin.py:188} INFO - [2024-04-09T22:01:52.404+0000] {dag.py:3096} INFO - Sync 2 DAGs
[2024-04-09T22:01:52.445+0000] {logging_mixin.py:188} INFO - [2024-04-09T22:01:52.445+0000] {dag.py:3954} INFO - Setting next_dagrun for example_external_task_marker_child to None, run_after=None
[2024-04-09T22:01:52.454+0000] {logging_mixin.py:188} INFO - [2024-04-09T22:01:52.453+0000] {dag.py:3954} INFO - Setting next_dagrun for example_external_task_marker_parent to None, run_after=None
[2024-04-09T22:01:52.604+0000] {processor.py:183} INFO - Processing /home/airflow/.local/lib/python3.12/site-packages/airflow/example_dags/example_external_task_marker_dag.py took 0.282 seconds
[2024-04-09T22:02:23.098+0000] {processor.py:161} INFO - Started process (PID=568) to work on /home/airflow/.local/lib/python3.12/site-packages/airflow/example_dags/example_external_task_marker_dag.py
[2024-04-09T22:02:23.099+0000] {processor.py:830} INFO - Processing file /home/airflow/.local/lib/python3.12/site-packages/airflow/example_dags/example_external_task_marker_dag.py for tasks to queue
[2024-04-09T22:02:23.102+0000] {logging_mixin.py:188} INFO - [2024-04-09T22:02:23.102+0000] {dagbag.py:540} INFO - Filling up the DagBag from /home/airflow/.local/lib/python3.12/site-packages/airflow/example_dags/example_external_task_marker_dag.py
[2024-04-09T22:02:23.112+0000] {processor.py:840} INFO - DAG(s) 'example_external_task_marker_child', 'example_external_task_marker_parent' retrieved from /home/airflow/.local/lib/python3.12/site-packages/airflow/example_dags/example_external_task_marker_dag.py
[2024-04-09T22:02:23.162+0000] {logging_mixin.py:188} INFO - [2024-04-09T22:02:23.162+0000] {dag.py:3096} INFO - Sync 2 DAGs
[2024-04-09T22:02:23.188+0000] {logging_mixin.py:188} INFO - [2024-04-09T22:02:23.187+0000] {dag.py:3954} INFO - Setting next_dagrun for example_external_task_marker_child to None, run_after=None
[2024-04-09T22:02:23.195+0000] {logging_mixin.py:188} INFO - [2024-04-09T22:02:23.194+0000] {dag.py:3954} INFO - Setting next_dagrun for example_external_task_marker_parent to None, run_after=None
[2024-04-09T22:02:23.491+0000] {processor.py:183} INFO - Processing /home/airflow/.local/lib/python3.12/site-packages/airflow/example_dags/example_external_task_marker_dag.py took 0.402 seconds
[2024-04-09T22:03:20.176+0000] {processor.py:161} INFO - Started process (PID=606) to work on /home/airflow/.local/lib/python3.12/site-packages/airflow/example_dags/example_external_task_marker_dag.py
[2024-04-09T22:03:20.177+0000] {processor.py:830} INFO - Processing file /home/airflow/.local/lib/python3.12/site-packages/airflow/example_dags/example_external_task_marker_dag.py for tasks to queue
[2024-04-09T22:03:20.180+0000] {logging_mixin.py:188} INFO - [2024-04-09T22:03:20.180+0000] {dagbag.py:540} INFO - Filling up the DagBag from /home/airflow/.local/lib/python3.12/site-packages/airflow/example_dags/example_external_task_marker_dag.py
[2024-04-09T22:03:20.188+0000] {processor.py:840} INFO - DAG(s) 'example_external_task_marker_child', 'example_external_task_marker_parent' retrieved from /home/airflow/.local/lib/python3.12/site-packages/airflow/example_dags/example_external_task_marker_dag.py
[2024-04-09T22:03:20.224+0000] {logging_mixin.py:188} INFO - [2024-04-09T22:03:20.224+0000] {dag.py:3096} INFO - Sync 2 DAGs
[2024-04-09T22:03:20.244+0000] {logging_mixin.py:188} INFO - [2024-04-09T22:03:20.243+0000] {dag.py:3954} INFO - Setting next_dagrun for example_external_task_marker_child to None, run_after=None
[2024-04-09T22:03:20.249+0000] {logging_mixin.py:188} INFO - [2024-04-09T22:03:20.249+0000] {dag.py:3954} INFO - Setting next_dagrun for example_external_task_marker_parent to None, run_after=None
[2024-04-09T22:03:20.591+0000] {processor.py:183} INFO - Processing /home/airflow/.local/lib/python3.12/site-packages/airflow/example_dags/example_external_task_marker_dag.py took 0.423 seconds
[2024-04-09T22:03:55.487+0000] {processor.py:161} INFO - Started process (PID=670) to work on /home/airflow/.local/lib/python3.12/site-packages/airflow/example_dags/example_external_task_marker_dag.py
[2024-04-09T22:03:55.488+0000] {processor.py:830} INFO - Processing file /home/airflow/.local/lib/python3.12/site-packages/airflow/example_dags/example_external_task_marker_dag.py for tasks to queue
[2024-04-09T22:03:55.491+0000] {logging_mixin.py:188} INFO - [2024-04-09T22:03:55.490+0000] {dagbag.py:540} INFO - Filling up the DagBag from /home/airflow/.local/lib/python3.12/site-packages/airflow/example_dags/example_external_task_marker_dag.py
[2024-04-09T22:03:55.498+0000] {processor.py:840} INFO - DAG(s) 'example_external_task_marker_child', 'example_external_task_marker_parent' retrieved from /home/airflow/.local/lib/python3.12/site-packages/airflow/example_dags/example_external_task_marker_dag.py
[2024-04-09T22:03:55.530+0000] {logging_mixin.py:188} INFO - [2024-04-09T22:03:55.529+0000] {dag.py:3096} INFO - Sync 2 DAGs
[2024-04-09T22:03:55.547+0000] {logging_mixin.py:188} INFO - [2024-04-09T22:03:55.547+0000] {dag.py:3954} INFO - Setting next_dagrun for example_external_task_marker_child to None, run_after=None
[2024-04-09T22:03:55.553+0000] {logging_mixin.py:188} INFO - [2024-04-09T22:03:55.553+0000] {dag.py:3954} INFO - Setting next_dagrun for example_external_task_marker_parent to None, run_after=None
[2024-04-09T22:03:55.701+0000] {processor.py:183} INFO - Processing /home/airflow/.local/lib/python3.12/site-packages/airflow/example_dags/example_external_task_marker_dag.py took 0.222 seconds
[2024-04-09T22:04:26.363+0000] {processor.py:161} INFO - Started process (PID=728) to work on /home/airflow/.local/lib/python3.12/site-packages/airflow/example_dags/example_external_task_marker_dag.py
[2024-04-09T22:04:26.367+0000] {processor.py:830} INFO - Processing file /home/airflow/.local/lib/python3.12/site-packages/airflow/example_dags/example_external_task_marker_dag.py for tasks to queue
[2024-04-09T22:04:26.373+0000] {logging_mixin.py:188} INFO - [2024-04-09T22:04:26.372+0000] {dagbag.py:540} INFO - Filling up the DagBag from /home/airflow/.local/lib/python3.12/site-packages/airflow/example_dags/example_external_task_marker_dag.py
[2024-04-09T22:04:26.386+0000] {processor.py:840} INFO - DAG(s) 'example_external_task_marker_child', 'example_external_task_marker_parent' retrieved from /home/airflow/.local/lib/python3.12/site-packages/airflow/example_dags/example_external_task_marker_dag.py
[2024-04-09T22:04:26.450+0000] {logging_mixin.py:188} INFO - [2024-04-09T22:04:26.450+0000] {dag.py:3096} INFO - Sync 2 DAGs
[2024-04-09T22:04:26.474+0000] {logging_mixin.py:188} INFO - [2024-04-09T22:04:26.474+0000] {dag.py:3954} INFO - Setting next_dagrun for example_external_task_marker_child to None, run_after=None
[2024-04-09T22:04:26.482+0000] {logging_mixin.py:188} INFO - [2024-04-09T22:04:26.481+0000] {dag.py:3954} INFO - Setting next_dagrun for example_external_task_marker_parent to None, run_after=None
[2024-04-09T22:04:26.622+0000] {processor.py:183} INFO - Processing /home/airflow/.local/lib/python3.12/site-packages/airflow/example_dags/example_external_task_marker_dag.py took 0.279 seconds
[2024-04-09T22:04:57.001+0000] {processor.py:161} INFO - Started process (PID=783) to work on /home/airflow/.local/lib/python3.12/site-packages/airflow/example_dags/example_external_task_marker_dag.py
[2024-04-09T22:04:57.003+0000] {processor.py:830} INFO - Processing file /home/airflow/.local/lib/python3.12/site-packages/airflow/example_dags/example_external_task_marker_dag.py for tasks to queue
[2024-04-09T22:04:57.007+0000] {logging_mixin.py:188} INFO - [2024-04-09T22:04:57.006+0000] {dagbag.py:540} INFO - Filling up the DagBag from /home/airflow/.local/lib/python3.12/site-packages/airflow/example_dags/example_external_task_marker_dag.py
[2024-04-09T22:04:57.018+0000] {processor.py:840} INFO - DAG(s) 'example_external_task_marker_child', 'example_external_task_marker_parent' retrieved from /home/airflow/.local/lib/python3.12/site-packages/airflow/example_dags/example_external_task_marker_dag.py
[2024-04-09T22:04:57.067+0000] {logging_mixin.py:188} INFO - [2024-04-09T22:04:57.067+0000] {dag.py:3096} INFO - Sync 2 DAGs
[2024-04-09T22:04:57.096+0000] {logging_mixin.py:188} INFO - [2024-04-09T22:04:57.096+0000] {dag.py:3954} INFO - Setting next_dagrun for example_external_task_marker_child to None, run_after=None
[2024-04-09T22:04:57.102+0000] {logging_mixin.py:188} INFO - [2024-04-09T22:04:57.102+0000] {dag.py:3954} INFO - Setting next_dagrun for example_external_task_marker_parent to None, run_after=None
[2024-04-09T22:04:57.303+0000] {processor.py:183} INFO - Processing /home/airflow/.local/lib/python3.12/site-packages/airflow/example_dags/example_external_task_marker_dag.py took 0.309 seconds
[2024-04-09T22:05:27.702+0000] {processor.py:161} INFO - Started process (PID=841) to work on /home/airflow/.local/lib/python3.12/site-packages/airflow/example_dags/example_external_task_marker_dag.py
[2024-04-09T22:05:27.703+0000] {processor.py:830} INFO - Processing file /home/airflow/.local/lib/python3.12/site-packages/airflow/example_dags/example_external_task_marker_dag.py for tasks to queue
[2024-04-09T22:05:27.706+0000] {logging_mixin.py:188} INFO - [2024-04-09T22:05:27.705+0000] {dagbag.py:540} INFO - Filling up the DagBag from /home/airflow/.local/lib/python3.12/site-packages/airflow/example_dags/example_external_task_marker_dag.py
[2024-04-09T22:05:27.714+0000] {processor.py:840} INFO - DAG(s) 'example_external_task_marker_parent', 'example_external_task_marker_child' retrieved from /home/airflow/.local/lib/python3.12/site-packages/airflow/example_dags/example_external_task_marker_dag.py
[2024-04-09T22:05:27.744+0000] {logging_mixin.py:188} INFO - [2024-04-09T22:05:27.744+0000] {dag.py:3096} INFO - Sync 2 DAGs
[2024-04-09T22:05:27.762+0000] {logging_mixin.py:188} INFO - [2024-04-09T22:05:27.761+0000] {dag.py:3954} INFO - Setting next_dagrun for example_external_task_marker_child to None, run_after=None
[2024-04-09T22:05:27.767+0000] {logging_mixin.py:188} INFO - [2024-04-09T22:05:27.766+0000] {dag.py:3954} INFO - Setting next_dagrun for example_external_task_marker_parent to None, run_after=None
[2024-04-09T22:05:27.878+0000] {processor.py:183} INFO - Processing /home/airflow/.local/lib/python3.12/site-packages/airflow/example_dags/example_external_task_marker_dag.py took 0.184 seconds
[2024-04-09T22:05:58.350+0000] {processor.py:161} INFO - Started process (PID=899) to work on /home/airflow/.local/lib/python3.12/site-packages/airflow/example_dags/example_external_task_marker_dag.py
[2024-04-09T22:05:58.351+0000] {processor.py:830} INFO - Processing file /home/airflow/.local/lib/python3.12/site-packages/airflow/example_dags/example_external_task_marker_dag.py for tasks to queue
[2024-04-09T22:05:58.354+0000] {logging_mixin.py:188} INFO - [2024-04-09T22:05:58.354+0000] {dagbag.py:540} INFO - Filling up the DagBag from /home/airflow/.local/lib/python3.12/site-packages/airflow/example_dags/example_external_task_marker_dag.py
[2024-04-09T22:05:58.366+0000] {processor.py:840} INFO - DAG(s) 'example_external_task_marker_child', 'example_external_task_marker_parent' retrieved from /home/airflow/.local/lib/python3.12/site-packages/airflow/example_dags/example_external_task_marker_dag.py
[2024-04-09T22:05:58.404+0000] {logging_mixin.py:188} INFO - [2024-04-09T22:05:58.404+0000] {dag.py:3096} INFO - Sync 2 DAGs
[2024-04-09T22:05:58.433+0000] {logging_mixin.py:188} INFO - [2024-04-09T22:05:58.433+0000] {dag.py:3954} INFO - Setting next_dagrun for example_external_task_marker_child to None, run_after=None
[2024-04-09T22:05:58.439+0000] {logging_mixin.py:188} INFO - [2024-04-09T22:05:58.438+0000] {dag.py:3954} INFO - Setting next_dagrun for example_external_task_marker_parent to None, run_after=None
[2024-04-09T22:05:58.486+0000] {processor.py:183} INFO - Processing /home/airflow/.local/lib/python3.12/site-packages/airflow/example_dags/example_external_task_marker_dag.py took 0.147 seconds
[2024-04-09T22:06:28.900+0000] {processor.py:161} INFO - Started process (PID=957) to work on /home/airflow/.local/lib/python3.12/site-packages/airflow/example_dags/example_external_task_marker_dag.py
[2024-04-09T22:06:28.909+0000] {processor.py:830} INFO - Processing file /home/airflow/.local/lib/python3.12/site-packages/airflow/example_dags/example_external_task_marker_dag.py for tasks to queue
[2024-04-09T22:06:28.913+0000] {logging_mixin.py:188} INFO - [2024-04-09T22:06:28.912+0000] {dagbag.py:540} INFO - Filling up the DagBag from /home/airflow/.local/lib/python3.12/site-packages/airflow/example_dags/example_external_task_marker_dag.py
[2024-04-09T22:06:28.922+0000] {processor.py:840} INFO - DAG(s) 'example_external_task_marker_parent', 'example_external_task_marker_child' retrieved from /home/airflow/.local/lib/python3.12/site-packages/airflow/example_dags/example_external_task_marker_dag.py
[2024-04-09T22:06:28.953+0000] {logging_mixin.py:188} INFO - [2024-04-09T22:06:28.952+0000] {dag.py:3096} INFO - Sync 2 DAGs
[2024-04-09T22:06:29.007+0000] {logging_mixin.py:188} INFO - [2024-04-09T22:06:29.007+0000] {dag.py:3954} INFO - Setting next_dagrun for example_external_task_marker_child to None, run_after=None
[2024-04-09T22:06:29.013+0000] {logging_mixin.py:188} INFO - [2024-04-09T22:06:29.012+0000] {dag.py:3954} INFO - Setting next_dagrun for example_external_task_marker_parent to None, run_after=None
[2024-04-09T22:06:29.067+0000] {processor.py:183} INFO - Processing /home/airflow/.local/lib/python3.12/site-packages/airflow/example_dags/example_external_task_marker_dag.py took 0.141 seconds
[2024-04-09T22:06:59.607+0000] {processor.py:161} INFO - Started process (PID=1015) to work on /home/airflow/.local/lib/python3.12/site-packages/airflow/example_dags/example_external_task_marker_dag.py
[2024-04-09T22:06:59.609+0000] {processor.py:830} INFO - Processing file /home/airflow/.local/lib/python3.12/site-packages/airflow/example_dags/example_external_task_marker_dag.py for tasks to queue
[2024-04-09T22:06:59.612+0000] {logging_mixin.py:188} INFO - [2024-04-09T22:06:59.611+0000] {dagbag.py:540} INFO - Filling up the DagBag from /home/airflow/.local/lib/python3.12/site-packages/airflow/example_dags/example_external_task_marker_dag.py
[2024-04-09T22:06:59.622+0000] {processor.py:840} INFO - DAG(s) 'example_external_task_marker_child', 'example_external_task_marker_parent' retrieved from /home/airflow/.local/lib/python3.12/site-packages/airflow/example_dags/example_external_task_marker_dag.py
[2024-04-09T22:06:59.660+0000] {logging_mixin.py:188} INFO - [2024-04-09T22:06:59.659+0000] {dag.py:3096} INFO - Sync 2 DAGs
[2024-04-09T22:06:59.689+0000] {logging_mixin.py:188} INFO - [2024-04-09T22:06:59.688+0000] {dag.py:3954} INFO - Setting next_dagrun for example_external_task_marker_child to None, run_after=None
[2024-04-09T22:06:59.695+0000] {logging_mixin.py:188} INFO - [2024-04-09T22:06:59.695+0000] {dag.py:3954} INFO - Setting next_dagrun for example_external_task_marker_parent to None, run_after=None
[2024-04-09T22:06:59.774+0000] {processor.py:183} INFO - Processing /home/airflow/.local/lib/python3.12/site-packages/airflow/example_dags/example_external_task_marker_dag.py took 0.178 seconds
[2024-04-09T22:07:29.985+0000] {processor.py:161} INFO - Started process (PID=1073) to work on /home/airflow/.local/lib/python3.12/site-packages/airflow/example_dags/example_external_task_marker_dag.py
[2024-04-09T22:07:29.986+0000] {processor.py:830} INFO - Processing file /home/airflow/.local/lib/python3.12/site-packages/airflow/example_dags/example_external_task_marker_dag.py for tasks to queue
[2024-04-09T22:07:29.990+0000] {logging_mixin.py:188} INFO - [2024-04-09T22:07:29.990+0000] {dagbag.py:540} INFO - Filling up the DagBag from /home/airflow/.local/lib/python3.12/site-packages/airflow/example_dags/example_external_task_marker_dag.py
[2024-04-09T22:07:30.003+0000] {processor.py:840} INFO - DAG(s) 'example_external_task_marker_child', 'example_external_task_marker_parent' retrieved from /home/airflow/.local/lib/python3.12/site-packages/airflow/example_dags/example_external_task_marker_dag.py
[2024-04-09T22:07:30.036+0000] {logging_mixin.py:188} INFO - [2024-04-09T22:07:30.036+0000] {dag.py:3096} INFO - Sync 2 DAGs
[2024-04-09T22:07:30.055+0000] {logging_mixin.py:188} INFO - [2024-04-09T22:07:30.054+0000] {dag.py:3954} INFO - Setting next_dagrun for example_external_task_marker_child to None, run_after=None
[2024-04-09T22:07:30.060+0000] {logging_mixin.py:188} INFO - [2024-04-09T22:07:30.060+0000] {dag.py:3954} INFO - Setting next_dagrun for example_external_task_marker_parent to None, run_after=None
[2024-04-09T22:07:30.113+0000] {processor.py:183} INFO - Processing /home/airflow/.local/lib/python3.12/site-packages/airflow/example_dags/example_external_task_marker_dag.py took 0.139 seconds
[2024-04-09T22:08:00.475+0000] {processor.py:161} INFO - Started process (PID=1132) to work on /home/airflow/.local/lib/python3.12/site-packages/airflow/example_dags/example_external_task_marker_dag.py
[2024-04-09T22:08:00.477+0000] {processor.py:830} INFO - Processing file /home/airflow/.local/lib/python3.12/site-packages/airflow/example_dags/example_external_task_marker_dag.py for tasks to queue
[2024-04-09T22:08:00.481+0000] {logging_mixin.py:188} INFO - [2024-04-09T22:08:00.480+0000] {dagbag.py:540} INFO - Filling up the DagBag from /home/airflow/.local/lib/python3.12/site-packages/airflow/example_dags/example_external_task_marker_dag.py
[2024-04-09T22:08:00.492+0000] {processor.py:840} INFO - DAG(s) 'example_external_task_marker_parent', 'example_external_task_marker_child' retrieved from /home/airflow/.local/lib/python3.12/site-packages/airflow/example_dags/example_external_task_marker_dag.py
[2024-04-09T22:08:00.692+0000] {logging_mixin.py:188} INFO - [2024-04-09T22:08:00.691+0000] {dag.py:3096} INFO - Sync 2 DAGs
[2024-04-09T22:08:00.706+0000] {logging_mixin.py:188} INFO - [2024-04-09T22:08:00.706+0000] {dag.py:3954} INFO - Setting next_dagrun for example_external_task_marker_child to None, run_after=None
[2024-04-09T22:08:00.711+0000] {logging_mixin.py:188} INFO - [2024-04-09T22:08:00.711+0000] {dag.py:3954} INFO - Setting next_dagrun for example_external_task_marker_parent to None, run_after=None
[2024-04-09T22:08:00.765+0000] {processor.py:183} INFO - Processing /home/airflow/.local/lib/python3.12/site-packages/airflow/example_dags/example_external_task_marker_dag.py took 0.302 seconds
[2024-04-09T22:08:31.177+0000] {processor.py:161} INFO - Started process (PID=1190) to work on /home/airflow/.local/lib/python3.12/site-packages/airflow/example_dags/example_external_task_marker_dag.py
[2024-04-09T22:08:31.179+0000] {processor.py:830} INFO - Processing file /home/airflow/.local/lib/python3.12/site-packages/airflow/example_dags/example_external_task_marker_dag.py for tasks to queue
[2024-04-09T22:08:31.183+0000] {logging_mixin.py:188} INFO - [2024-04-09T22:08:31.183+0000] {dagbag.py:540} INFO - Filling up the DagBag from /home/airflow/.local/lib/python3.12/site-packages/airflow/example_dags/example_external_task_marker_dag.py
[2024-04-09T22:08:31.195+0000] {processor.py:840} INFO - DAG(s) 'example_external_task_marker_child', 'example_external_task_marker_parent' retrieved from /home/airflow/.local/lib/python3.12/site-packages/airflow/example_dags/example_external_task_marker_dag.py
[2024-04-09T22:08:31.230+0000] {logging_mixin.py:188} INFO - [2024-04-09T22:08:31.230+0000] {dag.py:3096} INFO - Sync 2 DAGs
[2024-04-09T22:08:31.249+0000] {logging_mixin.py:188} INFO - [2024-04-09T22:08:31.249+0000] {dag.py:3954} INFO - Setting next_dagrun for example_external_task_marker_child to None, run_after=None
[2024-04-09T22:08:31.255+0000] {logging_mixin.py:188} INFO - [2024-04-09T22:08:31.255+0000] {dag.py:3954} INFO - Setting next_dagrun for example_external_task_marker_parent to None, run_after=None
[2024-04-09T22:08:31.304+0000] {processor.py:183} INFO - Processing /home/airflow/.local/lib/python3.12/site-packages/airflow/example_dags/example_external_task_marker_dag.py took 0.139 seconds
[2024-04-09T22:09:02.028+0000] {processor.py:161} INFO - Started process (PID=1248) to work on /home/airflow/.local/lib/python3.12/site-packages/airflow/example_dags/example_external_task_marker_dag.py
[2024-04-09T22:09:02.030+0000] {processor.py:830} INFO - Processing file /home/airflow/.local/lib/python3.12/site-packages/airflow/example_dags/example_external_task_marker_dag.py for tasks to queue
[2024-04-09T22:09:02.033+0000] {logging_mixin.py:188} INFO - [2024-04-09T22:09:02.033+0000] {dagbag.py:540} INFO - Filling up the DagBag from /home/airflow/.local/lib/python3.12/site-packages/airflow/example_dags/example_external_task_marker_dag.py
[2024-04-09T22:09:02.042+0000] {processor.py:840} INFO - DAG(s) 'example_external_task_marker_parent', 'example_external_task_marker_child' retrieved from /home/airflow/.local/lib/python3.12/site-packages/airflow/example_dags/example_external_task_marker_dag.py
[2024-04-09T22:09:02.073+0000] {logging_mixin.py:188} INFO - [2024-04-09T22:09:02.073+0000] {dag.py:3096} INFO - Sync 2 DAGs
[2024-04-09T22:09:02.093+0000] {logging_mixin.py:188} INFO - [2024-04-09T22:09:02.092+0000] {dag.py:3954} INFO - Setting next_dagrun for example_external_task_marker_child to None, run_after=None
[2024-04-09T22:09:02.098+0000] {logging_mixin.py:188} INFO - [2024-04-09T22:09:02.098+0000] {dag.py:3954} INFO - Setting next_dagrun for example_external_task_marker_parent to None, run_after=None
[2024-04-09T22:09:02.161+0000] {processor.py:183} INFO - Processing /home/airflow/.local/lib/python3.12/site-packages/airflow/example_dags/example_external_task_marker_dag.py took 0.146 seconds
[2024-04-09T22:09:32.583+0000] {processor.py:161} INFO - Started process (PID=1306) to work on /home/airflow/.local/lib/python3.12/site-packages/airflow/example_dags/example_external_task_marker_dag.py
[2024-04-09T22:09:32.584+0000] {processor.py:830} INFO - Processing file /home/airflow/.local/lib/python3.12/site-packages/airflow/example_dags/example_external_task_marker_dag.py for tasks to queue
[2024-04-09T22:09:32.588+0000] {logging_mixin.py:188} INFO - [2024-04-09T22:09:32.587+0000] {dagbag.py:540} INFO - Filling up the DagBag from /home/airflow/.local/lib/python3.12/site-packages/airflow/example_dags/example_external_task_marker_dag.py
[2024-04-09T22:09:32.600+0000] {processor.py:840} INFO - DAG(s) 'example_external_task_marker_parent', 'example_external_task_marker_child' retrieved from /home/airflow/.local/lib/python3.12/site-packages/airflow/example_dags/example_external_task_marker_dag.py
[2024-04-09T22:09:32.638+0000] {logging_mixin.py:188} INFO - [2024-04-09T22:09:32.637+0000] {dag.py:3096} INFO - Sync 2 DAGs
[2024-04-09T22:09:32.659+0000] {logging_mixin.py:188} INFO - [2024-04-09T22:09:32.659+0000] {dag.py:3954} INFO - Setting next_dagrun for example_external_task_marker_child to None, run_after=None
[2024-04-09T22:09:32.665+0000] {logging_mixin.py:188} INFO - [2024-04-09T22:09:32.665+0000] {dag.py:3954} INFO - Setting next_dagrun for example_external_task_marker_parent to None, run_after=None
[2024-04-09T22:09:32.723+0000] {processor.py:183} INFO - Processing /home/airflow/.local/lib/python3.12/site-packages/airflow/example_dags/example_external_task_marker_dag.py took 0.159 seconds
[2024-04-09T22:10:03.068+0000] {processor.py:161} INFO - Started process (PID=1364) to work on /home/airflow/.local/lib/python3.12/site-packages/airflow/example_dags/example_external_task_marker_dag.py
[2024-04-09T22:10:03.069+0000] {processor.py:830} INFO - Processing file /home/airflow/.local/lib/python3.12/site-packages/airflow/example_dags/example_external_task_marker_dag.py for tasks to queue
[2024-04-09T22:10:03.073+0000] {logging_mixin.py:188} INFO - [2024-04-09T22:10:03.072+0000] {dagbag.py:540} INFO - Filling up the DagBag from /home/airflow/.local/lib/python3.12/site-packages/airflow/example_dags/example_external_task_marker_dag.py
[2024-04-09T22:10:03.081+0000] {processor.py:840} INFO - DAG(s) 'example_external_task_marker_child', 'example_external_task_marker_parent' retrieved from /home/airflow/.local/lib/python3.12/site-packages/airflow/example_dags/example_external_task_marker_dag.py
[2024-04-09T22:10:03.123+0000] {logging_mixin.py:188} INFO - [2024-04-09T22:10:03.122+0000] {dag.py:3096} INFO - Sync 2 DAGs
[2024-04-09T22:10:03.150+0000] {logging_mixin.py:188} INFO - [2024-04-09T22:10:03.149+0000] {dag.py:3954} INFO - Setting next_dagrun for example_external_task_marker_child to None, run_after=None
[2024-04-09T22:10:03.157+0000] {logging_mixin.py:188} INFO - [2024-04-09T22:10:03.157+0000] {dag.py:3954} INFO - Setting next_dagrun for example_external_task_marker_parent to None, run_after=None
[2024-04-09T22:10:03.226+0000] {processor.py:183} INFO - Processing /home/airflow/.local/lib/python3.12/site-packages/airflow/example_dags/example_external_task_marker_dag.py took 0.170 seconds
