[2024-04-09T21:56:05.507+0000] {processor.py:161} INFO - Started process (PID=41) to work on /home/airflow/.local/lib/python3.12/site-packages/airflow/example_dags/example_sensors.py
[2024-04-09T21:56:05.610+0000] {processor.py:830} INFO - Processing file /home/airflow/.local/lib/python3.12/site-packages/airflow/example_dags/example_sensors.py for tasks to queue
[2024-04-09T21:56:05.692+0000] {logging_mixin.py:188} INFO - [2024-04-09T21:56:05.691+0000] {dagbag.py:540} INFO - Filling up the DagBag from /home/airflow/.local/lib/python3.12/site-packages/airflow/example_dags/example_sensors.py
[2024-04-09T21:56:09.201+0000] {processor.py:840} INFO - DAG(s) 'example_sensors' retrieved from /home/airflow/.local/lib/python3.12/site-packages/airflow/example_dags/example_sensors.py
[2024-04-09T21:56:13.248+0000] {logging_mixin.py:188} INFO - [2024-04-09T21:56:13.248+0000] {dag.py:3096} INFO - Sync 1 DAGs
[2024-04-09T21:56:13.889+0000] {logging_mixin.py:188} INFO - [2024-04-09T21:56:13.889+0000] {dag.py:3954} INFO - Setting next_dagrun for example_sensors to None, run_after=None
[2024-04-09T21:56:16.967+0000] {processor.py:183} INFO - Processing /home/airflow/.local/lib/python3.12/site-packages/airflow/example_dags/example_sensors.py took 11.471 seconds
[2024-04-09T21:58:12.569+0000] {processor.py:161} INFO - Started process (PID=111) to work on /home/airflow/.local/lib/python3.12/site-packages/airflow/example_dags/example_sensors.py
[2024-04-09T21:58:12.571+0000] {processor.py:830} INFO - Processing file /home/airflow/.local/lib/python3.12/site-packages/airflow/example_dags/example_sensors.py for tasks to queue
[2024-04-09T21:58:12.579+0000] {logging_mixin.py:188} INFO - [2024-04-09T21:58:12.574+0000] {dagbag.py:540} INFO - Filling up the DagBag from /home/airflow/.local/lib/python3.12/site-packages/airflow/example_dags/example_sensors.py
[2024-04-09T21:58:12.790+0000] {processor.py:840} INFO - DAG(s) 'example_sensors' retrieved from /home/airflow/.local/lib/python3.12/site-packages/airflow/example_dags/example_sensors.py
[2024-04-09T21:58:12.837+0000] {logging_mixin.py:188} INFO - [2024-04-09T21:58:12.837+0000] {dag.py:3096} INFO - Sync 1 DAGs
[2024-04-09T21:58:12.873+0000] {logging_mixin.py:188} INFO - [2024-04-09T21:58:12.872+0000] {dag.py:3954} INFO - Setting next_dagrun for example_sensors to None, run_after=None
[2024-04-09T21:58:13.067+0000] {processor.py:183} INFO - Processing /home/airflow/.local/lib/python3.12/site-packages/airflow/example_dags/example_sensors.py took 0.506 seconds
[2024-04-09T21:58:43.142+0000] {processor.py:161} INFO - Started process (PID=167) to work on /home/airflow/.local/lib/python3.12/site-packages/airflow/example_dags/example_sensors.py
[2024-04-09T21:58:43.144+0000] {processor.py:830} INFO - Processing file /home/airflow/.local/lib/python3.12/site-packages/airflow/example_dags/example_sensors.py for tasks to queue
[2024-04-09T21:58:43.147+0000] {logging_mixin.py:188} INFO - [2024-04-09T21:58:43.146+0000] {dagbag.py:540} INFO - Filling up the DagBag from /home/airflow/.local/lib/python3.12/site-packages/airflow/example_dags/example_sensors.py
[2024-04-09T21:58:43.158+0000] {processor.py:840} INFO - DAG(s) 'example_sensors' retrieved from /home/airflow/.local/lib/python3.12/site-packages/airflow/example_dags/example_sensors.py
[2024-04-09T21:58:43.194+0000] {logging_mixin.py:188} INFO - [2024-04-09T21:58:43.193+0000] {dag.py:3096} INFO - Sync 1 DAGs
[2024-04-09T21:58:43.212+0000] {logging_mixin.py:188} INFO - [2024-04-09T21:58:43.211+0000] {dag.py:3954} INFO - Setting next_dagrun for example_sensors to None, run_after=None
[2024-04-09T21:58:43.379+0000] {processor.py:183} INFO - Processing /home/airflow/.local/lib/python3.12/site-packages/airflow/example_dags/example_sensors.py took 0.244 seconds
[2024-04-09T21:59:13.489+0000] {processor.py:161} INFO - Started process (PID=225) to work on /home/airflow/.local/lib/python3.12/site-packages/airflow/example_dags/example_sensors.py
[2024-04-09T21:59:13.490+0000] {processor.py:830} INFO - Processing file /home/airflow/.local/lib/python3.12/site-packages/airflow/example_dags/example_sensors.py for tasks to queue
[2024-04-09T21:59:13.494+0000] {logging_mixin.py:188} INFO - [2024-04-09T21:59:13.493+0000] {dagbag.py:540} INFO - Filling up the DagBag from /home/airflow/.local/lib/python3.12/site-packages/airflow/example_dags/example_sensors.py
[2024-04-09T21:59:13.512+0000] {processor.py:840} INFO - DAG(s) 'example_sensors' retrieved from /home/airflow/.local/lib/python3.12/site-packages/airflow/example_dags/example_sensors.py
[2024-04-09T21:59:13.856+0000] {logging_mixin.py:188} INFO - [2024-04-09T21:59:13.856+0000] {dag.py:3096} INFO - Sync 1 DAGs
[2024-04-09T21:59:16.861+0000] {logging_mixin.py:188} INFO - [2024-04-09T21:59:16.861+0000] {dag.py:3954} INFO - Setting next_dagrun for example_sensors to None, run_after=None
[2024-04-09T21:59:19.356+0000] {processor.py:183} INFO - Processing /home/airflow/.local/lib/python3.12/site-packages/airflow/example_dags/example_sensors.py took 5.878 seconds
[2024-04-09T21:59:50.150+0000] {processor.py:161} INFO - Started process (PID=282) to work on /home/airflow/.local/lib/python3.12/site-packages/airflow/example_dags/example_sensors.py
[2024-04-09T21:59:50.151+0000] {processor.py:830} INFO - Processing file /home/airflow/.local/lib/python3.12/site-packages/airflow/example_dags/example_sensors.py for tasks to queue
[2024-04-09T21:59:50.154+0000] {logging_mixin.py:188} INFO - [2024-04-09T21:59:50.153+0000] {dagbag.py:540} INFO - Filling up the DagBag from /home/airflow/.local/lib/python3.12/site-packages/airflow/example_dags/example_sensors.py
[2024-04-09T21:59:50.170+0000] {processor.py:840} INFO - DAG(s) 'example_sensors' retrieved from /home/airflow/.local/lib/python3.12/site-packages/airflow/example_dags/example_sensors.py
[2024-04-09T21:59:50.221+0000] {logging_mixin.py:188} INFO - [2024-04-09T21:59:50.221+0000] {dag.py:3096} INFO - Sync 1 DAGs
[2024-04-09T21:59:50.241+0000] {logging_mixin.py:188} INFO - [2024-04-09T21:59:50.240+0000] {dag.py:3954} INFO - Setting next_dagrun for example_sensors to None, run_after=None
[2024-04-09T21:59:50.415+0000] {processor.py:183} INFO - Processing /home/airflow/.local/lib/python3.12/site-packages/airflow/example_dags/example_sensors.py took 0.278 seconds
[2024-04-09T22:00:20.811+0000] {processor.py:161} INFO - Started process (PID=340) to work on /home/airflow/.local/lib/python3.12/site-packages/airflow/example_dags/example_sensors.py
[2024-04-09T22:00:20.813+0000] {processor.py:830} INFO - Processing file /home/airflow/.local/lib/python3.12/site-packages/airflow/example_dags/example_sensors.py for tasks to queue
[2024-04-09T22:00:20.816+0000] {logging_mixin.py:188} INFO - [2024-04-09T22:00:20.815+0000] {dagbag.py:540} INFO - Filling up the DagBag from /home/airflow/.local/lib/python3.12/site-packages/airflow/example_dags/example_sensors.py
[2024-04-09T22:00:20.827+0000] {processor.py:840} INFO - DAG(s) 'example_sensors' retrieved from /home/airflow/.local/lib/python3.12/site-packages/airflow/example_dags/example_sensors.py
[2024-04-09T22:00:20.919+0000] {logging_mixin.py:188} INFO - [2024-04-09T22:00:20.918+0000] {dag.py:3096} INFO - Sync 1 DAGs
[2024-04-09T22:00:20.937+0000] {logging_mixin.py:188} INFO - [2024-04-09T22:00:20.937+0000] {dag.py:3954} INFO - Setting next_dagrun for example_sensors to None, run_after=None
[2024-04-09T22:00:21.248+0000] {processor.py:183} INFO - Processing /home/airflow/.local/lib/python3.12/site-packages/airflow/example_dags/example_sensors.py took 0.444 seconds
[2024-04-09T22:00:52.775+0000] {processor.py:161} INFO - Started process (PID=404) to work on /home/airflow/.local/lib/python3.12/site-packages/airflow/example_dags/example_sensors.py
[2024-04-09T22:00:52.776+0000] {processor.py:830} INFO - Processing file /home/airflow/.local/lib/python3.12/site-packages/airflow/example_dags/example_sensors.py for tasks to queue
[2024-04-09T22:00:52.778+0000] {logging_mixin.py:188} INFO - [2024-04-09T22:00:52.778+0000] {dagbag.py:540} INFO - Filling up the DagBag from /home/airflow/.local/lib/python3.12/site-packages/airflow/example_dags/example_sensors.py
[2024-04-09T22:00:52.790+0000] {processor.py:840} INFO - DAG(s) 'example_sensors' retrieved from /home/airflow/.local/lib/python3.12/site-packages/airflow/example_dags/example_sensors.py
[2024-04-09T22:00:52.830+0000] {logging_mixin.py:188} INFO - [2024-04-09T22:00:52.830+0000] {dag.py:3096} INFO - Sync 1 DAGs
[2024-04-09T22:00:52.850+0000] {logging_mixin.py:188} INFO - [2024-04-09T22:00:52.850+0000] {dag.py:3954} INFO - Setting next_dagrun for example_sensors to None, run_after=None
[2024-04-09T22:00:53.036+0000] {processor.py:183} INFO - Processing /home/airflow/.local/lib/python3.12/site-packages/airflow/example_dags/example_sensors.py took 0.269 seconds
[2024-04-09T22:01:23.123+0000] {processor.py:161} INFO - Started process (PID=461) to work on /home/airflow/.local/lib/python3.12/site-packages/airflow/example_dags/example_sensors.py
[2024-04-09T22:01:23.124+0000] {processor.py:830} INFO - Processing file /home/airflow/.local/lib/python3.12/site-packages/airflow/example_dags/example_sensors.py for tasks to queue
[2024-04-09T22:01:23.127+0000] {logging_mixin.py:188} INFO - [2024-04-09T22:01:23.127+0000] {dagbag.py:540} INFO - Filling up the DagBag from /home/airflow/.local/lib/python3.12/site-packages/airflow/example_dags/example_sensors.py
[2024-04-09T22:01:23.140+0000] {processor.py:840} INFO - DAG(s) 'example_sensors' retrieved from /home/airflow/.local/lib/python3.12/site-packages/airflow/example_dags/example_sensors.py
[2024-04-09T22:01:23.186+0000] {logging_mixin.py:188} INFO - [2024-04-09T22:01:23.185+0000] {dag.py:3096} INFO - Sync 1 DAGs
[2024-04-09T22:01:23.205+0000] {logging_mixin.py:188} INFO - [2024-04-09T22:01:23.205+0000] {dag.py:3954} INFO - Setting next_dagrun for example_sensors to None, run_after=None
[2024-04-09T22:01:23.479+0000] {processor.py:183} INFO - Processing /home/airflow/.local/lib/python3.12/site-packages/airflow/example_dags/example_sensors.py took 0.364 seconds
[2024-04-09T22:01:54.669+0000] {processor.py:161} INFO - Started process (PID=518) to work on /home/airflow/.local/lib/python3.12/site-packages/airflow/example_dags/example_sensors.py
[2024-04-09T22:01:54.670+0000] {processor.py:830} INFO - Processing file /home/airflow/.local/lib/python3.12/site-packages/airflow/example_dags/example_sensors.py for tasks to queue
[2024-04-09T22:01:54.673+0000] {logging_mixin.py:188} INFO - [2024-04-09T22:01:54.673+0000] {dagbag.py:540} INFO - Filling up the DagBag from /home/airflow/.local/lib/python3.12/site-packages/airflow/example_dags/example_sensors.py
[2024-04-09T22:01:54.686+0000] {processor.py:840} INFO - DAG(s) 'example_sensors' retrieved from /home/airflow/.local/lib/python3.12/site-packages/airflow/example_dags/example_sensors.py
[2024-04-09T22:01:54.742+0000] {logging_mixin.py:188} INFO - [2024-04-09T22:01:54.742+0000] {dag.py:3096} INFO - Sync 1 DAGs
[2024-04-09T22:01:54.759+0000] {logging_mixin.py:188} INFO - [2024-04-09T22:01:54.759+0000] {dag.py:3954} INFO - Setting next_dagrun for example_sensors to None, run_after=None
[2024-04-09T22:01:54.914+0000] {processor.py:183} INFO - Processing /home/airflow/.local/lib/python3.12/site-packages/airflow/example_dags/example_sensors.py took 0.256 seconds
[2024-04-09T22:02:25.044+0000] {processor.py:161} INFO - Started process (PID=576) to work on /home/airflow/.local/lib/python3.12/site-packages/airflow/example_dags/example_sensors.py
[2024-04-09T22:02:26.744+0000] {processor.py:830} INFO - Processing file /home/airflow/.local/lib/python3.12/site-packages/airflow/example_dags/example_sensors.py for tasks to queue
[2024-04-09T22:02:26.746+0000] {logging_mixin.py:188} INFO - [2024-04-09T22:02:26.746+0000] {dagbag.py:540} INFO - Filling up the DagBag from /home/airflow/.local/lib/python3.12/site-packages/airflow/example_dags/example_sensors.py
[2024-04-09T22:02:26.761+0000] {processor.py:840} INFO - DAG(s) 'example_sensors' retrieved from /home/airflow/.local/lib/python3.12/site-packages/airflow/example_dags/example_sensors.py
[2024-04-09T22:02:26.809+0000] {logging_mixin.py:188} INFO - [2024-04-09T22:02:26.808+0000] {dag.py:3096} INFO - Sync 1 DAGs
[2024-04-09T22:02:26.835+0000] {logging_mixin.py:188} INFO - [2024-04-09T22:02:26.835+0000] {dag.py:3954} INFO - Setting next_dagrun for example_sensors to None, run_after=None
[2024-04-09T22:02:28.604+0000] {processor.py:183} INFO - Processing /home/airflow/.local/lib/python3.12/site-packages/airflow/example_dags/example_sensors.py took 3.573 seconds
[2024-04-09T22:03:20.804+0000] {processor.py:161} INFO - Started process (PID=609) to work on /home/airflow/.local/lib/python3.12/site-packages/airflow/example_dags/example_sensors.py
[2024-04-09T22:03:20.805+0000] {processor.py:830} INFO - Processing file /home/airflow/.local/lib/python3.12/site-packages/airflow/example_dags/example_sensors.py for tasks to queue
[2024-04-09T22:03:20.808+0000] {logging_mixin.py:188} INFO - [2024-04-09T22:03:20.808+0000] {dagbag.py:540} INFO - Filling up the DagBag from /home/airflow/.local/lib/python3.12/site-packages/airflow/example_dags/example_sensors.py
[2024-04-09T22:03:20.820+0000] {processor.py:840} INFO - DAG(s) 'example_sensors' retrieved from /home/airflow/.local/lib/python3.12/site-packages/airflow/example_dags/example_sensors.py
[2024-04-09T22:03:20.859+0000] {logging_mixin.py:188} INFO - [2024-04-09T22:03:20.858+0000] {dag.py:3096} INFO - Sync 1 DAGs
[2024-04-09T22:03:20.877+0000] {logging_mixin.py:188} INFO - [2024-04-09T22:03:20.876+0000] {dag.py:3954} INFO - Setting next_dagrun for example_sensors to None, run_after=None
[2024-04-09T22:03:21.142+0000] {processor.py:183} INFO - Processing /home/airflow/.local/lib/python3.12/site-packages/airflow/example_dags/example_sensors.py took 0.346 seconds
[2024-04-09T22:03:55.981+0000] {processor.py:161} INFO - Started process (PID=673) to work on /home/airflow/.local/lib/python3.12/site-packages/airflow/example_dags/example_sensors.py
[2024-04-09T22:03:55.982+0000] {processor.py:830} INFO - Processing file /home/airflow/.local/lib/python3.12/site-packages/airflow/example_dags/example_sensors.py for tasks to queue
[2024-04-09T22:03:55.984+0000] {logging_mixin.py:188} INFO - [2024-04-09T22:03:55.984+0000] {dagbag.py:540} INFO - Filling up the DagBag from /home/airflow/.local/lib/python3.12/site-packages/airflow/example_dags/example_sensors.py
[2024-04-09T22:03:55.998+0000] {processor.py:840} INFO - DAG(s) 'example_sensors' retrieved from /home/airflow/.local/lib/python3.12/site-packages/airflow/example_dags/example_sensors.py
[2024-04-09T22:03:56.036+0000] {logging_mixin.py:188} INFO - [2024-04-09T22:03:56.036+0000] {dag.py:3096} INFO - Sync 1 DAGs
[2024-04-09T22:03:56.062+0000] {logging_mixin.py:188} INFO - [2024-04-09T22:03:56.061+0000] {dag.py:3954} INFO - Setting next_dagrun for example_sensors to None, run_after=None
[2024-04-09T22:03:56.248+0000] {processor.py:183} INFO - Processing /home/airflow/.local/lib/python3.12/site-packages/airflow/example_dags/example_sensors.py took 0.275 seconds
[2024-04-09T22:04:26.809+0000] {processor.py:161} INFO - Started process (PID=731) to work on /home/airflow/.local/lib/python3.12/site-packages/airflow/example_dags/example_sensors.py
[2024-04-09T22:04:26.811+0000] {processor.py:830} INFO - Processing file /home/airflow/.local/lib/python3.12/site-packages/airflow/example_dags/example_sensors.py for tasks to queue
[2024-04-09T22:04:26.814+0000] {logging_mixin.py:188} INFO - [2024-04-09T22:04:26.813+0000] {dagbag.py:540} INFO - Filling up the DagBag from /home/airflow/.local/lib/python3.12/site-packages/airflow/example_dags/example_sensors.py
[2024-04-09T22:04:26.827+0000] {processor.py:840} INFO - DAG(s) 'example_sensors' retrieved from /home/airflow/.local/lib/python3.12/site-packages/airflow/example_dags/example_sensors.py
[2024-04-09T22:04:26.871+0000] {logging_mixin.py:188} INFO - [2024-04-09T22:04:26.871+0000] {dag.py:3096} INFO - Sync 1 DAGs
[2024-04-09T22:04:26.890+0000] {logging_mixin.py:188} INFO - [2024-04-09T22:04:26.890+0000] {dag.py:3954} INFO - Setting next_dagrun for example_sensors to None, run_after=None
[2024-04-09T22:04:26.984+0000] {processor.py:183} INFO - Processing /home/airflow/.local/lib/python3.12/site-packages/airflow/example_dags/example_sensors.py took 0.185 seconds
[2024-04-09T22:04:59.721+0000] {processor.py:161} INFO - Started process (PID=789) to work on /home/airflow/.local/lib/python3.12/site-packages/airflow/example_dags/example_sensors.py
[2024-04-09T22:04:59.722+0000] {processor.py:830} INFO - Processing file /home/airflow/.local/lib/python3.12/site-packages/airflow/example_dags/example_sensors.py for tasks to queue
[2024-04-09T22:04:59.725+0000] {logging_mixin.py:188} INFO - [2024-04-09T22:04:59.725+0000] {dagbag.py:540} INFO - Filling up the DagBag from /home/airflow/.local/lib/python3.12/site-packages/airflow/example_dags/example_sensors.py
[2024-04-09T22:04:59.738+0000] {processor.py:840} INFO - DAG(s) 'example_sensors' retrieved from /home/airflow/.local/lib/python3.12/site-packages/airflow/example_dags/example_sensors.py
[2024-04-09T22:04:59.774+0000] {logging_mixin.py:188} INFO - [2024-04-09T22:04:59.774+0000] {dag.py:3096} INFO - Sync 1 DAGs
[2024-04-09T22:04:59.792+0000] {logging_mixin.py:188} INFO - [2024-04-09T22:04:59.792+0000] {dag.py:3954} INFO - Setting next_dagrun for example_sensors to None, run_after=None
[2024-04-09T22:04:59.912+0000] {processor.py:183} INFO - Processing /home/airflow/.local/lib/python3.12/site-packages/airflow/example_dags/example_sensors.py took 0.199 seconds
[2024-04-09T22:05:30.227+0000] {processor.py:161} INFO - Started process (PID=847) to work on /home/airflow/.local/lib/python3.12/site-packages/airflow/example_dags/example_sensors.py
[2024-04-09T22:05:30.228+0000] {processor.py:830} INFO - Processing file /home/airflow/.local/lib/python3.12/site-packages/airflow/example_dags/example_sensors.py for tasks to queue
[2024-04-09T22:05:30.231+0000] {logging_mixin.py:188} INFO - [2024-04-09T22:05:30.231+0000] {dagbag.py:540} INFO - Filling up the DagBag from /home/airflow/.local/lib/python3.12/site-packages/airflow/example_dags/example_sensors.py
[2024-04-09T22:05:30.248+0000] {processor.py:840} INFO - DAG(s) 'example_sensors' retrieved from /home/airflow/.local/lib/python3.12/site-packages/airflow/example_dags/example_sensors.py
[2024-04-09T22:05:30.282+0000] {logging_mixin.py:188} INFO - [2024-04-09T22:05:30.282+0000] {dag.py:3096} INFO - Sync 1 DAGs
[2024-04-09T22:05:30.301+0000] {logging_mixin.py:188} INFO - [2024-04-09T22:05:30.301+0000] {dag.py:3954} INFO - Setting next_dagrun for example_sensors to None, run_after=None
[2024-04-09T22:05:30.377+0000] {processor.py:183} INFO - Processing /home/airflow/.local/lib/python3.12/site-packages/airflow/example_dags/example_sensors.py took 0.160 seconds
[2024-04-09T22:06:00.672+0000] {processor.py:161} INFO - Started process (PID=902) to work on /home/airflow/.local/lib/python3.12/site-packages/airflow/example_dags/example_sensors.py
[2024-04-09T22:06:00.674+0000] {processor.py:830} INFO - Processing file /home/airflow/.local/lib/python3.12/site-packages/airflow/example_dags/example_sensors.py for tasks to queue
[2024-04-09T22:06:00.676+0000] {logging_mixin.py:188} INFO - [2024-04-09T22:06:00.676+0000] {dagbag.py:540} INFO - Filling up the DagBag from /home/airflow/.local/lib/python3.12/site-packages/airflow/example_dags/example_sensors.py
[2024-04-09T22:06:00.688+0000] {processor.py:840} INFO - DAG(s) 'example_sensors' retrieved from /home/airflow/.local/lib/python3.12/site-packages/airflow/example_dags/example_sensors.py
[2024-04-09T22:06:00.726+0000] {logging_mixin.py:188} INFO - [2024-04-09T22:06:00.726+0000] {dag.py:3096} INFO - Sync 1 DAGs
[2024-04-09T22:06:00.743+0000] {logging_mixin.py:188} INFO - [2024-04-09T22:06:00.743+0000] {dag.py:3954} INFO - Setting next_dagrun for example_sensors to None, run_after=None
[2024-04-09T22:06:00.798+0000] {processor.py:183} INFO - Processing /home/airflow/.local/lib/python3.12/site-packages/airflow/example_dags/example_sensors.py took 0.134 seconds
[2024-04-09T22:06:31.278+0000] {processor.py:161} INFO - Started process (PID=960) to work on /home/airflow/.local/lib/python3.12/site-packages/airflow/example_dags/example_sensors.py
[2024-04-09T22:06:31.279+0000] {processor.py:830} INFO - Processing file /home/airflow/.local/lib/python3.12/site-packages/airflow/example_dags/example_sensors.py for tasks to queue
[2024-04-09T22:06:31.282+0000] {logging_mixin.py:188} INFO - [2024-04-09T22:06:31.281+0000] {dagbag.py:540} INFO - Filling up the DagBag from /home/airflow/.local/lib/python3.12/site-packages/airflow/example_dags/example_sensors.py
[2024-04-09T22:06:31.297+0000] {processor.py:840} INFO - DAG(s) 'example_sensors' retrieved from /home/airflow/.local/lib/python3.12/site-packages/airflow/example_dags/example_sensors.py
[2024-04-09T22:06:31.349+0000] {logging_mixin.py:188} INFO - [2024-04-09T22:06:31.348+0000] {dag.py:3096} INFO - Sync 1 DAGs
[2024-04-09T22:06:31.379+0000] {logging_mixin.py:188} INFO - [2024-04-09T22:06:31.379+0000] {dag.py:3954} INFO - Setting next_dagrun for example_sensors to None, run_after=None
[2024-04-09T22:06:31.630+0000] {processor.py:183} INFO - Processing /home/airflow/.local/lib/python3.12/site-packages/airflow/example_dags/example_sensors.py took 0.366 seconds
[2024-04-09T22:07:02.087+0000] {processor.py:161} INFO - Started process (PID=1018) to work on /home/airflow/.local/lib/python3.12/site-packages/airflow/example_dags/example_sensors.py
[2024-04-09T22:07:02.091+0000] {processor.py:830} INFO - Processing file /home/airflow/.local/lib/python3.12/site-packages/airflow/example_dags/example_sensors.py for tasks to queue
[2024-04-09T22:07:02.095+0000] {logging_mixin.py:188} INFO - [2024-04-09T22:07:02.094+0000] {dagbag.py:540} INFO - Filling up the DagBag from /home/airflow/.local/lib/python3.12/site-packages/airflow/example_dags/example_sensors.py
[2024-04-09T22:07:02.112+0000] {processor.py:840} INFO - DAG(s) 'example_sensors' retrieved from /home/airflow/.local/lib/python3.12/site-packages/airflow/example_dags/example_sensors.py
[2024-04-09T22:07:02.158+0000] {logging_mixin.py:188} INFO - [2024-04-09T22:07:02.158+0000] {dag.py:3096} INFO - Sync 1 DAGs
[2024-04-09T22:07:02.178+0000] {logging_mixin.py:188} INFO - [2024-04-09T22:07:02.178+0000] {dag.py:3954} INFO - Setting next_dagrun for example_sensors to None, run_after=None
[2024-04-09T22:07:02.280+0000] {processor.py:183} INFO - Processing /home/airflow/.local/lib/python3.12/site-packages/airflow/example_dags/example_sensors.py took 0.218 seconds
[2024-04-09T22:07:32.358+0000] {processor.py:161} INFO - Started process (PID=1076) to work on /home/airflow/.local/lib/python3.12/site-packages/airflow/example_dags/example_sensors.py
[2024-04-09T22:07:32.360+0000] {processor.py:830} INFO - Processing file /home/airflow/.local/lib/python3.12/site-packages/airflow/example_dags/example_sensors.py for tasks to queue
[2024-04-09T22:07:32.364+0000] {logging_mixin.py:188} INFO - [2024-04-09T22:07:32.363+0000] {dagbag.py:540} INFO - Filling up the DagBag from /home/airflow/.local/lib/python3.12/site-packages/airflow/example_dags/example_sensors.py
[2024-04-09T22:07:32.380+0000] {processor.py:840} INFO - DAG(s) 'example_sensors' retrieved from /home/airflow/.local/lib/python3.12/site-packages/airflow/example_dags/example_sensors.py
[2024-04-09T22:07:32.416+0000] {logging_mixin.py:188} INFO - [2024-04-09T22:07:32.416+0000] {dag.py:3096} INFO - Sync 1 DAGs
[2024-04-09T22:07:32.434+0000] {logging_mixin.py:188} INFO - [2024-04-09T22:07:32.434+0000] {dag.py:3954} INFO - Setting next_dagrun for example_sensors to None, run_after=None
[2024-04-09T22:07:32.485+0000] {processor.py:183} INFO - Processing /home/airflow/.local/lib/python3.12/site-packages/airflow/example_dags/example_sensors.py took 0.136 seconds
[2024-04-09T22:08:02.889+0000] {processor.py:161} INFO - Started process (PID=1135) to work on /home/airflow/.local/lib/python3.12/site-packages/airflow/example_dags/example_sensors.py
[2024-04-09T22:08:02.891+0000] {processor.py:830} INFO - Processing file /home/airflow/.local/lib/python3.12/site-packages/airflow/example_dags/example_sensors.py for tasks to queue
[2024-04-09T22:08:02.894+0000] {logging_mixin.py:188} INFO - [2024-04-09T22:08:02.894+0000] {dagbag.py:540} INFO - Filling up the DagBag from /home/airflow/.local/lib/python3.12/site-packages/airflow/example_dags/example_sensors.py
[2024-04-09T22:08:02.907+0000] {processor.py:840} INFO - DAG(s) 'example_sensors' retrieved from /home/airflow/.local/lib/python3.12/site-packages/airflow/example_dags/example_sensors.py
[2024-04-09T22:08:03.105+0000] {logging_mixin.py:188} INFO - [2024-04-09T22:08:03.104+0000] {dag.py:3096} INFO - Sync 1 DAGs
[2024-04-09T22:08:03.118+0000] {logging_mixin.py:188} INFO - [2024-04-09T22:08:03.118+0000] {dag.py:3954} INFO - Setting next_dagrun for example_sensors to None, run_after=None
[2024-04-09T22:08:03.174+0000] {processor.py:183} INFO - Processing /home/airflow/.local/lib/python3.12/site-packages/airflow/example_dags/example_sensors.py took 0.294 seconds
[2024-04-09T22:08:33.492+0000] {processor.py:161} INFO - Started process (PID=1193) to work on /home/airflow/.local/lib/python3.12/site-packages/airflow/example_dags/example_sensors.py
[2024-04-09T22:08:33.494+0000] {processor.py:830} INFO - Processing file /home/airflow/.local/lib/python3.12/site-packages/airflow/example_dags/example_sensors.py for tasks to queue
[2024-04-09T22:08:33.497+0000] {logging_mixin.py:188} INFO - [2024-04-09T22:08:33.496+0000] {dagbag.py:540} INFO - Filling up the DagBag from /home/airflow/.local/lib/python3.12/site-packages/airflow/example_dags/example_sensors.py
[2024-04-09T22:08:33.509+0000] {processor.py:840} INFO - DAG(s) 'example_sensors' retrieved from /home/airflow/.local/lib/python3.12/site-packages/airflow/example_dags/example_sensors.py
[2024-04-09T22:08:33.546+0000] {logging_mixin.py:188} INFO - [2024-04-09T22:08:33.545+0000] {dag.py:3096} INFO - Sync 1 DAGs
[2024-04-09T22:08:33.563+0000] {logging_mixin.py:188} INFO - [2024-04-09T22:08:33.563+0000] {dag.py:3954} INFO - Setting next_dagrun for example_sensors to None, run_after=None
[2024-04-09T22:08:33.618+0000] {processor.py:183} INFO - Processing /home/airflow/.local/lib/python3.12/site-packages/airflow/example_dags/example_sensors.py took 0.138 seconds
[2024-04-09T22:09:04.320+0000] {processor.py:161} INFO - Started process (PID=1251) to work on /home/airflow/.local/lib/python3.12/site-packages/airflow/example_dags/example_sensors.py
[2024-04-09T22:09:04.322+0000] {processor.py:830} INFO - Processing file /home/airflow/.local/lib/python3.12/site-packages/airflow/example_dags/example_sensors.py for tasks to queue
[2024-04-09T22:09:04.326+0000] {logging_mixin.py:188} INFO - [2024-04-09T22:09:04.325+0000] {dagbag.py:540} INFO - Filling up the DagBag from /home/airflow/.local/lib/python3.12/site-packages/airflow/example_dags/example_sensors.py
[2024-04-09T22:09:04.339+0000] {processor.py:840} INFO - DAG(s) 'example_sensors' retrieved from /home/airflow/.local/lib/python3.12/site-packages/airflow/example_dags/example_sensors.py
[2024-04-09T22:09:04.380+0000] {logging_mixin.py:188} INFO - [2024-04-09T22:09:04.379+0000] {dag.py:3096} INFO - Sync 1 DAGs
[2024-04-09T22:09:04.399+0000] {logging_mixin.py:188} INFO - [2024-04-09T22:09:04.399+0000] {dag.py:3954} INFO - Setting next_dagrun for example_sensors to None, run_after=None
[2024-04-09T22:09:04.499+0000] {processor.py:183} INFO - Processing /home/airflow/.local/lib/python3.12/site-packages/airflow/example_dags/example_sensors.py took 0.191 seconds
[2024-04-09T22:09:34.822+0000] {processor.py:161} INFO - Started process (PID=1309) to work on /home/airflow/.local/lib/python3.12/site-packages/airflow/example_dags/example_sensors.py
[2024-04-09T22:09:34.823+0000] {processor.py:830} INFO - Processing file /home/airflow/.local/lib/python3.12/site-packages/airflow/example_dags/example_sensors.py for tasks to queue
[2024-04-09T22:09:34.827+0000] {logging_mixin.py:188} INFO - [2024-04-09T22:09:34.826+0000] {dagbag.py:540} INFO - Filling up the DagBag from /home/airflow/.local/lib/python3.12/site-packages/airflow/example_dags/example_sensors.py
[2024-04-09T22:09:34.846+0000] {processor.py:840} INFO - DAG(s) 'example_sensors' retrieved from /home/airflow/.local/lib/python3.12/site-packages/airflow/example_dags/example_sensors.py
[2024-04-09T22:09:34.883+0000] {logging_mixin.py:188} INFO - [2024-04-09T22:09:34.883+0000] {dag.py:3096} INFO - Sync 1 DAGs
[2024-04-09T22:09:34.901+0000] {logging_mixin.py:188} INFO - [2024-04-09T22:09:34.901+0000] {dag.py:3954} INFO - Setting next_dagrun for example_sensors to None, run_after=None
[2024-04-09T22:09:34.959+0000] {processor.py:183} INFO - Processing /home/airflow/.local/lib/python3.12/site-packages/airflow/example_dags/example_sensors.py took 0.148 seconds
[2024-04-09T22:10:05.465+0000] {processor.py:161} INFO - Started process (PID=1367) to work on /home/airflow/.local/lib/python3.12/site-packages/airflow/example_dags/example_sensors.py
[2024-04-09T22:10:05.466+0000] {processor.py:830} INFO - Processing file /home/airflow/.local/lib/python3.12/site-packages/airflow/example_dags/example_sensors.py for tasks to queue
[2024-04-09T22:10:05.470+0000] {logging_mixin.py:188} INFO - [2024-04-09T22:10:05.469+0000] {dagbag.py:540} INFO - Filling up the DagBag from /home/airflow/.local/lib/python3.12/site-packages/airflow/example_dags/example_sensors.py
[2024-04-09T22:10:05.496+0000] {processor.py:840} INFO - DAG(s) 'example_sensors' retrieved from /home/airflow/.local/lib/python3.12/site-packages/airflow/example_dags/example_sensors.py
[2024-04-09T22:10:05.547+0000] {logging_mixin.py:188} INFO - [2024-04-09T22:10:05.546+0000] {dag.py:3096} INFO - Sync 1 DAGs
[2024-04-09T22:10:05.572+0000] {logging_mixin.py:188} INFO - [2024-04-09T22:10:05.571+0000] {dag.py:3954} INFO - Setting next_dagrun for example_sensors to None, run_after=None
[2024-04-09T22:10:05.680+0000] {processor.py:183} INFO - Processing /home/airflow/.local/lib/python3.12/site-packages/airflow/example_dags/example_sensors.py took 0.229 seconds
[2024-04-09T22:10:35.800+0000] {processor.py:161} INFO - Started process (PID=1425) to work on /home/airflow/.local/lib/python3.12/site-packages/airflow/example_dags/example_sensors.py
[2024-04-09T22:10:35.801+0000] {processor.py:830} INFO - Processing file /home/airflow/.local/lib/python3.12/site-packages/airflow/example_dags/example_sensors.py for tasks to queue
[2024-04-09T22:10:35.804+0000] {logging_mixin.py:188} INFO - [2024-04-09T22:10:35.804+0000] {dagbag.py:540} INFO - Filling up the DagBag from /home/airflow/.local/lib/python3.12/site-packages/airflow/example_dags/example_sensors.py
[2024-04-09T22:10:35.816+0000] {processor.py:840} INFO - DAG(s) 'example_sensors' retrieved from /home/airflow/.local/lib/python3.12/site-packages/airflow/example_dags/example_sensors.py
[2024-04-09T22:10:35.859+0000] {logging_mixin.py:188} INFO - [2024-04-09T22:10:35.858+0000] {dag.py:3096} INFO - Sync 1 DAGs
[2024-04-09T22:10:35.881+0000] {logging_mixin.py:188} INFO - [2024-04-09T22:10:35.881+0000] {dag.py:3954} INFO - Setting next_dagrun for example_sensors to None, run_after=None
[2024-04-09T22:10:35.942+0000] {processor.py:183} INFO - Processing /home/airflow/.local/lib/python3.12/site-packages/airflow/example_dags/example_sensors.py took 0.153 seconds
[2024-04-09T22:11:06.411+0000] {processor.py:161} INFO - Started process (PID=1483) to work on /home/airflow/.local/lib/python3.12/site-packages/airflow/example_dags/example_sensors.py
[2024-04-09T22:11:06.424+0000] {processor.py:830} INFO - Processing file /home/airflow/.local/lib/python3.12/site-packages/airflow/example_dags/example_sensors.py for tasks to queue
[2024-04-09T22:11:06.429+0000] {logging_mixin.py:188} INFO - [2024-04-09T22:11:06.428+0000] {dagbag.py:540} INFO - Filling up the DagBag from /home/airflow/.local/lib/python3.12/site-packages/airflow/example_dags/example_sensors.py
[2024-04-09T22:11:06.470+0000] {processor.py:840} INFO - DAG(s) 'example_sensors' retrieved from /home/airflow/.local/lib/python3.12/site-packages/airflow/example_dags/example_sensors.py
[2024-04-09T22:11:06.535+0000] {logging_mixin.py:188} INFO - [2024-04-09T22:11:06.534+0000] {dag.py:3096} INFO - Sync 1 DAGs
[2024-04-09T22:11:06.570+0000] {logging_mixin.py:188} INFO - [2024-04-09T22:11:06.570+0000] {dag.py:3954} INFO - Setting next_dagrun for example_sensors to None, run_after=None
[2024-04-09T22:11:06.656+0000] {processor.py:183} INFO - Processing /home/airflow/.local/lib/python3.12/site-packages/airflow/example_dags/example_sensors.py took 0.280 seconds
[2024-04-09T22:11:37.343+0000] {processor.py:161} INFO - Started process (PID=1541) to work on /home/airflow/.local/lib/python3.12/site-packages/airflow/example_dags/example_sensors.py
[2024-04-09T22:11:37.344+0000] {processor.py:830} INFO - Processing file /home/airflow/.local/lib/python3.12/site-packages/airflow/example_dags/example_sensors.py for tasks to queue
[2024-04-09T22:11:37.347+0000] {logging_mixin.py:188} INFO - [2024-04-09T22:11:37.347+0000] {dagbag.py:540} INFO - Filling up the DagBag from /home/airflow/.local/lib/python3.12/site-packages/airflow/example_dags/example_sensors.py
[2024-04-09T22:11:37.361+0000] {processor.py:840} INFO - DAG(s) 'example_sensors' retrieved from /home/airflow/.local/lib/python3.12/site-packages/airflow/example_dags/example_sensors.py
[2024-04-09T22:11:37.421+0000] {logging_mixin.py:188} INFO - [2024-04-09T22:11:37.421+0000] {dag.py:3096} INFO - Sync 1 DAGs
[2024-04-09T22:11:37.445+0000] {logging_mixin.py:188} INFO - [2024-04-09T22:11:37.445+0000] {dag.py:3954} INFO - Setting next_dagrun for example_sensors to None, run_after=None
[2024-04-09T22:11:37.514+0000] {processor.py:183} INFO - Processing /home/airflow/.local/lib/python3.12/site-packages/airflow/example_dags/example_sensors.py took 0.189 seconds
