[2024-04-09T21:57:57.233+0000] {processor.py:161} INFO - Started process (PID=95) to work on /home/airflow/.local/lib/python3.12/site-packages/airflow/example_dags/example_short_circuit_operator.py
[2024-04-09T21:57:57.235+0000] {processor.py:830} INFO - Processing file /home/airflow/.local/lib/python3.12/site-packages/airflow/example_dags/example_short_circuit_operator.py for tasks to queue
[2024-04-09T21:57:57.240+0000] {logging_mixin.py:188} INFO - [2024-04-09T21:57:57.239+0000] {dagbag.py:540} INFO - Filling up the DagBag from /home/airflow/.local/lib/python3.12/site-packages/airflow/example_dags/example_short_circuit_operator.py
[2024-04-09T21:57:57.350+0000] {processor.py:840} INFO - DAG(s) 'example_short_circuit_operator' retrieved from /home/airflow/.local/lib/python3.12/site-packages/airflow/example_dags/example_short_circuit_operator.py
[2024-04-09T21:57:57.892+0000] {logging_mixin.py:188} INFO - [2024-04-09T21:57:57.891+0000] {dag.py:3096} INFO - Sync 1 DAGs
[2024-04-09T21:57:58.004+0000] {logging_mixin.py:188} INFO - [2024-04-09T21:57:58.003+0000] {dag.py:3954} INFO - Setting next_dagrun for example_short_circuit_operator to 2024-04-08 00:00:00+00:00, run_after=2024-04-09 00:00:00+00:00
[2024-04-09T21:57:58.863+0000] {processor.py:183} INFO - Processing /home/airflow/.local/lib/python3.12/site-packages/airflow/example_dags/example_short_circuit_operator.py took 1.063 seconds
[2024-04-09T21:58:29.492+0000] {processor.py:161} INFO - Started process (PID=153) to work on /home/airflow/.local/lib/python3.12/site-packages/airflow/example_dags/example_short_circuit_operator.py
[2024-04-09T21:58:29.494+0000] {processor.py:830} INFO - Processing file /home/airflow/.local/lib/python3.12/site-packages/airflow/example_dags/example_short_circuit_operator.py for tasks to queue
[2024-04-09T21:58:29.503+0000] {logging_mixin.py:188} INFO - [2024-04-09T21:58:29.497+0000] {dagbag.py:540} INFO - Filling up the DagBag from /home/airflow/.local/lib/python3.12/site-packages/airflow/example_dags/example_short_circuit_operator.py
[2024-04-09T21:58:29.515+0000] {processor.py:840} INFO - DAG(s) 'example_short_circuit_operator' retrieved from /home/airflow/.local/lib/python3.12/site-packages/airflow/example_dags/example_short_circuit_operator.py
[2024-04-09T21:58:29.555+0000] {logging_mixin.py:188} INFO - [2024-04-09T21:58:29.555+0000] {dag.py:3096} INFO - Sync 1 DAGs
[2024-04-09T21:58:29.642+0000] {logging_mixin.py:188} INFO - [2024-04-09T21:58:29.642+0000] {dag.py:3954} INFO - Setting next_dagrun for example_short_circuit_operator to 2024-04-08 00:00:00+00:00, run_after=2024-04-09 00:00:00+00:00
[2024-04-09T21:58:29.793+0000] {processor.py:183} INFO - Processing /home/airflow/.local/lib/python3.12/site-packages/airflow/example_dags/example_short_circuit_operator.py took 0.322 seconds
[2024-04-09T21:59:00.561+0000] {processor.py:161} INFO - Started process (PID=209) to work on /home/airflow/.local/lib/python3.12/site-packages/airflow/example_dags/example_short_circuit_operator.py
[2024-04-09T21:59:00.566+0000] {processor.py:830} INFO - Processing file /home/airflow/.local/lib/python3.12/site-packages/airflow/example_dags/example_short_circuit_operator.py for tasks to queue
[2024-04-09T21:59:00.575+0000] {logging_mixin.py:188} INFO - [2024-04-09T21:59:00.574+0000] {dagbag.py:540} INFO - Filling up the DagBag from /home/airflow/.local/lib/python3.12/site-packages/airflow/example_dags/example_short_circuit_operator.py
[2024-04-09T21:59:00.598+0000] {processor.py:840} INFO - DAG(s) 'example_short_circuit_operator' retrieved from /home/airflow/.local/lib/python3.12/site-packages/airflow/example_dags/example_short_circuit_operator.py
[2024-04-09T21:59:00.658+0000] {logging_mixin.py:188} INFO - [2024-04-09T21:59:00.657+0000] {dag.py:3096} INFO - Sync 1 DAGs
[2024-04-09T21:59:00.795+0000] {logging_mixin.py:188} INFO - [2024-04-09T21:59:00.794+0000] {dag.py:3954} INFO - Setting next_dagrun for example_short_circuit_operator to 2024-04-08 00:00:00+00:00, run_after=2024-04-09 00:00:00+00:00
[2024-04-09T21:59:01.071+0000] {processor.py:183} INFO - Processing /home/airflow/.local/lib/python3.12/site-packages/airflow/example_dags/example_short_circuit_operator.py took 0.526 seconds
[2024-04-09T21:59:31.314+0000] {processor.py:161} INFO - Started process (PID=267) to work on /home/airflow/.local/lib/python3.12/site-packages/airflow/example_dags/example_short_circuit_operator.py
[2024-04-09T21:59:31.316+0000] {processor.py:830} INFO - Processing file /home/airflow/.local/lib/python3.12/site-packages/airflow/example_dags/example_short_circuit_operator.py for tasks to queue
[2024-04-09T21:59:31.319+0000] {logging_mixin.py:188} INFO - [2024-04-09T21:59:31.318+0000] {dagbag.py:540} INFO - Filling up the DagBag from /home/airflow/.local/lib/python3.12/site-packages/airflow/example_dags/example_short_circuit_operator.py
[2024-04-09T21:59:31.329+0000] {processor.py:840} INFO - DAG(s) 'example_short_circuit_operator' retrieved from /home/airflow/.local/lib/python3.12/site-packages/airflow/example_dags/example_short_circuit_operator.py
[2024-04-09T21:59:31.363+0000] {logging_mixin.py:188} INFO - [2024-04-09T21:59:31.362+0000] {dag.py:3096} INFO - Sync 1 DAGs
[2024-04-09T21:59:31.396+0000] {logging_mixin.py:188} INFO - [2024-04-09T21:59:31.396+0000] {dag.py:3954} INFO - Setting next_dagrun for example_short_circuit_operator to 2024-04-08 00:00:00+00:00, run_after=2024-04-09 00:00:00+00:00
[2024-04-09T21:59:31.738+0000] {processor.py:183} INFO - Processing /home/airflow/.local/lib/python3.12/site-packages/airflow/example_dags/example_short_circuit_operator.py took 0.432 seconds
[2024-04-09T22:00:12.136+0000] {processor.py:161} INFO - Started process (PID=331) to work on /home/airflow/.local/lib/python3.12/site-packages/airflow/example_dags/example_short_circuit_operator.py
[2024-04-09T22:00:12.137+0000] {processor.py:830} INFO - Processing file /home/airflow/.local/lib/python3.12/site-packages/airflow/example_dags/example_short_circuit_operator.py for tasks to queue
[2024-04-09T22:00:12.140+0000] {logging_mixin.py:188} INFO - [2024-04-09T22:00:12.139+0000] {dagbag.py:540} INFO - Filling up the DagBag from /home/airflow/.local/lib/python3.12/site-packages/airflow/example_dags/example_short_circuit_operator.py
[2024-04-09T22:00:12.149+0000] {processor.py:840} INFO - DAG(s) 'example_short_circuit_operator' retrieved from /home/airflow/.local/lib/python3.12/site-packages/airflow/example_dags/example_short_circuit_operator.py
[2024-04-09T22:00:12.184+0000] {logging_mixin.py:188} INFO - [2024-04-09T22:00:12.183+0000] {dag.py:3096} INFO - Sync 1 DAGs
[2024-04-09T22:00:12.212+0000] {logging_mixin.py:188} INFO - [2024-04-09T22:00:12.212+0000] {dag.py:3954} INFO - Setting next_dagrun for example_short_circuit_operator to 2024-04-08 00:00:00+00:00, run_after=2024-04-09 00:00:00+00:00
[2024-04-09T22:00:12.450+0000] {processor.py:183} INFO - Processing /home/airflow/.local/lib/python3.12/site-packages/airflow/example_dags/example_short_circuit_operator.py took 0.322 seconds
[2024-04-09T22:00:51.826+0000] {processor.py:161} INFO - Started process (PID=396) to work on /home/airflow/.local/lib/python3.12/site-packages/airflow/example_dags/example_short_circuit_operator.py
[2024-04-09T22:00:51.827+0000] {processor.py:830} INFO - Processing file /home/airflow/.local/lib/python3.12/site-packages/airflow/example_dags/example_short_circuit_operator.py for tasks to queue
[2024-04-09T22:00:51.830+0000] {logging_mixin.py:188} INFO - [2024-04-09T22:00:51.829+0000] {dagbag.py:540} INFO - Filling up the DagBag from /home/airflow/.local/lib/python3.12/site-packages/airflow/example_dags/example_short_circuit_operator.py
[2024-04-09T22:00:51.839+0000] {processor.py:840} INFO - DAG(s) 'example_short_circuit_operator' retrieved from /home/airflow/.local/lib/python3.12/site-packages/airflow/example_dags/example_short_circuit_operator.py
[2024-04-09T22:00:51.871+0000] {logging_mixin.py:188} INFO - [2024-04-09T22:00:51.871+0000] {dag.py:3096} INFO - Sync 1 DAGs
[2024-04-09T22:00:51.900+0000] {logging_mixin.py:188} INFO - [2024-04-09T22:00:51.900+0000] {dag.py:3954} INFO - Setting next_dagrun for example_short_circuit_operator to 2024-04-08 00:00:00+00:00, run_after=2024-04-09 00:00:00+00:00
[2024-04-09T22:00:52.102+0000] {processor.py:183} INFO - Processing /home/airflow/.local/lib/python3.12/site-packages/airflow/example_dags/example_short_circuit_operator.py took 0.284 seconds
[2024-04-09T22:01:22.239+0000] {processor.py:161} INFO - Started process (PID=454) to work on /home/airflow/.local/lib/python3.12/site-packages/airflow/example_dags/example_short_circuit_operator.py
[2024-04-09T22:01:22.241+0000] {processor.py:830} INFO - Processing file /home/airflow/.local/lib/python3.12/site-packages/airflow/example_dags/example_short_circuit_operator.py for tasks to queue
[2024-04-09T22:01:22.243+0000] {logging_mixin.py:188} INFO - [2024-04-09T22:01:22.243+0000] {dagbag.py:540} INFO - Filling up the DagBag from /home/airflow/.local/lib/python3.12/site-packages/airflow/example_dags/example_short_circuit_operator.py
[2024-04-09T22:01:22.257+0000] {processor.py:840} INFO - DAG(s) 'example_short_circuit_operator' retrieved from /home/airflow/.local/lib/python3.12/site-packages/airflow/example_dags/example_short_circuit_operator.py
[2024-04-09T22:01:22.292+0000] {logging_mixin.py:188} INFO - [2024-04-09T22:01:22.292+0000] {dag.py:3096} INFO - Sync 1 DAGs
[2024-04-09T22:01:22.329+0000] {logging_mixin.py:188} INFO - [2024-04-09T22:01:22.329+0000] {dag.py:3954} INFO - Setting next_dagrun for example_short_circuit_operator to 2024-04-08 00:00:00+00:00, run_after=2024-04-09 00:00:00+00:00
[2024-04-09T22:01:22.490+0000] {processor.py:183} INFO - Processing /home/airflow/.local/lib/python3.12/site-packages/airflow/example_dags/example_short_circuit_operator.py took 0.261 seconds
[2024-04-09T22:01:52.656+0000] {processor.py:161} INFO - Started process (PID=511) to work on /home/airflow/.local/lib/python3.12/site-packages/airflow/example_dags/example_short_circuit_operator.py
[2024-04-09T22:01:52.658+0000] {processor.py:830} INFO - Processing file /home/airflow/.local/lib/python3.12/site-packages/airflow/example_dags/example_short_circuit_operator.py for tasks to queue
[2024-04-09T22:01:52.661+0000] {logging_mixin.py:188} INFO - [2024-04-09T22:01:52.661+0000] {dagbag.py:540} INFO - Filling up the DagBag from /home/airflow/.local/lib/python3.12/site-packages/airflow/example_dags/example_short_circuit_operator.py
[2024-04-09T22:01:52.676+0000] {processor.py:840} INFO - DAG(s) 'example_short_circuit_operator' retrieved from /home/airflow/.local/lib/python3.12/site-packages/airflow/example_dags/example_short_circuit_operator.py
[2024-04-09T22:01:52.725+0000] {logging_mixin.py:188} INFO - [2024-04-09T22:01:52.725+0000] {dag.py:3096} INFO - Sync 1 DAGs
[2024-04-09T22:01:52.776+0000] {logging_mixin.py:188} INFO - [2024-04-09T22:01:52.775+0000] {dag.py:3954} INFO - Setting next_dagrun for example_short_circuit_operator to 2024-04-08 00:00:00+00:00, run_after=2024-04-09 00:00:00+00:00
[2024-04-09T22:01:52.929+0000] {processor.py:183} INFO - Processing /home/airflow/.local/lib/python3.12/site-packages/airflow/example_dags/example_short_circuit_operator.py took 0.282 seconds
[2024-04-09T22:02:23.529+0000] {processor.py:161} INFO - Started process (PID=570) to work on /home/airflow/.local/lib/python3.12/site-packages/airflow/example_dags/example_short_circuit_operator.py
[2024-04-09T22:02:23.530+0000] {processor.py:830} INFO - Processing file /home/airflow/.local/lib/python3.12/site-packages/airflow/example_dags/example_short_circuit_operator.py for tasks to queue
[2024-04-09T22:02:23.533+0000] {logging_mixin.py:188} INFO - [2024-04-09T22:02:23.532+0000] {dagbag.py:540} INFO - Filling up the DagBag from /home/airflow/.local/lib/python3.12/site-packages/airflow/example_dags/example_short_circuit_operator.py
[2024-04-09T22:02:23.542+0000] {processor.py:840} INFO - DAG(s) 'example_short_circuit_operator' retrieved from /home/airflow/.local/lib/python3.12/site-packages/airflow/example_dags/example_short_circuit_operator.py
[2024-04-09T22:02:23.574+0000] {logging_mixin.py:188} INFO - [2024-04-09T22:02:23.574+0000] {dag.py:3096} INFO - Sync 1 DAGs
[2024-04-09T22:02:23.606+0000] {logging_mixin.py:188} INFO - [2024-04-09T22:02:23.606+0000] {dag.py:3954} INFO - Setting next_dagrun for example_short_circuit_operator to 2024-04-08 00:00:00+00:00, run_after=2024-04-09 00:00:00+00:00
[2024-04-09T22:02:23.865+0000] {processor.py:183} INFO - Processing /home/airflow/.local/lib/python3.12/site-packages/airflow/example_dags/example_short_circuit_operator.py took 0.343 seconds
[2024-04-09T22:03:28.004+0000] {processor.py:161} INFO - Started process (PID=648) to work on /home/airflow/.local/lib/python3.12/site-packages/airflow/example_dags/example_short_circuit_operator.py
[2024-04-09T22:03:28.005+0000] {processor.py:830} INFO - Processing file /home/airflow/.local/lib/python3.12/site-packages/airflow/example_dags/example_short_circuit_operator.py for tasks to queue
[2024-04-09T22:03:28.009+0000] {logging_mixin.py:188} INFO - [2024-04-09T22:03:28.008+0000] {dagbag.py:540} INFO - Filling up the DagBag from /home/airflow/.local/lib/python3.12/site-packages/airflow/example_dags/example_short_circuit_operator.py
[2024-04-09T22:03:28.019+0000] {processor.py:840} INFO - DAG(s) 'example_short_circuit_operator' retrieved from /home/airflow/.local/lib/python3.12/site-packages/airflow/example_dags/example_short_circuit_operator.py
[2024-04-09T22:03:28.061+0000] {logging_mixin.py:188} INFO - [2024-04-09T22:03:28.061+0000] {dag.py:3096} INFO - Sync 1 DAGs
[2024-04-09T22:03:28.099+0000] {logging_mixin.py:188} INFO - [2024-04-09T22:03:28.098+0000] {dag.py:3954} INFO - Setting next_dagrun for example_short_circuit_operator to 2024-04-08 00:00:00+00:00, run_after=2024-04-09 00:00:00+00:00
[2024-04-09T22:03:28.307+0000] {processor.py:183} INFO - Processing /home/airflow/.local/lib/python3.12/site-packages/airflow/example_dags/example_short_circuit_operator.py took 0.315 seconds
[2024-04-09T22:04:01.147+0000] {processor.py:161} INFO - Started process (PID=706) to work on /home/airflow/.local/lib/python3.12/site-packages/airflow/example_dags/example_short_circuit_operator.py
[2024-04-09T22:04:01.148+0000] {processor.py:830} INFO - Processing file /home/airflow/.local/lib/python3.12/site-packages/airflow/example_dags/example_short_circuit_operator.py for tasks to queue
[2024-04-09T22:04:01.151+0000] {logging_mixin.py:188} INFO - [2024-04-09T22:04:01.150+0000] {dagbag.py:540} INFO - Filling up the DagBag from /home/airflow/.local/lib/python3.12/site-packages/airflow/example_dags/example_short_circuit_operator.py
[2024-04-09T22:04:01.161+0000] {processor.py:840} INFO - DAG(s) 'example_short_circuit_operator' retrieved from /home/airflow/.local/lib/python3.12/site-packages/airflow/example_dags/example_short_circuit_operator.py
[2024-04-09T22:04:01.205+0000] {logging_mixin.py:188} INFO - [2024-04-09T22:04:01.204+0000] {dag.py:3096} INFO - Sync 1 DAGs
[2024-04-09T22:04:01.239+0000] {logging_mixin.py:188} INFO - [2024-04-09T22:04:01.239+0000] {dag.py:3954} INFO - Setting next_dagrun for example_short_circuit_operator to 2024-04-08 00:00:00+00:00, run_after=2024-04-09 00:00:00+00:00
[2024-04-09T22:04:01.398+0000] {processor.py:183} INFO - Processing /home/airflow/.local/lib/python3.12/site-packages/airflow/example_dags/example_short_circuit_operator.py took 0.258 seconds
[2024-04-09T22:04:33.028+0000] {processor.py:161} INFO - Started process (PID=764) to work on /home/airflow/.local/lib/python3.12/site-packages/airflow/example_dags/example_short_circuit_operator.py
[2024-04-09T22:04:33.029+0000] {processor.py:830} INFO - Processing file /home/airflow/.local/lib/python3.12/site-packages/airflow/example_dags/example_short_circuit_operator.py for tasks to queue
[2024-04-09T22:04:33.032+0000] {logging_mixin.py:188} INFO - [2024-04-09T22:04:33.031+0000] {dagbag.py:540} INFO - Filling up the DagBag from /home/airflow/.local/lib/python3.12/site-packages/airflow/example_dags/example_short_circuit_operator.py
[2024-04-09T22:04:33.041+0000] {processor.py:840} INFO - DAG(s) 'example_short_circuit_operator' retrieved from /home/airflow/.local/lib/python3.12/site-packages/airflow/example_dags/example_short_circuit_operator.py
[2024-04-09T22:04:33.072+0000] {logging_mixin.py:188} INFO - [2024-04-09T22:04:33.072+0000] {dag.py:3096} INFO - Sync 1 DAGs
[2024-04-09T22:04:33.101+0000] {logging_mixin.py:188} INFO - [2024-04-09T22:04:33.101+0000] {dag.py:3954} INFO - Setting next_dagrun for example_short_circuit_operator to 2024-04-08 00:00:00+00:00, run_after=2024-04-09 00:00:00+00:00
[2024-04-09T22:04:33.236+0000] {processor.py:183} INFO - Processing /home/airflow/.local/lib/python3.12/site-packages/airflow/example_dags/example_short_circuit_operator.py took 0.215 seconds
[2024-04-09T22:05:06.871+0000] {processor.py:161} INFO - Started process (PID=822) to work on /home/airflow/.local/lib/python3.12/site-packages/airflow/example_dags/example_short_circuit_operator.py
[2024-04-09T22:05:06.872+0000] {processor.py:830} INFO - Processing file /home/airflow/.local/lib/python3.12/site-packages/airflow/example_dags/example_short_circuit_operator.py for tasks to queue
[2024-04-09T22:05:06.875+0000] {logging_mixin.py:188} INFO - [2024-04-09T22:05:06.875+0000] {dagbag.py:540} INFO - Filling up the DagBag from /home/airflow/.local/lib/python3.12/site-packages/airflow/example_dags/example_short_circuit_operator.py
[2024-04-09T22:05:06.885+0000] {processor.py:840} INFO - DAG(s) 'example_short_circuit_operator' retrieved from /home/airflow/.local/lib/python3.12/site-packages/airflow/example_dags/example_short_circuit_operator.py
[2024-04-09T22:05:06.918+0000] {logging_mixin.py:188} INFO - [2024-04-09T22:05:06.918+0000] {dag.py:3096} INFO - Sync 1 DAGs
[2024-04-09T22:05:06.955+0000] {logging_mixin.py:188} INFO - [2024-04-09T22:05:06.955+0000] {dag.py:3954} INFO - Setting next_dagrun for example_short_circuit_operator to 2024-04-08 00:00:00+00:00, run_after=2024-04-09 00:00:00+00:00
[2024-04-09T22:05:07.061+0000] {processor.py:183} INFO - Processing /home/airflow/.local/lib/python3.12/site-packages/airflow/example_dags/example_short_circuit_operator.py took 0.197 seconds
[2024-04-09T22:05:37.194+0000] {processor.py:161} INFO - Started process (PID=879) to work on /home/airflow/.local/lib/python3.12/site-packages/airflow/example_dags/example_short_circuit_operator.py
[2024-04-09T22:05:37.196+0000] {processor.py:830} INFO - Processing file /home/airflow/.local/lib/python3.12/site-packages/airflow/example_dags/example_short_circuit_operator.py for tasks to queue
[2024-04-09T22:05:37.198+0000] {logging_mixin.py:188} INFO - [2024-04-09T22:05:37.198+0000] {dagbag.py:540} INFO - Filling up the DagBag from /home/airflow/.local/lib/python3.12/site-packages/airflow/example_dags/example_short_circuit_operator.py
[2024-04-09T22:05:37.208+0000] {processor.py:840} INFO - DAG(s) 'example_short_circuit_operator' retrieved from /home/airflow/.local/lib/python3.12/site-packages/airflow/example_dags/example_short_circuit_operator.py
[2024-04-09T22:05:37.240+0000] {logging_mixin.py:188} INFO - [2024-04-09T22:05:37.240+0000] {dag.py:3096} INFO - Sync 1 DAGs
[2024-04-09T22:05:37.269+0000] {logging_mixin.py:188} INFO - [2024-04-09T22:05:37.269+0000] {dag.py:3954} INFO - Setting next_dagrun for example_short_circuit_operator to 2024-04-08 00:00:00+00:00, run_after=2024-04-09 00:00:00+00:00
[2024-04-09T22:05:37.333+0000] {processor.py:183} INFO - Processing /home/airflow/.local/lib/python3.12/site-packages/airflow/example_dags/example_short_circuit_operator.py took 0.147 seconds
[2024-04-09T22:06:07.563+0000] {processor.py:161} INFO - Started process (PID=937) to work on /home/airflow/.local/lib/python3.12/site-packages/airflow/example_dags/example_short_circuit_operator.py
[2024-04-09T22:06:07.564+0000] {processor.py:830} INFO - Processing file /home/airflow/.local/lib/python3.12/site-packages/airflow/example_dags/example_short_circuit_operator.py for tasks to queue
[2024-04-09T22:06:07.567+0000] {logging_mixin.py:188} INFO - [2024-04-09T22:06:07.566+0000] {dagbag.py:540} INFO - Filling up the DagBag from /home/airflow/.local/lib/python3.12/site-packages/airflow/example_dags/example_short_circuit_operator.py
[2024-04-09T22:06:07.579+0000] {processor.py:840} INFO - DAG(s) 'example_short_circuit_operator' retrieved from /home/airflow/.local/lib/python3.12/site-packages/airflow/example_dags/example_short_circuit_operator.py
[2024-04-09T22:06:07.613+0000] {logging_mixin.py:188} INFO - [2024-04-09T22:06:07.612+0000] {dag.py:3096} INFO - Sync 1 DAGs
[2024-04-09T22:06:07.656+0000] {logging_mixin.py:188} INFO - [2024-04-09T22:06:07.655+0000] {dag.py:3954} INFO - Setting next_dagrun for example_short_circuit_operator to 2024-04-08 00:00:00+00:00, run_after=2024-04-09 00:00:00+00:00
[2024-04-09T22:06:07.712+0000] {processor.py:183} INFO - Processing /home/airflow/.local/lib/python3.12/site-packages/airflow/example_dags/example_short_circuit_operator.py took 0.159 seconds
[2024-04-09T22:06:38.535+0000] {processor.py:161} INFO - Started process (PID=995) to work on /home/airflow/.local/lib/python3.12/site-packages/airflow/example_dags/example_short_circuit_operator.py
[2024-04-09T22:06:38.537+0000] {processor.py:830} INFO - Processing file /home/airflow/.local/lib/python3.12/site-packages/airflow/example_dags/example_short_circuit_operator.py for tasks to queue
[2024-04-09T22:06:38.540+0000] {logging_mixin.py:188} INFO - [2024-04-09T22:06:38.540+0000] {dagbag.py:540} INFO - Filling up the DagBag from /home/airflow/.local/lib/python3.12/site-packages/airflow/example_dags/example_short_circuit_operator.py
[2024-04-09T22:06:38.555+0000] {processor.py:840} INFO - DAG(s) 'example_short_circuit_operator' retrieved from /home/airflow/.local/lib/python3.12/site-packages/airflow/example_dags/example_short_circuit_operator.py
[2024-04-09T22:06:38.847+0000] {logging_mixin.py:188} INFO - [2024-04-09T22:06:38.846+0000] {dag.py:3096} INFO - Sync 1 DAGs
[2024-04-09T22:06:38.913+0000] {logging_mixin.py:188} INFO - [2024-04-09T22:06:38.912+0000] {dag.py:3954} INFO - Setting next_dagrun for example_short_circuit_operator to 2024-04-08 00:00:00+00:00, run_after=2024-04-09 00:00:00+00:00
[2024-04-09T22:06:39.041+0000] {processor.py:183} INFO - Processing /home/airflow/.local/lib/python3.12/site-packages/airflow/example_dags/example_short_circuit_operator.py took 0.515 seconds
[2024-04-09T22:07:12.188+0000] {processor.py:161} INFO - Started process (PID=1053) to work on /home/airflow/.local/lib/python3.12/site-packages/airflow/example_dags/example_short_circuit_operator.py
[2024-04-09T22:07:12.189+0000] {processor.py:830} INFO - Processing file /home/airflow/.local/lib/python3.12/site-packages/airflow/example_dags/example_short_circuit_operator.py for tasks to queue
[2024-04-09T22:07:12.193+0000] {logging_mixin.py:188} INFO - [2024-04-09T22:07:12.192+0000] {dagbag.py:540} INFO - Filling up the DagBag from /home/airflow/.local/lib/python3.12/site-packages/airflow/example_dags/example_short_circuit_operator.py
[2024-04-09T22:07:12.204+0000] {processor.py:840} INFO - DAG(s) 'example_short_circuit_operator' retrieved from /home/airflow/.local/lib/python3.12/site-packages/airflow/example_dags/example_short_circuit_operator.py
[2024-04-09T22:07:12.251+0000] {logging_mixin.py:188} INFO - [2024-04-09T22:07:12.251+0000] {dag.py:3096} INFO - Sync 1 DAGs
[2024-04-09T22:07:12.488+0000] {logging_mixin.py:188} INFO - [2024-04-09T22:07:12.488+0000] {dag.py:3954} INFO - Setting next_dagrun for example_short_circuit_operator to 2024-04-08 00:00:00+00:00, run_after=2024-04-09 00:00:00+00:00
[2024-04-09T22:07:12.701+0000] {processor.py:183} INFO - Processing /home/airflow/.local/lib/python3.12/site-packages/airflow/example_dags/example_short_circuit_operator.py took 0.528 seconds
[2024-04-09T22:07:43.112+0000] {processor.py:161} INFO - Started process (PID=1111) to work on /home/airflow/.local/lib/python3.12/site-packages/airflow/example_dags/example_short_circuit_operator.py
[2024-04-09T22:07:43.113+0000] {processor.py:830} INFO - Processing file /home/airflow/.local/lib/python3.12/site-packages/airflow/example_dags/example_short_circuit_operator.py for tasks to queue
[2024-04-09T22:07:43.116+0000] {logging_mixin.py:188} INFO - [2024-04-09T22:07:43.115+0000] {dagbag.py:540} INFO - Filling up the DagBag from /home/airflow/.local/lib/python3.12/site-packages/airflow/example_dags/example_short_circuit_operator.py
[2024-04-09T22:07:43.126+0000] {processor.py:840} INFO - DAG(s) 'example_short_circuit_operator' retrieved from /home/airflow/.local/lib/python3.12/site-packages/airflow/example_dags/example_short_circuit_operator.py
[2024-04-09T22:07:43.173+0000] {logging_mixin.py:188} INFO - [2024-04-09T22:07:43.172+0000] {dag.py:3096} INFO - Sync 1 DAGs
[2024-04-09T22:07:43.219+0000] {logging_mixin.py:188} INFO - [2024-04-09T22:07:43.219+0000] {dag.py:3954} INFO - Setting next_dagrun for example_short_circuit_operator to 2024-04-08 00:00:00+00:00, run_after=2024-04-09 00:00:00+00:00
[2024-04-09T22:07:43.607+0000] {processor.py:183} INFO - Processing /home/airflow/.local/lib/python3.12/site-packages/airflow/example_dags/example_short_circuit_operator.py took 0.504 seconds
[2024-04-09T22:08:14.601+0000] {processor.py:161} INFO - Started process (PID=1173) to work on /home/airflow/.local/lib/python3.12/site-packages/airflow/example_dags/example_short_circuit_operator.py
[2024-04-09T22:08:14.603+0000] {processor.py:830} INFO - Processing file /home/airflow/.local/lib/python3.12/site-packages/airflow/example_dags/example_short_circuit_operator.py for tasks to queue
[2024-04-09T22:08:14.606+0000] {logging_mixin.py:188} INFO - [2024-04-09T22:08:14.606+0000] {dagbag.py:540} INFO - Filling up the DagBag from /home/airflow/.local/lib/python3.12/site-packages/airflow/example_dags/example_short_circuit_operator.py
[2024-04-09T22:08:14.618+0000] {processor.py:840} INFO - DAG(s) 'example_short_circuit_operator' retrieved from /home/airflow/.local/lib/python3.12/site-packages/airflow/example_dags/example_short_circuit_operator.py
[2024-04-09T22:08:14.652+0000] {logging_mixin.py:188} INFO - [2024-04-09T22:08:14.652+0000] {dag.py:3096} INFO - Sync 1 DAGs
[2024-04-09T22:08:14.690+0000] {logging_mixin.py:188} INFO - [2024-04-09T22:08:14.690+0000] {dag.py:3954} INFO - Setting next_dagrun for example_short_circuit_operator to 2024-04-08 00:00:00+00:00, run_after=2024-04-09 00:00:00+00:00
[2024-04-09T22:08:14.783+0000] {processor.py:183} INFO - Processing /home/airflow/.local/lib/python3.12/site-packages/airflow/example_dags/example_short_circuit_operator.py took 0.193 seconds
[2024-04-09T22:08:44.917+0000] {processor.py:161} INFO - Started process (PID=1231) to work on /home/airflow/.local/lib/python3.12/site-packages/airflow/example_dags/example_short_circuit_operator.py
[2024-04-09T22:08:44.918+0000] {processor.py:830} INFO - Processing file /home/airflow/.local/lib/python3.12/site-packages/airflow/example_dags/example_short_circuit_operator.py for tasks to queue
[2024-04-09T22:08:44.921+0000] {logging_mixin.py:188} INFO - [2024-04-09T22:08:44.920+0000] {dagbag.py:540} INFO - Filling up the DagBag from /home/airflow/.local/lib/python3.12/site-packages/airflow/example_dags/example_short_circuit_operator.py
[2024-04-09T22:08:44.934+0000] {processor.py:840} INFO - DAG(s) 'example_short_circuit_operator' retrieved from /home/airflow/.local/lib/python3.12/site-packages/airflow/example_dags/example_short_circuit_operator.py
[2024-04-09T22:08:44.973+0000] {logging_mixin.py:188} INFO - [2024-04-09T22:08:44.972+0000] {dag.py:3096} INFO - Sync 1 DAGs
[2024-04-09T22:08:45.009+0000] {logging_mixin.py:188} INFO - [2024-04-09T22:08:45.009+0000] {dag.py:3954} INFO - Setting next_dagrun for example_short_circuit_operator to 2024-04-08 00:00:00+00:00, run_after=2024-04-09 00:00:00+00:00
[2024-04-09T22:08:45.118+0000] {processor.py:183} INFO - Processing /home/airflow/.local/lib/python3.12/site-packages/airflow/example_dags/example_short_circuit_operator.py took 0.211 seconds
[2024-04-09T22:09:15.351+0000] {processor.py:161} INFO - Started process (PID=1290) to work on /home/airflow/.local/lib/python3.12/site-packages/airflow/example_dags/example_short_circuit_operator.py
[2024-04-09T22:09:15.353+0000] {processor.py:830} INFO - Processing file /home/airflow/.local/lib/python3.12/site-packages/airflow/example_dags/example_short_circuit_operator.py for tasks to queue
[2024-04-09T22:09:15.356+0000] {logging_mixin.py:188} INFO - [2024-04-09T22:09:15.355+0000] {dagbag.py:540} INFO - Filling up the DagBag from /home/airflow/.local/lib/python3.12/site-packages/airflow/example_dags/example_short_circuit_operator.py
[2024-04-09T22:09:15.366+0000] {processor.py:840} INFO - DAG(s) 'example_short_circuit_operator' retrieved from /home/airflow/.local/lib/python3.12/site-packages/airflow/example_dags/example_short_circuit_operator.py
[2024-04-09T22:09:15.405+0000] {logging_mixin.py:188} INFO - [2024-04-09T22:09:15.405+0000] {dag.py:3096} INFO - Sync 1 DAGs
[2024-04-09T22:09:15.436+0000] {logging_mixin.py:188} INFO - [2024-04-09T22:09:15.436+0000] {dag.py:3954} INFO - Setting next_dagrun for example_short_circuit_operator to 2024-04-08 00:00:00+00:00, run_after=2024-04-09 00:00:00+00:00
[2024-04-09T22:09:15.487+0000] {processor.py:183} INFO - Processing /home/airflow/.local/lib/python3.12/site-packages/airflow/example_dags/example_short_circuit_operator.py took 0.146 seconds
[2024-04-09T22:09:45.790+0000] {processor.py:161} INFO - Started process (PID=1347) to work on /home/airflow/.local/lib/python3.12/site-packages/airflow/example_dags/example_short_circuit_operator.py
[2024-04-09T22:09:45.791+0000] {processor.py:830} INFO - Processing file /home/airflow/.local/lib/python3.12/site-packages/airflow/example_dags/example_short_circuit_operator.py for tasks to queue
[2024-04-09T22:09:45.794+0000] {logging_mixin.py:188} INFO - [2024-04-09T22:09:45.794+0000] {dagbag.py:540} INFO - Filling up the DagBag from /home/airflow/.local/lib/python3.12/site-packages/airflow/example_dags/example_short_circuit_operator.py
[2024-04-09T22:09:45.810+0000] {processor.py:840} INFO - DAG(s) 'example_short_circuit_operator' retrieved from /home/airflow/.local/lib/python3.12/site-packages/airflow/example_dags/example_short_circuit_operator.py
[2024-04-09T22:09:45.857+0000] {logging_mixin.py:188} INFO - [2024-04-09T22:09:45.856+0000] {dag.py:3096} INFO - Sync 1 DAGs
[2024-04-09T22:09:45.899+0000] {logging_mixin.py:188} INFO - [2024-04-09T22:09:45.899+0000] {dag.py:3954} INFO - Setting next_dagrun for example_short_circuit_operator to 2024-04-08 00:00:00+00:00, run_after=2024-04-09 00:00:00+00:00
[2024-04-09T22:09:45.954+0000] {processor.py:183} INFO - Processing /home/airflow/.local/lib/python3.12/site-packages/airflow/example_dags/example_short_circuit_operator.py took 0.172 seconds
[2024-04-09T22:10:16.159+0000] {processor.py:161} INFO - Started process (PID=1405) to work on /home/airflow/.local/lib/python3.12/site-packages/airflow/example_dags/example_short_circuit_operator.py
[2024-04-09T22:10:16.160+0000] {processor.py:830} INFO - Processing file /home/airflow/.local/lib/python3.12/site-packages/airflow/example_dags/example_short_circuit_operator.py for tasks to queue
[2024-04-09T22:10:16.163+0000] {logging_mixin.py:188} INFO - [2024-04-09T22:10:16.162+0000] {dagbag.py:540} INFO - Filling up the DagBag from /home/airflow/.local/lib/python3.12/site-packages/airflow/example_dags/example_short_circuit_operator.py
[2024-04-09T22:10:16.178+0000] {processor.py:840} INFO - DAG(s) 'example_short_circuit_operator' retrieved from /home/airflow/.local/lib/python3.12/site-packages/airflow/example_dags/example_short_circuit_operator.py
[2024-04-09T22:10:16.215+0000] {logging_mixin.py:188} INFO - [2024-04-09T22:10:16.214+0000] {dag.py:3096} INFO - Sync 1 DAGs
[2024-04-09T22:10:16.248+0000] {logging_mixin.py:188} INFO - [2024-04-09T22:10:16.248+0000] {dag.py:3954} INFO - Setting next_dagrun for example_short_circuit_operator to 2024-04-08 00:00:00+00:00, run_after=2024-04-09 00:00:00+00:00
[2024-04-09T22:10:16.325+0000] {processor.py:183} INFO - Processing /home/airflow/.local/lib/python3.12/site-packages/airflow/example_dags/example_short_circuit_operator.py took 0.176 seconds
[2024-04-09T22:10:46.979+0000] {processor.py:161} INFO - Started process (PID=1463) to work on /home/airflow/.local/lib/python3.12/site-packages/airflow/example_dags/example_short_circuit_operator.py
[2024-04-09T22:10:46.980+0000] {processor.py:830} INFO - Processing file /home/airflow/.local/lib/python3.12/site-packages/airflow/example_dags/example_short_circuit_operator.py for tasks to queue
[2024-04-09T22:10:46.983+0000] {logging_mixin.py:188} INFO - [2024-04-09T22:10:46.982+0000] {dagbag.py:540} INFO - Filling up the DagBag from /home/airflow/.local/lib/python3.12/site-packages/airflow/example_dags/example_short_circuit_operator.py
[2024-04-09T22:10:46.993+0000] {processor.py:840} INFO - DAG(s) 'example_short_circuit_operator' retrieved from /home/airflow/.local/lib/python3.12/site-packages/airflow/example_dags/example_short_circuit_operator.py
[2024-04-09T22:10:47.033+0000] {logging_mixin.py:188} INFO - [2024-04-09T22:10:47.032+0000] {dag.py:3096} INFO - Sync 1 DAGs
[2024-04-09T22:10:47.068+0000] {logging_mixin.py:188} INFO - [2024-04-09T22:10:47.067+0000] {dag.py:3954} INFO - Setting next_dagrun for example_short_circuit_operator to 2024-04-08 00:00:00+00:00, run_after=2024-04-09 00:00:00+00:00
[2024-04-09T22:10:47.151+0000] {processor.py:183} INFO - Processing /home/airflow/.local/lib/python3.12/site-packages/airflow/example_dags/example_short_circuit_operator.py took 0.180 seconds
[2024-04-09T22:11:17.624+0000] {processor.py:161} INFO - Started process (PID=1521) to work on /home/airflow/.local/lib/python3.12/site-packages/airflow/example_dags/example_short_circuit_operator.py
[2024-04-09T22:11:17.626+0000] {processor.py:830} INFO - Processing file /home/airflow/.local/lib/python3.12/site-packages/airflow/example_dags/example_short_circuit_operator.py for tasks to queue
[2024-04-09T22:11:17.629+0000] {logging_mixin.py:188} INFO - [2024-04-09T22:11:17.628+0000] {dagbag.py:540} INFO - Filling up the DagBag from /home/airflow/.local/lib/python3.12/site-packages/airflow/example_dags/example_short_circuit_operator.py
[2024-04-09T22:11:17.645+0000] {processor.py:840} INFO - DAG(s) 'example_short_circuit_operator' retrieved from /home/airflow/.local/lib/python3.12/site-packages/airflow/example_dags/example_short_circuit_operator.py
[2024-04-09T22:11:17.695+0000] {logging_mixin.py:188} INFO - [2024-04-09T22:11:17.694+0000] {dag.py:3096} INFO - Sync 1 DAGs
[2024-04-09T22:11:17.733+0000] {logging_mixin.py:188} INFO - [2024-04-09T22:11:17.733+0000] {dag.py:3954} INFO - Setting next_dagrun for example_short_circuit_operator to 2024-04-08 00:00:00+00:00, run_after=2024-04-09 00:00:00+00:00
[2024-04-09T22:11:17.911+0000] {processor.py:183} INFO - Processing /home/airflow/.local/lib/python3.12/site-packages/airflow/example_dags/example_short_circuit_operator.py took 0.301 seconds
