[2024-04-09T21:57:47.940+0000] {processor.py:161} INFO - Started process (PID=78) to work on /home/airflow/.local/lib/python3.12/site-packages/airflow/example_dags/example_complex.py
[2024-04-09T21:57:47.946+0000] {processor.py:830} INFO - Processing file /home/airflow/.local/lib/python3.12/site-packages/airflow/example_dags/example_complex.py for tasks to queue
[2024-04-09T21:57:47.950+0000] {logging_mixin.py:188} INFO - [2024-04-09T21:57:47.949+0000] {dagbag.py:540} INFO - Filling up the DagBag from /home/airflow/.local/lib/python3.12/site-packages/airflow/example_dags/example_complex.py
[2024-04-09T21:57:47.979+0000] {processor.py:840} INFO - DAG(s) 'example_complex' retrieved from /home/airflow/.local/lib/python3.12/site-packages/airflow/example_dags/example_complex.py
[2024-04-09T21:57:48.134+0000] {logging_mixin.py:188} INFO - [2024-04-09T21:57:48.134+0000] {dag.py:3096} INFO - Sync 1 DAGs
[2024-04-09T21:57:48.148+0000] {logging_mixin.py:188} INFO - [2024-04-09T21:57:48.147+0000] {dag.py:3954} INFO - Setting next_dagrun for example_complex to None, run_after=None
[2024-04-09T21:57:48.434+0000] {processor.py:183} INFO - Processing /home/airflow/.local/lib/python3.12/site-packages/airflow/example_dags/example_complex.py took 0.509 seconds
[2024-04-09T21:58:21.591+0000] {processor.py:161} INFO - Started process (PID=136) to work on /home/airflow/.local/lib/python3.12/site-packages/airflow/example_dags/example_complex.py
[2024-04-09T21:58:21.593+0000] {processor.py:830} INFO - Processing file /home/airflow/.local/lib/python3.12/site-packages/airflow/example_dags/example_complex.py for tasks to queue
[2024-04-09T21:58:21.596+0000] {logging_mixin.py:188} INFO - [2024-04-09T21:58:21.595+0000] {dagbag.py:540} INFO - Filling up the DagBag from /home/airflow/.local/lib/python3.12/site-packages/airflow/example_dags/example_complex.py
[2024-04-09T21:58:21.610+0000] {processor.py:840} INFO - DAG(s) 'example_complex' retrieved from /home/airflow/.local/lib/python3.12/site-packages/airflow/example_dags/example_complex.py
[2024-04-09T21:58:21.660+0000] {logging_mixin.py:188} INFO - [2024-04-09T21:58:21.659+0000] {dag.py:3096} INFO - Sync 1 DAGs
[2024-04-09T21:58:21.678+0000] {logging_mixin.py:188} INFO - [2024-04-09T21:58:21.677+0000] {dag.py:3954} INFO - Setting next_dagrun for example_complex to None, run_after=None
[2024-04-09T21:58:21.916+0000] {processor.py:183} INFO - Processing /home/airflow/.local/lib/python3.12/site-packages/airflow/example_dags/example_complex.py took 0.334 seconds
[2024-04-09T21:58:52.162+0000] {processor.py:161} INFO - Started process (PID=192) to work on /home/airflow/.local/lib/python3.12/site-packages/airflow/example_dags/example_complex.py
[2024-04-09T21:58:52.163+0000] {processor.py:830} INFO - Processing file /home/airflow/.local/lib/python3.12/site-packages/airflow/example_dags/example_complex.py for tasks to queue
[2024-04-09T21:58:52.166+0000] {logging_mixin.py:188} INFO - [2024-04-09T21:58:52.165+0000] {dagbag.py:540} INFO - Filling up the DagBag from /home/airflow/.local/lib/python3.12/site-packages/airflow/example_dags/example_complex.py
[2024-04-09T21:58:52.180+0000] {processor.py:840} INFO - DAG(s) 'example_complex' retrieved from /home/airflow/.local/lib/python3.12/site-packages/airflow/example_dags/example_complex.py
[2024-04-09T21:58:52.227+0000] {logging_mixin.py:188} INFO - [2024-04-09T21:58:52.227+0000] {dag.py:3096} INFO - Sync 1 DAGs
[2024-04-09T21:58:52.244+0000] {logging_mixin.py:188} INFO - [2024-04-09T21:58:52.243+0000] {dag.py:3954} INFO - Setting next_dagrun for example_complex to None, run_after=None
[2024-04-09T21:58:52.493+0000] {processor.py:183} INFO - Processing /home/airflow/.local/lib/python3.12/site-packages/airflow/example_dags/example_complex.py took 0.339 seconds
[2024-04-09T21:59:26.076+0000] {processor.py:161} INFO - Started process (PID=250) to work on /home/airflow/.local/lib/python3.12/site-packages/airflow/example_dags/example_complex.py
[2024-04-09T21:59:26.078+0000] {processor.py:830} INFO - Processing file /home/airflow/.local/lib/python3.12/site-packages/airflow/example_dags/example_complex.py for tasks to queue
[2024-04-09T21:59:26.081+0000] {logging_mixin.py:188} INFO - [2024-04-09T21:59:26.081+0000] {dagbag.py:540} INFO - Filling up the DagBag from /home/airflow/.local/lib/python3.12/site-packages/airflow/example_dags/example_complex.py
[2024-04-09T21:59:26.098+0000] {processor.py:840} INFO - DAG(s) 'example_complex' retrieved from /home/airflow/.local/lib/python3.12/site-packages/airflow/example_dags/example_complex.py
[2024-04-09T21:59:26.149+0000] {logging_mixin.py:188} INFO - [2024-04-09T21:59:26.149+0000] {dag.py:3096} INFO - Sync 1 DAGs
[2024-04-09T21:59:26.166+0000] {logging_mixin.py:188} INFO - [2024-04-09T21:59:26.165+0000] {dag.py:3954} INFO - Setting next_dagrun for example_complex to None, run_after=None
[2024-04-09T21:59:26.592+0000] {processor.py:183} INFO - Processing /home/airflow/.local/lib/python3.12/site-packages/airflow/example_dags/example_complex.py took 0.528 seconds
[2024-04-09T22:00:07.673+0000] {processor.py:161} INFO - Started process (PID=308) to work on /home/airflow/.local/lib/python3.12/site-packages/airflow/example_dags/example_complex.py
[2024-04-09T22:00:07.674+0000] {processor.py:830} INFO - Processing file /home/airflow/.local/lib/python3.12/site-packages/airflow/example_dags/example_complex.py for tasks to queue
[2024-04-09T22:00:07.677+0000] {logging_mixin.py:188} INFO - [2024-04-09T22:00:07.676+0000] {dagbag.py:540} INFO - Filling up the DagBag from /home/airflow/.local/lib/python3.12/site-packages/airflow/example_dags/example_complex.py
[2024-04-09T22:00:07.691+0000] {processor.py:840} INFO - DAG(s) 'example_complex' retrieved from /home/airflow/.local/lib/python3.12/site-packages/airflow/example_dags/example_complex.py
[2024-04-09T22:00:07.741+0000] {logging_mixin.py:188} INFO - [2024-04-09T22:00:07.740+0000] {dag.py:3096} INFO - Sync 1 DAGs
[2024-04-09T22:00:07.764+0000] {logging_mixin.py:188} INFO - [2024-04-09T22:00:07.764+0000] {dag.py:3954} INFO - Setting next_dagrun for example_complex to None, run_after=None
[2024-04-09T22:00:08.095+0000] {processor.py:183} INFO - Processing /home/airflow/.local/lib/python3.12/site-packages/airflow/example_dags/example_complex.py took 0.429 seconds
[2024-04-09T22:00:41.328+0000] {processor.py:161} INFO - Started process (PID=366) to work on /home/airflow/.local/lib/python3.12/site-packages/airflow/example_dags/example_complex.py
[2024-04-09T22:00:41.330+0000] {processor.py:830} INFO - Processing file /home/airflow/.local/lib/python3.12/site-packages/airflow/example_dags/example_complex.py for tasks to queue
[2024-04-09T22:00:41.352+0000] {logging_mixin.py:188} INFO - [2024-04-09T22:00:41.332+0000] {dagbag.py:540} INFO - Filling up the DagBag from /home/airflow/.local/lib/python3.12/site-packages/airflow/example_dags/example_complex.py
[2024-04-09T22:00:41.534+0000] {processor.py:840} INFO - DAG(s) 'example_complex' retrieved from /home/airflow/.local/lib/python3.12/site-packages/airflow/example_dags/example_complex.py
[2024-04-09T22:00:41.740+0000] {logging_mixin.py:188} INFO - [2024-04-09T22:00:41.740+0000] {dag.py:3096} INFO - Sync 1 DAGs
[2024-04-09T22:00:41.758+0000] {logging_mixin.py:188} INFO - [2024-04-09T22:00:41.757+0000] {dag.py:3954} INFO - Setting next_dagrun for example_complex to None, run_after=None
[2024-04-09T22:00:41.912+0000] {processor.py:183} INFO - Processing /home/airflow/.local/lib/python3.12/site-packages/airflow/example_dags/example_complex.py took 0.594 seconds
[2024-04-09T22:01:12.018+0000] {processor.py:161} INFO - Started process (PID=423) to work on /home/airflow/.local/lib/python3.12/site-packages/airflow/example_dags/example_complex.py
[2024-04-09T22:01:12.020+0000] {processor.py:830} INFO - Processing file /home/airflow/.local/lib/python3.12/site-packages/airflow/example_dags/example_complex.py for tasks to queue
[2024-04-09T22:01:12.024+0000] {logging_mixin.py:188} INFO - [2024-04-09T22:01:12.023+0000] {dagbag.py:540} INFO - Filling up the DagBag from /home/airflow/.local/lib/python3.12/site-packages/airflow/example_dags/example_complex.py
[2024-04-09T22:01:12.042+0000] {processor.py:840} INFO - DAG(s) 'example_complex' retrieved from /home/airflow/.local/lib/python3.12/site-packages/airflow/example_dags/example_complex.py
[2024-04-09T22:01:12.157+0000] {logging_mixin.py:188} INFO - [2024-04-09T22:01:12.156+0000] {dag.py:3096} INFO - Sync 1 DAGs
[2024-04-09T22:01:12.227+0000] {logging_mixin.py:188} INFO - [2024-04-09T22:01:12.227+0000] {dag.py:3954} INFO - Setting next_dagrun for example_complex to None, run_after=None
[2024-04-09T22:01:12.557+0000] {processor.py:183} INFO - Processing /home/airflow/.local/lib/python3.12/site-packages/airflow/example_dags/example_complex.py took 0.552 seconds
[2024-04-09T22:01:43.463+0000] {processor.py:161} INFO - Started process (PID=482) to work on /home/airflow/.local/lib/python3.12/site-packages/airflow/example_dags/example_complex.py
[2024-04-09T22:01:43.465+0000] {processor.py:830} INFO - Processing file /home/airflow/.local/lib/python3.12/site-packages/airflow/example_dags/example_complex.py for tasks to queue
[2024-04-09T22:01:43.468+0000] {logging_mixin.py:188} INFO - [2024-04-09T22:01:43.467+0000] {dagbag.py:540} INFO - Filling up the DagBag from /home/airflow/.local/lib/python3.12/site-packages/airflow/example_dags/example_complex.py
[2024-04-09T22:01:43.482+0000] {processor.py:840} INFO - DAG(s) 'example_complex' retrieved from /home/airflow/.local/lib/python3.12/site-packages/airflow/example_dags/example_complex.py
[2024-04-09T22:01:43.531+0000] {logging_mixin.py:188} INFO - [2024-04-09T22:01:43.531+0000] {dag.py:3096} INFO - Sync 1 DAGs
[2024-04-09T22:01:43.548+0000] {logging_mixin.py:188} INFO - [2024-04-09T22:01:43.548+0000] {dag.py:3954} INFO - Setting next_dagrun for example_complex to None, run_after=None
[2024-04-09T22:01:43.756+0000] {processor.py:183} INFO - Processing /home/airflow/.local/lib/python3.12/site-packages/airflow/example_dags/example_complex.py took 0.300 seconds
[2024-04-09T22:02:14.209+0000] {processor.py:161} INFO - Started process (PID=540) to work on /home/airflow/.local/lib/python3.12/site-packages/airflow/example_dags/example_complex.py
[2024-04-09T22:02:14.211+0000] {processor.py:830} INFO - Processing file /home/airflow/.local/lib/python3.12/site-packages/airflow/example_dags/example_complex.py for tasks to queue
[2024-04-09T22:02:14.214+0000] {logging_mixin.py:188} INFO - [2024-04-09T22:02:14.214+0000] {dagbag.py:540} INFO - Filling up the DagBag from /home/airflow/.local/lib/python3.12/site-packages/airflow/example_dags/example_complex.py
[2024-04-09T22:02:14.230+0000] {processor.py:840} INFO - DAG(s) 'example_complex' retrieved from /home/airflow/.local/lib/python3.12/site-packages/airflow/example_dags/example_complex.py
[2024-04-09T22:02:14.352+0000] {logging_mixin.py:188} INFO - [2024-04-09T22:02:14.352+0000] {dag.py:3096} INFO - Sync 1 DAGs
[2024-04-09T22:02:14.386+0000] {logging_mixin.py:188} INFO - [2024-04-09T22:02:14.386+0000] {dag.py:3954} INFO - Setting next_dagrun for example_complex to None, run_after=None
[2024-04-09T22:02:14.843+0000] {processor.py:183} INFO - Processing /home/airflow/.local/lib/python3.12/site-packages/airflow/example_dags/example_complex.py took 0.641 seconds
[2024-04-09T22:03:24.310+0000] {processor.py:161} INFO - Started process (PID=631) to work on /home/airflow/.local/lib/python3.12/site-packages/airflow/example_dags/example_complex.py
[2024-04-09T22:03:24.311+0000] {processor.py:830} INFO - Processing file /home/airflow/.local/lib/python3.12/site-packages/airflow/example_dags/example_complex.py for tasks to queue
[2024-04-09T22:03:24.314+0000] {logging_mixin.py:188} INFO - [2024-04-09T22:03:24.314+0000] {dagbag.py:540} INFO - Filling up the DagBag from /home/airflow/.local/lib/python3.12/site-packages/airflow/example_dags/example_complex.py
[2024-04-09T22:03:24.438+0000] {processor.py:840} INFO - DAG(s) 'example_complex' retrieved from /home/airflow/.local/lib/python3.12/site-packages/airflow/example_dags/example_complex.py
[2024-04-09T22:03:24.502+0000] {logging_mixin.py:188} INFO - [2024-04-09T22:03:24.502+0000] {dag.py:3096} INFO - Sync 1 DAGs
[2024-04-09T22:03:24.528+0000] {logging_mixin.py:188} INFO - [2024-04-09T22:03:24.528+0000] {dag.py:3954} INFO - Setting next_dagrun for example_complex to None, run_after=None
[2024-04-09T22:03:24.774+0000] {processor.py:183} INFO - Processing /home/airflow/.local/lib/python3.12/site-packages/airflow/example_dags/example_complex.py took 0.474 seconds
[2024-04-09T22:03:59.010+0000] {processor.py:161} INFO - Started process (PID=689) to work on /home/airflow/.local/lib/python3.12/site-packages/airflow/example_dags/example_complex.py
[2024-04-09T22:03:59.011+0000] {processor.py:830} INFO - Processing file /home/airflow/.local/lib/python3.12/site-packages/airflow/example_dags/example_complex.py for tasks to queue
[2024-04-09T22:03:59.014+0000] {logging_mixin.py:188} INFO - [2024-04-09T22:03:59.014+0000] {dagbag.py:540} INFO - Filling up the DagBag from /home/airflow/.local/lib/python3.12/site-packages/airflow/example_dags/example_complex.py
[2024-04-09T22:03:59.028+0000] {processor.py:840} INFO - DAG(s) 'example_complex' retrieved from /home/airflow/.local/lib/python3.12/site-packages/airflow/example_dags/example_complex.py
[2024-04-09T22:03:59.089+0000] {logging_mixin.py:188} INFO - [2024-04-09T22:03:59.088+0000] {dag.py:3096} INFO - Sync 1 DAGs
[2024-04-09T22:03:59.109+0000] {logging_mixin.py:188} INFO - [2024-04-09T22:03:59.109+0000] {dag.py:3954} INFO - Setting next_dagrun for example_complex to None, run_after=None
[2024-04-09T22:03:59.210+0000] {processor.py:183} INFO - Processing /home/airflow/.local/lib/python3.12/site-packages/airflow/example_dags/example_complex.py took 0.208 seconds
[2024-04-09T22:04:30.083+0000] {processor.py:161} INFO - Started process (PID=747) to work on /home/airflow/.local/lib/python3.12/site-packages/airflow/example_dags/example_complex.py
[2024-04-09T22:04:30.084+0000] {processor.py:830} INFO - Processing file /home/airflow/.local/lib/python3.12/site-packages/airflow/example_dags/example_complex.py for tasks to queue
[2024-04-09T22:04:30.087+0000] {logging_mixin.py:188} INFO - [2024-04-09T22:04:30.086+0000] {dagbag.py:540} INFO - Filling up the DagBag from /home/airflow/.local/lib/python3.12/site-packages/airflow/example_dags/example_complex.py
[2024-04-09T22:04:30.105+0000] {processor.py:840} INFO - DAG(s) 'example_complex' retrieved from /home/airflow/.local/lib/python3.12/site-packages/airflow/example_dags/example_complex.py
[2024-04-09T22:04:30.153+0000] {logging_mixin.py:188} INFO - [2024-04-09T22:04:30.153+0000] {dag.py:3096} INFO - Sync 1 DAGs
[2024-04-09T22:04:30.170+0000] {logging_mixin.py:188} INFO - [2024-04-09T22:04:30.170+0000] {dag.py:3954} INFO - Setting next_dagrun for example_complex to None, run_after=None
[2024-04-09T22:04:30.291+0000] {processor.py:183} INFO - Processing /home/airflow/.local/lib/python3.12/site-packages/airflow/example_dags/example_complex.py took 0.219 seconds
[2024-04-09T22:05:02.540+0000] {processor.py:161} INFO - Started process (PID=805) to work on /home/airflow/.local/lib/python3.12/site-packages/airflow/example_dags/example_complex.py
[2024-04-09T22:05:02.542+0000] {processor.py:830} INFO - Processing file /home/airflow/.local/lib/python3.12/site-packages/airflow/example_dags/example_complex.py for tasks to queue
[2024-04-09T22:05:02.544+0000] {logging_mixin.py:188} INFO - [2024-04-09T22:05:02.544+0000] {dagbag.py:540} INFO - Filling up the DagBag from /home/airflow/.local/lib/python3.12/site-packages/airflow/example_dags/example_complex.py
[2024-04-09T22:05:02.566+0000] {processor.py:840} INFO - DAG(s) 'example_complex' retrieved from /home/airflow/.local/lib/python3.12/site-packages/airflow/example_dags/example_complex.py
[2024-04-09T22:05:02.611+0000] {logging_mixin.py:188} INFO - [2024-04-09T22:05:02.610+0000] {dag.py:3096} INFO - Sync 1 DAGs
[2024-04-09T22:05:02.629+0000] {logging_mixin.py:188} INFO - [2024-04-09T22:05:02.629+0000] {dag.py:3954} INFO - Setting next_dagrun for example_complex to None, run_after=None
[2024-04-09T22:05:02.816+0000] {processor.py:183} INFO - Processing /home/airflow/.local/lib/python3.12/site-packages/airflow/example_dags/example_complex.py took 0.285 seconds
[2024-04-09T22:05:32.880+0000] {processor.py:161} INFO - Started process (PID=863) to work on /home/airflow/.local/lib/python3.12/site-packages/airflow/example_dags/example_complex.py
[2024-04-09T22:05:32.881+0000] {processor.py:830} INFO - Processing file /home/airflow/.local/lib/python3.12/site-packages/airflow/example_dags/example_complex.py for tasks to queue
[2024-04-09T22:05:32.884+0000] {logging_mixin.py:188} INFO - [2024-04-09T22:05:32.883+0000] {dagbag.py:540} INFO - Filling up the DagBag from /home/airflow/.local/lib/python3.12/site-packages/airflow/example_dags/example_complex.py
[2024-04-09T22:05:32.904+0000] {processor.py:840} INFO - DAG(s) 'example_complex' retrieved from /home/airflow/.local/lib/python3.12/site-packages/airflow/example_dags/example_complex.py
[2024-04-09T22:05:33.008+0000] {logging_mixin.py:188} INFO - [2024-04-09T22:05:33.008+0000] {dag.py:3096} INFO - Sync 1 DAGs
[2024-04-09T22:05:33.034+0000] {logging_mixin.py:188} INFO - [2024-04-09T22:05:33.034+0000] {dag.py:3954} INFO - Setting next_dagrun for example_complex to None, run_after=None
[2024-04-09T22:05:33.158+0000] {processor.py:183} INFO - Processing /home/airflow/.local/lib/python3.12/site-packages/airflow/example_dags/example_complex.py took 0.289 seconds
[2024-04-09T22:06:04.072+0000] {processor.py:161} INFO - Started process (PID=921) to work on /home/airflow/.local/lib/python3.12/site-packages/airflow/example_dags/example_complex.py
[2024-04-09T22:06:04.073+0000] {processor.py:830} INFO - Processing file /home/airflow/.local/lib/python3.12/site-packages/airflow/example_dags/example_complex.py for tasks to queue
[2024-04-09T22:06:04.077+0000] {logging_mixin.py:188} INFO - [2024-04-09T22:06:04.076+0000] {dagbag.py:540} INFO - Filling up the DagBag from /home/airflow/.local/lib/python3.12/site-packages/airflow/example_dags/example_complex.py
[2024-04-09T22:06:04.114+0000] {processor.py:840} INFO - DAG(s) 'example_complex' retrieved from /home/airflow/.local/lib/python3.12/site-packages/airflow/example_dags/example_complex.py
[2024-04-09T22:06:04.181+0000] {logging_mixin.py:188} INFO - [2024-04-09T22:06:04.180+0000] {dag.py:3096} INFO - Sync 1 DAGs
[2024-04-09T22:06:04.529+0000] {logging_mixin.py:188} INFO - [2024-04-09T22:06:04.527+0000] {dag.py:3954} INFO - Setting next_dagrun for example_complex to None, run_after=None
[2024-04-09T22:06:04.596+0000] {processor.py:183} INFO - Processing /home/airflow/.local/lib/python3.12/site-packages/airflow/example_dags/example_complex.py took 0.536 seconds
[2024-04-09T22:06:35.236+0000] {processor.py:161} INFO - Started process (PID=979) to work on /home/airflow/.local/lib/python3.12/site-packages/airflow/example_dags/example_complex.py
[2024-04-09T22:06:35.237+0000] {processor.py:830} INFO - Processing file /home/airflow/.local/lib/python3.12/site-packages/airflow/example_dags/example_complex.py for tasks to queue
[2024-04-09T22:06:35.240+0000] {logging_mixin.py:188} INFO - [2024-04-09T22:06:35.240+0000] {dagbag.py:540} INFO - Filling up the DagBag from /home/airflow/.local/lib/python3.12/site-packages/airflow/example_dags/example_complex.py
[2024-04-09T22:06:35.254+0000] {processor.py:840} INFO - DAG(s) 'example_complex' retrieved from /home/airflow/.local/lib/python3.12/site-packages/airflow/example_dags/example_complex.py
[2024-04-09T22:06:35.298+0000] {logging_mixin.py:188} INFO - [2024-04-09T22:06:35.298+0000] {dag.py:3096} INFO - Sync 1 DAGs
[2024-04-09T22:06:35.513+0000] {logging_mixin.py:188} INFO - [2024-04-09T22:06:35.513+0000] {dag.py:3954} INFO - Setting next_dagrun for example_complex to None, run_after=None
[2024-04-09T22:06:35.581+0000] {processor.py:183} INFO - Processing /home/airflow/.local/lib/python3.12/site-packages/airflow/example_dags/example_complex.py took 0.354 seconds
[2024-04-09T22:07:06.299+0000] {processor.py:161} INFO - Started process (PID=1037) to work on /home/airflow/.local/lib/python3.12/site-packages/airflow/example_dags/example_complex.py
[2024-04-09T22:07:06.300+0000] {processor.py:830} INFO - Processing file /home/airflow/.local/lib/python3.12/site-packages/airflow/example_dags/example_complex.py for tasks to queue
[2024-04-09T22:07:06.303+0000] {logging_mixin.py:188} INFO - [2024-04-09T22:07:06.303+0000] {dagbag.py:540} INFO - Filling up the DagBag from /home/airflow/.local/lib/python3.12/site-packages/airflow/example_dags/example_complex.py
[2024-04-09T22:07:06.326+0000] {processor.py:840} INFO - DAG(s) 'example_complex' retrieved from /home/airflow/.local/lib/python3.12/site-packages/airflow/example_dags/example_complex.py
[2024-04-09T22:07:06.403+0000] {logging_mixin.py:188} INFO - [2024-04-09T22:07:06.403+0000] {dag.py:3096} INFO - Sync 1 DAGs
[2024-04-09T22:07:06.433+0000] {logging_mixin.py:188} INFO - [2024-04-09T22:07:06.433+0000] {dag.py:3954} INFO - Setting next_dagrun for example_complex to None, run_after=None
[2024-04-09T22:07:06.798+0000] {processor.py:183} INFO - Processing /home/airflow/.local/lib/python3.12/site-packages/airflow/example_dags/example_complex.py took 0.509 seconds
[2024-04-09T22:07:37.014+0000] {processor.py:161} INFO - Started process (PID=1095) to work on /home/airflow/.local/lib/python3.12/site-packages/airflow/example_dags/example_complex.py
[2024-04-09T22:07:37.015+0000] {processor.py:830} INFO - Processing file /home/airflow/.local/lib/python3.12/site-packages/airflow/example_dags/example_complex.py for tasks to queue
[2024-04-09T22:07:37.018+0000] {logging_mixin.py:188} INFO - [2024-04-09T22:07:37.017+0000] {dagbag.py:540} INFO - Filling up the DagBag from /home/airflow/.local/lib/python3.12/site-packages/airflow/example_dags/example_complex.py
[2024-04-09T22:07:37.033+0000] {processor.py:840} INFO - DAG(s) 'example_complex' retrieved from /home/airflow/.local/lib/python3.12/site-packages/airflow/example_dags/example_complex.py
[2024-04-09T22:07:37.078+0000] {logging_mixin.py:188} INFO - [2024-04-09T22:07:37.078+0000] {dag.py:3096} INFO - Sync 1 DAGs
[2024-04-09T22:07:37.097+0000] {logging_mixin.py:188} INFO - [2024-04-09T22:07:37.097+0000] {dag.py:3954} INFO - Setting next_dagrun for example_complex to None, run_after=None
[2024-04-09T22:07:37.154+0000] {processor.py:183} INFO - Processing /home/airflow/.local/lib/python3.12/site-packages/airflow/example_dags/example_complex.py took 0.148 seconds
[2024-04-09T22:08:07.736+0000] {processor.py:161} INFO - Started process (PID=1154) to work on /home/airflow/.local/lib/python3.12/site-packages/airflow/example_dags/example_complex.py
[2024-04-09T22:08:07.738+0000] {processor.py:830} INFO - Processing file /home/airflow/.local/lib/python3.12/site-packages/airflow/example_dags/example_complex.py for tasks to queue
[2024-04-09T22:08:07.740+0000] {logging_mixin.py:188} INFO - [2024-04-09T22:08:07.740+0000] {dagbag.py:540} INFO - Filling up the DagBag from /home/airflow/.local/lib/python3.12/site-packages/airflow/example_dags/example_complex.py
[2024-04-09T22:08:07.758+0000] {processor.py:840} INFO - DAG(s) 'example_complex' retrieved from /home/airflow/.local/lib/python3.12/site-packages/airflow/example_dags/example_complex.py
[2024-04-09T22:08:07.805+0000] {logging_mixin.py:188} INFO - [2024-04-09T22:08:07.805+0000] {dag.py:3096} INFO - Sync 1 DAGs
[2024-04-09T22:08:07.826+0000] {logging_mixin.py:188} INFO - [2024-04-09T22:08:07.826+0000] {dag.py:3954} INFO - Setting next_dagrun for example_complex to None, run_after=None
[2024-04-09T22:08:07.884+0000] {processor.py:183} INFO - Processing /home/airflow/.local/lib/python3.12/site-packages/airflow/example_dags/example_complex.py took 0.157 seconds
[2024-04-09T22:08:38.430+0000] {processor.py:161} INFO - Started process (PID=1210) to work on /home/airflow/.local/lib/python3.12/site-packages/airflow/example_dags/example_complex.py
[2024-04-09T22:08:38.431+0000] {processor.py:830} INFO - Processing file /home/airflow/.local/lib/python3.12/site-packages/airflow/example_dags/example_complex.py for tasks to queue
[2024-04-09T22:08:38.434+0000] {logging_mixin.py:188} INFO - [2024-04-09T22:08:38.433+0000] {dagbag.py:540} INFO - Filling up the DagBag from /home/airflow/.local/lib/python3.12/site-packages/airflow/example_dags/example_complex.py
[2024-04-09T22:08:38.455+0000] {processor.py:840} INFO - DAG(s) 'example_complex' retrieved from /home/airflow/.local/lib/python3.12/site-packages/airflow/example_dags/example_complex.py
[2024-04-09T22:08:38.509+0000] {logging_mixin.py:188} INFO - [2024-04-09T22:08:38.508+0000] {dag.py:3096} INFO - Sync 1 DAGs
[2024-04-09T22:08:38.532+0000] {logging_mixin.py:188} INFO - [2024-04-09T22:08:38.532+0000] {dag.py:3954} INFO - Setting next_dagrun for example_complex to None, run_after=None
[2024-04-09T22:08:38.587+0000] {processor.py:183} INFO - Processing /home/airflow/.local/lib/python3.12/site-packages/airflow/example_dags/example_complex.py took 0.167 seconds
[2024-04-09T22:09:09.153+0000] {processor.py:161} INFO - Started process (PID=1268) to work on /home/airflow/.local/lib/python3.12/site-packages/airflow/example_dags/example_complex.py
[2024-04-09T22:09:09.154+0000] {processor.py:830} INFO - Processing file /home/airflow/.local/lib/python3.12/site-packages/airflow/example_dags/example_complex.py for tasks to queue
[2024-04-09T22:09:09.157+0000] {logging_mixin.py:188} INFO - [2024-04-09T22:09:09.157+0000] {dagbag.py:540} INFO - Filling up the DagBag from /home/airflow/.local/lib/python3.12/site-packages/airflow/example_dags/example_complex.py
[2024-04-09T22:09:09.180+0000] {processor.py:840} INFO - DAG(s) 'example_complex' retrieved from /home/airflow/.local/lib/python3.12/site-packages/airflow/example_dags/example_complex.py
[2024-04-09T22:09:09.232+0000] {logging_mixin.py:188} INFO - [2024-04-09T22:09:09.232+0000] {dag.py:3096} INFO - Sync 1 DAGs
[2024-04-09T22:09:09.252+0000] {logging_mixin.py:188} INFO - [2024-04-09T22:09:09.251+0000] {dag.py:3954} INFO - Setting next_dagrun for example_complex to None, run_after=None
[2024-04-09T22:09:09.311+0000] {processor.py:183} INFO - Processing /home/airflow/.local/lib/python3.12/site-packages/airflow/example_dags/example_complex.py took 0.166 seconds
[2024-04-09T22:09:39.690+0000] {processor.py:161} INFO - Started process (PID=1326) to work on /home/airflow/.local/lib/python3.12/site-packages/airflow/example_dags/example_complex.py
[2024-04-09T22:09:39.691+0000] {processor.py:830} INFO - Processing file /home/airflow/.local/lib/python3.12/site-packages/airflow/example_dags/example_complex.py for tasks to queue
[2024-04-09T22:09:39.694+0000] {logging_mixin.py:188} INFO - [2024-04-09T22:09:39.693+0000] {dagbag.py:540} INFO - Filling up the DagBag from /home/airflow/.local/lib/python3.12/site-packages/airflow/example_dags/example_complex.py
[2024-04-09T22:09:39.718+0000] {processor.py:840} INFO - DAG(s) 'example_complex' retrieved from /home/airflow/.local/lib/python3.12/site-packages/airflow/example_dags/example_complex.py
[2024-04-09T22:09:39.774+0000] {logging_mixin.py:188} INFO - [2024-04-09T22:09:39.774+0000] {dag.py:3096} INFO - Sync 1 DAGs
[2024-04-09T22:09:39.794+0000] {logging_mixin.py:188} INFO - [2024-04-09T22:09:39.793+0000] {dag.py:3954} INFO - Setting next_dagrun for example_complex to None, run_after=None
[2024-04-09T22:09:39.852+0000] {processor.py:183} INFO - Processing /home/airflow/.local/lib/python3.12/site-packages/airflow/example_dags/example_complex.py took 0.171 seconds
[2024-04-09T22:10:10.658+0000] {processor.py:161} INFO - Started process (PID=1384) to work on /home/airflow/.local/lib/python3.12/site-packages/airflow/example_dags/example_complex.py
[2024-04-09T22:10:10.660+0000] {processor.py:830} INFO - Processing file /home/airflow/.local/lib/python3.12/site-packages/airflow/example_dags/example_complex.py for tasks to queue
[2024-04-09T22:10:10.667+0000] {logging_mixin.py:188} INFO - [2024-04-09T22:10:10.666+0000] {dagbag.py:540} INFO - Filling up the DagBag from /home/airflow/.local/lib/python3.12/site-packages/airflow/example_dags/example_complex.py
[2024-04-09T22:10:10.687+0000] {processor.py:840} INFO - DAG(s) 'example_complex' retrieved from /home/airflow/.local/lib/python3.12/site-packages/airflow/example_dags/example_complex.py
[2024-04-09T22:10:10.780+0000] {logging_mixin.py:188} INFO - [2024-04-09T22:10:10.780+0000] {dag.py:3096} INFO - Sync 1 DAGs
[2024-04-09T22:10:10.815+0000] {logging_mixin.py:188} INFO - [2024-04-09T22:10:10.814+0000] {dag.py:3954} INFO - Setting next_dagrun for example_complex to None, run_after=None
[2024-04-09T22:10:10.871+0000] {processor.py:183} INFO - Processing /home/airflow/.local/lib/python3.12/site-packages/airflow/example_dags/example_complex.py took 0.222 seconds
