[2024-04-09T21:57:55.545+0000] {processor.py:161} INFO - Started process (PID=92) to work on /home/airflow/.local/lib/python3.12/site-packages/airflow/example_dags/example_display_name.py
[2024-04-09T21:57:55.547+0000] {processor.py:830} INFO - Processing file /home/airflow/.local/lib/python3.12/site-packages/airflow/example_dags/example_display_name.py for tasks to queue
[2024-04-09T21:57:55.551+0000] {logging_mixin.py:188} INFO - [2024-04-09T21:57:55.550+0000] {dagbag.py:540} INFO - Filling up the DagBag from /home/airflow/.local/lib/python3.12/site-packages/airflow/example_dags/example_display_name.py
[2024-04-09T21:57:55.577+0000] {processor.py:840} INFO - DAG(s) 'example_display_name' retrieved from /home/airflow/.local/lib/python3.12/site-packages/airflow/example_dags/example_display_name.py
[2024-04-09T21:57:55.828+0000] {logging_mixin.py:188} INFO - [2024-04-09T21:57:55.828+0000] {dag.py:3096} INFO - Sync 1 DAGs
[2024-04-09T21:57:56.030+0000] {logging_mixin.py:188} INFO - [2024-04-09T21:57:56.029+0000] {dag.py:3954} INFO - Setting next_dagrun for example_display_name to None, run_after=None
[2024-04-09T21:57:56.535+0000] {processor.py:183} INFO - Processing /home/airflow/.local/lib/python3.12/site-packages/airflow/example_dags/example_display_name.py took 0.999 seconds
[2024-04-09T21:58:26.707+0000] {processor.py:161} INFO - Started process (PID=150) to work on /home/airflow/.local/lib/python3.12/site-packages/airflow/example_dags/example_display_name.py
[2024-04-09T21:58:26.709+0000] {processor.py:830} INFO - Processing file /home/airflow/.local/lib/python3.12/site-packages/airflow/example_dags/example_display_name.py for tasks to queue
[2024-04-09T21:58:26.712+0000] {logging_mixin.py:188} INFO - [2024-04-09T21:58:26.712+0000] {dagbag.py:540} INFO - Filling up the DagBag from /home/airflow/.local/lib/python3.12/site-packages/airflow/example_dags/example_display_name.py
[2024-04-09T21:58:26.722+0000] {processor.py:840} INFO - DAG(s) 'example_display_name' retrieved from /home/airflow/.local/lib/python3.12/site-packages/airflow/example_dags/example_display_name.py
[2024-04-09T21:58:26.752+0000] {logging_mixin.py:188} INFO - [2024-04-09T21:58:26.752+0000] {dag.py:3096} INFO - Sync 1 DAGs
[2024-04-09T21:58:26.773+0000] {logging_mixin.py:188} INFO - [2024-04-09T21:58:26.773+0000] {dag.py:3954} INFO - Setting next_dagrun for example_display_name to None, run_after=None
[2024-04-09T21:58:26.953+0000] {processor.py:183} INFO - Processing /home/airflow/.local/lib/python3.12/site-packages/airflow/example_dags/example_display_name.py took 0.254 seconds
[2024-04-09T21:58:57.093+0000] {processor.py:161} INFO - Started process (PID=206) to work on /home/airflow/.local/lib/python3.12/site-packages/airflow/example_dags/example_display_name.py
[2024-04-09T21:58:57.094+0000] {processor.py:830} INFO - Processing file /home/airflow/.local/lib/python3.12/site-packages/airflow/example_dags/example_display_name.py for tasks to queue
[2024-04-09T21:58:57.097+0000] {logging_mixin.py:188} INFO - [2024-04-09T21:58:57.096+0000] {dagbag.py:540} INFO - Filling up the DagBag from /home/airflow/.local/lib/python3.12/site-packages/airflow/example_dags/example_display_name.py
[2024-04-09T21:58:57.104+0000] {processor.py:840} INFO - DAG(s) 'example_display_name' retrieved from /home/airflow/.local/lib/python3.12/site-packages/airflow/example_dags/example_display_name.py
[2024-04-09T21:58:57.130+0000] {logging_mixin.py:188} INFO - [2024-04-09T21:58:57.130+0000] {dag.py:3096} INFO - Sync 1 DAGs
[2024-04-09T21:58:57.148+0000] {logging_mixin.py:188} INFO - [2024-04-09T21:58:57.147+0000] {dag.py:3954} INFO - Setting next_dagrun for example_display_name to None, run_after=None
[2024-04-09T21:58:57.421+0000] {processor.py:183} INFO - Processing /home/airflow/.local/lib/python3.12/site-packages/airflow/example_dags/example_display_name.py took 0.335 seconds
[2024-04-09T21:59:28.867+0000] {processor.py:161} INFO - Started process (PID=264) to work on /home/airflow/.local/lib/python3.12/site-packages/airflow/example_dags/example_display_name.py
[2024-04-09T21:59:28.869+0000] {processor.py:830} INFO - Processing file /home/airflow/.local/lib/python3.12/site-packages/airflow/example_dags/example_display_name.py for tasks to queue
[2024-04-09T21:59:28.871+0000] {logging_mixin.py:188} INFO - [2024-04-09T21:59:28.871+0000] {dagbag.py:540} INFO - Filling up the DagBag from /home/airflow/.local/lib/python3.12/site-packages/airflow/example_dags/example_display_name.py
[2024-04-09T21:59:28.879+0000] {processor.py:840} INFO - DAG(s) 'example_display_name' retrieved from /home/airflow/.local/lib/python3.12/site-packages/airflow/example_dags/example_display_name.py
[2024-04-09T21:59:28.904+0000] {logging_mixin.py:188} INFO - [2024-04-09T21:59:28.903+0000] {dag.py:3096} INFO - Sync 1 DAGs
[2024-04-09T21:59:28.920+0000] {logging_mixin.py:188} INFO - [2024-04-09T21:59:28.920+0000] {dag.py:3954} INFO - Setting next_dagrun for example_display_name to None, run_after=None
[2024-04-09T21:59:29.120+0000] {processor.py:183} INFO - Processing /home/airflow/.local/lib/python3.12/site-packages/airflow/example_dags/example_display_name.py took 0.260 seconds
[2024-04-09T22:00:10.644+0000] {processor.py:161} INFO - Started process (PID=322) to work on /home/airflow/.local/lib/python3.12/site-packages/airflow/example_dags/example_display_name.py
[2024-04-09T22:00:10.645+0000] {processor.py:830} INFO - Processing file /home/airflow/.local/lib/python3.12/site-packages/airflow/example_dags/example_display_name.py for tasks to queue
[2024-04-09T22:00:10.649+0000] {logging_mixin.py:188} INFO - [2024-04-09T22:00:10.648+0000] {dagbag.py:540} INFO - Filling up the DagBag from /home/airflow/.local/lib/python3.12/site-packages/airflow/example_dags/example_display_name.py
[2024-04-09T22:00:10.657+0000] {processor.py:840} INFO - DAG(s) 'example_display_name' retrieved from /home/airflow/.local/lib/python3.12/site-packages/airflow/example_dags/example_display_name.py
[2024-04-09T22:00:10.686+0000] {logging_mixin.py:188} INFO - [2024-04-09T22:00:10.685+0000] {dag.py:3096} INFO - Sync 1 DAGs
[2024-04-09T22:00:10.702+0000] {logging_mixin.py:188} INFO - [2024-04-09T22:00:10.702+0000] {dag.py:3954} INFO - Setting next_dagrun for example_display_name to None, run_after=None
[2024-04-09T22:00:10.867+0000] {processor.py:183} INFO - Processing /home/airflow/.local/lib/python3.12/site-packages/airflow/example_dags/example_display_name.py took 0.231 seconds
[2024-04-09T22:00:49.592+0000] {processor.py:161} INFO - Started process (PID=383) to work on /home/airflow/.local/lib/python3.12/site-packages/airflow/example_dags/example_display_name.py
[2024-04-09T22:00:49.594+0000] {processor.py:830} INFO - Processing file /home/airflow/.local/lib/python3.12/site-packages/airflow/example_dags/example_display_name.py for tasks to queue
[2024-04-09T22:00:49.596+0000] {logging_mixin.py:188} INFO - [2024-04-09T22:00:49.596+0000] {dagbag.py:540} INFO - Filling up the DagBag from /home/airflow/.local/lib/python3.12/site-packages/airflow/example_dags/example_display_name.py
[2024-04-09T22:00:49.604+0000] {processor.py:840} INFO - DAG(s) 'example_display_name' retrieved from /home/airflow/.local/lib/python3.12/site-packages/airflow/example_dags/example_display_name.py
[2024-04-09T22:00:49.630+0000] {logging_mixin.py:188} INFO - [2024-04-09T22:00:49.630+0000] {dag.py:3096} INFO - Sync 1 DAGs
[2024-04-09T22:00:49.647+0000] {logging_mixin.py:188} INFO - [2024-04-09T22:00:49.647+0000] {dag.py:3954} INFO - Setting next_dagrun for example_display_name to None, run_after=None
[2024-04-09T22:00:49.897+0000] {processor.py:183} INFO - Processing /home/airflow/.local/lib/python3.12/site-packages/airflow/example_dags/example_display_name.py took 0.313 seconds
[2024-04-09T22:01:20.039+0000] {processor.py:161} INFO - Started process (PID=440) to work on /home/airflow/.local/lib/python3.12/site-packages/airflow/example_dags/example_display_name.py
[2024-04-09T22:01:20.040+0000] {processor.py:830} INFO - Processing file /home/airflow/.local/lib/python3.12/site-packages/airflow/example_dags/example_display_name.py for tasks to queue
[2024-04-09T22:01:20.043+0000] {logging_mixin.py:188} INFO - [2024-04-09T22:01:20.043+0000] {dagbag.py:540} INFO - Filling up the DagBag from /home/airflow/.local/lib/python3.12/site-packages/airflow/example_dags/example_display_name.py
[2024-04-09T22:01:20.051+0000] {processor.py:840} INFO - DAG(s) 'example_display_name' retrieved from /home/airflow/.local/lib/python3.12/site-packages/airflow/example_dags/example_display_name.py
[2024-04-09T22:01:20.076+0000] {logging_mixin.py:188} INFO - [2024-04-09T22:01:20.075+0000] {dag.py:3096} INFO - Sync 1 DAGs
[2024-04-09T22:01:20.094+0000] {logging_mixin.py:188} INFO - [2024-04-09T22:01:20.094+0000] {dag.py:3954} INFO - Setting next_dagrun for example_display_name to None, run_after=None
[2024-04-09T22:01:20.384+0000] {processor.py:183} INFO - Processing /home/airflow/.local/lib/python3.12/site-packages/airflow/example_dags/example_display_name.py took 0.352 seconds
[2024-04-09T22:01:50.618+0000] {processor.py:161} INFO - Started process (PID=498) to work on /home/airflow/.local/lib/python3.12/site-packages/airflow/example_dags/example_display_name.py
[2024-04-09T22:01:50.620+0000] {processor.py:830} INFO - Processing file /home/airflow/.local/lib/python3.12/site-packages/airflow/example_dags/example_display_name.py for tasks to queue
[2024-04-09T22:01:50.623+0000] {logging_mixin.py:188} INFO - [2024-04-09T22:01:50.622+0000] {dagbag.py:540} INFO - Filling up the DagBag from /home/airflow/.local/lib/python3.12/site-packages/airflow/example_dags/example_display_name.py
[2024-04-09T22:01:50.632+0000] {processor.py:840} INFO - DAG(s) 'example_display_name' retrieved from /home/airflow/.local/lib/python3.12/site-packages/airflow/example_dags/example_display_name.py
[2024-04-09T22:01:50.668+0000] {logging_mixin.py:188} INFO - [2024-04-09T22:01:50.668+0000] {dag.py:3096} INFO - Sync 1 DAGs
[2024-04-09T22:01:50.699+0000] {logging_mixin.py:188} INFO - [2024-04-09T22:01:50.698+0000] {dag.py:3954} INFO - Setting next_dagrun for example_display_name to None, run_after=None
[2024-04-09T22:01:50.945+0000] {processor.py:183} INFO - Processing /home/airflow/.local/lib/python3.12/site-packages/airflow/example_dags/example_display_name.py took 0.339 seconds
[2024-04-09T22:02:21.372+0000] {processor.py:161} INFO - Started process (PID=556) to work on /home/airflow/.local/lib/python3.12/site-packages/airflow/example_dags/example_display_name.py
[2024-04-09T22:02:21.374+0000] {processor.py:830} INFO - Processing file /home/airflow/.local/lib/python3.12/site-packages/airflow/example_dags/example_display_name.py for tasks to queue
[2024-04-09T22:02:21.376+0000] {logging_mixin.py:188} INFO - [2024-04-09T22:02:21.376+0000] {dagbag.py:540} INFO - Filling up the DagBag from /home/airflow/.local/lib/python3.12/site-packages/airflow/example_dags/example_display_name.py
[2024-04-09T22:02:21.384+0000] {processor.py:840} INFO - DAG(s) 'example_display_name' retrieved from /home/airflow/.local/lib/python3.12/site-packages/airflow/example_dags/example_display_name.py
[2024-04-09T22:02:21.414+0000] {logging_mixin.py:188} INFO - [2024-04-09T22:02:21.414+0000] {dag.py:3096} INFO - Sync 1 DAGs
[2024-04-09T22:02:21.433+0000] {logging_mixin.py:188} INFO - [2024-04-09T22:02:21.432+0000] {dag.py:3954} INFO - Setting next_dagrun for example_display_name to None, run_after=None
[2024-04-09T22:02:21.607+0000] {processor.py:183} INFO - Processing /home/airflow/.local/lib/python3.12/site-packages/airflow/example_dags/example_display_name.py took 0.242 seconds
[2024-04-09T22:03:27.452+0000] {processor.py:161} INFO - Started process (PID=645) to work on /home/airflow/.local/lib/python3.12/site-packages/airflow/example_dags/example_display_name.py
[2024-04-09T22:03:27.453+0000] {processor.py:830} INFO - Processing file /home/airflow/.local/lib/python3.12/site-packages/airflow/example_dags/example_display_name.py for tasks to queue
[2024-04-09T22:03:27.456+0000] {logging_mixin.py:188} INFO - [2024-04-09T22:03:27.456+0000] {dagbag.py:540} INFO - Filling up the DagBag from /home/airflow/.local/lib/python3.12/site-packages/airflow/example_dags/example_display_name.py
[2024-04-09T22:03:27.464+0000] {processor.py:840} INFO - DAG(s) 'example_display_name' retrieved from /home/airflow/.local/lib/python3.12/site-packages/airflow/example_dags/example_display_name.py
[2024-04-09T22:03:27.491+0000] {logging_mixin.py:188} INFO - [2024-04-09T22:03:27.490+0000] {dag.py:3096} INFO - Sync 1 DAGs
[2024-04-09T22:03:27.509+0000] {logging_mixin.py:188} INFO - [2024-04-09T22:03:27.509+0000] {dag.py:3954} INFO - Setting next_dagrun for example_display_name to None, run_after=None
[2024-04-09T22:03:27.641+0000] {processor.py:183} INFO - Processing /home/airflow/.local/lib/python3.12/site-packages/airflow/example_dags/example_display_name.py took 0.197 seconds
[2024-04-09T22:04:00.729+0000] {processor.py:161} INFO - Started process (PID=703) to work on /home/airflow/.local/lib/python3.12/site-packages/airflow/example_dags/example_display_name.py
[2024-04-09T22:04:00.731+0000] {processor.py:830} INFO - Processing file /home/airflow/.local/lib/python3.12/site-packages/airflow/example_dags/example_display_name.py for tasks to queue
[2024-04-09T22:04:00.734+0000] {logging_mixin.py:188} INFO - [2024-04-09T22:04:00.733+0000] {dagbag.py:540} INFO - Filling up the DagBag from /home/airflow/.local/lib/python3.12/site-packages/airflow/example_dags/example_display_name.py
[2024-04-09T22:04:00.744+0000] {processor.py:840} INFO - DAG(s) 'example_display_name' retrieved from /home/airflow/.local/lib/python3.12/site-packages/airflow/example_dags/example_display_name.py
[2024-04-09T22:04:00.770+0000] {logging_mixin.py:188} INFO - [2024-04-09T22:04:00.769+0000] {dag.py:3096} INFO - Sync 1 DAGs
[2024-04-09T22:04:00.787+0000] {logging_mixin.py:188} INFO - [2024-04-09T22:04:00.787+0000] {dag.py:3954} INFO - Setting next_dagrun for example_display_name to None, run_after=None
[2024-04-09T22:04:00.905+0000] {processor.py:183} INFO - Processing /home/airflow/.local/lib/python3.12/site-packages/airflow/example_dags/example_display_name.py took 0.184 seconds
[2024-04-09T22:04:32.633+0000] {processor.py:161} INFO - Started process (PID=761) to work on /home/airflow/.local/lib/python3.12/site-packages/airflow/example_dags/example_display_name.py
[2024-04-09T22:04:32.635+0000] {processor.py:830} INFO - Processing file /home/airflow/.local/lib/python3.12/site-packages/airflow/example_dags/example_display_name.py for tasks to queue
[2024-04-09T22:04:32.638+0000] {logging_mixin.py:188} INFO - [2024-04-09T22:04:32.637+0000] {dagbag.py:540} INFO - Filling up the DagBag from /home/airflow/.local/lib/python3.12/site-packages/airflow/example_dags/example_display_name.py
[2024-04-09T22:04:32.650+0000] {processor.py:840} INFO - DAG(s) 'example_display_name' retrieved from /home/airflow/.local/lib/python3.12/site-packages/airflow/example_dags/example_display_name.py
[2024-04-09T22:04:32.686+0000] {logging_mixin.py:188} INFO - [2024-04-09T22:04:32.685+0000] {dag.py:3096} INFO - Sync 1 DAGs
[2024-04-09T22:04:32.704+0000] {logging_mixin.py:188} INFO - [2024-04-09T22:04:32.704+0000] {dag.py:3954} INFO - Setting next_dagrun for example_display_name to None, run_after=None
[2024-04-09T22:04:32.841+0000] {processor.py:183} INFO - Processing /home/airflow/.local/lib/python3.12/site-packages/airflow/example_dags/example_display_name.py took 0.215 seconds
[2024-04-09T22:05:05.592+0000] {processor.py:161} INFO - Started process (PID=819) to work on /home/airflow/.local/lib/python3.12/site-packages/airflow/example_dags/example_display_name.py
[2024-04-09T22:05:05.593+0000] {processor.py:830} INFO - Processing file /home/airflow/.local/lib/python3.12/site-packages/airflow/example_dags/example_display_name.py for tasks to queue
[2024-04-09T22:05:05.596+0000] {logging_mixin.py:188} INFO - [2024-04-09T22:05:05.596+0000] {dagbag.py:540} INFO - Filling up the DagBag from /home/airflow/.local/lib/python3.12/site-packages/airflow/example_dags/example_display_name.py
[2024-04-09T22:05:05.604+0000] {processor.py:840} INFO - DAG(s) 'example_display_name' retrieved from /home/airflow/.local/lib/python3.12/site-packages/airflow/example_dags/example_display_name.py
[2024-04-09T22:05:05.843+0000] {logging_mixin.py:188} INFO - [2024-04-09T22:05:05.842+0000] {dag.py:3096} INFO - Sync 1 DAGs
[2024-04-09T22:05:05.859+0000] {logging_mixin.py:188} INFO - [2024-04-09T22:05:05.859+0000] {dag.py:3954} INFO - Setting next_dagrun for example_display_name to None, run_after=None
[2024-04-09T22:05:06.159+0000] {processor.py:183} INFO - Processing /home/airflow/.local/lib/python3.12/site-packages/airflow/example_dags/example_display_name.py took 0.574 seconds
[2024-04-09T22:05:36.788+0000] {processor.py:161} INFO - Started process (PID=876) to work on /home/airflow/.local/lib/python3.12/site-packages/airflow/example_dags/example_display_name.py
[2024-04-09T22:05:36.790+0000] {processor.py:830} INFO - Processing file /home/airflow/.local/lib/python3.12/site-packages/airflow/example_dags/example_display_name.py for tasks to queue
[2024-04-09T22:05:36.793+0000] {logging_mixin.py:188} INFO - [2024-04-09T22:05:36.793+0000] {dagbag.py:540} INFO - Filling up the DagBag from /home/airflow/.local/lib/python3.12/site-packages/airflow/example_dags/example_display_name.py
[2024-04-09T22:05:36.803+0000] {processor.py:840} INFO - DAG(s) 'example_display_name' retrieved from /home/airflow/.local/lib/python3.12/site-packages/airflow/example_dags/example_display_name.py
[2024-04-09T22:05:36.841+0000] {logging_mixin.py:188} INFO - [2024-04-09T22:05:36.841+0000] {dag.py:3096} INFO - Sync 1 DAGs
[2024-04-09T22:05:36.862+0000] {logging_mixin.py:188} INFO - [2024-04-09T22:05:36.861+0000] {dag.py:3954} INFO - Setting next_dagrun for example_display_name to None, run_after=None
[2024-04-09T22:05:36.924+0000] {processor.py:183} INFO - Processing /home/airflow/.local/lib/python3.12/site-packages/airflow/example_dags/example_display_name.py took 0.149 seconds
[2024-04-09T22:06:07.149+0000] {processor.py:161} INFO - Started process (PID=934) to work on /home/airflow/.local/lib/python3.12/site-packages/airflow/example_dags/example_display_name.py
[2024-04-09T22:06:07.151+0000] {processor.py:830} INFO - Processing file /home/airflow/.local/lib/python3.12/site-packages/airflow/example_dags/example_display_name.py for tasks to queue
[2024-04-09T22:06:07.154+0000] {logging_mixin.py:188} INFO - [2024-04-09T22:06:07.153+0000] {dagbag.py:540} INFO - Filling up the DagBag from /home/airflow/.local/lib/python3.12/site-packages/airflow/example_dags/example_display_name.py
[2024-04-09T22:06:07.161+0000] {processor.py:840} INFO - DAG(s) 'example_display_name' retrieved from /home/airflow/.local/lib/python3.12/site-packages/airflow/example_dags/example_display_name.py
[2024-04-09T22:06:07.191+0000] {logging_mixin.py:188} INFO - [2024-04-09T22:06:07.191+0000] {dag.py:3096} INFO - Sync 1 DAGs
[2024-04-09T22:06:07.212+0000] {logging_mixin.py:188} INFO - [2024-04-09T22:06:07.212+0000] {dag.py:3954} INFO - Setting next_dagrun for example_display_name to None, run_after=None
[2024-04-09T22:06:07.282+0000] {processor.py:183} INFO - Processing /home/airflow/.local/lib/python3.12/site-packages/airflow/example_dags/example_display_name.py took 0.144 seconds
[2024-04-09T22:06:37.879+0000] {processor.py:161} INFO - Started process (PID=992) to work on /home/airflow/.local/lib/python3.12/site-packages/airflow/example_dags/example_display_name.py
[2024-04-09T22:06:37.881+0000] {processor.py:830} INFO - Processing file /home/airflow/.local/lib/python3.12/site-packages/airflow/example_dags/example_display_name.py for tasks to queue
[2024-04-09T22:06:37.885+0000] {logging_mixin.py:188} INFO - [2024-04-09T22:06:37.884+0000] {dagbag.py:540} INFO - Filling up the DagBag from /home/airflow/.local/lib/python3.12/site-packages/airflow/example_dags/example_display_name.py
[2024-04-09T22:06:37.895+0000] {processor.py:840} INFO - DAG(s) 'example_display_name' retrieved from /home/airflow/.local/lib/python3.12/site-packages/airflow/example_dags/example_display_name.py
[2024-04-09T22:06:37.942+0000] {logging_mixin.py:188} INFO - [2024-04-09T22:06:37.941+0000] {dag.py:3096} INFO - Sync 1 DAGs
[2024-04-09T22:06:38.149+0000] {logging_mixin.py:188} INFO - [2024-04-09T22:06:38.148+0000] {dag.py:3954} INFO - Setting next_dagrun for example_display_name to None, run_after=None
[2024-04-09T22:06:38.212+0000] {processor.py:183} INFO - Processing /home/airflow/.local/lib/python3.12/site-packages/airflow/example_dags/example_display_name.py took 0.347 seconds
[2024-04-09T22:07:11.628+0000] {processor.py:161} INFO - Started process (PID=1050) to work on /home/airflow/.local/lib/python3.12/site-packages/airflow/example_dags/example_display_name.py
[2024-04-09T22:07:11.630+0000] {processor.py:830} INFO - Processing file /home/airflow/.local/lib/python3.12/site-packages/airflow/example_dags/example_display_name.py for tasks to queue
[2024-04-09T22:07:11.634+0000] {logging_mixin.py:188} INFO - [2024-04-09T22:07:11.634+0000] {dagbag.py:540} INFO - Filling up the DagBag from /home/airflow/.local/lib/python3.12/site-packages/airflow/example_dags/example_display_name.py
[2024-04-09T22:07:11.646+0000] {processor.py:840} INFO - DAG(s) 'example_display_name' retrieved from /home/airflow/.local/lib/python3.12/site-packages/airflow/example_dags/example_display_name.py
[2024-04-09T22:07:11.682+0000] {logging_mixin.py:188} INFO - [2024-04-09T22:07:11.682+0000] {dag.py:3096} INFO - Sync 1 DAGs
[2024-04-09T22:07:11.931+0000] {logging_mixin.py:188} INFO - [2024-04-09T22:07:11.931+0000] {dag.py:3954} INFO - Setting next_dagrun for example_display_name to None, run_after=None
[2024-04-09T22:07:12.023+0000] {processor.py:183} INFO - Processing /home/airflow/.local/lib/python3.12/site-packages/airflow/example_dags/example_display_name.py took 0.408 seconds
[2024-04-09T22:07:42.239+0000] {processor.py:161} INFO - Started process (PID=1108) to work on /home/airflow/.local/lib/python3.12/site-packages/airflow/example_dags/example_display_name.py
[2024-04-09T22:07:42.240+0000] {processor.py:830} INFO - Processing file /home/airflow/.local/lib/python3.12/site-packages/airflow/example_dags/example_display_name.py for tasks to queue
[2024-04-09T22:07:42.243+0000] {logging_mixin.py:188} INFO - [2024-04-09T22:07:42.242+0000] {dagbag.py:540} INFO - Filling up the DagBag from /home/airflow/.local/lib/python3.12/site-packages/airflow/example_dags/example_display_name.py
[2024-04-09T22:07:42.255+0000] {processor.py:840} INFO - DAG(s) 'example_display_name' retrieved from /home/airflow/.local/lib/python3.12/site-packages/airflow/example_dags/example_display_name.py
[2024-04-09T22:07:42.287+0000] {logging_mixin.py:188} INFO - [2024-04-09T22:07:42.287+0000] {dag.py:3096} INFO - Sync 1 DAGs
[2024-04-09T22:07:42.311+0000] {logging_mixin.py:188} INFO - [2024-04-09T22:07:42.310+0000] {dag.py:3954} INFO - Setting next_dagrun for example_display_name to None, run_after=None
[2024-04-09T22:07:42.625+0000] {processor.py:183} INFO - Processing /home/airflow/.local/lib/python3.12/site-packages/airflow/example_dags/example_display_name.py took 0.397 seconds
[2024-04-09T22:08:13.125+0000] {processor.py:161} INFO - Started process (PID=1167) to work on /home/airflow/.local/lib/python3.12/site-packages/airflow/example_dags/example_display_name.py
[2024-04-09T22:08:13.126+0000] {processor.py:830} INFO - Processing file /home/airflow/.local/lib/python3.12/site-packages/airflow/example_dags/example_display_name.py for tasks to queue
[2024-04-09T22:08:13.129+0000] {logging_mixin.py:188} INFO - [2024-04-09T22:08:13.129+0000] {dagbag.py:540} INFO - Filling up the DagBag from /home/airflow/.local/lib/python3.12/site-packages/airflow/example_dags/example_display_name.py
[2024-04-09T22:08:13.137+0000] {processor.py:840} INFO - DAG(s) 'example_display_name' retrieved from /home/airflow/.local/lib/python3.12/site-packages/airflow/example_dags/example_display_name.py
[2024-04-09T22:08:13.165+0000] {logging_mixin.py:188} INFO - [2024-04-09T22:08:13.164+0000] {dag.py:3096} INFO - Sync 1 DAGs
[2024-04-09T22:08:13.183+0000] {logging_mixin.py:188} INFO - [2024-04-09T22:08:13.182+0000] {dag.py:3954} INFO - Setting next_dagrun for example_display_name to None, run_after=None
[2024-04-09T22:08:13.244+0000] {processor.py:183} INFO - Processing /home/airflow/.local/lib/python3.12/site-packages/airflow/example_dags/example_display_name.py took 0.130 seconds
[2024-04-09T22:08:43.408+0000] {processor.py:161} INFO - Started process (PID=1225) to work on /home/airflow/.local/lib/python3.12/site-packages/airflow/example_dags/example_display_name.py
[2024-04-09T22:08:43.410+0000] {processor.py:830} INFO - Processing file /home/airflow/.local/lib/python3.12/site-packages/airflow/example_dags/example_display_name.py for tasks to queue
[2024-04-09T22:08:43.414+0000] {logging_mixin.py:188} INFO - [2024-04-09T22:08:43.413+0000] {dagbag.py:540} INFO - Filling up the DagBag from /home/airflow/.local/lib/python3.12/site-packages/airflow/example_dags/example_display_name.py
[2024-04-09T22:08:43.424+0000] {processor.py:840} INFO - DAG(s) 'example_display_name' retrieved from /home/airflow/.local/lib/python3.12/site-packages/airflow/example_dags/example_display_name.py
[2024-04-09T22:08:43.455+0000] {logging_mixin.py:188} INFO - [2024-04-09T22:08:43.455+0000] {dag.py:3096} INFO - Sync 1 DAGs
[2024-04-09T22:08:43.475+0000] {logging_mixin.py:188} INFO - [2024-04-09T22:08:43.474+0000] {dag.py:3954} INFO - Setting next_dagrun for example_display_name to None, run_after=None
[2024-04-09T22:08:43.532+0000] {processor.py:183} INFO - Processing /home/airflow/.local/lib/python3.12/site-packages/airflow/example_dags/example_display_name.py took 0.133 seconds
[2024-04-09T22:09:13.652+0000] {processor.py:161} INFO - Started process (PID=1283) to work on /home/airflow/.local/lib/python3.12/site-packages/airflow/example_dags/example_display_name.py
[2024-04-09T22:09:13.653+0000] {processor.py:830} INFO - Processing file /home/airflow/.local/lib/python3.12/site-packages/airflow/example_dags/example_display_name.py for tasks to queue
[2024-04-09T22:09:13.656+0000] {logging_mixin.py:188} INFO - [2024-04-09T22:09:13.655+0000] {dagbag.py:540} INFO - Filling up the DagBag from /home/airflow/.local/lib/python3.12/site-packages/airflow/example_dags/example_display_name.py
[2024-04-09T22:09:13.665+0000] {processor.py:840} INFO - DAG(s) 'example_display_name' retrieved from /home/airflow/.local/lib/python3.12/site-packages/airflow/example_dags/example_display_name.py
[2024-04-09T22:09:13.693+0000] {logging_mixin.py:188} INFO - [2024-04-09T22:09:13.693+0000] {dag.py:3096} INFO - Sync 1 DAGs
[2024-04-09T22:09:13.718+0000] {logging_mixin.py:188} INFO - [2024-04-09T22:09:13.717+0000] {dag.py:3954} INFO - Setting next_dagrun for example_display_name to None, run_after=None
[2024-04-09T22:09:13.781+0000] {processor.py:183} INFO - Processing /home/airflow/.local/lib/python3.12/site-packages/airflow/example_dags/example_display_name.py took 0.140 seconds
[2024-04-09T22:09:44.136+0000] {processor.py:161} INFO - Started process (PID=1341) to work on /home/airflow/.local/lib/python3.12/site-packages/airflow/example_dags/example_display_name.py
[2024-04-09T22:09:44.138+0000] {processor.py:830} INFO - Processing file /home/airflow/.local/lib/python3.12/site-packages/airflow/example_dags/example_display_name.py for tasks to queue
[2024-04-09T22:09:44.144+0000] {logging_mixin.py:188} INFO - [2024-04-09T22:09:44.143+0000] {dagbag.py:540} INFO - Filling up the DagBag from /home/airflow/.local/lib/python3.12/site-packages/airflow/example_dags/example_display_name.py
[2024-04-09T22:09:44.154+0000] {processor.py:840} INFO - DAG(s) 'example_display_name' retrieved from /home/airflow/.local/lib/python3.12/site-packages/airflow/example_dags/example_display_name.py
[2024-04-09T22:09:44.194+0000] {logging_mixin.py:188} INFO - [2024-04-09T22:09:44.193+0000] {dag.py:3096} INFO - Sync 1 DAGs
[2024-04-09T22:09:44.215+0000] {logging_mixin.py:188} INFO - [2024-04-09T22:09:44.215+0000] {dag.py:3954} INFO - Setting next_dagrun for example_display_name to None, run_after=None
[2024-04-09T22:09:44.298+0000] {processor.py:183} INFO - Processing /home/airflow/.local/lib/python3.12/site-packages/airflow/example_dags/example_display_name.py took 0.176 seconds
[2024-04-09T22:10:14.568+0000] {processor.py:161} INFO - Started process (PID=1399) to work on /home/airflow/.local/lib/python3.12/site-packages/airflow/example_dags/example_display_name.py
[2024-04-09T22:10:14.570+0000] {processor.py:830} INFO - Processing file /home/airflow/.local/lib/python3.12/site-packages/airflow/example_dags/example_display_name.py for tasks to queue
[2024-04-09T22:10:14.573+0000] {logging_mixin.py:188} INFO - [2024-04-09T22:10:14.572+0000] {dagbag.py:540} INFO - Filling up the DagBag from /home/airflow/.local/lib/python3.12/site-packages/airflow/example_dags/example_display_name.py
[2024-04-09T22:10:14.582+0000] {processor.py:840} INFO - DAG(s) 'example_display_name' retrieved from /home/airflow/.local/lib/python3.12/site-packages/airflow/example_dags/example_display_name.py
[2024-04-09T22:10:14.617+0000] {logging_mixin.py:188} INFO - [2024-04-09T22:10:14.616+0000] {dag.py:3096} INFO - Sync 1 DAGs
[2024-04-09T22:10:14.647+0000] {logging_mixin.py:188} INFO - [2024-04-09T22:10:14.647+0000] {dag.py:3954} INFO - Setting next_dagrun for example_display_name to None, run_after=None
[2024-04-09T22:10:14.711+0000] {processor.py:183} INFO - Processing /home/airflow/.local/lib/python3.12/site-packages/airflow/example_dags/example_display_name.py took 0.154 seconds
[2024-04-09T22:10:45.429+0000] {processor.py:161} INFO - Started process (PID=1457) to work on /home/airflow/.local/lib/python3.12/site-packages/airflow/example_dags/example_display_name.py
[2024-04-09T22:10:45.431+0000] {processor.py:830} INFO - Processing file /home/airflow/.local/lib/python3.12/site-packages/airflow/example_dags/example_display_name.py for tasks to queue
[2024-04-09T22:10:45.434+0000] {logging_mixin.py:188} INFO - [2024-04-09T22:10:45.433+0000] {dagbag.py:540} INFO - Filling up the DagBag from /home/airflow/.local/lib/python3.12/site-packages/airflow/example_dags/example_display_name.py
[2024-04-09T22:10:45.446+0000] {processor.py:840} INFO - DAG(s) 'example_display_name' retrieved from /home/airflow/.local/lib/python3.12/site-packages/airflow/example_dags/example_display_name.py
[2024-04-09T22:10:45.476+0000] {logging_mixin.py:188} INFO - [2024-04-09T22:10:45.475+0000] {dag.py:3096} INFO - Sync 1 DAGs
[2024-04-09T22:10:45.497+0000] {logging_mixin.py:188} INFO - [2024-04-09T22:10:45.497+0000] {dag.py:3954} INFO - Setting next_dagrun for example_display_name to None, run_after=None
[2024-04-09T22:10:45.575+0000] {processor.py:183} INFO - Processing /home/airflow/.local/lib/python3.12/site-packages/airflow/example_dags/example_display_name.py took 0.156 seconds
[2024-04-09T22:11:15.996+0000] {processor.py:161} INFO - Started process (PID=1515) to work on /home/airflow/.local/lib/python3.12/site-packages/airflow/example_dags/example_display_name.py
[2024-04-09T22:11:15.998+0000] {processor.py:830} INFO - Processing file /home/airflow/.local/lib/python3.12/site-packages/airflow/example_dags/example_display_name.py for tasks to queue
[2024-04-09T22:11:16.003+0000] {logging_mixin.py:188} INFO - [2024-04-09T22:11:16.002+0000] {dagbag.py:540} INFO - Filling up the DagBag from /home/airflow/.local/lib/python3.12/site-packages/airflow/example_dags/example_display_name.py
[2024-04-09T22:11:16.014+0000] {processor.py:840} INFO - DAG(s) 'example_display_name' retrieved from /home/airflow/.local/lib/python3.12/site-packages/airflow/example_dags/example_display_name.py
[2024-04-09T22:11:16.061+0000] {logging_mixin.py:188} INFO - [2024-04-09T22:11:16.061+0000] {dag.py:3096} INFO - Sync 1 DAGs
[2024-04-09T22:11:16.080+0000] {logging_mixin.py:188} INFO - [2024-04-09T22:11:16.079+0000] {dag.py:3954} INFO - Setting next_dagrun for example_display_name to None, run_after=None
[2024-04-09T22:11:16.154+0000] {processor.py:183} INFO - Processing /home/airflow/.local/lib/python3.12/site-packages/airflow/example_dags/example_display_name.py took 0.174 seconds
