[2024-04-09T21:57:19.175+0000] {processor.py:161} INFO - Started process (PID=62) to work on /home/airflow/.local/lib/python3.12/site-packages/airflow/example_dags/example_branch_python_dop_operator_3.py
[2024-04-09T21:57:19.176+0000] {processor.py:830} INFO - Processing file /home/airflow/.local/lib/python3.12/site-packages/airflow/example_dags/example_branch_python_dop_operator_3.py for tasks to queue
[2024-04-09T21:57:19.179+0000] {logging_mixin.py:188} INFO - [2024-04-09T21:57:19.178+0000] {dagbag.py:540} INFO - Filling up the DagBag from /home/airflow/.local/lib/python3.12/site-packages/airflow/example_dags/example_branch_python_dop_operator_3.py
[2024-04-09T21:57:19.327+0000] {processor.py:840} INFO - DAG(s) 'example_branch_dop_operator_v3' retrieved from /home/airflow/.local/lib/python3.12/site-packages/airflow/example_dags/example_branch_python_dop_operator_3.py
[2024-04-09T21:57:21.793+0000] {logging_mixin.py:188} INFO - [2024-04-09T21:57:21.793+0000] {dag.py:3096} INFO - Sync 1 DAGs
[2024-04-09T21:57:22.360+0000] {logging_mixin.py:188} INFO - [2024-04-09T21:57:22.359+0000] {dag.py:3954} INFO - Setting next_dagrun for example_branch_dop_operator_v3 to 2024-04-09 21:56:00+00:00, run_after=2024-04-09 21:57:00+00:00
[2024-04-09T21:57:23.706+0000] {processor.py:183} INFO - Processing /home/airflow/.local/lib/python3.12/site-packages/airflow/example_dags/example_branch_python_dop_operator_3.py took 4.540 seconds
[2024-04-09T21:58:17.720+0000] {processor.py:161} INFO - Started process (PID=126) to work on /home/airflow/.local/lib/python3.12/site-packages/airflow/example_dags/example_branch_python_dop_operator_3.py
[2024-04-09T21:58:17.722+0000] {processor.py:830} INFO - Processing file /home/airflow/.local/lib/python3.12/site-packages/airflow/example_dags/example_branch_python_dop_operator_3.py for tasks to queue
[2024-04-09T21:58:17.725+0000] {logging_mixin.py:188} INFO - [2024-04-09T21:58:17.725+0000] {dagbag.py:540} INFO - Filling up the DagBag from /home/airflow/.local/lib/python3.12/site-packages/airflow/example_dags/example_branch_python_dop_operator_3.py
[2024-04-09T21:58:17.837+0000] {processor.py:840} INFO - DAG(s) 'example_branch_dop_operator_v3' retrieved from /home/airflow/.local/lib/python3.12/site-packages/airflow/example_dags/example_branch_python_dop_operator_3.py
[2024-04-09T21:58:17.864+0000] {logging_mixin.py:188} INFO - [2024-04-09T21:58:17.864+0000] {dag.py:3096} INFO - Sync 1 DAGs
[2024-04-09T21:58:17.897+0000] {logging_mixin.py:188} INFO - [2024-04-09T21:58:17.896+0000] {dag.py:3954} INFO - Setting next_dagrun for example_branch_dop_operator_v3 to 2024-04-09 21:57:00+00:00, run_after=2024-04-09 21:58:00+00:00
[2024-04-09T21:58:18.136+0000] {processor.py:183} INFO - Processing /home/airflow/.local/lib/python3.12/site-packages/airflow/example_dags/example_branch_python_dop_operator_3.py took 0.425 seconds
[2024-04-09T21:58:48.241+0000] {processor.py:161} INFO - Started process (PID=182) to work on /home/airflow/.local/lib/python3.12/site-packages/airflow/example_dags/example_branch_python_dop_operator_3.py
[2024-04-09T21:58:48.242+0000] {processor.py:830} INFO - Processing file /home/airflow/.local/lib/python3.12/site-packages/airflow/example_dags/example_branch_python_dop_operator_3.py for tasks to queue
[2024-04-09T21:58:48.245+0000] {logging_mixin.py:188} INFO - [2024-04-09T21:58:48.245+0000] {dagbag.py:540} INFO - Filling up the DagBag from /home/airflow/.local/lib/python3.12/site-packages/airflow/example_dags/example_branch_python_dop_operator_3.py
[2024-04-09T21:58:48.260+0000] {processor.py:840} INFO - DAG(s) 'example_branch_dop_operator_v3' retrieved from /home/airflow/.local/lib/python3.12/site-packages/airflow/example_dags/example_branch_python_dop_operator_3.py
[2024-04-09T21:58:48.292+0000] {logging_mixin.py:188} INFO - [2024-04-09T21:58:48.291+0000] {dag.py:3096} INFO - Sync 1 DAGs
[2024-04-09T21:58:48.331+0000] {logging_mixin.py:188} INFO - [2024-04-09T21:58:48.331+0000] {dag.py:3954} INFO - Setting next_dagrun for example_branch_dop_operator_v3 to 2024-04-09 21:57:00+00:00, run_after=2024-04-09 21:58:00+00:00
[2024-04-09T21:58:48.640+0000] {processor.py:183} INFO - Processing /home/airflow/.local/lib/python3.12/site-packages/airflow/example_dags/example_branch_python_dop_operator_3.py took 0.408 seconds
[2024-04-09T21:59:23.094+0000] {processor.py:161} INFO - Started process (PID=240) to work on /home/airflow/.local/lib/python3.12/site-packages/airflow/example_dags/example_branch_python_dop_operator_3.py
[2024-04-09T21:59:23.095+0000] {processor.py:830} INFO - Processing file /home/airflow/.local/lib/python3.12/site-packages/airflow/example_dags/example_branch_python_dop_operator_3.py for tasks to queue
[2024-04-09T21:59:23.099+0000] {logging_mixin.py:188} INFO - [2024-04-09T21:59:23.099+0000] {dagbag.py:540} INFO - Filling up the DagBag from /home/airflow/.local/lib/python3.12/site-packages/airflow/example_dags/example_branch_python_dop_operator_3.py
[2024-04-09T21:59:23.113+0000] {processor.py:840} INFO - DAG(s) 'example_branch_dop_operator_v3' retrieved from /home/airflow/.local/lib/python3.12/site-packages/airflow/example_dags/example_branch_python_dop_operator_3.py
[2024-04-09T21:59:23.145+0000] {logging_mixin.py:188} INFO - [2024-04-09T21:59:23.145+0000] {dag.py:3096} INFO - Sync 1 DAGs
[2024-04-09T21:59:23.225+0000] {logging_mixin.py:188} INFO - [2024-04-09T21:59:23.224+0000] {dag.py:3954} INFO - Setting next_dagrun for example_branch_dop_operator_v3 to 2024-04-09 21:58:00+00:00, run_after=2024-04-09 21:59:00+00:00
[2024-04-09T21:59:23.569+0000] {processor.py:183} INFO - Processing /home/airflow/.local/lib/python3.12/site-packages/airflow/example_dags/example_branch_python_dop_operator_3.py took 0.483 seconds
[2024-04-09T21:59:56.346+0000] {processor.py:161} INFO - Started process (PID=298) to work on /home/airflow/.local/lib/python3.12/site-packages/airflow/example_dags/example_branch_python_dop_operator_3.py
[2024-04-09T21:59:56.352+0000] {processor.py:830} INFO - Processing file /home/airflow/.local/lib/python3.12/site-packages/airflow/example_dags/example_branch_python_dop_operator_3.py for tasks to queue
[2024-04-09T21:59:56.376+0000] {logging_mixin.py:188} INFO - [2024-04-09T21:59:56.375+0000] {dagbag.py:540} INFO - Filling up the DagBag from /home/airflow/.local/lib/python3.12/site-packages/airflow/example_dags/example_branch_python_dop_operator_3.py
[2024-04-09T21:59:56.447+0000] {processor.py:840} INFO - DAG(s) 'example_branch_dop_operator_v3' retrieved from /home/airflow/.local/lib/python3.12/site-packages/airflow/example_dags/example_branch_python_dop_operator_3.py
[2024-04-09T21:59:58.174+0000] {logging_mixin.py:188} INFO - [2024-04-09T21:59:58.174+0000] {dag.py:3096} INFO - Sync 1 DAGs
[2024-04-09T21:59:59.377+0000] {logging_mixin.py:188} INFO - [2024-04-09T21:59:59.376+0000] {dag.py:3954} INFO - Setting next_dagrun for example_branch_dop_operator_v3 to 2024-04-09 21:58:00+00:00, run_after=2024-04-09 21:59:00+00:00
[2024-04-09T22:00:00.116+0000] {processor.py:183} INFO - Processing /home/airflow/.local/lib/python3.12/site-packages/airflow/example_dags/example_branch_python_dop_operator_3.py took 3.777 seconds
[2024-04-09T22:00:30.402+0000] {processor.py:161} INFO - Started process (PID=356) to work on /home/airflow/.local/lib/python3.12/site-packages/airflow/example_dags/example_branch_python_dop_operator_3.py
[2024-04-09T22:00:30.407+0000] {processor.py:830} INFO - Processing file /home/airflow/.local/lib/python3.12/site-packages/airflow/example_dags/example_branch_python_dop_operator_3.py for tasks to queue
[2024-04-09T22:00:30.416+0000] {logging_mixin.py:188} INFO - [2024-04-09T22:00:30.416+0000] {dagbag.py:540} INFO - Filling up the DagBag from /home/airflow/.local/lib/python3.12/site-packages/airflow/example_dags/example_branch_python_dop_operator_3.py
[2024-04-09T22:00:30.449+0000] {processor.py:840} INFO - DAG(s) 'example_branch_dop_operator_v3' retrieved from /home/airflow/.local/lib/python3.12/site-packages/airflow/example_dags/example_branch_python_dop_operator_3.py
[2024-04-09T22:00:30.520+0000] {logging_mixin.py:188} INFO - [2024-04-09T22:00:30.519+0000] {dag.py:3096} INFO - Sync 1 DAGs
[2024-04-09T22:00:30.623+0000] {logging_mixin.py:188} INFO - [2024-04-09T22:00:30.623+0000] {dag.py:3954} INFO - Setting next_dagrun for example_branch_dop_operator_v3 to 2024-04-09 21:59:00+00:00, run_after=2024-04-09 22:00:00+00:00
[2024-04-09T22:00:30.814+0000] {processor.py:183} INFO - Processing /home/airflow/.local/lib/python3.12/site-packages/airflow/example_dags/example_branch_python_dop_operator_3.py took 0.448 seconds
[2024-04-09T22:01:01.080+0000] {processor.py:161} INFO - Started process (PID=414) to work on /home/airflow/.local/lib/python3.12/site-packages/airflow/example_dags/example_branch_python_dop_operator_3.py
[2024-04-09T22:01:01.081+0000] {processor.py:830} INFO - Processing file /home/airflow/.local/lib/python3.12/site-packages/airflow/example_dags/example_branch_python_dop_operator_3.py for tasks to queue
[2024-04-09T22:01:01.084+0000] {logging_mixin.py:188} INFO - [2024-04-09T22:01:01.084+0000] {dagbag.py:540} INFO - Filling up the DagBag from /home/airflow/.local/lib/python3.12/site-packages/airflow/example_dags/example_branch_python_dop_operator_3.py
[2024-04-09T22:01:01.096+0000] {processor.py:840} INFO - DAG(s) 'example_branch_dop_operator_v3' retrieved from /home/airflow/.local/lib/python3.12/site-packages/airflow/example_dags/example_branch_python_dop_operator_3.py
[2024-04-09T22:01:01.123+0000] {logging_mixin.py:188} INFO - [2024-04-09T22:01:01.123+0000] {dag.py:3096} INFO - Sync 1 DAGs
[2024-04-09T22:01:01.161+0000] {logging_mixin.py:188} INFO - [2024-04-09T22:01:01.161+0000] {dag.py:3954} INFO - Setting next_dagrun for example_branch_dop_operator_v3 to 2024-04-09 22:00:00+00:00, run_after=2024-04-09 22:01:00+00:00
[2024-04-09T22:01:01.630+0000] {processor.py:183} INFO - Processing /home/airflow/.local/lib/python3.12/site-packages/airflow/example_dags/example_branch_python_dop_operator_3.py took 0.558 seconds
[2024-04-09T22:01:31.735+0000] {processor.py:161} INFO - Started process (PID=472) to work on /home/airflow/.local/lib/python3.12/site-packages/airflow/example_dags/example_branch_python_dop_operator_3.py
[2024-04-09T22:01:31.737+0000] {processor.py:830} INFO - Processing file /home/airflow/.local/lib/python3.12/site-packages/airflow/example_dags/example_branch_python_dop_operator_3.py for tasks to queue
[2024-04-09T22:01:31.739+0000] {logging_mixin.py:188} INFO - [2024-04-09T22:01:31.739+0000] {dagbag.py:540} INFO - Filling up the DagBag from /home/airflow/.local/lib/python3.12/site-packages/airflow/example_dags/example_branch_python_dop_operator_3.py
[2024-04-09T22:01:31.751+0000] {processor.py:840} INFO - DAG(s) 'example_branch_dop_operator_v3' retrieved from /home/airflow/.local/lib/python3.12/site-packages/airflow/example_dags/example_branch_python_dop_operator_3.py
[2024-04-09T22:01:31.777+0000] {logging_mixin.py:188} INFO - [2024-04-09T22:01:31.777+0000] {dag.py:3096} INFO - Sync 1 DAGs
[2024-04-09T22:01:31.814+0000] {logging_mixin.py:188} INFO - [2024-04-09T22:01:31.814+0000] {dag.py:3954} INFO - Setting next_dagrun for example_branch_dop_operator_v3 to 2024-04-09 22:00:00+00:00, run_after=2024-04-09 22:01:00+00:00
[2024-04-09T22:01:31.973+0000] {processor.py:183} INFO - Processing /home/airflow/.local/lib/python3.12/site-packages/airflow/example_dags/example_branch_python_dop_operator_3.py took 0.245 seconds
[2024-04-09T22:02:02.470+0000] {processor.py:161} INFO - Started process (PID=530) to work on /home/airflow/.local/lib/python3.12/site-packages/airflow/example_dags/example_branch_python_dop_operator_3.py
[2024-04-09T22:02:02.471+0000] {processor.py:830} INFO - Processing file /home/airflow/.local/lib/python3.12/site-packages/airflow/example_dags/example_branch_python_dop_operator_3.py for tasks to queue
[2024-04-09T22:02:02.474+0000] {logging_mixin.py:188} INFO - [2024-04-09T22:02:02.473+0000] {dagbag.py:540} INFO - Filling up the DagBag from /home/airflow/.local/lib/python3.12/site-packages/airflow/example_dags/example_branch_python_dop_operator_3.py
[2024-04-09T22:02:02.484+0000] {processor.py:840} INFO - DAG(s) 'example_branch_dop_operator_v3' retrieved from /home/airflow/.local/lib/python3.12/site-packages/airflow/example_dags/example_branch_python_dop_operator_3.py
[2024-04-09T22:02:02.582+0000] {logging_mixin.py:188} INFO - [2024-04-09T22:02:02.581+0000] {dag.py:3096} INFO - Sync 1 DAGs
[2024-04-09T22:02:02.617+0000] {logging_mixin.py:188} INFO - [2024-04-09T22:02:02.617+0000] {dag.py:3954} INFO - Setting next_dagrun for example_branch_dop_operator_v3 to 2024-04-09 22:01:00+00:00, run_after=2024-04-09 22:02:00+00:00
[2024-04-09T22:02:02.781+0000] {processor.py:183} INFO - Processing /home/airflow/.local/lib/python3.12/site-packages/airflow/example_dags/example_branch_python_dop_operator_3.py took 0.319 seconds
[2024-04-09T22:02:35.744+0000] {processor.py:161} INFO - Started process (PID=587) to work on /home/airflow/.local/lib/python3.12/site-packages/airflow/example_dags/example_branch_python_dop_operator_3.py
[2024-04-09T22:02:35.746+0000] {processor.py:830} INFO - Processing file /home/airflow/.local/lib/python3.12/site-packages/airflow/example_dags/example_branch_python_dop_operator_3.py for tasks to queue
[2024-04-09T22:02:35.750+0000] {logging_mixin.py:188} INFO - [2024-04-09T22:02:35.749+0000] {dagbag.py:540} INFO - Filling up the DagBag from /home/airflow/.local/lib/python3.12/site-packages/airflow/example_dags/example_branch_python_dop_operator_3.py
[2024-04-09T22:02:35.763+0000] {processor.py:840} INFO - DAG(s) 'example_branch_dop_operator_v3' retrieved from /home/airflow/.local/lib/python3.12/site-packages/airflow/example_dags/example_branch_python_dop_operator_3.py
[2024-04-09T22:02:35.796+0000] {logging_mixin.py:188} INFO - [2024-04-09T22:02:35.796+0000] {dag.py:3096} INFO - Sync 1 DAGs
[2024-04-09T22:02:35.834+0000] {logging_mixin.py:188} INFO - [2024-04-09T22:02:35.833+0000] {dag.py:3954} INFO - Setting next_dagrun for example_branch_dop_operator_v3 to 2024-04-09 22:01:00+00:00, run_after=2024-04-09 22:02:00+00:00
[2024-04-09T22:02:36.273+0000] {processor.py:183} INFO - Processing /home/airflow/.local/lib/python3.12/site-packages/airflow/example_dags/example_branch_python_dop_operator_3.py took 0.538 seconds
[2024-04-09T22:03:22.866+0000] {processor.py:161} INFO - Started process (PID=618) to work on /home/airflow/.local/lib/python3.12/site-packages/airflow/example_dags/example_branch_python_dop_operator_3.py
[2024-04-09T22:03:22.867+0000] {processor.py:830} INFO - Processing file /home/airflow/.local/lib/python3.12/site-packages/airflow/example_dags/example_branch_python_dop_operator_3.py for tasks to queue
[2024-04-09T22:03:22.871+0000] {logging_mixin.py:188} INFO - [2024-04-09T22:03:22.870+0000] {dagbag.py:540} INFO - Filling up the DagBag from /home/airflow/.local/lib/python3.12/site-packages/airflow/example_dags/example_branch_python_dop_operator_3.py
[2024-04-09T22:03:22.887+0000] {processor.py:840} INFO - DAG(s) 'example_branch_dop_operator_v3' retrieved from /home/airflow/.local/lib/python3.12/site-packages/airflow/example_dags/example_branch_python_dop_operator_3.py
[2024-04-09T22:03:22.919+0000] {logging_mixin.py:188} INFO - [2024-04-09T22:03:22.919+0000] {dag.py:3096} INFO - Sync 1 DAGs
[2024-04-09T22:03:22.955+0000] {logging_mixin.py:188} INFO - [2024-04-09T22:03:22.955+0000] {dag.py:3954} INFO - Setting next_dagrun for example_branch_dop_operator_v3 to 2024-04-09 22:02:00+00:00, run_after=2024-04-09 22:03:00+00:00
[2024-04-09T22:03:23.218+0000] {processor.py:183} INFO - Processing /home/airflow/.local/lib/python3.12/site-packages/airflow/example_dags/example_branch_python_dop_operator_3.py took 0.360 seconds
[2024-04-09T22:03:57.960+0000] {processor.py:161} INFO - Started process (PID=682) to work on /home/airflow/.local/lib/python3.12/site-packages/airflow/example_dags/example_branch_python_dop_operator_3.py
[2024-04-09T22:03:57.961+0000] {processor.py:830} INFO - Processing file /home/airflow/.local/lib/python3.12/site-packages/airflow/example_dags/example_branch_python_dop_operator_3.py for tasks to queue
[2024-04-09T22:03:57.964+0000] {logging_mixin.py:188} INFO - [2024-04-09T22:03:57.963+0000] {dagbag.py:540} INFO - Filling up the DagBag from /home/airflow/.local/lib/python3.12/site-packages/airflow/example_dags/example_branch_python_dop_operator_3.py
[2024-04-09T22:03:57.975+0000] {processor.py:840} INFO - DAG(s) 'example_branch_dop_operator_v3' retrieved from /home/airflow/.local/lib/python3.12/site-packages/airflow/example_dags/example_branch_python_dop_operator_3.py
[2024-04-09T22:03:58.005+0000] {logging_mixin.py:188} INFO - [2024-04-09T22:03:58.005+0000] {dag.py:3096} INFO - Sync 1 DAGs
[2024-04-09T22:03:58.038+0000] {logging_mixin.py:188} INFO - [2024-04-09T22:03:58.038+0000] {dag.py:3954} INFO - Setting next_dagrun for example_branch_dop_operator_v3 to 2024-04-09 22:02:00+00:00, run_after=2024-04-09 22:03:00+00:00
[2024-04-09T22:03:58.320+0000] {processor.py:183} INFO - Processing /home/airflow/.local/lib/python3.12/site-packages/airflow/example_dags/example_branch_python_dop_operator_3.py took 0.368 seconds
[2024-04-09T22:04:29.040+0000] {processor.py:161} INFO - Started process (PID=740) to work on /home/airflow/.local/lib/python3.12/site-packages/airflow/example_dags/example_branch_python_dop_operator_3.py
[2024-04-09T22:04:29.041+0000] {processor.py:830} INFO - Processing file /home/airflow/.local/lib/python3.12/site-packages/airflow/example_dags/example_branch_python_dop_operator_3.py for tasks to queue
[2024-04-09T22:04:29.044+0000] {logging_mixin.py:188} INFO - [2024-04-09T22:04:29.043+0000] {dagbag.py:540} INFO - Filling up the DagBag from /home/airflow/.local/lib/python3.12/site-packages/airflow/example_dags/example_branch_python_dop_operator_3.py
[2024-04-09T22:04:29.055+0000] {processor.py:840} INFO - DAG(s) 'example_branch_dop_operator_v3' retrieved from /home/airflow/.local/lib/python3.12/site-packages/airflow/example_dags/example_branch_python_dop_operator_3.py
[2024-04-09T22:04:29.082+0000] {logging_mixin.py:188} INFO - [2024-04-09T22:04:29.082+0000] {dag.py:3096} INFO - Sync 1 DAGs
[2024-04-09T22:04:29.122+0000] {logging_mixin.py:188} INFO - [2024-04-09T22:04:29.122+0000] {dag.py:3954} INFO - Setting next_dagrun for example_branch_dop_operator_v3 to 2024-04-09 22:03:00+00:00, run_after=2024-04-09 22:04:00+00:00
[2024-04-09T22:04:29.244+0000] {processor.py:183} INFO - Processing /home/airflow/.local/lib/python3.12/site-packages/airflow/example_dags/example_branch_python_dop_operator_3.py took 0.212 seconds
[2024-04-09T22:05:01.426+0000] {processor.py:161} INFO - Started process (PID=798) to work on /home/airflow/.local/lib/python3.12/site-packages/airflow/example_dags/example_branch_python_dop_operator_3.py
[2024-04-09T22:05:01.427+0000] {processor.py:830} INFO - Processing file /home/airflow/.local/lib/python3.12/site-packages/airflow/example_dags/example_branch_python_dop_operator_3.py for tasks to queue
[2024-04-09T22:05:01.430+0000] {logging_mixin.py:188} INFO - [2024-04-09T22:05:01.430+0000] {dagbag.py:540} INFO - Filling up the DagBag from /home/airflow/.local/lib/python3.12/site-packages/airflow/example_dags/example_branch_python_dop_operator_3.py
[2024-04-09T22:05:01.446+0000] {processor.py:840} INFO - DAG(s) 'example_branch_dop_operator_v3' retrieved from /home/airflow/.local/lib/python3.12/site-packages/airflow/example_dags/example_branch_python_dop_operator_3.py
[2024-04-09T22:05:01.475+0000] {logging_mixin.py:188} INFO - [2024-04-09T22:05:01.474+0000] {dag.py:3096} INFO - Sync 1 DAGs
[2024-04-09T22:05:01.513+0000] {logging_mixin.py:188} INFO - [2024-04-09T22:05:01.513+0000] {dag.py:3954} INFO - Setting next_dagrun for example_branch_dop_operator_v3 to 2024-04-09 22:04:00+00:00, run_after=2024-04-09 22:05:00+00:00
[2024-04-09T22:05:01.693+0000] {processor.py:183} INFO - Processing /home/airflow/.local/lib/python3.12/site-packages/airflow/example_dags/example_branch_python_dop_operator_3.py took 0.278 seconds
[2024-04-09T22:05:32.006+0000] {processor.py:161} INFO - Started process (PID=856) to work on /home/airflow/.local/lib/python3.12/site-packages/airflow/example_dags/example_branch_python_dop_operator_3.py
[2024-04-09T22:05:32.007+0000] {processor.py:830} INFO - Processing file /home/airflow/.local/lib/python3.12/site-packages/airflow/example_dags/example_branch_python_dop_operator_3.py for tasks to queue
[2024-04-09T22:05:32.010+0000] {logging_mixin.py:188} INFO - [2024-04-09T22:05:32.010+0000] {dagbag.py:540} INFO - Filling up the DagBag from /home/airflow/.local/lib/python3.12/site-packages/airflow/example_dags/example_branch_python_dop_operator_3.py
[2024-04-09T22:05:32.021+0000] {processor.py:840} INFO - DAG(s) 'example_branch_dop_operator_v3' retrieved from /home/airflow/.local/lib/python3.12/site-packages/airflow/example_dags/example_branch_python_dop_operator_3.py
[2024-04-09T22:05:32.048+0000] {logging_mixin.py:188} INFO - [2024-04-09T22:05:32.047+0000] {dag.py:3096} INFO - Sync 1 DAGs
[2024-04-09T22:05:32.099+0000] {logging_mixin.py:188} INFO - [2024-04-09T22:05:32.099+0000] {dag.py:3954} INFO - Setting next_dagrun for example_branch_dop_operator_v3 to 2024-04-09 22:04:00+00:00, run_after=2024-04-09 22:05:00+00:00
[2024-04-09T22:05:32.206+0000] {processor.py:183} INFO - Processing /home/airflow/.local/lib/python3.12/site-packages/airflow/example_dags/example_branch_python_dop_operator_3.py took 0.207 seconds
[2024-04-09T22:06:02.888+0000] {processor.py:161} INFO - Started process (PID=914) to work on /home/airflow/.local/lib/python3.12/site-packages/airflow/example_dags/example_branch_python_dop_operator_3.py
[2024-04-09T22:06:02.889+0000] {processor.py:830} INFO - Processing file /home/airflow/.local/lib/python3.12/site-packages/airflow/example_dags/example_branch_python_dop_operator_3.py for tasks to queue
[2024-04-09T22:06:02.892+0000] {logging_mixin.py:188} INFO - [2024-04-09T22:06:02.891+0000] {dagbag.py:540} INFO - Filling up the DagBag from /home/airflow/.local/lib/python3.12/site-packages/airflow/example_dags/example_branch_python_dop_operator_3.py
[2024-04-09T22:06:02.903+0000] {processor.py:840} INFO - DAG(s) 'example_branch_dop_operator_v3' retrieved from /home/airflow/.local/lib/python3.12/site-packages/airflow/example_dags/example_branch_python_dop_operator_3.py
[2024-04-09T22:06:02.930+0000] {logging_mixin.py:188} INFO - [2024-04-09T22:06:02.930+0000] {dag.py:3096} INFO - Sync 1 DAGs
[2024-04-09T22:06:02.975+0000] {logging_mixin.py:188} INFO - [2024-04-09T22:06:02.975+0000] {dag.py:3954} INFO - Setting next_dagrun for example_branch_dop_operator_v3 to 2024-04-09 22:05:00+00:00, run_after=2024-04-09 22:06:00+00:00
[2024-04-09T22:06:03.237+0000] {processor.py:183} INFO - Processing /home/airflow/.local/lib/python3.12/site-packages/airflow/example_dags/example_branch_python_dop_operator_3.py took 0.357 seconds
[2024-04-09T22:06:34.153+0000] {processor.py:161} INFO - Started process (PID=972) to work on /home/airflow/.local/lib/python3.12/site-packages/airflow/example_dags/example_branch_python_dop_operator_3.py
[2024-04-09T22:06:34.154+0000] {processor.py:830} INFO - Processing file /home/airflow/.local/lib/python3.12/site-packages/airflow/example_dags/example_branch_python_dop_operator_3.py for tasks to queue
[2024-04-09T22:06:34.158+0000] {logging_mixin.py:188} INFO - [2024-04-09T22:06:34.157+0000] {dagbag.py:540} INFO - Filling up the DagBag from /home/airflow/.local/lib/python3.12/site-packages/airflow/example_dags/example_branch_python_dop_operator_3.py
[2024-04-09T22:06:34.175+0000] {processor.py:840} INFO - DAG(s) 'example_branch_dop_operator_v3' retrieved from /home/airflow/.local/lib/python3.12/site-packages/airflow/example_dags/example_branch_python_dop_operator_3.py
[2024-04-09T22:06:34.217+0000] {logging_mixin.py:188} INFO - [2024-04-09T22:06:34.216+0000] {dag.py:3096} INFO - Sync 1 DAGs
[2024-04-09T22:06:34.260+0000] {logging_mixin.py:188} INFO - [2024-04-09T22:06:34.260+0000] {dag.py:3954} INFO - Setting next_dagrun for example_branch_dop_operator_v3 to 2024-04-09 22:05:00+00:00, run_after=2024-04-09 22:06:00+00:00
[2024-04-09T22:06:34.378+0000] {processor.py:183} INFO - Processing /home/airflow/.local/lib/python3.12/site-packages/airflow/example_dags/example_branch_python_dop_operator_3.py took 0.237 seconds
[2024-04-09T22:07:05.314+0000] {processor.py:161} INFO - Started process (PID=1030) to work on /home/airflow/.local/lib/python3.12/site-packages/airflow/example_dags/example_branch_python_dop_operator_3.py
[2024-04-09T22:07:05.316+0000] {processor.py:830} INFO - Processing file /home/airflow/.local/lib/python3.12/site-packages/airflow/example_dags/example_branch_python_dop_operator_3.py for tasks to queue
[2024-04-09T22:07:05.322+0000] {logging_mixin.py:188} INFO - [2024-04-09T22:07:05.320+0000] {dagbag.py:540} INFO - Filling up the DagBag from /home/airflow/.local/lib/python3.12/site-packages/airflow/example_dags/example_branch_python_dop_operator_3.py
[2024-04-09T22:07:05.359+0000] {processor.py:840} INFO - DAG(s) 'example_branch_dop_operator_v3' retrieved from /home/airflow/.local/lib/python3.12/site-packages/airflow/example_dags/example_branch_python_dop_operator_3.py
[2024-04-09T22:07:05.406+0000] {logging_mixin.py:188} INFO - [2024-04-09T22:07:05.406+0000] {dag.py:3096} INFO - Sync 1 DAGs
[2024-04-09T22:07:05.533+0000] {logging_mixin.py:188} INFO - [2024-04-09T22:07:05.532+0000] {dag.py:3954} INFO - Setting next_dagrun for example_branch_dop_operator_v3 to 2024-04-09 22:06:00+00:00, run_after=2024-04-09 22:07:00+00:00
[2024-04-09T22:07:05.673+0000] {processor.py:183} INFO - Processing /home/airflow/.local/lib/python3.12/site-packages/airflow/example_dags/example_branch_python_dop_operator_3.py took 0.371 seconds
[2024-04-09T22:07:36.217+0000] {processor.py:161} INFO - Started process (PID=1088) to work on /home/airflow/.local/lib/python3.12/site-packages/airflow/example_dags/example_branch_python_dop_operator_3.py
[2024-04-09T22:07:36.219+0000] {processor.py:830} INFO - Processing file /home/airflow/.local/lib/python3.12/site-packages/airflow/example_dags/example_branch_python_dop_operator_3.py for tasks to queue
[2024-04-09T22:07:36.221+0000] {logging_mixin.py:188} INFO - [2024-04-09T22:07:36.221+0000] {dagbag.py:540} INFO - Filling up the DagBag from /home/airflow/.local/lib/python3.12/site-packages/airflow/example_dags/example_branch_python_dop_operator_3.py
[2024-04-09T22:07:36.237+0000] {processor.py:840} INFO - DAG(s) 'example_branch_dop_operator_v3' retrieved from /home/airflow/.local/lib/python3.12/site-packages/airflow/example_dags/example_branch_python_dop_operator_3.py
[2024-04-09T22:07:36.273+0000] {logging_mixin.py:188} INFO - [2024-04-09T22:07:36.272+0000] {dag.py:3096} INFO - Sync 1 DAGs
[2024-04-09T22:07:36.316+0000] {logging_mixin.py:188} INFO - [2024-04-09T22:07:36.316+0000] {dag.py:3954} INFO - Setting next_dagrun for example_branch_dop_operator_v3 to 2024-04-09 22:06:00+00:00, run_after=2024-04-09 22:07:00+00:00
[2024-04-09T22:07:36.372+0000] {processor.py:183} INFO - Processing /home/airflow/.local/lib/python3.12/site-packages/airflow/example_dags/example_branch_python_dop_operator_3.py took 0.162 seconds
[2024-04-09T22:08:06.781+0000] {processor.py:161} INFO - Started process (PID=1145) to work on /home/airflow/.local/lib/python3.12/site-packages/airflow/example_dags/example_branch_python_dop_operator_3.py
[2024-04-09T22:08:06.783+0000] {processor.py:830} INFO - Processing file /home/airflow/.local/lib/python3.12/site-packages/airflow/example_dags/example_branch_python_dop_operator_3.py for tasks to queue
[2024-04-09T22:08:06.785+0000] {logging_mixin.py:188} INFO - [2024-04-09T22:08:06.785+0000] {dagbag.py:540} INFO - Filling up the DagBag from /home/airflow/.local/lib/python3.12/site-packages/airflow/example_dags/example_branch_python_dop_operator_3.py
[2024-04-09T22:08:06.797+0000] {processor.py:840} INFO - DAG(s) 'example_branch_dop_operator_v3' retrieved from /home/airflow/.local/lib/python3.12/site-packages/airflow/example_dags/example_branch_python_dop_operator_3.py
[2024-04-09T22:08:06.828+0000] {logging_mixin.py:188} INFO - [2024-04-09T22:08:06.828+0000] {dag.py:3096} INFO - Sync 1 DAGs
[2024-04-09T22:08:06.869+0000] {logging_mixin.py:188} INFO - [2024-04-09T22:08:06.869+0000] {dag.py:3954} INFO - Setting next_dagrun for example_branch_dop_operator_v3 to 2024-04-09 22:07:00+00:00, run_after=2024-04-09 22:08:00+00:00
[2024-04-09T22:08:06.950+0000] {processor.py:183} INFO - Processing /home/airflow/.local/lib/python3.12/site-packages/airflow/example_dags/example_branch_python_dop_operator_3.py took 0.178 seconds
[2024-04-09T22:08:37.452+0000] {processor.py:161} INFO - Started process (PID=1202) to work on /home/airflow/.local/lib/python3.12/site-packages/airflow/example_dags/example_branch_python_dop_operator_3.py
[2024-04-09T22:08:37.454+0000] {processor.py:830} INFO - Processing file /home/airflow/.local/lib/python3.12/site-packages/airflow/example_dags/example_branch_python_dop_operator_3.py for tasks to queue
[2024-04-09T22:08:37.456+0000] {logging_mixin.py:188} INFO - [2024-04-09T22:08:37.456+0000] {dagbag.py:540} INFO - Filling up the DagBag from /home/airflow/.local/lib/python3.12/site-packages/airflow/example_dags/example_branch_python_dop_operator_3.py
[2024-04-09T22:08:37.474+0000] {processor.py:840} INFO - DAG(s) 'example_branch_dop_operator_v3' retrieved from /home/airflow/.local/lib/python3.12/site-packages/airflow/example_dags/example_branch_python_dop_operator_3.py
[2024-04-09T22:08:37.506+0000] {logging_mixin.py:188} INFO - [2024-04-09T22:08:37.506+0000] {dag.py:3096} INFO - Sync 1 DAGs
[2024-04-09T22:08:37.544+0000] {logging_mixin.py:188} INFO - [2024-04-09T22:08:37.544+0000] {dag.py:3954} INFO - Setting next_dagrun for example_branch_dop_operator_v3 to 2024-04-09 22:07:00+00:00, run_after=2024-04-09 22:08:00+00:00
[2024-04-09T22:08:37.655+0000] {processor.py:183} INFO - Processing /home/airflow/.local/lib/python3.12/site-packages/airflow/example_dags/example_branch_python_dop_operator_3.py took 0.212 seconds
[2024-04-09T22:09:08.168+0000] {processor.py:161} INFO - Started process (PID=1260) to work on /home/airflow/.local/lib/python3.12/site-packages/airflow/example_dags/example_branch_python_dop_operator_3.py
[2024-04-09T22:09:08.170+0000] {processor.py:830} INFO - Processing file /home/airflow/.local/lib/python3.12/site-packages/airflow/example_dags/example_branch_python_dop_operator_3.py for tasks to queue
[2024-04-09T22:09:08.173+0000] {logging_mixin.py:188} INFO - [2024-04-09T22:09:08.172+0000] {dagbag.py:540} INFO - Filling up the DagBag from /home/airflow/.local/lib/python3.12/site-packages/airflow/example_dags/example_branch_python_dop_operator_3.py
[2024-04-09T22:09:08.187+0000] {processor.py:840} INFO - DAG(s) 'example_branch_dop_operator_v3' retrieved from /home/airflow/.local/lib/python3.12/site-packages/airflow/example_dags/example_branch_python_dop_operator_3.py
[2024-04-09T22:09:08.218+0000] {logging_mixin.py:188} INFO - [2024-04-09T22:09:08.218+0000] {dag.py:3096} INFO - Sync 1 DAGs
[2024-04-09T22:09:08.259+0000] {logging_mixin.py:188} INFO - [2024-04-09T22:09:08.259+0000] {dag.py:3954} INFO - Setting next_dagrun for example_branch_dop_operator_v3 to 2024-04-09 22:08:00+00:00, run_after=2024-04-09 22:09:00+00:00
[2024-04-09T22:09:08.407+0000] {processor.py:183} INFO - Processing /home/airflow/.local/lib/python3.12/site-packages/airflow/example_dags/example_branch_python_dop_operator_3.py took 0.251 seconds
[2024-04-09T22:09:38.580+0000] {processor.py:161} INFO - Started process (PID=1318) to work on /home/airflow/.local/lib/python3.12/site-packages/airflow/example_dags/example_branch_python_dop_operator_3.py
[2024-04-09T22:09:38.582+0000] {processor.py:830} INFO - Processing file /home/airflow/.local/lib/python3.12/site-packages/airflow/example_dags/example_branch_python_dop_operator_3.py for tasks to queue
[2024-04-09T22:09:38.584+0000] {logging_mixin.py:188} INFO - [2024-04-09T22:09:38.584+0000] {dagbag.py:540} INFO - Filling up the DagBag from /home/airflow/.local/lib/python3.12/site-packages/airflow/example_dags/example_branch_python_dop_operator_3.py
[2024-04-09T22:09:38.597+0000] {processor.py:840} INFO - DAG(s) 'example_branch_dop_operator_v3' retrieved from /home/airflow/.local/lib/python3.12/site-packages/airflow/example_dags/example_branch_python_dop_operator_3.py
[2024-04-09T22:09:38.633+0000] {logging_mixin.py:188} INFO - [2024-04-09T22:09:38.632+0000] {dag.py:3096} INFO - Sync 1 DAGs
[2024-04-09T22:09:38.673+0000] {logging_mixin.py:188} INFO - [2024-04-09T22:09:38.673+0000] {dag.py:3954} INFO - Setting next_dagrun for example_branch_dop_operator_v3 to 2024-04-09 22:08:00+00:00, run_after=2024-04-09 22:09:00+00:00
[2024-04-09T22:09:38.794+0000] {processor.py:183} INFO - Processing /home/airflow/.local/lib/python3.12/site-packages/airflow/example_dags/example_branch_python_dop_operator_3.py took 0.222 seconds
[2024-04-09T22:10:09.394+0000] {processor.py:161} INFO - Started process (PID=1376) to work on /home/airflow/.local/lib/python3.12/site-packages/airflow/example_dags/example_branch_python_dop_operator_3.py
[2024-04-09T22:10:09.395+0000] {processor.py:830} INFO - Processing file /home/airflow/.local/lib/python3.12/site-packages/airflow/example_dags/example_branch_python_dop_operator_3.py for tasks to queue
[2024-04-09T22:10:09.398+0000] {logging_mixin.py:188} INFO - [2024-04-09T22:10:09.397+0000] {dagbag.py:540} INFO - Filling up the DagBag from /home/airflow/.local/lib/python3.12/site-packages/airflow/example_dags/example_branch_python_dop_operator_3.py
[2024-04-09T22:10:09.410+0000] {processor.py:840} INFO - DAG(s) 'example_branch_dop_operator_v3' retrieved from /home/airflow/.local/lib/python3.12/site-packages/airflow/example_dags/example_branch_python_dop_operator_3.py
[2024-04-09T22:10:09.447+0000] {logging_mixin.py:188} INFO - [2024-04-09T22:10:09.446+0000] {dag.py:3096} INFO - Sync 1 DAGs
[2024-04-09T22:10:09.560+0000] {logging_mixin.py:188} INFO - [2024-04-09T22:10:09.560+0000] {dag.py:3954} INFO - Setting next_dagrun for example_branch_dop_operator_v3 to 2024-04-09 22:09:00+00:00, run_after=2024-04-09 22:10:00+00:00
[2024-04-09T22:10:09.681+0000] {processor.py:183} INFO - Processing /home/airflow/.local/lib/python3.12/site-packages/airflow/example_dags/example_branch_python_dop_operator_3.py took 0.296 seconds
