[2024-04-09T21:55:58.015+0000] {processor.py:161} INFO - Started process (PID=34) to work on /home/airflow/.local/lib/python3.12/site-packages/airflow/example_dags/example_subdag_operator.py
[2024-04-09T21:55:58.016+0000] {processor.py:830} INFO - Processing file /home/airflow/.local/lib/python3.12/site-packages/airflow/example_dags/example_subdag_operator.py for tasks to queue
[2024-04-09T21:55:58.025+0000] {logging_mixin.py:188} INFO - [2024-04-09T21:55:58.025+0000] {dagbag.py:540} INFO - Filling up the DagBag from /home/airflow/.local/lib/python3.12/site-packages/airflow/example_dags/example_subdag_operator.py
[2024-04-09T21:55:58.177+0000] {processor.py:840} INFO - DAG(s) 'example_subdag_operator.section-1', 'example_subdag_operator.section-2', 'example_subdag_operator' retrieved from /home/airflow/.local/lib/python3.12/site-packages/airflow/example_dags/example_subdag_operator.py
[2024-04-09T21:55:59.613+0000] {logging_mixin.py:188} INFO - [2024-04-09T21:55:59.613+0000] {dag.py:3096} INFO - Sync 3 DAGs
[2024-04-09T21:55:59.645+0000] {logging_mixin.py:188} INFO - [2024-04-09T21:55:59.645+0000] {dag.py:3954} INFO - Setting next_dagrun for example_subdag_operator to 2022-01-01 00:00:00+00:00, run_after=2022-01-01 00:00:00+00:00
[2024-04-09T21:55:59.658+0000] {logging_mixin.py:188} INFO - [2024-04-09T21:55:59.655+0000] {dag.py:3954} INFO - Setting next_dagrun for example_subdag_operator.section-1 to None, run_after=None
[2024-04-09T21:55:59.664+0000] {logging_mixin.py:188} INFO - [2024-04-09T21:55:59.663+0000] {dag.py:3954} INFO - Setting next_dagrun for example_subdag_operator.section-2 to None, run_after=None
[2024-04-09T21:55:59.677+0000] {logging_mixin.py:188} INFO - [2024-04-09T21:55:59.677+0000] {dag.py:3096} INFO - Sync 2 DAGs
[2024-04-09T21:55:59.685+0000] {logging_mixin.py:188} INFO - [2024-04-09T21:55:59.685+0000] {dag.py:3954} INFO - Setting next_dagrun for example_subdag_operator.section-1 to None, run_after=None
[2024-04-09T21:55:59.686+0000] {logging_mixin.py:188} INFO - [2024-04-09T21:55:59.686+0000] {dag.py:3954} INFO - Setting next_dagrun for example_subdag_operator.section-2 to None, run_after=None
[2024-04-09T21:56:00.547+0000] {processor.py:183} INFO - Processing /home/airflow/.local/lib/python3.12/site-packages/airflow/example_dags/example_subdag_operator.py took 2.544 seconds
[2024-04-09T21:58:01.040+0000] {processor.py:161} INFO - Started process (PID=103) to work on /home/airflow/.local/lib/python3.12/site-packages/airflow/example_dags/example_subdag_operator.py
[2024-04-09T21:58:01.041+0000] {processor.py:830} INFO - Processing file /home/airflow/.local/lib/python3.12/site-packages/airflow/example_dags/example_subdag_operator.py for tasks to queue
[2024-04-09T21:58:01.045+0000] {logging_mixin.py:188} INFO - [2024-04-09T21:58:01.044+0000] {dagbag.py:540} INFO - Filling up the DagBag from /home/airflow/.local/lib/python3.12/site-packages/airflow/example_dags/example_subdag_operator.py
[2024-04-09T21:58:01.556+0000] {processor.py:840} INFO - DAG(s) 'example_subdag_operator.section-1', 'example_subdag_operator.section-2', 'example_subdag_operator' retrieved from /home/airflow/.local/lib/python3.12/site-packages/airflow/example_dags/example_subdag_operator.py
[2024-04-09T21:58:01.874+0000] {logging_mixin.py:188} INFO - [2024-04-09T21:58:01.874+0000] {dag.py:3096} INFO - Sync 3 DAGs
[2024-04-09T21:58:02.118+0000] {logging_mixin.py:188} INFO - [2024-04-09T21:58:02.118+0000] {dag.py:3954} INFO - Setting next_dagrun for example_subdag_operator to 2022-01-01 00:00:00+00:00, run_after=2022-01-01 00:00:00+00:00
[2024-04-09T21:58:02.124+0000] {logging_mixin.py:188} INFO - [2024-04-09T21:58:02.124+0000] {dag.py:3954} INFO - Setting next_dagrun for example_subdag_operator.section-1 to None, run_after=None
[2024-04-09T21:58:02.127+0000] {logging_mixin.py:188} INFO - [2024-04-09T21:58:02.127+0000] {dag.py:3954} INFO - Setting next_dagrun for example_subdag_operator.section-2 to None, run_after=None
[2024-04-09T21:58:02.138+0000] {logging_mixin.py:188} INFO - [2024-04-09T21:58:02.138+0000] {dag.py:3096} INFO - Sync 2 DAGs
[2024-04-09T21:58:02.148+0000] {logging_mixin.py:188} INFO - [2024-04-09T21:58:02.147+0000] {dag.py:3954} INFO - Setting next_dagrun for example_subdag_operator.section-1 to None, run_after=None
[2024-04-09T21:58:02.149+0000] {logging_mixin.py:188} INFO - [2024-04-09T21:58:02.149+0000] {dag.py:3954} INFO - Setting next_dagrun for example_subdag_operator.section-2 to None, run_after=None
[2024-04-09T21:58:02.348+0000] {processor.py:183} INFO - Processing /home/airflow/.local/lib/python3.12/site-packages/airflow/example_dags/example_subdag_operator.py took 1.316 seconds
[2024-04-09T21:58:32.657+0000] {processor.py:161} INFO - Started process (PID=160) to work on /home/airflow/.local/lib/python3.12/site-packages/airflow/example_dags/example_subdag_operator.py
[2024-04-09T21:58:32.658+0000] {processor.py:830} INFO - Processing file /home/airflow/.local/lib/python3.12/site-packages/airflow/example_dags/example_subdag_operator.py for tasks to queue
[2024-04-09T21:58:32.662+0000] {logging_mixin.py:188} INFO - [2024-04-09T21:58:32.661+0000] {dagbag.py:540} INFO - Filling up the DagBag from /home/airflow/.local/lib/python3.12/site-packages/airflow/example_dags/example_subdag_operator.py
[2024-04-09T21:58:32.703+0000] {processor.py:840} INFO - DAG(s) 'example_subdag_operator.section-1', 'example_subdag_operator.section-2', 'example_subdag_operator' retrieved from /home/airflow/.local/lib/python3.12/site-packages/airflow/example_dags/example_subdag_operator.py
[2024-04-09T21:58:32.736+0000] {logging_mixin.py:188} INFO - [2024-04-09T21:58:32.736+0000] {dag.py:3096} INFO - Sync 3 DAGs
[2024-04-09T21:58:32.778+0000] {logging_mixin.py:188} INFO - [2024-04-09T21:58:32.777+0000] {dag.py:3954} INFO - Setting next_dagrun for example_subdag_operator to 2022-01-01 00:00:00+00:00, run_after=2022-01-01 00:00:00+00:00
[2024-04-09T21:58:32.785+0000] {logging_mixin.py:188} INFO - [2024-04-09T21:58:32.785+0000] {dag.py:3954} INFO - Setting next_dagrun for example_subdag_operator.section-1 to None, run_after=None
[2024-04-09T21:58:32.789+0000] {logging_mixin.py:188} INFO - [2024-04-09T21:58:32.788+0000] {dag.py:3954} INFO - Setting next_dagrun for example_subdag_operator.section-2 to None, run_after=None
[2024-04-09T21:58:32.803+0000] {logging_mixin.py:188} INFO - [2024-04-09T21:58:32.803+0000] {dag.py:3096} INFO - Sync 2 DAGs
[2024-04-09T21:58:32.815+0000] {logging_mixin.py:188} INFO - [2024-04-09T21:58:32.815+0000] {dag.py:3954} INFO - Setting next_dagrun for example_subdag_operator.section-1 to None, run_after=None
[2024-04-09T21:58:32.817+0000] {logging_mixin.py:188} INFO - [2024-04-09T21:58:32.816+0000] {dag.py:3954} INFO - Setting next_dagrun for example_subdag_operator.section-2 to None, run_after=None
[2024-04-09T21:58:32.977+0000] {processor.py:183} INFO - Processing /home/airflow/.local/lib/python3.12/site-packages/airflow/example_dags/example_subdag_operator.py took 0.329 seconds
[2024-04-09T21:59:03.424+0000] {processor.py:161} INFO - Started process (PID=218) to work on /home/airflow/.local/lib/python3.12/site-packages/airflow/example_dags/example_subdag_operator.py
[2024-04-09T21:59:03.426+0000] {processor.py:830} INFO - Processing file /home/airflow/.local/lib/python3.12/site-packages/airflow/example_dags/example_subdag_operator.py for tasks to queue
[2024-04-09T21:59:03.430+0000] {logging_mixin.py:188} INFO - [2024-04-09T21:59:03.429+0000] {dagbag.py:540} INFO - Filling up the DagBag from /home/airflow/.local/lib/python3.12/site-packages/airflow/example_dags/example_subdag_operator.py
[2024-04-09T21:59:03.469+0000] {processor.py:840} INFO - DAG(s) 'example_subdag_operator.section-1', 'example_subdag_operator.section-2', 'example_subdag_operator' retrieved from /home/airflow/.local/lib/python3.12/site-packages/airflow/example_dags/example_subdag_operator.py
[2024-04-09T21:59:03.494+0000] {logging_mixin.py:188} INFO - [2024-04-09T21:59:03.493+0000] {dag.py:3096} INFO - Sync 3 DAGs
[2024-04-09T21:59:03.533+0000] {logging_mixin.py:188} INFO - [2024-04-09T21:59:03.533+0000] {dag.py:3954} INFO - Setting next_dagrun for example_subdag_operator to 2022-01-01 00:00:00+00:00, run_after=2022-01-01 00:00:00+00:00
[2024-04-09T21:59:03.539+0000] {logging_mixin.py:188} INFO - [2024-04-09T21:59:03.539+0000] {dag.py:3954} INFO - Setting next_dagrun for example_subdag_operator.section-1 to None, run_after=None
[2024-04-09T21:59:03.541+0000] {logging_mixin.py:188} INFO - [2024-04-09T21:59:03.541+0000] {dag.py:3954} INFO - Setting next_dagrun for example_subdag_operator.section-2 to None, run_after=None
[2024-04-09T21:59:03.552+0000] {logging_mixin.py:188} INFO - [2024-04-09T21:59:03.552+0000] {dag.py:3096} INFO - Sync 2 DAGs
[2024-04-09T21:59:03.562+0000] {logging_mixin.py:188} INFO - [2024-04-09T21:59:03.562+0000] {dag.py:3954} INFO - Setting next_dagrun for example_subdag_operator.section-1 to None, run_after=None
[2024-04-09T21:59:03.563+0000] {logging_mixin.py:188} INFO - [2024-04-09T21:59:03.563+0000] {dag.py:3954} INFO - Setting next_dagrun for example_subdag_operator.section-2 to None, run_after=None
[2024-04-09T21:59:03.760+0000] {processor.py:183} INFO - Processing /home/airflow/.local/lib/python3.12/site-packages/airflow/example_dags/example_subdag_operator.py took 0.347 seconds
[2024-04-09T21:59:33.886+0000] {processor.py:161} INFO - Started process (PID=274) to work on /home/airflow/.local/lib/python3.12/site-packages/airflow/example_dags/example_subdag_operator.py
[2024-04-09T21:59:33.888+0000] {processor.py:830} INFO - Processing file /home/airflow/.local/lib/python3.12/site-packages/airflow/example_dags/example_subdag_operator.py for tasks to queue
[2024-04-09T21:59:33.890+0000] {logging_mixin.py:188} INFO - [2024-04-09T21:59:33.890+0000] {dagbag.py:540} INFO - Filling up the DagBag from /home/airflow/.local/lib/python3.12/site-packages/airflow/example_dags/example_subdag_operator.py
[2024-04-09T21:59:33.923+0000] {processor.py:840} INFO - DAG(s) 'example_subdag_operator.section-1', 'example_subdag_operator.section-2', 'example_subdag_operator' retrieved from /home/airflow/.local/lib/python3.12/site-packages/airflow/example_dags/example_subdag_operator.py
[2024-04-09T21:59:33.946+0000] {logging_mixin.py:188} INFO - [2024-04-09T21:59:33.945+0000] {dag.py:3096} INFO - Sync 3 DAGs
[2024-04-09T21:59:33.978+0000] {logging_mixin.py:188} INFO - [2024-04-09T21:59:33.977+0000] {dag.py:3954} INFO - Setting next_dagrun for example_subdag_operator to 2022-01-01 00:00:00+00:00, run_after=2022-01-01 00:00:00+00:00
[2024-04-09T21:59:33.984+0000] {logging_mixin.py:188} INFO - [2024-04-09T21:59:33.983+0000] {dag.py:3954} INFO - Setting next_dagrun for example_subdag_operator.section-1 to None, run_after=None
[2024-04-09T21:59:33.986+0000] {logging_mixin.py:188} INFO - [2024-04-09T21:59:33.986+0000] {dag.py:3954} INFO - Setting next_dagrun for example_subdag_operator.section-2 to None, run_after=None
[2024-04-09T21:59:33.996+0000] {logging_mixin.py:188} INFO - [2024-04-09T21:59:33.996+0000] {dag.py:3096} INFO - Sync 2 DAGs
[2024-04-09T21:59:34.004+0000] {logging_mixin.py:188} INFO - [2024-04-09T21:59:34.004+0000] {dag.py:3954} INFO - Setting next_dagrun for example_subdag_operator.section-1 to None, run_after=None
[2024-04-09T21:59:34.005+0000] {logging_mixin.py:188} INFO - [2024-04-09T21:59:34.005+0000] {dag.py:3954} INFO - Setting next_dagrun for example_subdag_operator.section-2 to None, run_after=None
[2024-04-09T21:59:34.201+0000] {processor.py:183} INFO - Processing /home/airflow/.local/lib/python3.12/site-packages/airflow/example_dags/example_subdag_operator.py took 0.324 seconds
[2024-04-09T22:00:11.248+0000] {processor.py:161} INFO - Started process (PID=326) to work on /home/airflow/.local/lib/python3.12/site-packages/airflow/example_dags/example_subdag_operator.py
[2024-04-09T22:00:11.249+0000] {processor.py:830} INFO - Processing file /home/airflow/.local/lib/python3.12/site-packages/airflow/example_dags/example_subdag_operator.py for tasks to queue
[2024-04-09T22:00:11.252+0000] {logging_mixin.py:188} INFO - [2024-04-09T22:00:11.251+0000] {dagbag.py:540} INFO - Filling up the DagBag from /home/airflow/.local/lib/python3.12/site-packages/airflow/example_dags/example_subdag_operator.py
[2024-04-09T22:00:11.290+0000] {processor.py:840} INFO - DAG(s) 'example_subdag_operator.section-1', 'example_subdag_operator.section-2', 'example_subdag_operator' retrieved from /home/airflow/.local/lib/python3.12/site-packages/airflow/example_dags/example_subdag_operator.py
[2024-04-09T22:00:11.311+0000] {logging_mixin.py:188} INFO - [2024-04-09T22:00:11.311+0000] {dag.py:3096} INFO - Sync 3 DAGs
[2024-04-09T22:00:11.340+0000] {logging_mixin.py:188} INFO - [2024-04-09T22:00:11.340+0000] {dag.py:3954} INFO - Setting next_dagrun for example_subdag_operator to 2022-01-01 00:00:00+00:00, run_after=2022-01-01 00:00:00+00:00
[2024-04-09T22:00:11.345+0000] {logging_mixin.py:188} INFO - [2024-04-09T22:00:11.345+0000] {dag.py:3954} INFO - Setting next_dagrun for example_subdag_operator.section-1 to None, run_after=None
[2024-04-09T22:00:11.347+0000] {logging_mixin.py:188} INFO - [2024-04-09T22:00:11.347+0000] {dag.py:3954} INFO - Setting next_dagrun for example_subdag_operator.section-2 to None, run_after=None
[2024-04-09T22:00:11.358+0000] {logging_mixin.py:188} INFO - [2024-04-09T22:00:11.358+0000] {dag.py:3096} INFO - Sync 2 DAGs
[2024-04-09T22:00:11.365+0000] {logging_mixin.py:188} INFO - [2024-04-09T22:00:11.365+0000] {dag.py:3954} INFO - Setting next_dagrun for example_subdag_operator.section-1 to None, run_after=None
[2024-04-09T22:00:11.366+0000] {logging_mixin.py:188} INFO - [2024-04-09T22:00:11.366+0000] {dag.py:3954} INFO - Setting next_dagrun for example_subdag_operator.section-2 to None, run_after=None
[2024-04-09T22:00:11.550+0000] {processor.py:183} INFO - Processing /home/airflow/.local/lib/python3.12/site-packages/airflow/example_dags/example_subdag_operator.py took 0.310 seconds
[2024-04-09T22:00:42.302+0000] {processor.py:161} INFO - Started process (PID=368) to work on /home/airflow/.local/lib/python3.12/site-packages/airflow/example_dags/example_subdag_operator.py
[2024-04-09T22:00:42.303+0000] {processor.py:830} INFO - Processing file /home/airflow/.local/lib/python3.12/site-packages/airflow/example_dags/example_subdag_operator.py for tasks to queue
[2024-04-09T22:00:42.306+0000] {logging_mixin.py:188} INFO - [2024-04-09T22:00:42.305+0000] {dagbag.py:540} INFO - Filling up the DagBag from /home/airflow/.local/lib/python3.12/site-packages/airflow/example_dags/example_subdag_operator.py
[2024-04-09T22:00:42.488+0000] {processor.py:840} INFO - DAG(s) 'example_subdag_operator.section-1', 'example_subdag_operator.section-2', 'example_subdag_operator' retrieved from /home/airflow/.local/lib/python3.12/site-packages/airflow/example_dags/example_subdag_operator.py
[2024-04-09T22:00:42.518+0000] {logging_mixin.py:188} INFO - [2024-04-09T22:00:42.517+0000] {dag.py:3096} INFO - Sync 3 DAGs
[2024-04-09T22:00:42.552+0000] {logging_mixin.py:188} INFO - [2024-04-09T22:00:42.552+0000] {dag.py:3954} INFO - Setting next_dagrun for example_subdag_operator to 2022-01-01 00:00:00+00:00, run_after=2022-01-01 00:00:00+00:00
[2024-04-09T22:00:42.560+0000] {logging_mixin.py:188} INFO - [2024-04-09T22:00:42.560+0000] {dag.py:3954} INFO - Setting next_dagrun for example_subdag_operator.section-1 to None, run_after=None
[2024-04-09T22:00:42.563+0000] {logging_mixin.py:188} INFO - [2024-04-09T22:00:42.563+0000] {dag.py:3954} INFO - Setting next_dagrun for example_subdag_operator.section-2 to None, run_after=None
[2024-04-09T22:00:42.574+0000] {logging_mixin.py:188} INFO - [2024-04-09T22:00:42.574+0000] {dag.py:3096} INFO - Sync 2 DAGs
[2024-04-09T22:00:42.582+0000] {logging_mixin.py:188} INFO - [2024-04-09T22:00:42.582+0000] {dag.py:3954} INFO - Setting next_dagrun for example_subdag_operator.section-1 to None, run_after=None
[2024-04-09T22:00:42.583+0000] {logging_mixin.py:188} INFO - [2024-04-09T22:00:42.583+0000] {dag.py:3954} INFO - Setting next_dagrun for example_subdag_operator.section-2 to None, run_after=None
[2024-04-09T22:00:42.831+0000] {processor.py:183} INFO - Processing /home/airflow/.local/lib/python3.12/site-packages/airflow/example_dags/example_subdag_operator.py took 0.538 seconds
[2024-04-09T22:01:13.021+0000] {processor.py:161} INFO - Started process (PID=425) to work on /home/airflow/.local/lib/python3.12/site-packages/airflow/example_dags/example_subdag_operator.py
[2024-04-09T22:01:13.022+0000] {processor.py:830} INFO - Processing file /home/airflow/.local/lib/python3.12/site-packages/airflow/example_dags/example_subdag_operator.py for tasks to queue
[2024-04-09T22:01:13.026+0000] {logging_mixin.py:188} INFO - [2024-04-09T22:01:13.025+0000] {dagbag.py:540} INFO - Filling up the DagBag from /home/airflow/.local/lib/python3.12/site-packages/airflow/example_dags/example_subdag_operator.py
[2024-04-09T22:01:13.056+0000] {processor.py:840} INFO - DAG(s) 'example_subdag_operator.section-1', 'example_subdag_operator.section-2', 'example_subdag_operator' retrieved from /home/airflow/.local/lib/python3.12/site-packages/airflow/example_dags/example_subdag_operator.py
[2024-04-09T22:01:13.083+0000] {logging_mixin.py:188} INFO - [2024-04-09T22:01:13.082+0000] {dag.py:3096} INFO - Sync 3 DAGs
[2024-04-09T22:01:13.111+0000] {logging_mixin.py:188} INFO - [2024-04-09T22:01:13.111+0000] {dag.py:3954} INFO - Setting next_dagrun for example_subdag_operator to 2022-01-01 00:00:00+00:00, run_after=2022-01-01 00:00:00+00:00
[2024-04-09T22:01:13.117+0000] {logging_mixin.py:188} INFO - [2024-04-09T22:01:13.117+0000] {dag.py:3954} INFO - Setting next_dagrun for example_subdag_operator.section-1 to None, run_after=None
[2024-04-09T22:01:13.120+0000] {logging_mixin.py:188} INFO - [2024-04-09T22:01:13.119+0000] {dag.py:3954} INFO - Setting next_dagrun for example_subdag_operator.section-2 to None, run_after=None
[2024-04-09T22:01:13.130+0000] {logging_mixin.py:188} INFO - [2024-04-09T22:01:13.129+0000] {dag.py:3096} INFO - Sync 2 DAGs
[2024-04-09T22:01:13.137+0000] {logging_mixin.py:188} INFO - [2024-04-09T22:01:13.137+0000] {dag.py:3954} INFO - Setting next_dagrun for example_subdag_operator.section-1 to None, run_after=None
[2024-04-09T22:01:13.138+0000] {logging_mixin.py:188} INFO - [2024-04-09T22:01:13.138+0000] {dag.py:3954} INFO - Setting next_dagrun for example_subdag_operator.section-2 to None, run_after=None
[2024-04-09T22:01:13.308+0000] {processor.py:183} INFO - Processing /home/airflow/.local/lib/python3.12/site-packages/airflow/example_dags/example_subdag_operator.py took 0.295 seconds
[2024-04-09T22:01:43.802+0000] {processor.py:161} INFO - Started process (PID=483) to work on /home/airflow/.local/lib/python3.12/site-packages/airflow/example_dags/example_subdag_operator.py
[2024-04-09T22:01:43.803+0000] {processor.py:830} INFO - Processing file /home/airflow/.local/lib/python3.12/site-packages/airflow/example_dags/example_subdag_operator.py for tasks to queue
[2024-04-09T22:01:43.806+0000] {logging_mixin.py:188} INFO - [2024-04-09T22:01:43.805+0000] {dagbag.py:540} INFO - Filling up the DagBag from /home/airflow/.local/lib/python3.12/site-packages/airflow/example_dags/example_subdag_operator.py
[2024-04-09T22:01:43.837+0000] {processor.py:840} INFO - DAG(s) 'example_subdag_operator.section-1', 'example_subdag_operator.section-2', 'example_subdag_operator' retrieved from /home/airflow/.local/lib/python3.12/site-packages/airflow/example_dags/example_subdag_operator.py
[2024-04-09T22:01:43.860+0000] {logging_mixin.py:188} INFO - [2024-04-09T22:01:43.860+0000] {dag.py:3096} INFO - Sync 3 DAGs
[2024-04-09T22:01:43.897+0000] {logging_mixin.py:188} INFO - [2024-04-09T22:01:43.897+0000] {dag.py:3954} INFO - Setting next_dagrun for example_subdag_operator to 2022-01-01 00:00:00+00:00, run_after=2022-01-01 00:00:00+00:00
[2024-04-09T22:01:43.903+0000] {logging_mixin.py:188} INFO - [2024-04-09T22:01:43.902+0000] {dag.py:3954} INFO - Setting next_dagrun for example_subdag_operator.section-1 to None, run_after=None
[2024-04-09T22:01:43.906+0000] {logging_mixin.py:188} INFO - [2024-04-09T22:01:43.905+0000] {dag.py:3954} INFO - Setting next_dagrun for example_subdag_operator.section-2 to None, run_after=None
[2024-04-09T22:01:43.916+0000] {logging_mixin.py:188} INFO - [2024-04-09T22:01:43.915+0000] {dag.py:3096} INFO - Sync 2 DAGs
[2024-04-09T22:01:43.924+0000] {logging_mixin.py:188} INFO - [2024-04-09T22:01:43.924+0000] {dag.py:3954} INFO - Setting next_dagrun for example_subdag_operator.section-1 to None, run_after=None
[2024-04-09T22:01:43.925+0000] {logging_mixin.py:188} INFO - [2024-04-09T22:01:43.925+0000] {dag.py:3954} INFO - Setting next_dagrun for example_subdag_operator.section-2 to None, run_after=None
[2024-04-09T22:01:44.069+0000] {processor.py:183} INFO - Processing /home/airflow/.local/lib/python3.12/site-packages/airflow/example_dags/example_subdag_operator.py took 0.275 seconds
[2024-04-09T22:02:14.339+0000] {processor.py:161} INFO - Started process (PID=541) to work on /home/airflow/.local/lib/python3.12/site-packages/airflow/example_dags/example_subdag_operator.py
[2024-04-09T22:02:14.345+0000] {processor.py:830} INFO - Processing file /home/airflow/.local/lib/python3.12/site-packages/airflow/example_dags/example_subdag_operator.py for tasks to queue
[2024-04-09T22:02:14.348+0000] {logging_mixin.py:188} INFO - [2024-04-09T22:02:14.347+0000] {dagbag.py:540} INFO - Filling up the DagBag from /home/airflow/.local/lib/python3.12/site-packages/airflow/example_dags/example_subdag_operator.py
[2024-04-09T22:02:14.402+0000] {processor.py:840} INFO - DAG(s) 'example_subdag_operator.section-1', 'example_subdag_operator.section-2', 'example_subdag_operator' retrieved from /home/airflow/.local/lib/python3.12/site-packages/airflow/example_dags/example_subdag_operator.py
[2024-04-09T22:02:14.434+0000] {logging_mixin.py:188} INFO - [2024-04-09T22:02:14.434+0000] {dag.py:3096} INFO - Sync 3 DAGs
[2024-04-09T22:02:14.482+0000] {logging_mixin.py:188} INFO - [2024-04-09T22:02:14.481+0000] {dag.py:3954} INFO - Setting next_dagrun for example_subdag_operator to 2022-01-01 00:00:00+00:00, run_after=2022-01-01 00:00:00+00:00
[2024-04-09T22:02:14.489+0000] {logging_mixin.py:188} INFO - [2024-04-09T22:02:14.489+0000] {dag.py:3954} INFO - Setting next_dagrun for example_subdag_operator.section-1 to None, run_after=None
[2024-04-09T22:02:14.492+0000] {logging_mixin.py:188} INFO - [2024-04-09T22:02:14.491+0000] {dag.py:3954} INFO - Setting next_dagrun for example_subdag_operator.section-2 to None, run_after=None
[2024-04-09T22:02:14.506+0000] {logging_mixin.py:188} INFO - [2024-04-09T22:02:14.506+0000] {dag.py:3096} INFO - Sync 2 DAGs
[2024-04-09T22:02:14.517+0000] {logging_mixin.py:188} INFO - [2024-04-09T22:02:14.517+0000] {dag.py:3954} INFO - Setting next_dagrun for example_subdag_operator.section-1 to None, run_after=None
[2024-04-09T22:02:14.518+0000] {logging_mixin.py:188} INFO - [2024-04-09T22:02:14.518+0000] {dag.py:3954} INFO - Setting next_dagrun for example_subdag_operator.section-2 to None, run_after=None
[2024-04-09T22:02:14.839+0000] {processor.py:183} INFO - Processing /home/airflow/.local/lib/python3.12/site-packages/airflow/example_dags/example_subdag_operator.py took 0.518 seconds
[2024-04-09T22:03:19.382+0000] {processor.py:161} INFO - Started process (PID=602) to work on /home/airflow/.local/lib/python3.12/site-packages/airflow/example_dags/example_subdag_operator.py
[2024-04-09T22:03:19.383+0000] {processor.py:830} INFO - Processing file /home/airflow/.local/lib/python3.12/site-packages/airflow/example_dags/example_subdag_operator.py for tasks to queue
[2024-04-09T22:03:19.386+0000] {logging_mixin.py:188} INFO - [2024-04-09T22:03:19.385+0000] {dagbag.py:540} INFO - Filling up the DagBag from /home/airflow/.local/lib/python3.12/site-packages/airflow/example_dags/example_subdag_operator.py
[2024-04-09T22:03:19.422+0000] {processor.py:840} INFO - DAG(s) 'example_subdag_operator.section-1', 'example_subdag_operator.section-2', 'example_subdag_operator' retrieved from /home/airflow/.local/lib/python3.12/site-packages/airflow/example_dags/example_subdag_operator.py
[2024-04-09T22:03:19.449+0000] {logging_mixin.py:188} INFO - [2024-04-09T22:03:19.448+0000] {dag.py:3096} INFO - Sync 3 DAGs
[2024-04-09T22:03:19.481+0000] {logging_mixin.py:188} INFO - [2024-04-09T22:03:19.480+0000] {dag.py:3954} INFO - Setting next_dagrun for example_subdag_operator to 2022-01-01 00:00:00+00:00, run_after=2022-01-01 00:00:00+00:00
[2024-04-09T22:03:19.486+0000] {logging_mixin.py:188} INFO - [2024-04-09T22:03:19.486+0000] {dag.py:3954} INFO - Setting next_dagrun for example_subdag_operator.section-1 to None, run_after=None
[2024-04-09T22:03:19.489+0000] {logging_mixin.py:188} INFO - [2024-04-09T22:03:19.488+0000] {dag.py:3954} INFO - Setting next_dagrun for example_subdag_operator.section-2 to None, run_after=None
[2024-04-09T22:03:19.500+0000] {logging_mixin.py:188} INFO - [2024-04-09T22:03:19.500+0000] {dag.py:3096} INFO - Sync 2 DAGs
[2024-04-09T22:03:19.510+0000] {logging_mixin.py:188} INFO - [2024-04-09T22:03:19.509+0000] {dag.py:3954} INFO - Setting next_dagrun for example_subdag_operator.section-1 to None, run_after=None
[2024-04-09T22:03:19.511+0000] {logging_mixin.py:188} INFO - [2024-04-09T22:03:19.510+0000] {dag.py:3954} INFO - Setting next_dagrun for example_subdag_operator.section-2 to None, run_after=None
[2024-04-09T22:03:19.664+0000] {processor.py:183} INFO - Processing /home/airflow/.local/lib/python3.12/site-packages/airflow/example_dags/example_subdag_operator.py took 0.291 seconds
[2024-04-09T22:03:50.329+0000] {processor.py:161} INFO - Started process (PID=658) to work on /home/airflow/.local/lib/python3.12/site-packages/airflow/example_dags/example_subdag_operator.py
[2024-04-09T22:03:50.330+0000] {processor.py:830} INFO - Processing file /home/airflow/.local/lib/python3.12/site-packages/airflow/example_dags/example_subdag_operator.py for tasks to queue
[2024-04-09T22:03:50.342+0000] {logging_mixin.py:188} INFO - [2024-04-09T22:03:50.341+0000] {dagbag.py:540} INFO - Filling up the DagBag from /home/airflow/.local/lib/python3.12/site-packages/airflow/example_dags/example_subdag_operator.py
[2024-04-09T22:03:50.397+0000] {processor.py:840} INFO - DAG(s) 'example_subdag_operator.section-1', 'example_subdag_operator.section-2', 'example_subdag_operator' retrieved from /home/airflow/.local/lib/python3.12/site-packages/airflow/example_dags/example_subdag_operator.py
[2024-04-09T22:03:50.466+0000] {logging_mixin.py:188} INFO - [2024-04-09T22:03:50.466+0000] {dag.py:3096} INFO - Sync 3 DAGs
[2024-04-09T22:03:50.568+0000] {logging_mixin.py:188} INFO - [2024-04-09T22:03:50.567+0000] {dag.py:3954} INFO - Setting next_dagrun for example_subdag_operator to 2022-01-01 00:00:00+00:00, run_after=2022-01-01 00:00:00+00:00
[2024-04-09T22:03:50.581+0000] {logging_mixin.py:188} INFO - [2024-04-09T22:03:50.578+0000] {dag.py:3954} INFO - Setting next_dagrun for example_subdag_operator.section-1 to None, run_after=None
[2024-04-09T22:03:50.588+0000] {logging_mixin.py:188} INFO - [2024-04-09T22:03:50.587+0000] {dag.py:3954} INFO - Setting next_dagrun for example_subdag_operator.section-2 to None, run_after=None
[2024-04-09T22:03:50.612+0000] {logging_mixin.py:188} INFO - [2024-04-09T22:03:50.611+0000] {dag.py:3096} INFO - Sync 2 DAGs
[2024-04-09T22:03:50.631+0000] {logging_mixin.py:188} INFO - [2024-04-09T22:03:50.630+0000] {dag.py:3954} INFO - Setting next_dagrun for example_subdag_operator.section-1 to None, run_after=None
[2024-04-09T22:03:50.632+0000] {logging_mixin.py:188} INFO - [2024-04-09T22:03:50.632+0000] {dag.py:3954} INFO - Setting next_dagrun for example_subdag_operator.section-2 to None, run_after=None
[2024-04-09T22:03:50.800+0000] {processor.py:183} INFO - Processing /home/airflow/.local/lib/python3.12/site-packages/airflow/example_dags/example_subdag_operator.py took 0.481 seconds
[2024-04-09T22:04:20.978+0000] {processor.py:161} INFO - Started process (PID=715) to work on /home/airflow/.local/lib/python3.12/site-packages/airflow/example_dags/example_subdag_operator.py
[2024-04-09T22:04:20.979+0000] {processor.py:830} INFO - Processing file /home/airflow/.local/lib/python3.12/site-packages/airflow/example_dags/example_subdag_operator.py for tasks to queue
[2024-04-09T22:04:20.982+0000] {logging_mixin.py:188} INFO - [2024-04-09T22:04:20.982+0000] {dagbag.py:540} INFO - Filling up the DagBag from /home/airflow/.local/lib/python3.12/site-packages/airflow/example_dags/example_subdag_operator.py
[2024-04-09T22:04:21.037+0000] {processor.py:840} INFO - DAG(s) 'example_subdag_operator.section-1', 'example_subdag_operator.section-2', 'example_subdag_operator' retrieved from /home/airflow/.local/lib/python3.12/site-packages/airflow/example_dags/example_subdag_operator.py
[2024-04-09T22:04:21.073+0000] {logging_mixin.py:188} INFO - [2024-04-09T22:04:21.072+0000] {dag.py:3096} INFO - Sync 3 DAGs
[2024-04-09T22:04:21.117+0000] {logging_mixin.py:188} INFO - [2024-04-09T22:04:21.116+0000] {dag.py:3954} INFO - Setting next_dagrun for example_subdag_operator to 2022-01-01 00:00:00+00:00, run_after=2022-01-01 00:00:00+00:00
[2024-04-09T22:04:21.125+0000] {logging_mixin.py:188} INFO - [2024-04-09T22:04:21.124+0000] {dag.py:3954} INFO - Setting next_dagrun for example_subdag_operator.section-1 to None, run_after=None
[2024-04-09T22:04:21.128+0000] {logging_mixin.py:188} INFO - [2024-04-09T22:04:21.127+0000] {dag.py:3954} INFO - Setting next_dagrun for example_subdag_operator.section-2 to None, run_after=None
[2024-04-09T22:04:21.143+0000] {logging_mixin.py:188} INFO - [2024-04-09T22:04:21.142+0000] {dag.py:3096} INFO - Sync 2 DAGs
[2024-04-09T22:04:21.164+0000] {logging_mixin.py:188} INFO - [2024-04-09T22:04:21.163+0000] {dag.py:3954} INFO - Setting next_dagrun for example_subdag_operator.section-1 to None, run_after=None
[2024-04-09T22:04:21.167+0000] {logging_mixin.py:188} INFO - [2024-04-09T22:04:21.166+0000] {dag.py:3954} INFO - Setting next_dagrun for example_subdag_operator.section-2 to None, run_after=None
[2024-04-09T22:04:21.314+0000] {processor.py:183} INFO - Processing /home/airflow/.local/lib/python3.12/site-packages/airflow/example_dags/example_subdag_operator.py took 0.348 seconds
[2024-04-09T22:04:52.019+0000] {processor.py:161} INFO - Started process (PID=773) to work on /home/airflow/.local/lib/python3.12/site-packages/airflow/example_dags/example_subdag_operator.py
[2024-04-09T22:04:52.020+0000] {processor.py:830} INFO - Processing file /home/airflow/.local/lib/python3.12/site-packages/airflow/example_dags/example_subdag_operator.py for tasks to queue
[2024-04-09T22:04:52.024+0000] {logging_mixin.py:188} INFO - [2024-04-09T22:04:52.023+0000] {dagbag.py:540} INFO - Filling up the DagBag from /home/airflow/.local/lib/python3.12/site-packages/airflow/example_dags/example_subdag_operator.py
[2024-04-09T22:04:52.063+0000] {processor.py:840} INFO - DAG(s) 'example_subdag_operator.section-1', 'example_subdag_operator.section-2', 'example_subdag_operator' retrieved from /home/airflow/.local/lib/python3.12/site-packages/airflow/example_dags/example_subdag_operator.py
[2024-04-09T22:04:52.113+0000] {logging_mixin.py:188} INFO - [2024-04-09T22:04:52.113+0000] {dag.py:3096} INFO - Sync 3 DAGs
[2024-04-09T22:04:52.189+0000] {logging_mixin.py:188} INFO - [2024-04-09T22:04:52.189+0000] {dag.py:3954} INFO - Setting next_dagrun for example_subdag_operator to 2022-01-01 00:00:00+00:00, run_after=2022-01-01 00:00:00+00:00
[2024-04-09T22:04:52.200+0000] {logging_mixin.py:188} INFO - [2024-04-09T22:04:52.197+0000] {dag.py:3954} INFO - Setting next_dagrun for example_subdag_operator.section-1 to None, run_after=None
[2024-04-09T22:04:52.203+0000] {logging_mixin.py:188} INFO - [2024-04-09T22:04:52.203+0000] {dag.py:3954} INFO - Setting next_dagrun for example_subdag_operator.section-2 to None, run_after=None
[2024-04-09T22:04:52.481+0000] {logging_mixin.py:188} INFO - [2024-04-09T22:04:52.480+0000] {dag.py:3096} INFO - Sync 2 DAGs
[2024-04-09T22:04:52.489+0000] {logging_mixin.py:188} INFO - [2024-04-09T22:04:52.489+0000] {dag.py:3954} INFO - Setting next_dagrun for example_subdag_operator.section-1 to None, run_after=None
[2024-04-09T22:04:52.490+0000] {logging_mixin.py:188} INFO - [2024-04-09T22:04:52.490+0000] {dag.py:3954} INFO - Setting next_dagrun for example_subdag_operator.section-2 to None, run_after=None
[2024-04-09T22:04:52.582+0000] {processor.py:183} INFO - Processing /home/airflow/.local/lib/python3.12/site-packages/airflow/example_dags/example_subdag_operator.py took 0.571 seconds
[2024-04-09T22:05:23.086+0000] {processor.py:161} INFO - Started process (PID=831) to work on /home/airflow/.local/lib/python3.12/site-packages/airflow/example_dags/example_subdag_operator.py
[2024-04-09T22:05:23.087+0000] {processor.py:830} INFO - Processing file /home/airflow/.local/lib/python3.12/site-packages/airflow/example_dags/example_subdag_operator.py for tasks to queue
[2024-04-09T22:05:23.090+0000] {logging_mixin.py:188} INFO - [2024-04-09T22:05:23.090+0000] {dagbag.py:540} INFO - Filling up the DagBag from /home/airflow/.local/lib/python3.12/site-packages/airflow/example_dags/example_subdag_operator.py
[2024-04-09T22:05:23.133+0000] {processor.py:840} INFO - DAG(s) 'example_subdag_operator.section-1', 'example_subdag_operator.section-2', 'example_subdag_operator' retrieved from /home/airflow/.local/lib/python3.12/site-packages/airflow/example_dags/example_subdag_operator.py
[2024-04-09T22:05:23.162+0000] {logging_mixin.py:188} INFO - [2024-04-09T22:05:23.161+0000] {dag.py:3096} INFO - Sync 3 DAGs
[2024-04-09T22:05:23.203+0000] {logging_mixin.py:188} INFO - [2024-04-09T22:05:23.203+0000] {dag.py:3954} INFO - Setting next_dagrun for example_subdag_operator to 2022-01-01 00:00:00+00:00, run_after=2022-01-01 00:00:00+00:00
[2024-04-09T22:05:23.211+0000] {logging_mixin.py:188} INFO - [2024-04-09T22:05:23.210+0000] {dag.py:3954} INFO - Setting next_dagrun for example_subdag_operator.section-1 to None, run_after=None
[2024-04-09T22:05:23.213+0000] {logging_mixin.py:188} INFO - [2024-04-09T22:05:23.213+0000] {dag.py:3954} INFO - Setting next_dagrun for example_subdag_operator.section-2 to None, run_after=None
[2024-04-09T22:05:23.225+0000] {logging_mixin.py:188} INFO - [2024-04-09T22:05:23.225+0000] {dag.py:3096} INFO - Sync 2 DAGs
[2024-04-09T22:05:23.234+0000] {logging_mixin.py:188} INFO - [2024-04-09T22:05:23.234+0000] {dag.py:3954} INFO - Setting next_dagrun for example_subdag_operator.section-1 to None, run_after=None
[2024-04-09T22:05:23.235+0000] {logging_mixin.py:188} INFO - [2024-04-09T22:05:23.235+0000] {dag.py:3954} INFO - Setting next_dagrun for example_subdag_operator.section-2 to None, run_after=None
[2024-04-09T22:05:23.296+0000] {processor.py:183} INFO - Processing /home/airflow/.local/lib/python3.12/site-packages/airflow/example_dags/example_subdag_operator.py took 0.222 seconds
[2024-04-09T22:05:53.654+0000] {processor.py:161} INFO - Started process (PID=889) to work on /home/airflow/.local/lib/python3.12/site-packages/airflow/example_dags/example_subdag_operator.py
[2024-04-09T22:05:53.655+0000] {processor.py:830} INFO - Processing file /home/airflow/.local/lib/python3.12/site-packages/airflow/example_dags/example_subdag_operator.py for tasks to queue
[2024-04-09T22:05:53.658+0000] {logging_mixin.py:188} INFO - [2024-04-09T22:05:53.658+0000] {dagbag.py:540} INFO - Filling up the DagBag from /home/airflow/.local/lib/python3.12/site-packages/airflow/example_dags/example_subdag_operator.py
[2024-04-09T22:05:53.700+0000] {processor.py:840} INFO - DAG(s) 'example_subdag_operator.section-1', 'example_subdag_operator.section-2', 'example_subdag_operator' retrieved from /home/airflow/.local/lib/python3.12/site-packages/airflow/example_dags/example_subdag_operator.py
[2024-04-09T22:05:53.728+0000] {logging_mixin.py:188} INFO - [2024-04-09T22:05:53.727+0000] {dag.py:3096} INFO - Sync 3 DAGs
[2024-04-09T22:05:53.760+0000] {logging_mixin.py:188} INFO - [2024-04-09T22:05:53.760+0000] {dag.py:3954} INFO - Setting next_dagrun for example_subdag_operator to 2022-01-01 00:00:00+00:00, run_after=2022-01-01 00:00:00+00:00
[2024-04-09T22:05:53.776+0000] {logging_mixin.py:188} INFO - [2024-04-09T22:05:53.775+0000] {dag.py:3954} INFO - Setting next_dagrun for example_subdag_operator.section-1 to None, run_after=None
[2024-04-09T22:05:53.781+0000] {logging_mixin.py:188} INFO - [2024-04-09T22:05:53.780+0000] {dag.py:3954} INFO - Setting next_dagrun for example_subdag_operator.section-2 to None, run_after=None
[2024-04-09T22:05:53.821+0000] {logging_mixin.py:188} INFO - [2024-04-09T22:05:53.820+0000] {dag.py:3096} INFO - Sync 2 DAGs
[2024-04-09T22:05:53.845+0000] {logging_mixin.py:188} INFO - [2024-04-09T22:05:53.845+0000] {dag.py:3954} INFO - Setting next_dagrun for example_subdag_operator.section-1 to None, run_after=None
[2024-04-09T22:05:53.852+0000] {logging_mixin.py:188} INFO - [2024-04-09T22:05:53.852+0000] {dag.py:3954} INFO - Setting next_dagrun for example_subdag_operator.section-2 to None, run_after=None
[2024-04-09T22:05:53.929+0000] {processor.py:183} INFO - Processing /home/airflow/.local/lib/python3.12/site-packages/airflow/example_dags/example_subdag_operator.py took 0.283 seconds
[2024-04-09T22:06:24.343+0000] {processor.py:161} INFO - Started process (PID=947) to work on /home/airflow/.local/lib/python3.12/site-packages/airflow/example_dags/example_subdag_operator.py
[2024-04-09T22:06:24.345+0000] {processor.py:830} INFO - Processing file /home/airflow/.local/lib/python3.12/site-packages/airflow/example_dags/example_subdag_operator.py for tasks to queue
[2024-04-09T22:06:24.347+0000] {logging_mixin.py:188} INFO - [2024-04-09T22:06:24.347+0000] {dagbag.py:540} INFO - Filling up the DagBag from /home/airflow/.local/lib/python3.12/site-packages/airflow/example_dags/example_subdag_operator.py
[2024-04-09T22:06:24.383+0000] {processor.py:840} INFO - DAG(s) 'example_subdag_operator.section-1', 'example_subdag_operator.section-2', 'example_subdag_operator' retrieved from /home/airflow/.local/lib/python3.12/site-packages/airflow/example_dags/example_subdag_operator.py
[2024-04-09T22:06:24.406+0000] {logging_mixin.py:188} INFO - [2024-04-09T22:06:24.406+0000] {dag.py:3096} INFO - Sync 3 DAGs
[2024-04-09T22:06:24.439+0000] {logging_mixin.py:188} INFO - [2024-04-09T22:06:24.438+0000] {dag.py:3954} INFO - Setting next_dagrun for example_subdag_operator to 2022-01-01 00:00:00+00:00, run_after=2022-01-01 00:00:00+00:00
[2024-04-09T22:06:24.445+0000] {logging_mixin.py:188} INFO - [2024-04-09T22:06:24.445+0000] {dag.py:3954} INFO - Setting next_dagrun for example_subdag_operator.section-1 to None, run_after=None
[2024-04-09T22:06:24.448+0000] {logging_mixin.py:188} INFO - [2024-04-09T22:06:24.447+0000] {dag.py:3954} INFO - Setting next_dagrun for example_subdag_operator.section-2 to None, run_after=None
[2024-04-09T22:06:24.460+0000] {logging_mixin.py:188} INFO - [2024-04-09T22:06:24.460+0000] {dag.py:3096} INFO - Sync 2 DAGs
[2024-04-09T22:06:24.467+0000] {logging_mixin.py:188} INFO - [2024-04-09T22:06:24.467+0000] {dag.py:3954} INFO - Setting next_dagrun for example_subdag_operator.section-1 to None, run_after=None
[2024-04-09T22:06:24.468+0000] {logging_mixin.py:188} INFO - [2024-04-09T22:06:24.468+0000] {dag.py:3954} INFO - Setting next_dagrun for example_subdag_operator.section-2 to None, run_after=None
[2024-04-09T22:06:24.628+0000] {processor.py:183} INFO - Processing /home/airflow/.local/lib/python3.12/site-packages/airflow/example_dags/example_subdag_operator.py took 0.296 seconds
[2024-04-09T22:06:54.911+0000] {processor.py:161} INFO - Started process (PID=1011) to work on /home/airflow/.local/lib/python3.12/site-packages/airflow/example_dags/example_subdag_operator.py
[2024-04-09T22:06:54.912+0000] {processor.py:830} INFO - Processing file /home/airflow/.local/lib/python3.12/site-packages/airflow/example_dags/example_subdag_operator.py for tasks to queue
[2024-04-09T22:06:54.916+0000] {logging_mixin.py:188} INFO - [2024-04-09T22:06:54.915+0000] {dagbag.py:540} INFO - Filling up the DagBag from /home/airflow/.local/lib/python3.12/site-packages/airflow/example_dags/example_subdag_operator.py
[2024-04-09T22:06:54.954+0000] {processor.py:840} INFO - DAG(s) 'example_subdag_operator.section-1', 'example_subdag_operator.section-2', 'example_subdag_operator' retrieved from /home/airflow/.local/lib/python3.12/site-packages/airflow/example_dags/example_subdag_operator.py
[2024-04-09T22:06:54.981+0000] {logging_mixin.py:188} INFO - [2024-04-09T22:06:54.980+0000] {dag.py:3096} INFO - Sync 3 DAGs
[2024-04-09T22:06:55.015+0000] {logging_mixin.py:188} INFO - [2024-04-09T22:06:55.014+0000] {dag.py:3954} INFO - Setting next_dagrun for example_subdag_operator to 2022-01-01 00:00:00+00:00, run_after=2022-01-01 00:00:00+00:00
[2024-04-09T22:06:55.021+0000] {logging_mixin.py:188} INFO - [2024-04-09T22:06:55.021+0000] {dag.py:3954} INFO - Setting next_dagrun for example_subdag_operator.section-1 to None, run_after=None
[2024-04-09T22:06:55.024+0000] {logging_mixin.py:188} INFO - [2024-04-09T22:06:55.024+0000] {dag.py:3954} INFO - Setting next_dagrun for example_subdag_operator.section-2 to None, run_after=None
[2024-04-09T22:06:55.039+0000] {logging_mixin.py:188} INFO - [2024-04-09T22:06:55.039+0000] {dag.py:3096} INFO - Sync 2 DAGs
[2024-04-09T22:06:55.047+0000] {logging_mixin.py:188} INFO - [2024-04-09T22:06:55.047+0000] {dag.py:3954} INFO - Setting next_dagrun for example_subdag_operator.section-1 to None, run_after=None
[2024-04-09T22:06:55.048+0000] {logging_mixin.py:188} INFO - [2024-04-09T22:06:55.048+0000] {dag.py:3954} INFO - Setting next_dagrun for example_subdag_operator.section-2 to None, run_after=None
[2024-04-09T22:06:55.252+0000] {processor.py:183} INFO - Processing /home/airflow/.local/lib/python3.12/site-packages/airflow/example_dags/example_subdag_operator.py took 0.350 seconds
[2024-04-09T22:07:25.470+0000] {processor.py:161} INFO - Started process (PID=1069) to work on /home/airflow/.local/lib/python3.12/site-packages/airflow/example_dags/example_subdag_operator.py
[2024-04-09T22:07:25.472+0000] {processor.py:830} INFO - Processing file /home/airflow/.local/lib/python3.12/site-packages/airflow/example_dags/example_subdag_operator.py for tasks to queue
[2024-04-09T22:07:25.475+0000] {logging_mixin.py:188} INFO - [2024-04-09T22:07:25.474+0000] {dagbag.py:540} INFO - Filling up the DagBag from /home/airflow/.local/lib/python3.12/site-packages/airflow/example_dags/example_subdag_operator.py
[2024-04-09T22:07:25.513+0000] {processor.py:840} INFO - DAG(s) 'example_subdag_operator.section-1', 'example_subdag_operator.section-2', 'example_subdag_operator' retrieved from /home/airflow/.local/lib/python3.12/site-packages/airflow/example_dags/example_subdag_operator.py
[2024-04-09T22:07:25.539+0000] {logging_mixin.py:188} INFO - [2024-04-09T22:07:25.539+0000] {dag.py:3096} INFO - Sync 3 DAGs
[2024-04-09T22:07:25.575+0000] {logging_mixin.py:188} INFO - [2024-04-09T22:07:25.574+0000] {dag.py:3954} INFO - Setting next_dagrun for example_subdag_operator to 2022-01-01 00:00:00+00:00, run_after=2022-01-01 00:00:00+00:00
[2024-04-09T22:07:25.580+0000] {logging_mixin.py:188} INFO - [2024-04-09T22:07:25.580+0000] {dag.py:3954} INFO - Setting next_dagrun for example_subdag_operator.section-1 to None, run_after=None
[2024-04-09T22:07:25.583+0000] {logging_mixin.py:188} INFO - [2024-04-09T22:07:25.582+0000] {dag.py:3954} INFO - Setting next_dagrun for example_subdag_operator.section-2 to None, run_after=None
[2024-04-09T22:07:25.593+0000] {logging_mixin.py:188} INFO - [2024-04-09T22:07:25.593+0000] {dag.py:3096} INFO - Sync 2 DAGs
[2024-04-09T22:07:25.601+0000] {logging_mixin.py:188} INFO - [2024-04-09T22:07:25.601+0000] {dag.py:3954} INFO - Setting next_dagrun for example_subdag_operator.section-1 to None, run_after=None
[2024-04-09T22:07:25.602+0000] {logging_mixin.py:188} INFO - [2024-04-09T22:07:25.602+0000] {dag.py:3954} INFO - Setting next_dagrun for example_subdag_operator.section-2 to None, run_after=None
[2024-04-09T22:07:25.649+0000] {processor.py:183} INFO - Processing /home/airflow/.local/lib/python3.12/site-packages/airflow/example_dags/example_subdag_operator.py took 0.188 seconds
[2024-04-09T22:07:56.052+0000] {processor.py:161} INFO - Started process (PID=1129) to work on /home/airflow/.local/lib/python3.12/site-packages/airflow/example_dags/example_subdag_operator.py
[2024-04-09T22:07:56.054+0000] {processor.py:830} INFO - Processing file /home/airflow/.local/lib/python3.12/site-packages/airflow/example_dags/example_subdag_operator.py for tasks to queue
[2024-04-09T22:07:56.057+0000] {logging_mixin.py:188} INFO - [2024-04-09T22:07:56.057+0000] {dagbag.py:540} INFO - Filling up the DagBag from /home/airflow/.local/lib/python3.12/site-packages/airflow/example_dags/example_subdag_operator.py
[2024-04-09T22:07:56.099+0000] {processor.py:840} INFO - DAG(s) 'example_subdag_operator.section-1', 'example_subdag_operator.section-2', 'example_subdag_operator' retrieved from /home/airflow/.local/lib/python3.12/site-packages/airflow/example_dags/example_subdag_operator.py
[2024-04-09T22:07:56.358+0000] {logging_mixin.py:188} INFO - [2024-04-09T22:07:56.357+0000] {dag.py:3096} INFO - Sync 3 DAGs
[2024-04-09T22:07:56.382+0000] {logging_mixin.py:188} INFO - [2024-04-09T22:07:56.382+0000] {dag.py:3954} INFO - Setting next_dagrun for example_subdag_operator to 2022-01-01 00:00:00+00:00, run_after=2022-01-01 00:00:00+00:00
[2024-04-09T22:07:56.389+0000] {logging_mixin.py:188} INFO - [2024-04-09T22:07:56.388+0000] {dag.py:3954} INFO - Setting next_dagrun for example_subdag_operator.section-1 to None, run_after=None
[2024-04-09T22:07:56.391+0000] {logging_mixin.py:188} INFO - [2024-04-09T22:07:56.391+0000] {dag.py:3954} INFO - Setting next_dagrun for example_subdag_operator.section-2 to None, run_after=None
[2024-04-09T22:07:56.404+0000] {logging_mixin.py:188} INFO - [2024-04-09T22:07:56.404+0000] {dag.py:3096} INFO - Sync 2 DAGs
[2024-04-09T22:07:56.412+0000] {logging_mixin.py:188} INFO - [2024-04-09T22:07:56.412+0000] {dag.py:3954} INFO - Setting next_dagrun for example_subdag_operator.section-1 to None, run_after=None
[2024-04-09T22:07:56.414+0000] {logging_mixin.py:188} INFO - [2024-04-09T22:07:56.413+0000] {dag.py:3954} INFO - Setting next_dagrun for example_subdag_operator.section-2 to None, run_after=None
[2024-04-09T22:07:56.483+0000] {processor.py:183} INFO - Processing /home/airflow/.local/lib/python3.12/site-packages/airflow/example_dags/example_subdag_operator.py took 0.446 seconds
[2024-04-09T22:08:26.623+0000] {processor.py:161} INFO - Started process (PID=1186) to work on /home/airflow/.local/lib/python3.12/site-packages/airflow/example_dags/example_subdag_operator.py
[2024-04-09T22:08:26.624+0000] {processor.py:830} INFO - Processing file /home/airflow/.local/lib/python3.12/site-packages/airflow/example_dags/example_subdag_operator.py for tasks to queue
[2024-04-09T22:08:26.628+0000] {logging_mixin.py:188} INFO - [2024-04-09T22:08:26.627+0000] {dagbag.py:540} INFO - Filling up the DagBag from /home/airflow/.local/lib/python3.12/site-packages/airflow/example_dags/example_subdag_operator.py
[2024-04-09T22:08:26.668+0000] {processor.py:840} INFO - DAG(s) 'example_subdag_operator.section-1', 'example_subdag_operator.section-2', 'example_subdag_operator' retrieved from /home/airflow/.local/lib/python3.12/site-packages/airflow/example_dags/example_subdag_operator.py
[2024-04-09T22:08:26.691+0000] {logging_mixin.py:188} INFO - [2024-04-09T22:08:26.691+0000] {dag.py:3096} INFO - Sync 3 DAGs
[2024-04-09T22:08:26.729+0000] {logging_mixin.py:188} INFO - [2024-04-09T22:08:26.728+0000] {dag.py:3954} INFO - Setting next_dagrun for example_subdag_operator to 2022-01-01 00:00:00+00:00, run_after=2022-01-01 00:00:00+00:00
[2024-04-09T22:08:26.735+0000] {logging_mixin.py:188} INFO - [2024-04-09T22:08:26.735+0000] {dag.py:3954} INFO - Setting next_dagrun for example_subdag_operator.section-1 to None, run_after=None
[2024-04-09T22:08:26.738+0000] {logging_mixin.py:188} INFO - [2024-04-09T22:08:26.738+0000] {dag.py:3954} INFO - Setting next_dagrun for example_subdag_operator.section-2 to None, run_after=None
[2024-04-09T22:08:26.750+0000] {logging_mixin.py:188} INFO - [2024-04-09T22:08:26.750+0000] {dag.py:3096} INFO - Sync 2 DAGs
[2024-04-09T22:08:26.758+0000] {logging_mixin.py:188} INFO - [2024-04-09T22:08:26.758+0000] {dag.py:3954} INFO - Setting next_dagrun for example_subdag_operator.section-1 to None, run_after=None
[2024-04-09T22:08:26.759+0000] {logging_mixin.py:188} INFO - [2024-04-09T22:08:26.759+0000] {dag.py:3954} INFO - Setting next_dagrun for example_subdag_operator.section-2 to None, run_after=None
[2024-04-09T22:08:26.828+0000] {processor.py:183} INFO - Processing /home/airflow/.local/lib/python3.12/site-packages/airflow/example_dags/example_subdag_operator.py took 0.215 seconds
[2024-04-09T22:08:57.541+0000] {processor.py:161} INFO - Started process (PID=1244) to work on /home/airflow/.local/lib/python3.12/site-packages/airflow/example_dags/example_subdag_operator.py
[2024-04-09T22:08:57.543+0000] {processor.py:830} INFO - Processing file /home/airflow/.local/lib/python3.12/site-packages/airflow/example_dags/example_subdag_operator.py for tasks to queue
[2024-04-09T22:08:57.546+0000] {logging_mixin.py:188} INFO - [2024-04-09T22:08:57.546+0000] {dagbag.py:540} INFO - Filling up the DagBag from /home/airflow/.local/lib/python3.12/site-packages/airflow/example_dags/example_subdag_operator.py
[2024-04-09T22:08:57.586+0000] {processor.py:840} INFO - DAG(s) 'example_subdag_operator.section-1', 'example_subdag_operator.section-2', 'example_subdag_operator' retrieved from /home/airflow/.local/lib/python3.12/site-packages/airflow/example_dags/example_subdag_operator.py
[2024-04-09T22:08:57.618+0000] {logging_mixin.py:188} INFO - [2024-04-09T22:08:57.617+0000] {dag.py:3096} INFO - Sync 3 DAGs
[2024-04-09T22:08:57.663+0000] {logging_mixin.py:188} INFO - [2024-04-09T22:08:57.663+0000] {dag.py:3954} INFO - Setting next_dagrun for example_subdag_operator to 2022-01-01 00:00:00+00:00, run_after=2022-01-01 00:00:00+00:00
[2024-04-09T22:08:57.671+0000] {logging_mixin.py:188} INFO - [2024-04-09T22:08:57.671+0000] {dag.py:3954} INFO - Setting next_dagrun for example_subdag_operator.section-1 to None, run_after=None
[2024-04-09T22:08:57.674+0000] {logging_mixin.py:188} INFO - [2024-04-09T22:08:57.673+0000] {dag.py:3954} INFO - Setting next_dagrun for example_subdag_operator.section-2 to None, run_after=None
[2024-04-09T22:08:57.686+0000] {logging_mixin.py:188} INFO - [2024-04-09T22:08:57.686+0000] {dag.py:3096} INFO - Sync 2 DAGs
[2024-04-09T22:08:57.695+0000] {logging_mixin.py:188} INFO - [2024-04-09T22:08:57.695+0000] {dag.py:3954} INFO - Setting next_dagrun for example_subdag_operator.section-1 to None, run_after=None
[2024-04-09T22:08:57.696+0000] {logging_mixin.py:188} INFO - [2024-04-09T22:08:57.696+0000] {dag.py:3954} INFO - Setting next_dagrun for example_subdag_operator.section-2 to None, run_after=None
[2024-04-09T22:08:57.748+0000] {processor.py:183} INFO - Processing /home/airflow/.local/lib/python3.12/site-packages/airflow/example_dags/example_subdag_operator.py took 0.219 seconds
[2024-04-09T22:09:27.948+0000] {processor.py:161} INFO - Started process (PID=1302) to work on /home/airflow/.local/lib/python3.12/site-packages/airflow/example_dags/example_subdag_operator.py
[2024-04-09T22:09:27.949+0000] {processor.py:830} INFO - Processing file /home/airflow/.local/lib/python3.12/site-packages/airflow/example_dags/example_subdag_operator.py for tasks to queue
[2024-04-09T22:09:27.953+0000] {logging_mixin.py:188} INFO - [2024-04-09T22:09:27.952+0000] {dagbag.py:540} INFO - Filling up the DagBag from /home/airflow/.local/lib/python3.12/site-packages/airflow/example_dags/example_subdag_operator.py
[2024-04-09T22:09:28.028+0000] {processor.py:840} INFO - DAG(s) 'example_subdag_operator.section-1', 'example_subdag_operator.section-2', 'example_subdag_operator' retrieved from /home/airflow/.local/lib/python3.12/site-packages/airflow/example_dags/example_subdag_operator.py
[2024-04-09T22:09:28.066+0000] {logging_mixin.py:188} INFO - [2024-04-09T22:09:28.066+0000] {dag.py:3096} INFO - Sync 3 DAGs
[2024-04-09T22:09:28.112+0000] {logging_mixin.py:188} INFO - [2024-04-09T22:09:28.111+0000] {dag.py:3954} INFO - Setting next_dagrun for example_subdag_operator to 2022-01-01 00:00:00+00:00, run_after=2022-01-01 00:00:00+00:00
[2024-04-09T22:09:28.118+0000] {logging_mixin.py:188} INFO - [2024-04-09T22:09:28.118+0000] {dag.py:3954} INFO - Setting next_dagrun for example_subdag_operator.section-1 to None, run_after=None
[2024-04-09T22:09:28.121+0000] {logging_mixin.py:188} INFO - [2024-04-09T22:09:28.121+0000] {dag.py:3954} INFO - Setting next_dagrun for example_subdag_operator.section-2 to None, run_after=None
[2024-04-09T22:09:28.136+0000] {logging_mixin.py:188} INFO - [2024-04-09T22:09:28.136+0000] {dag.py:3096} INFO - Sync 2 DAGs
[2024-04-09T22:09:28.152+0000] {logging_mixin.py:188} INFO - [2024-04-09T22:09:28.152+0000] {dag.py:3954} INFO - Setting next_dagrun for example_subdag_operator.section-1 to None, run_after=None
[2024-04-09T22:09:28.154+0000] {logging_mixin.py:188} INFO - [2024-04-09T22:09:28.153+0000] {dag.py:3954} INFO - Setting next_dagrun for example_subdag_operator.section-2 to None, run_after=None
[2024-04-09T22:09:28.206+0000] {processor.py:183} INFO - Processing /home/airflow/.local/lib/python3.12/site-packages/airflow/example_dags/example_subdag_operator.py took 0.276 seconds
[2024-04-09T22:09:58.469+0000] {processor.py:161} INFO - Started process (PID=1360) to work on /home/airflow/.local/lib/python3.12/site-packages/airflow/example_dags/example_subdag_operator.py
[2024-04-09T22:09:58.471+0000] {processor.py:830} INFO - Processing file /home/airflow/.local/lib/python3.12/site-packages/airflow/example_dags/example_subdag_operator.py for tasks to queue
[2024-04-09T22:09:58.476+0000] {logging_mixin.py:188} INFO - [2024-04-09T22:09:58.475+0000] {dagbag.py:540} INFO - Filling up the DagBag from /home/airflow/.local/lib/python3.12/site-packages/airflow/example_dags/example_subdag_operator.py
[2024-04-09T22:09:58.514+0000] {processor.py:840} INFO - DAG(s) 'example_subdag_operator.section-1', 'example_subdag_operator.section-2', 'example_subdag_operator' retrieved from /home/airflow/.local/lib/python3.12/site-packages/airflow/example_dags/example_subdag_operator.py
[2024-04-09T22:09:58.544+0000] {logging_mixin.py:188} INFO - [2024-04-09T22:09:58.544+0000] {dag.py:3096} INFO - Sync 3 DAGs
[2024-04-09T22:09:58.596+0000] {logging_mixin.py:188} INFO - [2024-04-09T22:09:58.596+0000] {dag.py:3954} INFO - Setting next_dagrun for example_subdag_operator to 2022-01-01 00:00:00+00:00, run_after=2022-01-01 00:00:00+00:00
[2024-04-09T22:09:58.602+0000] {logging_mixin.py:188} INFO - [2024-04-09T22:09:58.601+0000] {dag.py:3954} INFO - Setting next_dagrun for example_subdag_operator.section-1 to None, run_after=None
[2024-04-09T22:09:58.604+0000] {logging_mixin.py:188} INFO - [2024-04-09T22:09:58.604+0000] {dag.py:3954} INFO - Setting next_dagrun for example_subdag_operator.section-2 to None, run_after=None
[2024-04-09T22:09:58.615+0000] {logging_mixin.py:188} INFO - [2024-04-09T22:09:58.615+0000] {dag.py:3096} INFO - Sync 2 DAGs
[2024-04-09T22:09:58.625+0000] {logging_mixin.py:188} INFO - [2024-04-09T22:09:58.625+0000] {dag.py:3954} INFO - Setting next_dagrun for example_subdag_operator.section-1 to None, run_after=None
[2024-04-09T22:09:58.626+0000] {logging_mixin.py:188} INFO - [2024-04-09T22:09:58.626+0000] {dag.py:3954} INFO - Setting next_dagrun for example_subdag_operator.section-2 to None, run_after=None
[2024-04-09T22:09:58.745+0000] {processor.py:183} INFO - Processing /home/airflow/.local/lib/python3.12/site-packages/airflow/example_dags/example_subdag_operator.py took 0.288 seconds
