[2024-04-09T21:57:50.512+0000] {processor.py:161} INFO - Started process (PID=83) to work on /home/airflow/.local/lib/python3.12/site-packages/airflow/example_dags/example_sla_dag.py
[2024-04-09T21:57:50.514+0000] {processor.py:830} INFO - Processing file /home/airflow/.local/lib/python3.12/site-packages/airflow/example_dags/example_sla_dag.py for tasks to queue
[2024-04-09T21:57:50.517+0000] {logging_mixin.py:188} INFO - [2024-04-09T21:57:50.517+0000] {dagbag.py:540} INFO - Filling up the DagBag from /home/airflow/.local/lib/python3.12/site-packages/airflow/example_dags/example_sla_dag.py
[2024-04-09T21:57:50.592+0000] {processor.py:840} INFO - DAG(s) 'example_sla_dag' retrieved from /home/airflow/.local/lib/python3.12/site-packages/airflow/example_dags/example_sla_dag.py
[2024-04-09T21:57:50.760+0000] {logging_mixin.py:188} INFO - [2024-04-09T21:57:50.760+0000] {dag.py:3096} INFO - Sync 1 DAGs
[2024-04-09T21:57:50.846+0000] {logging_mixin.py:188} INFO - [2024-04-09T21:57:50.844+0000] {dag.py:3954} INFO - Setting next_dagrun for example_sla_dag to 2024-04-09 21:54:00+00:00, run_after=2024-04-09 21:56:00+00:00
[2024-04-09T21:57:51.077+0000] {processor.py:183} INFO - Processing /home/airflow/.local/lib/python3.12/site-packages/airflow/example_dags/example_sla_dag.py took 0.578 seconds
[2024-04-09T21:58:23.286+0000] {processor.py:161} INFO - Started process (PID=141) to work on /home/airflow/.local/lib/python3.12/site-packages/airflow/example_dags/example_sla_dag.py
[2024-04-09T21:58:23.288+0000] {processor.py:830} INFO - Processing file /home/airflow/.local/lib/python3.12/site-packages/airflow/example_dags/example_sla_dag.py for tasks to queue
[2024-04-09T21:58:23.291+0000] {logging_mixin.py:188} INFO - [2024-04-09T21:58:23.290+0000] {dagbag.py:540} INFO - Filling up the DagBag from /home/airflow/.local/lib/python3.12/site-packages/airflow/example_dags/example_sla_dag.py
[2024-04-09T21:58:23.307+0000] {processor.py:840} INFO - DAG(s) 'example_sla_dag' retrieved from /home/airflow/.local/lib/python3.12/site-packages/airflow/example_dags/example_sla_dag.py
[2024-04-09T21:58:23.344+0000] {logging_mixin.py:188} INFO - [2024-04-09T21:58:23.343+0000] {dag.py:3096} INFO - Sync 1 DAGs
[2024-04-09T21:58:23.376+0000] {logging_mixin.py:188} INFO - [2024-04-09T21:58:23.375+0000] {dag.py:3954} INFO - Setting next_dagrun for example_sla_dag to 2024-04-09 21:56:00+00:00, run_after=2024-04-09 21:58:00+00:00
[2024-04-09T21:58:23.668+0000] {processor.py:183} INFO - Processing /home/airflow/.local/lib/python3.12/site-packages/airflow/example_dags/example_sla_dag.py took 0.395 seconds
[2024-04-09T21:58:53.752+0000] {processor.py:161} INFO - Started process (PID=197) to work on /home/airflow/.local/lib/python3.12/site-packages/airflow/example_dags/example_sla_dag.py
[2024-04-09T21:58:53.753+0000] {processor.py:830} INFO - Processing file /home/airflow/.local/lib/python3.12/site-packages/airflow/example_dags/example_sla_dag.py for tasks to queue
[2024-04-09T21:58:53.756+0000] {logging_mixin.py:188} INFO - [2024-04-09T21:58:53.755+0000] {dagbag.py:540} INFO - Filling up the DagBag from /home/airflow/.local/lib/python3.12/site-packages/airflow/example_dags/example_sla_dag.py
[2024-04-09T21:58:53.766+0000] {processor.py:840} INFO - DAG(s) 'example_sla_dag' retrieved from /home/airflow/.local/lib/python3.12/site-packages/airflow/example_dags/example_sla_dag.py
[2024-04-09T21:58:53.791+0000] {logging_mixin.py:188} INFO - [2024-04-09T21:58:53.791+0000] {dag.py:3096} INFO - Sync 1 DAGs
[2024-04-09T21:58:53.824+0000] {logging_mixin.py:188} INFO - [2024-04-09T21:58:53.824+0000] {dag.py:3954} INFO - Setting next_dagrun for example_sla_dag to 2024-04-09 21:56:00+00:00, run_after=2024-04-09 21:58:00+00:00
[2024-04-09T21:58:53.986+0000] {processor.py:183} INFO - Processing /home/airflow/.local/lib/python3.12/site-packages/airflow/example_dags/example_sla_dag.py took 0.244 seconds
[2024-04-09T21:59:27.327+0000] {processor.py:161} INFO - Started process (PID=255) to work on /home/airflow/.local/lib/python3.12/site-packages/airflow/example_dags/example_sla_dag.py
[2024-04-09T21:59:27.329+0000] {processor.py:830} INFO - Processing file /home/airflow/.local/lib/python3.12/site-packages/airflow/example_dags/example_sla_dag.py for tasks to queue
[2024-04-09T21:59:27.332+0000] {logging_mixin.py:188} INFO - [2024-04-09T21:59:27.331+0000] {dagbag.py:540} INFO - Filling up the DagBag from /home/airflow/.local/lib/python3.12/site-packages/airflow/example_dags/example_sla_dag.py
[2024-04-09T21:59:27.343+0000] {processor.py:840} INFO - DAG(s) 'example_sla_dag' retrieved from /home/airflow/.local/lib/python3.12/site-packages/airflow/example_dags/example_sla_dag.py
[2024-04-09T21:59:27.370+0000] {logging_mixin.py:188} INFO - [2024-04-09T21:59:27.370+0000] {dag.py:3096} INFO - Sync 1 DAGs
[2024-04-09T21:59:27.404+0000] {logging_mixin.py:188} INFO - [2024-04-09T21:59:27.404+0000] {dag.py:3954} INFO - Setting next_dagrun for example_sla_dag to 2024-04-09 21:56:00+00:00, run_after=2024-04-09 21:58:00+00:00
[2024-04-09T21:59:27.622+0000] {processor.py:183} INFO - Processing /home/airflow/.local/lib/python3.12/site-packages/airflow/example_dags/example_sla_dag.py took 0.306 seconds
[2024-04-09T22:00:08.855+0000] {processor.py:161} INFO - Started process (PID=313) to work on /home/airflow/.local/lib/python3.12/site-packages/airflow/example_dags/example_sla_dag.py
[2024-04-09T22:00:08.856+0000] {processor.py:830} INFO - Processing file /home/airflow/.local/lib/python3.12/site-packages/airflow/example_dags/example_sla_dag.py for tasks to queue
[2024-04-09T22:00:08.859+0000] {logging_mixin.py:188} INFO - [2024-04-09T22:00:08.858+0000] {dagbag.py:540} INFO - Filling up the DagBag from /home/airflow/.local/lib/python3.12/site-packages/airflow/example_dags/example_sla_dag.py
[2024-04-09T22:00:08.870+0000] {processor.py:840} INFO - DAG(s) 'example_sla_dag' retrieved from /home/airflow/.local/lib/python3.12/site-packages/airflow/example_dags/example_sla_dag.py
[2024-04-09T22:00:08.907+0000] {logging_mixin.py:188} INFO - [2024-04-09T22:00:08.906+0000] {dag.py:3096} INFO - Sync 1 DAGs
[2024-04-09T22:00:08.946+0000] {logging_mixin.py:188} INFO - [2024-04-09T22:00:08.945+0000] {dag.py:3954} INFO - Setting next_dagrun for example_sla_dag to 2024-04-09 21:58:00+00:00, run_after=2024-04-09 22:00:00+00:00
[2024-04-09T22:00:09.265+0000] {processor.py:183} INFO - Processing /home/airflow/.local/lib/python3.12/site-packages/airflow/example_dags/example_sla_dag.py took 0.418 seconds
[2024-04-09T22:00:46.196+0000] {processor.py:161} INFO - Started process (PID=374) to work on /home/airflow/.local/lib/python3.12/site-packages/airflow/example_dags/example_sla_dag.py
[2024-04-09T22:00:46.197+0000] {processor.py:830} INFO - Processing file /home/airflow/.local/lib/python3.12/site-packages/airflow/example_dags/example_sla_dag.py for tasks to queue
[2024-04-09T22:00:46.200+0000] {logging_mixin.py:188} INFO - [2024-04-09T22:00:46.200+0000] {dagbag.py:540} INFO - Filling up the DagBag from /home/airflow/.local/lib/python3.12/site-packages/airflow/example_dags/example_sla_dag.py
[2024-04-09T22:00:46.211+0000] {processor.py:840} INFO - DAG(s) 'example_sla_dag' retrieved from /home/airflow/.local/lib/python3.12/site-packages/airflow/example_dags/example_sla_dag.py
[2024-04-09T22:00:46.247+0000] {logging_mixin.py:188} INFO - [2024-04-09T22:00:46.247+0000] {dag.py:3096} INFO - Sync 1 DAGs
[2024-04-09T22:00:46.288+0000] {logging_mixin.py:188} INFO - [2024-04-09T22:00:46.288+0000] {dag.py:3954} INFO - Setting next_dagrun for example_sla_dag to 2024-04-09 21:58:00+00:00, run_after=2024-04-09 22:00:00+00:00
[2024-04-09T22:00:46.429+0000] {processor.py:183} INFO - Processing /home/airflow/.local/lib/python3.12/site-packages/airflow/example_dags/example_sla_dag.py took 0.240 seconds
[2024-04-09T22:01:16.593+0000] {processor.py:161} INFO - Started process (PID=431) to work on /home/airflow/.local/lib/python3.12/site-packages/airflow/example_dags/example_sla_dag.py
[2024-04-09T22:01:16.595+0000] {processor.py:830} INFO - Processing file /home/airflow/.local/lib/python3.12/site-packages/airflow/example_dags/example_sla_dag.py for tasks to queue
[2024-04-09T22:01:16.598+0000] {logging_mixin.py:188} INFO - [2024-04-09T22:01:16.598+0000] {dagbag.py:540} INFO - Filling up the DagBag from /home/airflow/.local/lib/python3.12/site-packages/airflow/example_dags/example_sla_dag.py
[2024-04-09T22:01:16.610+0000] {processor.py:840} INFO - DAG(s) 'example_sla_dag' retrieved from /home/airflow/.local/lib/python3.12/site-packages/airflow/example_dags/example_sla_dag.py
[2024-04-09T22:01:16.640+0000] {logging_mixin.py:188} INFO - [2024-04-09T22:01:16.639+0000] {dag.py:3096} INFO - Sync 1 DAGs
[2024-04-09T22:01:16.681+0000] {logging_mixin.py:188} INFO - [2024-04-09T22:01:16.681+0000] {dag.py:3954} INFO - Setting next_dagrun for example_sla_dag to 2024-04-09 21:58:00+00:00, run_after=2024-04-09 22:00:00+00:00
[2024-04-09T22:01:16.838+0000] {processor.py:183} INFO - Processing /home/airflow/.local/lib/python3.12/site-packages/airflow/example_dags/example_sla_dag.py took 0.255 seconds
[2024-04-09T22:01:47.133+0000] {processor.py:161} INFO - Started process (PID=489) to work on /home/airflow/.local/lib/python3.12/site-packages/airflow/example_dags/example_sla_dag.py
[2024-04-09T22:01:47.134+0000] {processor.py:830} INFO - Processing file /home/airflow/.local/lib/python3.12/site-packages/airflow/example_dags/example_sla_dag.py for tasks to queue
[2024-04-09T22:01:47.136+0000] {logging_mixin.py:188} INFO - [2024-04-09T22:01:47.136+0000] {dagbag.py:540} INFO - Filling up the DagBag from /home/airflow/.local/lib/python3.12/site-packages/airflow/example_dags/example_sla_dag.py
[2024-04-09T22:01:47.148+0000] {processor.py:840} INFO - DAG(s) 'example_sla_dag' retrieved from /home/airflow/.local/lib/python3.12/site-packages/airflow/example_dags/example_sla_dag.py
[2024-04-09T22:01:47.173+0000] {logging_mixin.py:188} INFO - [2024-04-09T22:01:47.173+0000] {dag.py:3096} INFO - Sync 1 DAGs
[2024-04-09T22:01:47.217+0000] {logging_mixin.py:188} INFO - [2024-04-09T22:01:47.217+0000] {dag.py:3954} INFO - Setting next_dagrun for example_sla_dag to 2024-04-09 21:58:00+00:00, run_after=2024-04-09 22:00:00+00:00
[2024-04-09T22:01:47.456+0000] {processor.py:183} INFO - Processing /home/airflow/.local/lib/python3.12/site-packages/airflow/example_dags/example_sla_dag.py took 0.331 seconds
[2024-04-09T22:02:17.693+0000] {processor.py:161} INFO - Started process (PID=547) to work on /home/airflow/.local/lib/python3.12/site-packages/airflow/example_dags/example_sla_dag.py
[2024-04-09T22:02:17.694+0000] {processor.py:830} INFO - Processing file /home/airflow/.local/lib/python3.12/site-packages/airflow/example_dags/example_sla_dag.py for tasks to queue
[2024-04-09T22:02:17.697+0000] {logging_mixin.py:188} INFO - [2024-04-09T22:02:17.696+0000] {dagbag.py:540} INFO - Filling up the DagBag from /home/airflow/.local/lib/python3.12/site-packages/airflow/example_dags/example_sla_dag.py
[2024-04-09T22:02:17.708+0000] {processor.py:840} INFO - DAG(s) 'example_sla_dag' retrieved from /home/airflow/.local/lib/python3.12/site-packages/airflow/example_dags/example_sla_dag.py
[2024-04-09T22:02:17.733+0000] {logging_mixin.py:188} INFO - [2024-04-09T22:02:17.733+0000] {dag.py:3096} INFO - Sync 1 DAGs
[2024-04-09T22:02:17.765+0000] {logging_mixin.py:188} INFO - [2024-04-09T22:02:17.765+0000] {dag.py:3954} INFO - Setting next_dagrun for example_sla_dag to 2024-04-09 22:00:00+00:00, run_after=2024-04-09 22:02:00+00:00
[2024-04-09T22:02:17.999+0000] {processor.py:183} INFO - Processing /home/airflow/.local/lib/python3.12/site-packages/airflow/example_dags/example_sla_dag.py took 0.314 seconds
[2024-04-09T22:03:25.624+0000] {processor.py:161} INFO - Started process (PID=636) to work on /home/airflow/.local/lib/python3.12/site-packages/airflow/example_dags/example_sla_dag.py
[2024-04-09T22:03:25.626+0000] {processor.py:830} INFO - Processing file /home/airflow/.local/lib/python3.12/site-packages/airflow/example_dags/example_sla_dag.py for tasks to queue
[2024-04-09T22:03:25.629+0000] {logging_mixin.py:188} INFO - [2024-04-09T22:03:25.628+0000] {dagbag.py:540} INFO - Filling up the DagBag from /home/airflow/.local/lib/python3.12/site-packages/airflow/example_dags/example_sla_dag.py
[2024-04-09T22:03:25.642+0000] {processor.py:840} INFO - DAG(s) 'example_sla_dag' retrieved from /home/airflow/.local/lib/python3.12/site-packages/airflow/example_dags/example_sla_dag.py
[2024-04-09T22:03:25.669+0000] {logging_mixin.py:188} INFO - [2024-04-09T22:03:25.669+0000] {dag.py:3096} INFO - Sync 1 DAGs
[2024-04-09T22:03:25.712+0000] {logging_mixin.py:188} INFO - [2024-04-09T22:03:25.712+0000] {dag.py:3954} INFO - Setting next_dagrun for example_sla_dag to 2024-04-09 22:00:00+00:00, run_after=2024-04-09 22:02:00+00:00
[2024-04-09T22:03:26.011+0000] {processor.py:183} INFO - Processing /home/airflow/.local/lib/python3.12/site-packages/airflow/example_dags/example_sla_dag.py took 0.396 seconds
[2024-04-09T22:03:59.644+0000] {processor.py:161} INFO - Started process (PID=694) to work on /home/airflow/.local/lib/python3.12/site-packages/airflow/example_dags/example_sla_dag.py
[2024-04-09T22:03:59.645+0000] {processor.py:830} INFO - Processing file /home/airflow/.local/lib/python3.12/site-packages/airflow/example_dags/example_sla_dag.py for tasks to queue
[2024-04-09T22:03:59.648+0000] {logging_mixin.py:188} INFO - [2024-04-09T22:03:59.648+0000] {dagbag.py:540} INFO - Filling up the DagBag from /home/airflow/.local/lib/python3.12/site-packages/airflow/example_dags/example_sla_dag.py
[2024-04-09T22:03:59.660+0000] {processor.py:840} INFO - DAG(s) 'example_sla_dag' retrieved from /home/airflow/.local/lib/python3.12/site-packages/airflow/example_dags/example_sla_dag.py
[2024-04-09T22:03:59.686+0000] {logging_mixin.py:188} INFO - [2024-04-09T22:03:59.685+0000] {dag.py:3096} INFO - Sync 1 DAGs
[2024-04-09T22:03:59.717+0000] {logging_mixin.py:188} INFO - [2024-04-09T22:03:59.717+0000] {dag.py:3954} INFO - Setting next_dagrun for example_sla_dag to 2024-04-09 22:00:00+00:00, run_after=2024-04-09 22:02:00+00:00
[2024-04-09T22:03:59.846+0000] {processor.py:183} INFO - Processing /home/airflow/.local/lib/python3.12/site-packages/airflow/example_dags/example_sla_dag.py took 0.213 seconds
[2024-04-09T22:04:31.022+0000] {processor.py:161} INFO - Started process (PID=752) to work on /home/airflow/.local/lib/python3.12/site-packages/airflow/example_dags/example_sla_dag.py
[2024-04-09T22:04:31.024+0000] {processor.py:830} INFO - Processing file /home/airflow/.local/lib/python3.12/site-packages/airflow/example_dags/example_sla_dag.py for tasks to queue
[2024-04-09T22:04:31.026+0000] {logging_mixin.py:188} INFO - [2024-04-09T22:04:31.026+0000] {dagbag.py:540} INFO - Filling up the DagBag from /home/airflow/.local/lib/python3.12/site-packages/airflow/example_dags/example_sla_dag.py
[2024-04-09T22:04:31.038+0000] {processor.py:840} INFO - DAG(s) 'example_sla_dag' retrieved from /home/airflow/.local/lib/python3.12/site-packages/airflow/example_dags/example_sla_dag.py
[2024-04-09T22:04:31.073+0000] {logging_mixin.py:188} INFO - [2024-04-09T22:04:31.073+0000] {dag.py:3096} INFO - Sync 1 DAGs
[2024-04-09T22:04:31.109+0000] {logging_mixin.py:188} INFO - [2024-04-09T22:04:31.109+0000] {dag.py:3954} INFO - Setting next_dagrun for example_sla_dag to 2024-04-09 22:02:00+00:00, run_after=2024-04-09 22:04:00+00:00
[2024-04-09T22:04:31.240+0000] {processor.py:183} INFO - Processing /home/airflow/.local/lib/python3.12/site-packages/airflow/example_dags/example_sla_dag.py took 0.226 seconds
[2024-04-09T22:05:03.496+0000] {processor.py:161} INFO - Started process (PID=810) to work on /home/airflow/.local/lib/python3.12/site-packages/airflow/example_dags/example_sla_dag.py
[2024-04-09T22:05:03.498+0000] {processor.py:830} INFO - Processing file /home/airflow/.local/lib/python3.12/site-packages/airflow/example_dags/example_sla_dag.py for tasks to queue
[2024-04-09T22:05:03.500+0000] {logging_mixin.py:188} INFO - [2024-04-09T22:05:03.500+0000] {dagbag.py:540} INFO - Filling up the DagBag from /home/airflow/.local/lib/python3.12/site-packages/airflow/example_dags/example_sla_dag.py
[2024-04-09T22:05:03.511+0000] {processor.py:840} INFO - DAG(s) 'example_sla_dag' retrieved from /home/airflow/.local/lib/python3.12/site-packages/airflow/example_dags/example_sla_dag.py
[2024-04-09T22:05:03.536+0000] {logging_mixin.py:188} INFO - [2024-04-09T22:05:03.535+0000] {dag.py:3096} INFO - Sync 1 DAGs
[2024-04-09T22:05:03.574+0000] {logging_mixin.py:188} INFO - [2024-04-09T22:05:03.573+0000] {dag.py:3954} INFO - Setting next_dagrun for example_sla_dag to 2024-04-09 22:02:00+00:00, run_after=2024-04-09 22:04:00+00:00
[2024-04-09T22:05:03.743+0000] {processor.py:183} INFO - Processing /home/airflow/.local/lib/python3.12/site-packages/airflow/example_dags/example_sla_dag.py took 0.255 seconds
[2024-04-09T22:05:34.653+0000] {processor.py:161} INFO - Started process (PID=868) to work on /home/airflow/.local/lib/python3.12/site-packages/airflow/example_dags/example_sla_dag.py
[2024-04-09T22:05:34.654+0000] {processor.py:830} INFO - Processing file /home/airflow/.local/lib/python3.12/site-packages/airflow/example_dags/example_sla_dag.py for tasks to queue
[2024-04-09T22:05:34.657+0000] {logging_mixin.py:188} INFO - [2024-04-09T22:05:34.656+0000] {dagbag.py:540} INFO - Filling up the DagBag from /home/airflow/.local/lib/python3.12/site-packages/airflow/example_dags/example_sla_dag.py
[2024-04-09T22:05:34.668+0000] {processor.py:840} INFO - DAG(s) 'example_sla_dag' retrieved from /home/airflow/.local/lib/python3.12/site-packages/airflow/example_dags/example_sla_dag.py
[2024-04-09T22:05:34.693+0000] {logging_mixin.py:188} INFO - [2024-04-09T22:05:34.693+0000] {dag.py:3096} INFO - Sync 1 DAGs
[2024-04-09T22:05:34.727+0000] {logging_mixin.py:188} INFO - [2024-04-09T22:05:34.726+0000] {dag.py:3954} INFO - Setting next_dagrun for example_sla_dag to 2024-04-09 22:02:00+00:00, run_after=2024-04-09 22:04:00+00:00
[2024-04-09T22:05:34.788+0000] {processor.py:183} INFO - Processing /home/airflow/.local/lib/python3.12/site-packages/airflow/example_dags/example_sla_dag.py took 0.144 seconds
[2024-04-09T22:06:05.242+0000] {processor.py:161} INFO - Started process (PID=926) to work on /home/airflow/.local/lib/python3.12/site-packages/airflow/example_dags/example_sla_dag.py
[2024-04-09T22:06:05.244+0000] {processor.py:830} INFO - Processing file /home/airflow/.local/lib/python3.12/site-packages/airflow/example_dags/example_sla_dag.py for tasks to queue
[2024-04-09T22:06:05.248+0000] {logging_mixin.py:188} INFO - [2024-04-09T22:06:05.247+0000] {dagbag.py:540} INFO - Filling up the DagBag from /home/airflow/.local/lib/python3.12/site-packages/airflow/example_dags/example_sla_dag.py
[2024-04-09T22:06:05.266+0000] {processor.py:840} INFO - DAG(s) 'example_sla_dag' retrieved from /home/airflow/.local/lib/python3.12/site-packages/airflow/example_dags/example_sla_dag.py
[2024-04-09T22:06:05.303+0000] {logging_mixin.py:188} INFO - [2024-04-09T22:06:05.302+0000] {dag.py:3096} INFO - Sync 1 DAGs
[2024-04-09T22:06:05.339+0000] {logging_mixin.py:188} INFO - [2024-04-09T22:06:05.338+0000] {dag.py:3954} INFO - Setting next_dagrun for example_sla_dag to 2024-04-09 22:04:00+00:00, run_after=2024-04-09 22:06:00+00:00
[2024-04-09T22:06:05.398+0000] {processor.py:183} INFO - Processing /home/airflow/.local/lib/python3.12/site-packages/airflow/example_dags/example_sla_dag.py took 0.167 seconds
[2024-04-09T22:06:36.148+0000] {processor.py:161} INFO - Started process (PID=984) to work on /home/airflow/.local/lib/python3.12/site-packages/airflow/example_dags/example_sla_dag.py
[2024-04-09T22:06:36.150+0000] {processor.py:830} INFO - Processing file /home/airflow/.local/lib/python3.12/site-packages/airflow/example_dags/example_sla_dag.py for tasks to queue
[2024-04-09T22:06:36.152+0000] {logging_mixin.py:188} INFO - [2024-04-09T22:06:36.152+0000] {dagbag.py:540} INFO - Filling up the DagBag from /home/airflow/.local/lib/python3.12/site-packages/airflow/example_dags/example_sla_dag.py
[2024-04-09T22:06:36.163+0000] {processor.py:840} INFO - DAG(s) 'example_sla_dag' retrieved from /home/airflow/.local/lib/python3.12/site-packages/airflow/example_dags/example_sla_dag.py
[2024-04-09T22:06:36.194+0000] {logging_mixin.py:188} INFO - [2024-04-09T22:06:36.193+0000] {dag.py:3096} INFO - Sync 1 DAGs
[2024-04-09T22:06:36.444+0000] {logging_mixin.py:188} INFO - [2024-04-09T22:06:36.444+0000] {dag.py:3954} INFO - Setting next_dagrun for example_sla_dag to 2024-04-09 22:04:00+00:00, run_after=2024-04-09 22:06:00+00:00
[2024-04-09T22:06:36.497+0000] {processor.py:183} INFO - Processing /home/airflow/.local/lib/python3.12/site-packages/airflow/example_dags/example_sla_dag.py took 0.357 seconds
[2024-04-09T22:07:08.376+0000] {processor.py:161} INFO - Started process (PID=1042) to work on /home/airflow/.local/lib/python3.12/site-packages/airflow/example_dags/example_sla_dag.py
[2024-04-09T22:07:08.377+0000] {processor.py:830} INFO - Processing file /home/airflow/.local/lib/python3.12/site-packages/airflow/example_dags/example_sla_dag.py for tasks to queue
[2024-04-09T22:07:08.389+0000] {logging_mixin.py:188} INFO - [2024-04-09T22:07:08.383+0000] {dagbag.py:540} INFO - Filling up the DagBag from /home/airflow/.local/lib/python3.12/site-packages/airflow/example_dags/example_sla_dag.py
[2024-04-09T22:07:08.429+0000] {processor.py:840} INFO - DAG(s) 'example_sla_dag' retrieved from /home/airflow/.local/lib/python3.12/site-packages/airflow/example_dags/example_sla_dag.py
[2024-04-09T22:07:08.523+0000] {logging_mixin.py:188} INFO - [2024-04-09T22:07:08.523+0000] {dag.py:3096} INFO - Sync 1 DAGs
[2024-04-09T22:07:09.059+0000] {logging_mixin.py:188} INFO - [2024-04-09T22:07:09.059+0000] {dag.py:3954} INFO - Setting next_dagrun for example_sla_dag to 2024-04-09 22:04:00+00:00, run_after=2024-04-09 22:06:00+00:00
[2024-04-09T22:07:09.348+0000] {processor.py:183} INFO - Processing /home/airflow/.local/lib/python3.12/site-packages/airflow/example_dags/example_sla_dag.py took 1.008 seconds
[2024-04-09T22:07:39.615+0000] {processor.py:161} INFO - Started process (PID=1100) to work on /home/airflow/.local/lib/python3.12/site-packages/airflow/example_dags/example_sla_dag.py
[2024-04-09T22:07:39.616+0000] {processor.py:830} INFO - Processing file /home/airflow/.local/lib/python3.12/site-packages/airflow/example_dags/example_sla_dag.py for tasks to queue
[2024-04-09T22:07:39.620+0000] {logging_mixin.py:188} INFO - [2024-04-09T22:07:39.619+0000] {dagbag.py:540} INFO - Filling up the DagBag from /home/airflow/.local/lib/python3.12/site-packages/airflow/example_dags/example_sla_dag.py
[2024-04-09T22:07:39.634+0000] {processor.py:840} INFO - DAG(s) 'example_sla_dag' retrieved from /home/airflow/.local/lib/python3.12/site-packages/airflow/example_dags/example_sla_dag.py
[2024-04-09T22:07:39.662+0000] {logging_mixin.py:188} INFO - [2024-04-09T22:07:39.662+0000] {dag.py:3096} INFO - Sync 1 DAGs
[2024-04-09T22:07:39.715+0000] {logging_mixin.py:188} INFO - [2024-04-09T22:07:39.715+0000] {dag.py:3954} INFO - Setting next_dagrun for example_sla_dag to 2024-04-09 22:04:00+00:00, run_after=2024-04-09 22:06:00+00:00
[2024-04-09T22:07:40.084+0000] {processor.py:183} INFO - Processing /home/airflow/.local/lib/python3.12/site-packages/airflow/example_dags/example_sla_dag.py took 0.480 seconds
[2024-04-09T22:08:10.378+0000] {processor.py:161} INFO - Started process (PID=1160) to work on /home/airflow/.local/lib/python3.12/site-packages/airflow/example_dags/example_sla_dag.py
[2024-04-09T22:08:10.379+0000] {processor.py:830} INFO - Processing file /home/airflow/.local/lib/python3.12/site-packages/airflow/example_dags/example_sla_dag.py for tasks to queue
[2024-04-09T22:08:10.382+0000] {logging_mixin.py:188} INFO - [2024-04-09T22:08:10.382+0000] {dagbag.py:540} INFO - Filling up the DagBag from /home/airflow/.local/lib/python3.12/site-packages/airflow/example_dags/example_sla_dag.py
[2024-04-09T22:08:10.396+0000] {processor.py:840} INFO - DAG(s) 'example_sla_dag' retrieved from /home/airflow/.local/lib/python3.12/site-packages/airflow/example_dags/example_sla_dag.py
[2024-04-09T22:08:10.424+0000] {logging_mixin.py:188} INFO - [2024-04-09T22:08:10.424+0000] {dag.py:3096} INFO - Sync 1 DAGs
[2024-04-09T22:08:10.459+0000] {logging_mixin.py:188} INFO - [2024-04-09T22:08:10.459+0000] {dag.py:3954} INFO - Setting next_dagrun for example_sla_dag to 2024-04-09 22:06:00+00:00, run_after=2024-04-09 22:08:00+00:00
[2024-04-09T22:08:10.535+0000] {processor.py:183} INFO - Processing /home/airflow/.local/lib/python3.12/site-packages/airflow/example_dags/example_sla_dag.py took 0.165 seconds
[2024-04-09T22:08:40.690+0000] {processor.py:161} INFO - Started process (PID=1217) to work on /home/airflow/.local/lib/python3.12/site-packages/airflow/example_dags/example_sla_dag.py
[2024-04-09T22:08:40.692+0000] {processor.py:830} INFO - Processing file /home/airflow/.local/lib/python3.12/site-packages/airflow/example_dags/example_sla_dag.py for tasks to queue
[2024-04-09T22:08:40.696+0000] {logging_mixin.py:188} INFO - [2024-04-09T22:08:40.695+0000] {dagbag.py:540} INFO - Filling up the DagBag from /home/airflow/.local/lib/python3.12/site-packages/airflow/example_dags/example_sla_dag.py
[2024-04-09T22:08:40.707+0000] {processor.py:840} INFO - DAG(s) 'example_sla_dag' retrieved from /home/airflow/.local/lib/python3.12/site-packages/airflow/example_dags/example_sla_dag.py
[2024-04-09T22:08:40.739+0000] {logging_mixin.py:188} INFO - [2024-04-09T22:08:40.738+0000] {dag.py:3096} INFO - Sync 1 DAGs
[2024-04-09T22:08:40.784+0000] {logging_mixin.py:188} INFO - [2024-04-09T22:08:40.783+0000] {dag.py:3954} INFO - Setting next_dagrun for example_sla_dag to 2024-04-09 22:06:00+00:00, run_after=2024-04-09 22:08:00+00:00
[2024-04-09T22:08:40.837+0000] {processor.py:183} INFO - Processing /home/airflow/.local/lib/python3.12/site-packages/airflow/example_dags/example_sla_dag.py took 0.158 seconds
[2024-04-09T22:09:10.959+0000] {processor.py:161} INFO - Started process (PID=1275) to work on /home/airflow/.local/lib/python3.12/site-packages/airflow/example_dags/example_sla_dag.py
[2024-04-09T22:09:10.961+0000] {processor.py:830} INFO - Processing file /home/airflow/.local/lib/python3.12/site-packages/airflow/example_dags/example_sla_dag.py for tasks to queue
[2024-04-09T22:09:10.964+0000] {logging_mixin.py:188} INFO - [2024-04-09T22:09:10.964+0000] {dagbag.py:540} INFO - Filling up the DagBag from /home/airflow/.local/lib/python3.12/site-packages/airflow/example_dags/example_sla_dag.py
[2024-04-09T22:09:10.979+0000] {processor.py:840} INFO - DAG(s) 'example_sla_dag' retrieved from /home/airflow/.local/lib/python3.12/site-packages/airflow/example_dags/example_sla_dag.py
[2024-04-09T22:09:11.013+0000] {logging_mixin.py:188} INFO - [2024-04-09T22:09:11.012+0000] {dag.py:3096} INFO - Sync 1 DAGs
[2024-04-09T22:09:11.063+0000] {logging_mixin.py:188} INFO - [2024-04-09T22:09:11.063+0000] {dag.py:3954} INFO - Setting next_dagrun for example_sla_dag to 2024-04-09 22:06:00+00:00, run_after=2024-04-09 22:08:00+00:00
[2024-04-09T22:09:11.110+0000] {processor.py:183} INFO - Processing /home/airflow/.local/lib/python3.12/site-packages/airflow/example_dags/example_sla_dag.py took 0.162 seconds
[2024-04-09T22:09:41.354+0000] {processor.py:161} INFO - Started process (PID=1333) to work on /home/airflow/.local/lib/python3.12/site-packages/airflow/example_dags/example_sla_dag.py
[2024-04-09T22:09:41.356+0000] {processor.py:830} INFO - Processing file /home/airflow/.local/lib/python3.12/site-packages/airflow/example_dags/example_sla_dag.py for tasks to queue
[2024-04-09T22:09:41.359+0000] {logging_mixin.py:188} INFO - [2024-04-09T22:09:41.358+0000] {dagbag.py:540} INFO - Filling up the DagBag from /home/airflow/.local/lib/python3.12/site-packages/airflow/example_dags/example_sla_dag.py
[2024-04-09T22:09:41.374+0000] {processor.py:840} INFO - DAG(s) 'example_sla_dag' retrieved from /home/airflow/.local/lib/python3.12/site-packages/airflow/example_dags/example_sla_dag.py
[2024-04-09T22:09:41.411+0000] {logging_mixin.py:188} INFO - [2024-04-09T22:09:41.410+0000] {dag.py:3096} INFO - Sync 1 DAGs
[2024-04-09T22:09:41.482+0000] {logging_mixin.py:188} INFO - [2024-04-09T22:09:41.481+0000] {dag.py:3954} INFO - Setting next_dagrun for example_sla_dag to 2024-04-09 22:06:00+00:00, run_after=2024-04-09 22:08:00+00:00
[2024-04-09T22:09:41.540+0000] {processor.py:183} INFO - Processing /home/airflow/.local/lib/python3.12/site-packages/airflow/example_dags/example_sla_dag.py took 0.197 seconds
[2024-04-09T22:10:11.731+0000] {processor.py:161} INFO - Started process (PID=1391) to work on /home/airflow/.local/lib/python3.12/site-packages/airflow/example_dags/example_sla_dag.py
[2024-04-09T22:10:11.732+0000] {processor.py:830} INFO - Processing file /home/airflow/.local/lib/python3.12/site-packages/airflow/example_dags/example_sla_dag.py for tasks to queue
[2024-04-09T22:10:11.736+0000] {logging_mixin.py:188} INFO - [2024-04-09T22:10:11.735+0000] {dagbag.py:540} INFO - Filling up the DagBag from /home/airflow/.local/lib/python3.12/site-packages/airflow/example_dags/example_sla_dag.py
[2024-04-09T22:10:11.753+0000] {processor.py:840} INFO - DAG(s) 'example_sla_dag' retrieved from /home/airflow/.local/lib/python3.12/site-packages/airflow/example_dags/example_sla_dag.py
[2024-04-09T22:10:11.785+0000] {logging_mixin.py:188} INFO - [2024-04-09T22:10:11.785+0000] {dag.py:3096} INFO - Sync 1 DAGs
[2024-04-09T22:10:11.827+0000] {logging_mixin.py:188} INFO - [2024-04-09T22:10:11.826+0000] {dag.py:3954} INFO - Setting next_dagrun for example_sla_dag to 2024-04-09 22:08:00+00:00, run_after=2024-04-09 22:10:00+00:00
[2024-04-09T22:10:11.914+0000] {processor.py:183} INFO - Processing /home/airflow/.local/lib/python3.12/site-packages/airflow/example_dags/example_sla_dag.py took 0.195 seconds
[2024-04-09T22:10:42.169+0000] {processor.py:161} INFO - Started process (PID=1448) to work on /home/airflow/.local/lib/python3.12/site-packages/airflow/example_dags/example_sla_dag.py
[2024-04-09T22:10:42.170+0000] {processor.py:830} INFO - Processing file /home/airflow/.local/lib/python3.12/site-packages/airflow/example_dags/example_sla_dag.py for tasks to queue
[2024-04-09T22:10:42.174+0000] {logging_mixin.py:188} INFO - [2024-04-09T22:10:42.173+0000] {dagbag.py:540} INFO - Filling up the DagBag from /home/airflow/.local/lib/python3.12/site-packages/airflow/example_dags/example_sla_dag.py
[2024-04-09T22:10:42.191+0000] {processor.py:840} INFO - DAG(s) 'example_sla_dag' retrieved from /home/airflow/.local/lib/python3.12/site-packages/airflow/example_dags/example_sla_dag.py
[2024-04-09T22:10:42.247+0000] {logging_mixin.py:188} INFO - [2024-04-09T22:10:42.246+0000] {dag.py:3096} INFO - Sync 1 DAGs
[2024-04-09T22:10:42.315+0000] {logging_mixin.py:188} INFO - [2024-04-09T22:10:42.315+0000] {dag.py:3954} INFO - Setting next_dagrun for example_sla_dag to 2024-04-09 22:08:00+00:00, run_after=2024-04-09 22:10:00+00:00
[2024-04-09T22:10:42.434+0000] {processor.py:183} INFO - Processing /home/airflow/.local/lib/python3.12/site-packages/airflow/example_dags/example_sla_dag.py took 0.276 seconds
[2024-04-09T22:11:13.081+0000] {processor.py:161} INFO - Started process (PID=1505) to work on /home/airflow/.local/lib/python3.12/site-packages/airflow/example_dags/example_sla_dag.py
[2024-04-09T22:11:13.083+0000] {processor.py:830} INFO - Processing file /home/airflow/.local/lib/python3.12/site-packages/airflow/example_dags/example_sla_dag.py for tasks to queue
[2024-04-09T22:11:13.086+0000] {logging_mixin.py:188} INFO - [2024-04-09T22:11:13.086+0000] {dagbag.py:540} INFO - Filling up the DagBag from /home/airflow/.local/lib/python3.12/site-packages/airflow/example_dags/example_sla_dag.py
[2024-04-09T22:11:13.098+0000] {processor.py:840} INFO - DAG(s) 'example_sla_dag' retrieved from /home/airflow/.local/lib/python3.12/site-packages/airflow/example_dags/example_sla_dag.py
[2024-04-09T22:11:13.126+0000] {logging_mixin.py:188} INFO - [2024-04-09T22:11:13.126+0000] {dag.py:3096} INFO - Sync 1 DAGs
[2024-04-09T22:11:13.170+0000] {logging_mixin.py:188} INFO - [2024-04-09T22:11:13.169+0000] {dag.py:3954} INFO - Setting next_dagrun for example_sla_dag to 2024-04-09 22:08:00+00:00, run_after=2024-04-09 22:10:00+00:00
[2024-04-09T22:11:13.225+0000] {processor.py:183} INFO - Processing /home/airflow/.local/lib/python3.12/site-packages/airflow/example_dags/example_sla_dag.py took 0.156 seconds
[2024-04-09T22:11:43.754+0000] {processor.py:161} INFO - Started process (PID=1563) to work on /home/airflow/.local/lib/python3.12/site-packages/airflow/example_dags/example_sla_dag.py
[2024-04-09T22:11:43.755+0000] {processor.py:830} INFO - Processing file /home/airflow/.local/lib/python3.12/site-packages/airflow/example_dags/example_sla_dag.py for tasks to queue
[2024-04-09T22:11:43.759+0000] {logging_mixin.py:188} INFO - [2024-04-09T22:11:43.758+0000] {dagbag.py:540} INFO - Filling up the DagBag from /home/airflow/.local/lib/python3.12/site-packages/airflow/example_dags/example_sla_dag.py
[2024-04-09T22:11:43.770+0000] {processor.py:840} INFO - DAG(s) 'example_sla_dag' retrieved from /home/airflow/.local/lib/python3.12/site-packages/airflow/example_dags/example_sla_dag.py
[2024-04-09T22:11:43.796+0000] {logging_mixin.py:188} INFO - [2024-04-09T22:11:43.796+0000] {dag.py:3096} INFO - Sync 1 DAGs
[2024-04-09T22:11:43.872+0000] {logging_mixin.py:188} INFO - [2024-04-09T22:11:43.871+0000] {dag.py:3954} INFO - Setting next_dagrun for example_sla_dag to 2024-04-09 22:08:00+00:00, run_after=2024-04-09 22:10:00+00:00
[2024-04-09T22:11:43.940+0000] {processor.py:183} INFO - Processing /home/airflow/.local/lib/python3.12/site-packages/airflow/example_dags/example_sla_dag.py took 0.198 seconds
