[2024-04-09T21:56:01.763+0000] {processor.py:161} INFO - Started process (PID=37) to work on /home/airflow/.local/lib/python3.12/site-packages/airflow/example_dags/example_setup_teardown_taskflow.py
[2024-04-09T21:56:01.765+0000] {processor.py:830} INFO - Processing file /home/airflow/.local/lib/python3.12/site-packages/airflow/example_dags/example_setup_teardown_taskflow.py for tasks to queue
[2024-04-09T21:56:01.767+0000] {logging_mixin.py:188} INFO - [2024-04-09T21:56:01.767+0000] {dagbag.py:540} INFO - Filling up the DagBag from /home/airflow/.local/lib/python3.12/site-packages/airflow/example_dags/example_setup_teardown_taskflow.py
[2024-04-09T21:56:01.846+0000] {processor.py:840} INFO - DAG(s) 'example_setup_teardown_taskflow' retrieved from /home/airflow/.local/lib/python3.12/site-packages/airflow/example_dags/example_setup_teardown_taskflow.py
[2024-04-09T21:56:02.025+0000] {logging_mixin.py:188} INFO - [2024-04-09T21:56:02.025+0000] {dag.py:3096} INFO - Sync 1 DAGs
[2024-04-09T21:56:02.052+0000] {logging_mixin.py:188} INFO - [2024-04-09T21:56:02.052+0000] {dag.py:3954} INFO - Setting next_dagrun for example_setup_teardown_taskflow to 2024-04-08 00:00:00+00:00, run_after=2024-04-09 00:00:00+00:00
[2024-04-09T21:56:02.659+0000] {processor.py:183} INFO - Processing /home/airflow/.local/lib/python3.12/site-packages/airflow/example_dags/example_setup_teardown_taskflow.py took 0.904 seconds
[2024-04-09T21:58:05.125+0000] {processor.py:161} INFO - Started process (PID=106) to work on /home/airflow/.local/lib/python3.12/site-packages/airflow/example_dags/example_setup_teardown_taskflow.py
[2024-04-09T21:58:05.127+0000] {processor.py:830} INFO - Processing file /home/airflow/.local/lib/python3.12/site-packages/airflow/example_dags/example_setup_teardown_taskflow.py for tasks to queue
[2024-04-09T21:58:05.130+0000] {logging_mixin.py:188} INFO - [2024-04-09T21:58:05.129+0000] {dagbag.py:540} INFO - Filling up the DagBag from /home/airflow/.local/lib/python3.12/site-packages/airflow/example_dags/example_setup_teardown_taskflow.py
[2024-04-09T21:58:05.201+0000] {processor.py:840} INFO - DAG(s) 'example_setup_teardown_taskflow' retrieved from /home/airflow/.local/lib/python3.12/site-packages/airflow/example_dags/example_setup_teardown_taskflow.py
[2024-04-09T21:58:05.342+0000] {logging_mixin.py:188} INFO - [2024-04-09T21:58:05.342+0000] {dag.py:3096} INFO - Sync 1 DAGs
[2024-04-09T21:58:05.479+0000] {logging_mixin.py:188} INFO - [2024-04-09T21:58:05.479+0000] {dag.py:3954} INFO - Setting next_dagrun for example_setup_teardown_taskflow to 2024-04-08 00:00:00+00:00, run_after=2024-04-09 00:00:00+00:00
[2024-04-09T21:58:05.665+0000] {processor.py:183} INFO - Processing /home/airflow/.local/lib/python3.12/site-packages/airflow/example_dags/example_setup_teardown_taskflow.py took 0.547 seconds
[2024-04-09T21:58:36.004+0000] {processor.py:161} INFO - Started process (PID=163) to work on /home/airflow/.local/lib/python3.12/site-packages/airflow/example_dags/example_setup_teardown_taskflow.py
[2024-04-09T21:58:36.006+0000] {processor.py:830} INFO - Processing file /home/airflow/.local/lib/python3.12/site-packages/airflow/example_dags/example_setup_teardown_taskflow.py for tasks to queue
[2024-04-09T21:58:36.009+0000] {logging_mixin.py:188} INFO - [2024-04-09T21:58:36.009+0000] {dagbag.py:540} INFO - Filling up the DagBag from /home/airflow/.local/lib/python3.12/site-packages/airflow/example_dags/example_setup_teardown_taskflow.py
[2024-04-09T21:58:36.044+0000] {processor.py:840} INFO - DAG(s) 'example_setup_teardown_taskflow' retrieved from /home/airflow/.local/lib/python3.12/site-packages/airflow/example_dags/example_setup_teardown_taskflow.py
[2024-04-09T21:58:36.114+0000] {logging_mixin.py:188} INFO - [2024-04-09T21:58:36.114+0000] {dag.py:3096} INFO - Sync 1 DAGs
[2024-04-09T21:58:36.146+0000] {logging_mixin.py:188} INFO - [2024-04-09T21:58:36.146+0000] {dag.py:3954} INFO - Setting next_dagrun for example_setup_teardown_taskflow to 2024-04-08 00:00:00+00:00, run_after=2024-04-09 00:00:00+00:00
[2024-04-09T21:58:36.357+0000] {processor.py:183} INFO - Processing /home/airflow/.local/lib/python3.12/site-packages/airflow/example_dags/example_setup_teardown_taskflow.py took 0.377 seconds
[2024-04-09T21:59:06.831+0000] {processor.py:161} INFO - Started process (PID=221) to work on /home/airflow/.local/lib/python3.12/site-packages/airflow/example_dags/example_setup_teardown_taskflow.py
[2024-04-09T21:59:06.833+0000] {processor.py:830} INFO - Processing file /home/airflow/.local/lib/python3.12/site-packages/airflow/example_dags/example_setup_teardown_taskflow.py for tasks to queue
[2024-04-09T21:59:06.835+0000] {logging_mixin.py:188} INFO - [2024-04-09T21:59:06.835+0000] {dagbag.py:540} INFO - Filling up the DagBag from /home/airflow/.local/lib/python3.12/site-packages/airflow/example_dags/example_setup_teardown_taskflow.py
[2024-04-09T21:59:06.853+0000] {processor.py:840} INFO - DAG(s) 'example_setup_teardown_taskflow' retrieved from /home/airflow/.local/lib/python3.12/site-packages/airflow/example_dags/example_setup_teardown_taskflow.py
[2024-04-09T21:59:06.887+0000] {logging_mixin.py:188} INFO - [2024-04-09T21:59:06.887+0000] {dag.py:3096} INFO - Sync 1 DAGs
[2024-04-09T21:59:06.921+0000] {logging_mixin.py:188} INFO - [2024-04-09T21:59:06.921+0000] {dag.py:3954} INFO - Setting next_dagrun for example_setup_teardown_taskflow to 2024-04-08 00:00:00+00:00, run_after=2024-04-09 00:00:00+00:00
[2024-04-09T21:59:07.401+0000] {processor.py:183} INFO - Processing /home/airflow/.local/lib/python3.12/site-packages/airflow/example_dags/example_setup_teardown_taskflow.py took 0.580 seconds
[2024-04-09T21:59:37.489+0000] {processor.py:161} INFO - Started process (PID=279) to work on /home/airflow/.local/lib/python3.12/site-packages/airflow/example_dags/example_setup_teardown_taskflow.py
[2024-04-09T21:59:37.490+0000] {processor.py:830} INFO - Processing file /home/airflow/.local/lib/python3.12/site-packages/airflow/example_dags/example_setup_teardown_taskflow.py for tasks to queue
[2024-04-09T21:59:37.493+0000] {logging_mixin.py:188} INFO - [2024-04-09T21:59:37.492+0000] {dagbag.py:540} INFO - Filling up the DagBag from /home/airflow/.local/lib/python3.12/site-packages/airflow/example_dags/example_setup_teardown_taskflow.py
[2024-04-09T21:59:37.507+0000] {processor.py:840} INFO - DAG(s) 'example_setup_teardown_taskflow' retrieved from /home/airflow/.local/lib/python3.12/site-packages/airflow/example_dags/example_setup_teardown_taskflow.py
[2024-04-09T21:59:37.539+0000] {logging_mixin.py:188} INFO - [2024-04-09T21:59:37.539+0000] {dag.py:3096} INFO - Sync 1 DAGs
[2024-04-09T21:59:37.571+0000] {logging_mixin.py:188} INFO - [2024-04-09T21:59:37.570+0000] {dag.py:3954} INFO - Setting next_dagrun for example_setup_teardown_taskflow to 2024-04-08 00:00:00+00:00, run_after=2024-04-09 00:00:00+00:00
[2024-04-09T21:59:37.825+0000] {processor.py:183} INFO - Processing /home/airflow/.local/lib/python3.12/site-packages/airflow/example_dags/example_setup_teardown_taskflow.py took 0.345 seconds
[2024-04-09T22:00:11.781+0000] {processor.py:161} INFO - Started process (PID=329) to work on /home/airflow/.local/lib/python3.12/site-packages/airflow/example_dags/example_setup_teardown_taskflow.py
[2024-04-09T22:00:11.782+0000] {processor.py:830} INFO - Processing file /home/airflow/.local/lib/python3.12/site-packages/airflow/example_dags/example_setup_teardown_taskflow.py for tasks to queue
[2024-04-09T22:00:11.786+0000] {logging_mixin.py:188} INFO - [2024-04-09T22:00:11.785+0000] {dagbag.py:540} INFO - Filling up the DagBag from /home/airflow/.local/lib/python3.12/site-packages/airflow/example_dags/example_setup_teardown_taskflow.py
[2024-04-09T22:00:11.799+0000] {processor.py:840} INFO - DAG(s) 'example_setup_teardown_taskflow' retrieved from /home/airflow/.local/lib/python3.12/site-packages/airflow/example_dags/example_setup_teardown_taskflow.py
[2024-04-09T22:00:11.830+0000] {logging_mixin.py:188} INFO - [2024-04-09T22:00:11.830+0000] {dag.py:3096} INFO - Sync 1 DAGs
[2024-04-09T22:00:11.859+0000] {logging_mixin.py:188} INFO - [2024-04-09T22:00:11.859+0000] {dag.py:3954} INFO - Setting next_dagrun for example_setup_teardown_taskflow to 2024-04-08 00:00:00+00:00, run_after=2024-04-09 00:00:00+00:00
[2024-04-09T22:00:12.094+0000] {processor.py:183} INFO - Processing /home/airflow/.local/lib/python3.12/site-packages/airflow/example_dags/example_setup_teardown_taskflow.py took 0.323 seconds
[2024-04-09T22:00:50.912+0000] {processor.py:161} INFO - Started process (PID=387) to work on /home/airflow/.local/lib/python3.12/site-packages/airflow/example_dags/example_setup_teardown_taskflow.py
[2024-04-09T22:00:50.913+0000] {processor.py:830} INFO - Processing file /home/airflow/.local/lib/python3.12/site-packages/airflow/example_dags/example_setup_teardown_taskflow.py for tasks to queue
[2024-04-09T22:00:50.915+0000] {logging_mixin.py:188} INFO - [2024-04-09T22:00:50.915+0000] {dagbag.py:540} INFO - Filling up the DagBag from /home/airflow/.local/lib/python3.12/site-packages/airflow/example_dags/example_setup_teardown_taskflow.py
[2024-04-09T22:00:50.927+0000] {processor.py:840} INFO - DAG(s) 'example_setup_teardown_taskflow' retrieved from /home/airflow/.local/lib/python3.12/site-packages/airflow/example_dags/example_setup_teardown_taskflow.py
[2024-04-09T22:00:50.957+0000] {logging_mixin.py:188} INFO - [2024-04-09T22:00:50.957+0000] {dag.py:3096} INFO - Sync 1 DAGs
[2024-04-09T22:00:50.986+0000] {logging_mixin.py:188} INFO - [2024-04-09T22:00:50.985+0000] {dag.py:3954} INFO - Setting next_dagrun for example_setup_teardown_taskflow to 2024-04-08 00:00:00+00:00, run_after=2024-04-09 00:00:00+00:00
[2024-04-09T22:00:51.146+0000] {processor.py:183} INFO - Processing /home/airflow/.local/lib/python3.12/site-packages/airflow/example_dags/example_setup_teardown_taskflow.py took 0.242 seconds
[2024-04-09T22:01:21.228+0000] {processor.py:161} INFO - Started process (PID=444) to work on /home/airflow/.local/lib/python3.12/site-packages/airflow/example_dags/example_setup_teardown_taskflow.py
[2024-04-09T22:01:21.230+0000] {processor.py:830} INFO - Processing file /home/airflow/.local/lib/python3.12/site-packages/airflow/example_dags/example_setup_teardown_taskflow.py for tasks to queue
[2024-04-09T22:01:21.232+0000] {logging_mixin.py:188} INFO - [2024-04-09T22:01:21.232+0000] {dagbag.py:540} INFO - Filling up the DagBag from /home/airflow/.local/lib/python3.12/site-packages/airflow/example_dags/example_setup_teardown_taskflow.py
[2024-04-09T22:01:21.247+0000] {processor.py:840} INFO - DAG(s) 'example_setup_teardown_taskflow' retrieved from /home/airflow/.local/lib/python3.12/site-packages/airflow/example_dags/example_setup_teardown_taskflow.py
[2024-04-09T22:01:21.287+0000] {logging_mixin.py:188} INFO - [2024-04-09T22:01:21.286+0000] {dag.py:3096} INFO - Sync 1 DAGs
[2024-04-09T22:01:21.319+0000] {logging_mixin.py:188} INFO - [2024-04-09T22:01:21.319+0000] {dag.py:3954} INFO - Setting next_dagrun for example_setup_teardown_taskflow to 2024-04-08 00:00:00+00:00, run_after=2024-04-09 00:00:00+00:00
[2024-04-09T22:01:21.656+0000] {processor.py:183} INFO - Processing /home/airflow/.local/lib/python3.12/site-packages/airflow/example_dags/example_setup_teardown_taskflow.py took 0.436 seconds
[2024-04-09T22:01:51.810+0000] {processor.py:161} INFO - Started process (PID=502) to work on /home/airflow/.local/lib/python3.12/site-packages/airflow/example_dags/example_setup_teardown_taskflow.py
[2024-04-09T22:01:51.811+0000] {processor.py:830} INFO - Processing file /home/airflow/.local/lib/python3.12/site-packages/airflow/example_dags/example_setup_teardown_taskflow.py for tasks to queue
[2024-04-09T22:01:51.815+0000] {logging_mixin.py:188} INFO - [2024-04-09T22:01:51.814+0000] {dagbag.py:540} INFO - Filling up the DagBag from /home/airflow/.local/lib/python3.12/site-packages/airflow/example_dags/example_setup_teardown_taskflow.py
[2024-04-09T22:01:51.836+0000] {processor.py:840} INFO - DAG(s) 'example_setup_teardown_taskflow' retrieved from /home/airflow/.local/lib/python3.12/site-packages/airflow/example_dags/example_setup_teardown_taskflow.py
[2024-04-09T22:01:51.901+0000] {logging_mixin.py:188} INFO - [2024-04-09T22:01:51.900+0000] {dag.py:3096} INFO - Sync 1 DAGs
[2024-04-09T22:01:52.065+0000] {logging_mixin.py:188} INFO - [2024-04-09T22:01:52.065+0000] {dag.py:3954} INFO - Setting next_dagrun for example_setup_teardown_taskflow to 2024-04-08 00:00:00+00:00, run_after=2024-04-09 00:00:00+00:00
[2024-04-09T22:01:52.416+0000] {processor.py:183} INFO - Processing /home/airflow/.local/lib/python3.12/site-packages/airflow/example_dags/example_setup_teardown_taskflow.py took 0.620 seconds
[2024-04-09T22:02:22.914+0000] {processor.py:161} INFO - Started process (PID=567) to work on /home/airflow/.local/lib/python3.12/site-packages/airflow/example_dags/example_setup_teardown_taskflow.py
[2024-04-09T22:02:22.916+0000] {processor.py:830} INFO - Processing file /home/airflow/.local/lib/python3.12/site-packages/airflow/example_dags/example_setup_teardown_taskflow.py for tasks to queue
[2024-04-09T22:02:22.919+0000] {logging_mixin.py:188} INFO - [2024-04-09T22:02:22.919+0000] {dagbag.py:540} INFO - Filling up the DagBag from /home/airflow/.local/lib/python3.12/site-packages/airflow/example_dags/example_setup_teardown_taskflow.py
[2024-04-09T22:02:22.938+0000] {processor.py:840} INFO - DAG(s) 'example_setup_teardown_taskflow' retrieved from /home/airflow/.local/lib/python3.12/site-packages/airflow/example_dags/example_setup_teardown_taskflow.py
[2024-04-09T22:02:22.974+0000] {logging_mixin.py:188} INFO - [2024-04-09T22:02:22.974+0000] {dag.py:3096} INFO - Sync 1 DAGs
[2024-04-09T22:02:23.017+0000] {logging_mixin.py:188} INFO - [2024-04-09T22:02:23.017+0000] {dag.py:3954} INFO - Setting next_dagrun for example_setup_teardown_taskflow to 2024-04-08 00:00:00+00:00, run_after=2024-04-09 00:00:00+00:00
[2024-04-09T22:02:23.235+0000] {processor.py:183} INFO - Processing /home/airflow/.local/lib/python3.12/site-packages/airflow/example_dags/example_setup_teardown_taskflow.py took 0.334 seconds
[2024-04-09T22:03:20.011+0000] {processor.py:161} INFO - Started process (PID=605) to work on /home/airflow/.local/lib/python3.12/site-packages/airflow/example_dags/example_setup_teardown_taskflow.py
[2024-04-09T22:03:20.013+0000] {processor.py:830} INFO - Processing file /home/airflow/.local/lib/python3.12/site-packages/airflow/example_dags/example_setup_teardown_taskflow.py for tasks to queue
[2024-04-09T22:03:20.016+0000] {logging_mixin.py:188} INFO - [2024-04-09T22:03:20.016+0000] {dagbag.py:540} INFO - Filling up the DagBag from /home/airflow/.local/lib/python3.12/site-packages/airflow/example_dags/example_setup_teardown_taskflow.py
[2024-04-09T22:03:20.032+0000] {processor.py:840} INFO - DAG(s) 'example_setup_teardown_taskflow' retrieved from /home/airflow/.local/lib/python3.12/site-packages/airflow/example_dags/example_setup_teardown_taskflow.py
[2024-04-09T22:03:20.069+0000] {logging_mixin.py:188} INFO - [2024-04-09T22:03:20.069+0000] {dag.py:3096} INFO - Sync 1 DAGs
[2024-04-09T22:03:20.102+0000] {logging_mixin.py:188} INFO - [2024-04-09T22:03:20.102+0000] {dag.py:3954} INFO - Setting next_dagrun for example_setup_teardown_taskflow to 2024-04-08 00:00:00+00:00, run_after=2024-04-09 00:00:00+00:00
[2024-04-09T22:03:20.359+0000] {processor.py:183} INFO - Processing /home/airflow/.local/lib/python3.12/site-packages/airflow/example_dags/example_setup_teardown_taskflow.py took 0.360 seconds
[2024-04-09T22:03:55.335+0000] {processor.py:161} INFO - Started process (PID=669) to work on /home/airflow/.local/lib/python3.12/site-packages/airflow/example_dags/example_setup_teardown_taskflow.py
[2024-04-09T22:03:55.337+0000] {processor.py:830} INFO - Processing file /home/airflow/.local/lib/python3.12/site-packages/airflow/example_dags/example_setup_teardown_taskflow.py for tasks to queue
[2024-04-09T22:03:55.339+0000] {logging_mixin.py:188} INFO - [2024-04-09T22:03:55.339+0000] {dagbag.py:540} INFO - Filling up the DagBag from /home/airflow/.local/lib/python3.12/site-packages/airflow/example_dags/example_setup_teardown_taskflow.py
[2024-04-09T22:03:55.352+0000] {processor.py:840} INFO - DAG(s) 'example_setup_teardown_taskflow' retrieved from /home/airflow/.local/lib/python3.12/site-packages/airflow/example_dags/example_setup_teardown_taskflow.py
[2024-04-09T22:03:55.384+0000] {logging_mixin.py:188} INFO - [2024-04-09T22:03:55.383+0000] {dag.py:3096} INFO - Sync 1 DAGs
[2024-04-09T22:03:55.413+0000] {logging_mixin.py:188} INFO - [2024-04-09T22:03:55.412+0000] {dag.py:3954} INFO - Setting next_dagrun for example_setup_teardown_taskflow to 2024-04-08 00:00:00+00:00, run_after=2024-04-09 00:00:00+00:00
[2024-04-09T22:03:55.591+0000] {processor.py:183} INFO - Processing /home/airflow/.local/lib/python3.12/site-packages/airflow/example_dags/example_setup_teardown_taskflow.py took 0.267 seconds
[2024-04-09T22:04:26.130+0000] {processor.py:161} INFO - Started process (PID=727) to work on /home/airflow/.local/lib/python3.12/site-packages/airflow/example_dags/example_setup_teardown_taskflow.py
[2024-04-09T22:04:26.131+0000] {processor.py:830} INFO - Processing file /home/airflow/.local/lib/python3.12/site-packages/airflow/example_dags/example_setup_teardown_taskflow.py for tasks to queue
[2024-04-09T22:04:26.134+0000] {logging_mixin.py:188} INFO - [2024-04-09T22:04:26.133+0000] {dagbag.py:540} INFO - Filling up the DagBag from /home/airflow/.local/lib/python3.12/site-packages/airflow/example_dags/example_setup_teardown_taskflow.py
[2024-04-09T22:04:26.149+0000] {processor.py:840} INFO - DAG(s) 'example_setup_teardown_taskflow' retrieved from /home/airflow/.local/lib/python3.12/site-packages/airflow/example_dags/example_setup_teardown_taskflow.py
[2024-04-09T22:04:26.181+0000] {logging_mixin.py:188} INFO - [2024-04-09T22:04:26.180+0000] {dag.py:3096} INFO - Sync 1 DAGs
[2024-04-09T22:04:26.212+0000] {logging_mixin.py:188} INFO - [2024-04-09T22:04:26.212+0000] {dag.py:3954} INFO - Setting next_dagrun for example_setup_teardown_taskflow to 2024-04-08 00:00:00+00:00, run_after=2024-04-09 00:00:00+00:00
[2024-04-09T22:04:26.548+0000] {processor.py:183} INFO - Processing /home/airflow/.local/lib/python3.12/site-packages/airflow/example_dags/example_setup_teardown_taskflow.py took 0.429 seconds
[2024-04-09T22:04:56.734+0000] {processor.py:161} INFO - Started process (PID=782) to work on /home/airflow/.local/lib/python3.12/site-packages/airflow/example_dags/example_setup_teardown_taskflow.py
[2024-04-09T22:04:56.736+0000] {processor.py:830} INFO - Processing file /home/airflow/.local/lib/python3.12/site-packages/airflow/example_dags/example_setup_teardown_taskflow.py for tasks to queue
[2024-04-09T22:04:56.739+0000] {logging_mixin.py:188} INFO - [2024-04-09T22:04:56.739+0000] {dagbag.py:540} INFO - Filling up the DagBag from /home/airflow/.local/lib/python3.12/site-packages/airflow/example_dags/example_setup_teardown_taskflow.py
[2024-04-09T22:04:56.758+0000] {processor.py:840} INFO - DAG(s) 'example_setup_teardown_taskflow' retrieved from /home/airflow/.local/lib/python3.12/site-packages/airflow/example_dags/example_setup_teardown_taskflow.py
[2024-04-09T22:04:56.807+0000] {logging_mixin.py:188} INFO - [2024-04-09T22:04:56.806+0000] {dag.py:3096} INFO - Sync 1 DAGs
[2024-04-09T22:04:56.857+0000] {logging_mixin.py:188} INFO - [2024-04-09T22:04:56.857+0000] {dag.py:3954} INFO - Setting next_dagrun for example_setup_teardown_taskflow to 2024-04-08 00:00:00+00:00, run_after=2024-04-09 00:00:00+00:00
[2024-04-09T22:04:57.037+0000] {processor.py:183} INFO - Processing /home/airflow/.local/lib/python3.12/site-packages/airflow/example_dags/example_setup_teardown_taskflow.py took 0.313 seconds
[2024-04-09T22:05:27.406+0000] {processor.py:161} INFO - Started process (PID=840) to work on /home/airflow/.local/lib/python3.12/site-packages/airflow/example_dags/example_setup_teardown_taskflow.py
[2024-04-09T22:05:27.408+0000] {processor.py:830} INFO - Processing file /home/airflow/.local/lib/python3.12/site-packages/airflow/example_dags/example_setup_teardown_taskflow.py for tasks to queue
[2024-04-09T22:05:27.410+0000] {logging_mixin.py:188} INFO - [2024-04-09T22:05:27.410+0000] {dagbag.py:540} INFO - Filling up the DagBag from /home/airflow/.local/lib/python3.12/site-packages/airflow/example_dags/example_setup_teardown_taskflow.py
[2024-04-09T22:05:27.424+0000] {processor.py:840} INFO - DAG(s) 'example_setup_teardown_taskflow' retrieved from /home/airflow/.local/lib/python3.12/site-packages/airflow/example_dags/example_setup_teardown_taskflow.py
[2024-04-09T22:05:27.460+0000] {logging_mixin.py:188} INFO - [2024-04-09T22:05:27.460+0000] {dag.py:3096} INFO - Sync 1 DAGs
[2024-04-09T22:05:27.498+0000] {logging_mixin.py:188} INFO - [2024-04-09T22:05:27.498+0000] {dag.py:3954} INFO - Setting next_dagrun for example_setup_teardown_taskflow to 2024-04-08 00:00:00+00:00, run_after=2024-04-09 00:00:00+00:00
[2024-04-09T22:05:27.646+0000] {processor.py:183} INFO - Processing /home/airflow/.local/lib/python3.12/site-packages/airflow/example_dags/example_setup_teardown_taskflow.py took 0.251 seconds
[2024-04-09T22:05:58.098+0000] {processor.py:161} INFO - Started process (PID=898) to work on /home/airflow/.local/lib/python3.12/site-packages/airflow/example_dags/example_setup_teardown_taskflow.py
[2024-04-09T22:05:58.099+0000] {processor.py:830} INFO - Processing file /home/airflow/.local/lib/python3.12/site-packages/airflow/example_dags/example_setup_teardown_taskflow.py for tasks to queue
[2024-04-09T22:05:58.102+0000] {logging_mixin.py:188} INFO - [2024-04-09T22:05:58.102+0000] {dagbag.py:540} INFO - Filling up the DagBag from /home/airflow/.local/lib/python3.12/site-packages/airflow/example_dags/example_setup_teardown_taskflow.py
[2024-04-09T22:05:58.120+0000] {processor.py:840} INFO - DAG(s) 'example_setup_teardown_taskflow' retrieved from /home/airflow/.local/lib/python3.12/site-packages/airflow/example_dags/example_setup_teardown_taskflow.py
[2024-04-09T22:05:58.159+0000] {logging_mixin.py:188} INFO - [2024-04-09T22:05:58.159+0000] {dag.py:3096} INFO - Sync 1 DAGs
[2024-04-09T22:05:58.208+0000] {logging_mixin.py:188} INFO - [2024-04-09T22:05:58.208+0000] {dag.py:3954} INFO - Setting next_dagrun for example_setup_teardown_taskflow to 2024-04-08 00:00:00+00:00, run_after=2024-04-09 00:00:00+00:00
[2024-04-09T22:05:58.408+0000] {processor.py:183} INFO - Processing /home/airflow/.local/lib/python3.12/site-packages/airflow/example_dags/example_setup_teardown_taskflow.py took 0.321 seconds
[2024-04-09T22:06:28.719+0000] {processor.py:161} INFO - Started process (PID=956) to work on /home/airflow/.local/lib/python3.12/site-packages/airflow/example_dags/example_setup_teardown_taskflow.py
[2024-04-09T22:06:28.720+0000] {processor.py:830} INFO - Processing file /home/airflow/.local/lib/python3.12/site-packages/airflow/example_dags/example_setup_teardown_taskflow.py for tasks to queue
[2024-04-09T22:06:28.723+0000] {logging_mixin.py:188} INFO - [2024-04-09T22:06:28.723+0000] {dagbag.py:540} INFO - Filling up the DagBag from /home/airflow/.local/lib/python3.12/site-packages/airflow/example_dags/example_setup_teardown_taskflow.py
[2024-04-09T22:06:28.742+0000] {processor.py:840} INFO - DAG(s) 'example_setup_teardown_taskflow' retrieved from /home/airflow/.local/lib/python3.12/site-packages/airflow/example_dags/example_setup_teardown_taskflow.py
[2024-04-09T22:06:28.780+0000] {logging_mixin.py:188} INFO - [2024-04-09T22:06:28.779+0000] {dag.py:3096} INFO - Sync 1 DAGs
[2024-04-09T22:06:28.811+0000] {logging_mixin.py:188} INFO - [2024-04-09T22:06:28.811+0000] {dag.py:3954} INFO - Setting next_dagrun for example_setup_teardown_taskflow to 2024-04-08 00:00:00+00:00, run_after=2024-04-09 00:00:00+00:00
[2024-04-09T22:06:28.889+0000] {processor.py:183} INFO - Processing /home/airflow/.local/lib/python3.12/site-packages/airflow/example_dags/example_setup_teardown_taskflow.py took 0.181 seconds
[2024-04-09T22:06:59.311+0000] {processor.py:161} INFO - Started process (PID=1014) to work on /home/airflow/.local/lib/python3.12/site-packages/airflow/example_dags/example_setup_teardown_taskflow.py
[2024-04-09T22:06:59.319+0000] {processor.py:830} INFO - Processing file /home/airflow/.local/lib/python3.12/site-packages/airflow/example_dags/example_setup_teardown_taskflow.py for tasks to queue
[2024-04-09T22:06:59.323+0000] {logging_mixin.py:188} INFO - [2024-04-09T22:06:59.322+0000] {dagbag.py:540} INFO - Filling up the DagBag from /home/airflow/.local/lib/python3.12/site-packages/airflow/example_dags/example_setup_teardown_taskflow.py
[2024-04-09T22:06:59.351+0000] {processor.py:840} INFO - DAG(s) 'example_setup_teardown_taskflow' retrieved from /home/airflow/.local/lib/python3.12/site-packages/airflow/example_dags/example_setup_teardown_taskflow.py
[2024-04-09T22:06:59.442+0000] {logging_mixin.py:188} INFO - [2024-04-09T22:06:59.441+0000] {dag.py:3096} INFO - Sync 1 DAGs
[2024-04-09T22:06:59.505+0000] {logging_mixin.py:188} INFO - [2024-04-09T22:06:59.504+0000] {dag.py:3954} INFO - Setting next_dagrun for example_setup_teardown_taskflow to 2024-04-08 00:00:00+00:00, run_after=2024-04-09 00:00:00+00:00
[2024-04-09T22:06:59.664+0000] {processor.py:183} INFO - Processing /home/airflow/.local/lib/python3.12/site-packages/airflow/example_dags/example_setup_teardown_taskflow.py took 0.370 seconds
[2024-04-09T22:07:29.708+0000] {processor.py:161} INFO - Started process (PID=1072) to work on /home/airflow/.local/lib/python3.12/site-packages/airflow/example_dags/example_setup_teardown_taskflow.py
[2024-04-09T22:07:29.709+0000] {processor.py:830} INFO - Processing file /home/airflow/.local/lib/python3.12/site-packages/airflow/example_dags/example_setup_teardown_taskflow.py for tasks to queue
[2024-04-09T22:07:29.713+0000] {logging_mixin.py:188} INFO - [2024-04-09T22:07:29.712+0000] {dagbag.py:540} INFO - Filling up the DagBag from /home/airflow/.local/lib/python3.12/site-packages/airflow/example_dags/example_setup_teardown_taskflow.py
[2024-04-09T22:07:29.728+0000] {processor.py:840} INFO - DAG(s) 'example_setup_teardown_taskflow' retrieved from /home/airflow/.local/lib/python3.12/site-packages/airflow/example_dags/example_setup_teardown_taskflow.py
[2024-04-09T22:07:29.768+0000] {logging_mixin.py:188} INFO - [2024-04-09T22:07:29.767+0000] {dag.py:3096} INFO - Sync 1 DAGs
[2024-04-09T22:07:29.804+0000] {logging_mixin.py:188} INFO - [2024-04-09T22:07:29.804+0000] {dag.py:3954} INFO - Setting next_dagrun for example_setup_teardown_taskflow to 2024-04-08 00:00:00+00:00, run_after=2024-04-09 00:00:00+00:00
[2024-04-09T22:07:29.982+0000] {processor.py:183} INFO - Processing /home/airflow/.local/lib/python3.12/site-packages/airflow/example_dags/example_setup_teardown_taskflow.py took 0.282 seconds
[2024-04-09T22:08:00.109+0000] {processor.py:161} INFO - Started process (PID=1131) to work on /home/airflow/.local/lib/python3.12/site-packages/airflow/example_dags/example_setup_teardown_taskflow.py
[2024-04-09T22:08:00.110+0000] {processor.py:830} INFO - Processing file /home/airflow/.local/lib/python3.12/site-packages/airflow/example_dags/example_setup_teardown_taskflow.py for tasks to queue
[2024-04-09T22:08:00.113+0000] {logging_mixin.py:188} INFO - [2024-04-09T22:08:00.113+0000] {dagbag.py:540} INFO - Filling up the DagBag from /home/airflow/.local/lib/python3.12/site-packages/airflow/example_dags/example_setup_teardown_taskflow.py
[2024-04-09T22:08:00.125+0000] {processor.py:840} INFO - DAG(s) 'example_setup_teardown_taskflow' retrieved from /home/airflow/.local/lib/python3.12/site-packages/airflow/example_dags/example_setup_teardown_taskflow.py
[2024-04-09T22:08:00.357+0000] {logging_mixin.py:188} INFO - [2024-04-09T22:08:00.357+0000] {dag.py:3096} INFO - Sync 1 DAGs
[2024-04-09T22:08:00.384+0000] {logging_mixin.py:188} INFO - [2024-04-09T22:08:00.384+0000] {dag.py:3954} INFO - Setting next_dagrun for example_setup_teardown_taskflow to 2024-04-08 00:00:00+00:00, run_after=2024-04-09 00:00:00+00:00
[2024-04-09T22:08:00.464+0000] {processor.py:183} INFO - Processing /home/airflow/.local/lib/python3.12/site-packages/airflow/example_dags/example_setup_teardown_taskflow.py took 0.362 seconds
[2024-04-09T22:08:30.928+0000] {processor.py:161} INFO - Started process (PID=1189) to work on /home/airflow/.local/lib/python3.12/site-packages/airflow/example_dags/example_setup_teardown_taskflow.py
[2024-04-09T22:08:30.930+0000] {processor.py:830} INFO - Processing file /home/airflow/.local/lib/python3.12/site-packages/airflow/example_dags/example_setup_teardown_taskflow.py for tasks to queue
[2024-04-09T22:08:30.934+0000] {logging_mixin.py:188} INFO - [2024-04-09T22:08:30.934+0000] {dagbag.py:540} INFO - Filling up the DagBag from /home/airflow/.local/lib/python3.12/site-packages/airflow/example_dags/example_setup_teardown_taskflow.py
[2024-04-09T22:08:30.954+0000] {processor.py:840} INFO - DAG(s) 'example_setup_teardown_taskflow' retrieved from /home/airflow/.local/lib/python3.12/site-packages/airflow/example_dags/example_setup_teardown_taskflow.py
[2024-04-09T22:08:31.006+0000] {logging_mixin.py:188} INFO - [2024-04-09T22:08:31.006+0000] {dag.py:3096} INFO - Sync 1 DAGs
[2024-04-09T22:08:31.057+0000] {logging_mixin.py:188} INFO - [2024-04-09T22:08:31.057+0000] {dag.py:3954} INFO - Setting next_dagrun for example_setup_teardown_taskflow to 2024-04-08 00:00:00+00:00, run_after=2024-04-09 00:00:00+00:00
[2024-04-09T22:08:31.182+0000] {processor.py:183} INFO - Processing /home/airflow/.local/lib/python3.12/site-packages/airflow/example_dags/example_setup_teardown_taskflow.py took 0.266 seconds
[2024-04-09T22:09:01.829+0000] {processor.py:161} INFO - Started process (PID=1247) to work on /home/airflow/.local/lib/python3.12/site-packages/airflow/example_dags/example_setup_teardown_taskflow.py
[2024-04-09T22:09:01.831+0000] {processor.py:830} INFO - Processing file /home/airflow/.local/lib/python3.12/site-packages/airflow/example_dags/example_setup_teardown_taskflow.py for tasks to queue
[2024-04-09T22:09:01.835+0000] {logging_mixin.py:188} INFO - [2024-04-09T22:09:01.833+0000] {dagbag.py:540} INFO - Filling up the DagBag from /home/airflow/.local/lib/python3.12/site-packages/airflow/example_dags/example_setup_teardown_taskflow.py
[2024-04-09T22:09:01.849+0000] {processor.py:840} INFO - DAG(s) 'example_setup_teardown_taskflow' retrieved from /home/airflow/.local/lib/python3.12/site-packages/airflow/example_dags/example_setup_teardown_taskflow.py
[2024-04-09T22:09:01.885+0000] {logging_mixin.py:188} INFO - [2024-04-09T22:09:01.885+0000] {dag.py:3096} INFO - Sync 1 DAGs
[2024-04-09T22:09:01.924+0000] {logging_mixin.py:188} INFO - [2024-04-09T22:09:01.923+0000] {dag.py:3954} INFO - Setting next_dagrun for example_setup_teardown_taskflow to 2024-04-08 00:00:00+00:00, run_after=2024-04-09 00:00:00+00:00
[2024-04-09T22:09:02.006+0000] {processor.py:183} INFO - Processing /home/airflow/.local/lib/python3.12/site-packages/airflow/example_dags/example_setup_teardown_taskflow.py took 0.186 seconds
[2024-04-09T22:09:32.358+0000] {processor.py:161} INFO - Started process (PID=1305) to work on /home/airflow/.local/lib/python3.12/site-packages/airflow/example_dags/example_setup_teardown_taskflow.py
[2024-04-09T22:09:32.359+0000] {processor.py:830} INFO - Processing file /home/airflow/.local/lib/python3.12/site-packages/airflow/example_dags/example_setup_teardown_taskflow.py for tasks to queue
[2024-04-09T22:09:32.363+0000] {logging_mixin.py:188} INFO - [2024-04-09T22:09:32.362+0000] {dagbag.py:540} INFO - Filling up the DagBag from /home/airflow/.local/lib/python3.12/site-packages/airflow/example_dags/example_setup_teardown_taskflow.py
[2024-04-09T22:09:32.377+0000] {processor.py:840} INFO - DAG(s) 'example_setup_teardown_taskflow' retrieved from /home/airflow/.local/lib/python3.12/site-packages/airflow/example_dags/example_setup_teardown_taskflow.py
[2024-04-09T22:09:32.415+0000] {logging_mixin.py:188} INFO - [2024-04-09T22:09:32.415+0000] {dag.py:3096} INFO - Sync 1 DAGs
[2024-04-09T22:09:32.459+0000] {logging_mixin.py:188} INFO - [2024-04-09T22:09:32.459+0000] {dag.py:3954} INFO - Setting next_dagrun for example_setup_teardown_taskflow to 2024-04-08 00:00:00+00:00, run_after=2024-04-09 00:00:00+00:00
[2024-04-09T22:09:32.554+0000] {processor.py:183} INFO - Processing /home/airflow/.local/lib/python3.12/site-packages/airflow/example_dags/example_setup_teardown_taskflow.py took 0.208 seconds
[2024-04-09T22:10:02.829+0000] {processor.py:161} INFO - Started process (PID=1363) to work on /home/airflow/.local/lib/python3.12/site-packages/airflow/example_dags/example_setup_teardown_taskflow.py
[2024-04-09T22:10:02.840+0000] {processor.py:830} INFO - Processing file /home/airflow/.local/lib/python3.12/site-packages/airflow/example_dags/example_setup_teardown_taskflow.py for tasks to queue
[2024-04-09T22:10:02.843+0000] {logging_mixin.py:188} INFO - [2024-04-09T22:10:02.842+0000] {dagbag.py:540} INFO - Filling up the DagBag from /home/airflow/.local/lib/python3.12/site-packages/airflow/example_dags/example_setup_teardown_taskflow.py
[2024-04-09T22:10:02.866+0000] {processor.py:840} INFO - DAG(s) 'example_setup_teardown_taskflow' retrieved from /home/airflow/.local/lib/python3.12/site-packages/airflow/example_dags/example_setup_teardown_taskflow.py
[2024-04-09T22:10:02.901+0000] {logging_mixin.py:188} INFO - [2024-04-09T22:10:02.901+0000] {dag.py:3096} INFO - Sync 1 DAGs
[2024-04-09T22:10:02.955+0000] {logging_mixin.py:188} INFO - [2024-04-09T22:10:02.955+0000] {dag.py:3954} INFO - Setting next_dagrun for example_setup_teardown_taskflow to 2024-04-08 00:00:00+00:00, run_after=2024-04-09 00:00:00+00:00
[2024-04-09T22:10:03.045+0000] {processor.py:183} INFO - Processing /home/airflow/.local/lib/python3.12/site-packages/airflow/example_dags/example_setup_teardown_taskflow.py took 0.228 seconds
