[2024-04-09T21:57:51.891+0000] {processor.py:161} INFO - Started process (PID=87) to work on /home/airflow/.local/lib/python3.12/site-packages/airflow/example_dags/example_datasets.py
[2024-04-09T21:57:51.893+0000] {processor.py:830} INFO - Processing file /home/airflow/.local/lib/python3.12/site-packages/airflow/example_dags/example_datasets.py for tasks to queue
[2024-04-09T21:57:51.896+0000] {logging_mixin.py:188} INFO - [2024-04-09T21:57:51.896+0000] {dagbag.py:540} INFO - Filling up the DagBag from /home/airflow/.local/lib/python3.12/site-packages/airflow/example_dags/example_datasets.py
[2024-04-09T21:57:52.350+0000] {processor.py:840} INFO - DAG(s) 'dataset_produces_1', 'conditional_dataset_and_time_based_timetable', 'dataset_consumes_1_never_scheduled', 'consume_1_and_2_with_dataset_expressions', 'dataset_produces_2', 'dataset_consumes_1', 'consume_1_or_2_with_dataset_expressions', 'dataset_consumes_1_and_2', 'dataset_consumes_unknown_never_scheduled', 'consume_1_or_both_2_and_3_with_dataset_expressions' retrieved from /home/airflow/.local/lib/python3.12/site-packages/airflow/example_dags/example_datasets.py
[2024-04-09T21:57:52.800+0000] {logging_mixin.py:188} INFO - [2024-04-09T21:57:52.800+0000] {dag.py:3096} INFO - Sync 10 DAGs
[2024-04-09T21:57:52.917+0000] {logging_mixin.py:188} INFO - [2024-04-09T21:57:52.916+0000] {dag.py:3954} INFO - Setting next_dagrun for conditional_dataset_and_time_based_timetable to 2024-04-03 01:00:00+00:00, run_after=2024-04-03 01:00:00+00:00
[2024-04-09T21:57:53.136+0000] {logging_mixin.py:188} INFO - [2024-04-09T21:57:53.136+0000] {dag.py:3954} INFO - Setting next_dagrun for consume_1_and_2_with_dataset_expressions to None, run_after=None
[2024-04-09T21:57:53.139+0000] {logging_mixin.py:188} INFO - [2024-04-09T21:57:53.138+0000] {dag.py:3954} INFO - Setting next_dagrun for consume_1_or_2_with_dataset_expressions to None, run_after=None
[2024-04-09T21:57:53.141+0000] {logging_mixin.py:188} INFO - [2024-04-09T21:57:53.141+0000] {dag.py:3954} INFO - Setting next_dagrun for consume_1_or_both_2_and_3_with_dataset_expressions to None, run_after=None
[2024-04-09T21:57:53.144+0000] {logging_mixin.py:188} INFO - [2024-04-09T21:57:53.143+0000] {dag.py:3954} INFO - Setting next_dagrun for dataset_consumes_1 to None, run_after=None
[2024-04-09T21:57:53.146+0000] {logging_mixin.py:188} INFO - [2024-04-09T21:57:53.146+0000] {dag.py:3954} INFO - Setting next_dagrun for dataset_consumes_1_and_2 to None, run_after=None
[2024-04-09T21:57:53.149+0000] {logging_mixin.py:188} INFO - [2024-04-09T21:57:53.149+0000] {dag.py:3954} INFO - Setting next_dagrun for dataset_consumes_1_never_scheduled to None, run_after=None
[2024-04-09T21:57:53.151+0000] {logging_mixin.py:188} INFO - [2024-04-09T21:57:53.151+0000] {dag.py:3954} INFO - Setting next_dagrun for dataset_consumes_unknown_never_scheduled to None, run_after=None
[2024-04-09T21:57:53.155+0000] {logging_mixin.py:188} INFO - [2024-04-09T21:57:53.155+0000] {dag.py:3954} INFO - Setting next_dagrun for dataset_produces_1 to 2024-04-08 00:00:00+00:00, run_after=2024-04-09 00:00:00+00:00
[2024-04-09T21:57:53.158+0000] {logging_mixin.py:188} INFO - [2024-04-09T21:57:53.157+0000] {dag.py:3954} INFO - Setting next_dagrun for dataset_produces_2 to None, run_after=None
[2024-04-09T21:57:55.262+0000] {processor.py:183} INFO - Processing /home/airflow/.local/lib/python3.12/site-packages/airflow/example_dags/example_datasets.py took 3.380 seconds
[2024-04-09T21:58:25.949+0000] {processor.py:161} INFO - Started process (PID=148) to work on /home/airflow/.local/lib/python3.12/site-packages/airflow/example_dags/example_datasets.py
[2024-04-09T21:58:25.951+0000] {processor.py:830} INFO - Processing file /home/airflow/.local/lib/python3.12/site-packages/airflow/example_dags/example_datasets.py for tasks to queue
[2024-04-09T21:58:25.954+0000] {logging_mixin.py:188} INFO - [2024-04-09T21:58:25.953+0000] {dagbag.py:540} INFO - Filling up the DagBag from /home/airflow/.local/lib/python3.12/site-packages/airflow/example_dags/example_datasets.py
[2024-04-09T21:58:25.983+0000] {processor.py:840} INFO - DAG(s) 'dataset_consumes_unknown_never_scheduled', 'dataset_consumes_1_never_scheduled', 'consume_1_or_2_with_dataset_expressions', 'consume_1_and_2_with_dataset_expressions', 'conditional_dataset_and_time_based_timetable', 'dataset_produces_1', 'dataset_consumes_1', 'dataset_consumes_1_and_2', 'consume_1_or_both_2_and_3_with_dataset_expressions', 'dataset_produces_2' retrieved from /home/airflow/.local/lib/python3.12/site-packages/airflow/example_dags/example_datasets.py
[2024-04-09T21:58:26.061+0000] {logging_mixin.py:188} INFO - [2024-04-09T21:58:26.061+0000] {dag.py:3096} INFO - Sync 10 DAGs
[2024-04-09T21:58:26.108+0000] {logging_mixin.py:188} INFO - [2024-04-09T21:58:26.108+0000] {dag.py:3954} INFO - Setting next_dagrun for conditional_dataset_and_time_based_timetable to 2024-04-03 01:00:00+00:00, run_after=2024-04-03 01:00:00+00:00
[2024-04-09T21:58:26.113+0000] {logging_mixin.py:188} INFO - [2024-04-09T21:58:26.113+0000] {dag.py:3954} INFO - Setting next_dagrun for consume_1_and_2_with_dataset_expressions to None, run_after=None
[2024-04-09T21:58:26.115+0000] {logging_mixin.py:188} INFO - [2024-04-09T21:58:26.115+0000] {dag.py:3954} INFO - Setting next_dagrun for consume_1_or_2_with_dataset_expressions to None, run_after=None
[2024-04-09T21:58:26.117+0000] {logging_mixin.py:188} INFO - [2024-04-09T21:58:26.117+0000] {dag.py:3954} INFO - Setting next_dagrun for consume_1_or_both_2_and_3_with_dataset_expressions to None, run_after=None
[2024-04-09T21:58:26.119+0000] {logging_mixin.py:188} INFO - [2024-04-09T21:58:26.119+0000] {dag.py:3954} INFO - Setting next_dagrun for dataset_consumes_1 to None, run_after=None
[2024-04-09T21:58:26.121+0000] {logging_mixin.py:188} INFO - [2024-04-09T21:58:26.121+0000] {dag.py:3954} INFO - Setting next_dagrun for dataset_consumes_1_and_2 to None, run_after=None
[2024-04-09T21:58:26.123+0000] {logging_mixin.py:188} INFO - [2024-04-09T21:58:26.123+0000] {dag.py:3954} INFO - Setting next_dagrun for dataset_consumes_1_never_scheduled to None, run_after=None
[2024-04-09T21:58:26.125+0000] {logging_mixin.py:188} INFO - [2024-04-09T21:58:26.125+0000] {dag.py:3954} INFO - Setting next_dagrun for dataset_consumes_unknown_never_scheduled to None, run_after=None
[2024-04-09T21:58:26.129+0000] {logging_mixin.py:188} INFO - [2024-04-09T21:58:26.129+0000] {dag.py:3954} INFO - Setting next_dagrun for dataset_produces_1 to 2024-04-08 00:00:00+00:00, run_after=2024-04-09 00:00:00+00:00
[2024-04-09T21:58:26.131+0000] {logging_mixin.py:188} INFO - [2024-04-09T21:58:26.131+0000] {dag.py:3954} INFO - Setting next_dagrun for dataset_produces_2 to None, run_after=None
[2024-04-09T21:58:26.367+0000] {processor.py:183} INFO - Processing /home/airflow/.local/lib/python3.12/site-packages/airflow/example_dags/example_datasets.py took 0.427 seconds
[2024-04-09T21:58:56.474+0000] {processor.py:161} INFO - Started process (PID=202) to work on /home/airflow/.local/lib/python3.12/site-packages/airflow/example_dags/example_datasets.py
[2024-04-09T21:58:56.476+0000] {processor.py:830} INFO - Processing file /home/airflow/.local/lib/python3.12/site-packages/airflow/example_dags/example_datasets.py for tasks to queue
[2024-04-09T21:58:56.478+0000] {logging_mixin.py:188} INFO - [2024-04-09T21:58:56.478+0000] {dagbag.py:540} INFO - Filling up the DagBag from /home/airflow/.local/lib/python3.12/site-packages/airflow/example_dags/example_datasets.py
[2024-04-09T21:58:56.498+0000] {processor.py:840} INFO - DAG(s) 'dataset_consumes_1_and_2', 'dataset_produces_1', 'consume_1_and_2_with_dataset_expressions', 'consume_1_or_both_2_and_3_with_dataset_expressions', 'dataset_consumes_1', 'dataset_consumes_unknown_never_scheduled', 'conditional_dataset_and_time_based_timetable', 'consume_1_or_2_with_dataset_expressions', 'dataset_consumes_1_never_scheduled', 'dataset_produces_2' retrieved from /home/airflow/.local/lib/python3.12/site-packages/airflow/example_dags/example_datasets.py
[2024-04-09T21:58:56.568+0000] {logging_mixin.py:188} INFO - [2024-04-09T21:58:56.568+0000] {dag.py:3096} INFO - Sync 10 DAGs
[2024-04-09T21:58:56.600+0000] {logging_mixin.py:188} INFO - [2024-04-09T21:58:56.599+0000] {dag.py:3954} INFO - Setting next_dagrun for conditional_dataset_and_time_based_timetable to 2024-04-03 01:00:00+00:00, run_after=2024-04-03 01:00:00+00:00
[2024-04-09T21:58:56.605+0000] {logging_mixin.py:188} INFO - [2024-04-09T21:58:56.604+0000] {dag.py:3954} INFO - Setting next_dagrun for consume_1_and_2_with_dataset_expressions to None, run_after=None
[2024-04-09T21:58:56.607+0000] {logging_mixin.py:188} INFO - [2024-04-09T21:58:56.607+0000] {dag.py:3954} INFO - Setting next_dagrun for consume_1_or_2_with_dataset_expressions to None, run_after=None
[2024-04-09T21:58:56.609+0000] {logging_mixin.py:188} INFO - [2024-04-09T21:58:56.609+0000] {dag.py:3954} INFO - Setting next_dagrun for consume_1_or_both_2_and_3_with_dataset_expressions to None, run_after=None
[2024-04-09T21:58:56.611+0000] {logging_mixin.py:188} INFO - [2024-04-09T21:58:56.611+0000] {dag.py:3954} INFO - Setting next_dagrun for dataset_consumes_1 to None, run_after=None
[2024-04-09T21:58:56.613+0000] {logging_mixin.py:188} INFO - [2024-04-09T21:58:56.613+0000] {dag.py:3954} INFO - Setting next_dagrun for dataset_consumes_1_and_2 to None, run_after=None
[2024-04-09T21:58:56.615+0000] {logging_mixin.py:188} INFO - [2024-04-09T21:58:56.615+0000] {dag.py:3954} INFO - Setting next_dagrun for dataset_consumes_1_never_scheduled to None, run_after=None
[2024-04-09T21:58:56.617+0000] {logging_mixin.py:188} INFO - [2024-04-09T21:58:56.617+0000] {dag.py:3954} INFO - Setting next_dagrun for dataset_consumes_unknown_never_scheduled to None, run_after=None
[2024-04-09T21:58:56.621+0000] {logging_mixin.py:188} INFO - [2024-04-09T21:58:56.620+0000] {dag.py:3954} INFO - Setting next_dagrun for dataset_produces_1 to 2024-04-08 00:00:00+00:00, run_after=2024-04-09 00:00:00+00:00
[2024-04-09T21:58:56.623+0000] {logging_mixin.py:188} INFO - [2024-04-09T21:58:56.623+0000] {dag.py:3954} INFO - Setting next_dagrun for dataset_produces_2 to None, run_after=None
[2024-04-09T21:58:56.908+0000] {processor.py:183} INFO - Processing /home/airflow/.local/lib/python3.12/site-packages/airflow/example_dags/example_datasets.py took 0.445 seconds
[2024-04-09T21:59:27.983+0000] {processor.py:161} INFO - Started process (PID=259) to work on /home/airflow/.local/lib/python3.12/site-packages/airflow/example_dags/example_datasets.py
[2024-04-09T21:59:27.984+0000] {processor.py:830} INFO - Processing file /home/airflow/.local/lib/python3.12/site-packages/airflow/example_dags/example_datasets.py for tasks to queue
[2024-04-09T21:59:27.986+0000] {logging_mixin.py:188} INFO - [2024-04-09T21:59:27.986+0000] {dagbag.py:540} INFO - Filling up the DagBag from /home/airflow/.local/lib/python3.12/site-packages/airflow/example_dags/example_datasets.py
[2024-04-09T21:59:28.004+0000] {processor.py:840} INFO - DAG(s) 'dataset_consumes_1_never_scheduled', 'consume_1_or_2_with_dataset_expressions', 'consume_1_or_both_2_and_3_with_dataset_expressions', 'conditional_dataset_and_time_based_timetable', 'dataset_consumes_1', 'dataset_produces_1', 'dataset_consumes_1_and_2', 'dataset_consumes_unknown_never_scheduled', 'dataset_produces_2', 'consume_1_and_2_with_dataset_expressions' retrieved from /home/airflow/.local/lib/python3.12/site-packages/airflow/example_dags/example_datasets.py
[2024-04-09T21:59:28.081+0000] {logging_mixin.py:188} INFO - [2024-04-09T21:59:28.081+0000] {dag.py:3096} INFO - Sync 10 DAGs
[2024-04-09T21:59:28.130+0000] {logging_mixin.py:188} INFO - [2024-04-09T21:59:28.129+0000] {dag.py:3954} INFO - Setting next_dagrun for conditional_dataset_and_time_based_timetable to 2024-04-03 01:00:00+00:00, run_after=2024-04-03 01:00:00+00:00
[2024-04-09T21:59:28.136+0000] {logging_mixin.py:188} INFO - [2024-04-09T21:59:28.135+0000] {dag.py:3954} INFO - Setting next_dagrun for consume_1_and_2_with_dataset_expressions to None, run_after=None
[2024-04-09T21:59:28.138+0000] {logging_mixin.py:188} INFO - [2024-04-09T21:59:28.138+0000] {dag.py:3954} INFO - Setting next_dagrun for consume_1_or_2_with_dataset_expressions to None, run_after=None
[2024-04-09T21:59:28.141+0000] {logging_mixin.py:188} INFO - [2024-04-09T21:59:28.141+0000] {dag.py:3954} INFO - Setting next_dagrun for consume_1_or_both_2_and_3_with_dataset_expressions to None, run_after=None
[2024-04-09T21:59:28.144+0000] {logging_mixin.py:188} INFO - [2024-04-09T21:59:28.143+0000] {dag.py:3954} INFO - Setting next_dagrun for dataset_consumes_1 to None, run_after=None
[2024-04-09T21:59:28.146+0000] {logging_mixin.py:188} INFO - [2024-04-09T21:59:28.146+0000] {dag.py:3954} INFO - Setting next_dagrun for dataset_consumes_1_and_2 to None, run_after=None
[2024-04-09T21:59:28.149+0000] {logging_mixin.py:188} INFO - [2024-04-09T21:59:28.148+0000] {dag.py:3954} INFO - Setting next_dagrun for dataset_consumes_1_never_scheduled to None, run_after=None
[2024-04-09T21:59:28.151+0000] {logging_mixin.py:188} INFO - [2024-04-09T21:59:28.151+0000] {dag.py:3954} INFO - Setting next_dagrun for dataset_consumes_unknown_never_scheduled to None, run_after=None
[2024-04-09T21:59:28.155+0000] {logging_mixin.py:188} INFO - [2024-04-09T21:59:28.154+0000] {dag.py:3954} INFO - Setting next_dagrun for dataset_produces_1 to 2024-04-08 00:00:00+00:00, run_after=2024-04-09 00:00:00+00:00
[2024-04-09T21:59:28.157+0000] {logging_mixin.py:188} INFO - [2024-04-09T21:59:28.157+0000] {dag.py:3954} INFO - Setting next_dagrun for dataset_produces_2 to None, run_after=None
[2024-04-09T21:59:28.324+0000] {processor.py:183} INFO - Processing /home/airflow/.local/lib/python3.12/site-packages/airflow/example_dags/example_datasets.py took 0.349 seconds
[2024-04-09T22:00:09.776+0000] {processor.py:161} INFO - Started process (PID=317) to work on /home/airflow/.local/lib/python3.12/site-packages/airflow/example_dags/example_datasets.py
[2024-04-09T22:00:09.778+0000] {processor.py:830} INFO - Processing file /home/airflow/.local/lib/python3.12/site-packages/airflow/example_dags/example_datasets.py for tasks to queue
[2024-04-09T22:00:09.780+0000] {logging_mixin.py:188} INFO - [2024-04-09T22:00:09.780+0000] {dagbag.py:540} INFO - Filling up the DagBag from /home/airflow/.local/lib/python3.12/site-packages/airflow/example_dags/example_datasets.py
[2024-04-09T22:00:09.798+0000] {processor.py:840} INFO - DAG(s) 'consume_1_and_2_with_dataset_expressions', 'consume_1_or_both_2_and_3_with_dataset_expressions', 'conditional_dataset_and_time_based_timetable', 'dataset_consumes_1_never_scheduled', 'dataset_consumes_unknown_never_scheduled', 'dataset_produces_1', 'dataset_consumes_1_and_2', 'dataset_consumes_1', 'dataset_produces_2', 'consume_1_or_2_with_dataset_expressions' retrieved from /home/airflow/.local/lib/python3.12/site-packages/airflow/example_dags/example_datasets.py
[2024-04-09T22:00:09.880+0000] {logging_mixin.py:188} INFO - [2024-04-09T22:00:09.880+0000] {dag.py:3096} INFO - Sync 10 DAGs
[2024-04-09T22:00:09.921+0000] {logging_mixin.py:188} INFO - [2024-04-09T22:00:09.921+0000] {dag.py:3954} INFO - Setting next_dagrun for conditional_dataset_and_time_based_timetable to 2024-04-03 01:00:00+00:00, run_after=2024-04-03 01:00:00+00:00
[2024-04-09T22:00:09.927+0000] {logging_mixin.py:188} INFO - [2024-04-09T22:00:09.927+0000] {dag.py:3954} INFO - Setting next_dagrun for consume_1_and_2_with_dataset_expressions to None, run_after=None
[2024-04-09T22:00:09.929+0000] {logging_mixin.py:188} INFO - [2024-04-09T22:00:09.929+0000] {dag.py:3954} INFO - Setting next_dagrun for consume_1_or_2_with_dataset_expressions to None, run_after=None
[2024-04-09T22:00:09.932+0000] {logging_mixin.py:188} INFO - [2024-04-09T22:00:09.931+0000] {dag.py:3954} INFO - Setting next_dagrun for consume_1_or_both_2_and_3_with_dataset_expressions to None, run_after=None
[2024-04-09T22:00:09.934+0000] {logging_mixin.py:188} INFO - [2024-04-09T22:00:09.933+0000] {dag.py:3954} INFO - Setting next_dagrun for dataset_consumes_1 to None, run_after=None
[2024-04-09T22:00:09.936+0000] {logging_mixin.py:188} INFO - [2024-04-09T22:00:09.935+0000] {dag.py:3954} INFO - Setting next_dagrun for dataset_consumes_1_and_2 to None, run_after=None
[2024-04-09T22:00:09.938+0000] {logging_mixin.py:188} INFO - [2024-04-09T22:00:09.938+0000] {dag.py:3954} INFO - Setting next_dagrun for dataset_consumes_1_never_scheduled to None, run_after=None
[2024-04-09T22:00:09.940+0000] {logging_mixin.py:188} INFO - [2024-04-09T22:00:09.940+0000] {dag.py:3954} INFO - Setting next_dagrun for dataset_consumes_unknown_never_scheduled to None, run_after=None
[2024-04-09T22:00:09.944+0000] {logging_mixin.py:188} INFO - [2024-04-09T22:00:09.944+0000] {dag.py:3954} INFO - Setting next_dagrun for dataset_produces_1 to 2024-04-08 00:00:00+00:00, run_after=2024-04-09 00:00:00+00:00
[2024-04-09T22:00:09.946+0000] {logging_mixin.py:188} INFO - [2024-04-09T22:00:09.946+0000] {dag.py:3954} INFO - Setting next_dagrun for dataset_produces_2 to None, run_after=None
[2024-04-09T22:00:10.281+0000] {processor.py:183} INFO - Processing /home/airflow/.local/lib/python3.12/site-packages/airflow/example_dags/example_datasets.py took 0.513 seconds
[2024-04-09T22:00:48.073+0000] {processor.py:161} INFO - Started process (PID=378) to work on /home/airflow/.local/lib/python3.12/site-packages/airflow/example_dags/example_datasets.py
[2024-04-09T22:00:48.074+0000] {processor.py:830} INFO - Processing file /home/airflow/.local/lib/python3.12/site-packages/airflow/example_dags/example_datasets.py for tasks to queue
[2024-04-09T22:00:48.077+0000] {logging_mixin.py:188} INFO - [2024-04-09T22:00:48.076+0000] {dagbag.py:540} INFO - Filling up the DagBag from /home/airflow/.local/lib/python3.12/site-packages/airflow/example_dags/example_datasets.py
[2024-04-09T22:00:48.094+0000] {processor.py:840} INFO - DAG(s) 'dataset_produces_1', 'conditional_dataset_and_time_based_timetable', 'dataset_consumes_1', 'dataset_consumes_unknown_never_scheduled', 'dataset_produces_2', 'consume_1_or_2_with_dataset_expressions', 'dataset_consumes_1_and_2', 'consume_1_and_2_with_dataset_expressions', 'dataset_consumes_1_never_scheduled', 'consume_1_or_both_2_and_3_with_dataset_expressions' retrieved from /home/airflow/.local/lib/python3.12/site-packages/airflow/example_dags/example_datasets.py
[2024-04-09T22:00:48.162+0000] {logging_mixin.py:188} INFO - [2024-04-09T22:00:48.162+0000] {dag.py:3096} INFO - Sync 10 DAGs
[2024-04-09T22:00:48.251+0000] {logging_mixin.py:188} INFO - [2024-04-09T22:00:48.251+0000] {dag.py:3954} INFO - Setting next_dagrun for conditional_dataset_and_time_based_timetable to 2024-04-03 01:00:00+00:00, run_after=2024-04-03 01:00:00+00:00
[2024-04-09T22:00:48.257+0000] {logging_mixin.py:188} INFO - [2024-04-09T22:00:48.256+0000] {dag.py:3954} INFO - Setting next_dagrun for consume_1_and_2_with_dataset_expressions to None, run_after=None
[2024-04-09T22:00:48.259+0000] {logging_mixin.py:188} INFO - [2024-04-09T22:00:48.259+0000] {dag.py:3954} INFO - Setting next_dagrun for consume_1_or_2_with_dataset_expressions to None, run_after=None
[2024-04-09T22:00:48.261+0000] {logging_mixin.py:188} INFO - [2024-04-09T22:00:48.261+0000] {dag.py:3954} INFO - Setting next_dagrun for consume_1_or_both_2_and_3_with_dataset_expressions to None, run_after=None
[2024-04-09T22:00:48.264+0000] {logging_mixin.py:188} INFO - [2024-04-09T22:00:48.263+0000] {dag.py:3954} INFO - Setting next_dagrun for dataset_consumes_1 to None, run_after=None
[2024-04-09T22:00:48.266+0000] {logging_mixin.py:188} INFO - [2024-04-09T22:00:48.266+0000] {dag.py:3954} INFO - Setting next_dagrun for dataset_consumes_1_and_2 to None, run_after=None
[2024-04-09T22:00:48.268+0000] {logging_mixin.py:188} INFO - [2024-04-09T22:00:48.268+0000] {dag.py:3954} INFO - Setting next_dagrun for dataset_consumes_1_never_scheduled to None, run_after=None
[2024-04-09T22:00:48.271+0000] {logging_mixin.py:188} INFO - [2024-04-09T22:00:48.270+0000] {dag.py:3954} INFO - Setting next_dagrun for dataset_consumes_unknown_never_scheduled to None, run_after=None
[2024-04-09T22:00:48.275+0000] {logging_mixin.py:188} INFO - [2024-04-09T22:00:48.275+0000] {dag.py:3954} INFO - Setting next_dagrun for dataset_produces_1 to 2024-04-08 00:00:00+00:00, run_after=2024-04-09 00:00:00+00:00
[2024-04-09T22:00:48.278+0000] {logging_mixin.py:188} INFO - [2024-04-09T22:00:48.277+0000] {dag.py:3954} INFO - Setting next_dagrun for dataset_produces_2 to None, run_after=None
[2024-04-09T22:00:48.460+0000] {processor.py:183} INFO - Processing /home/airflow/.local/lib/python3.12/site-packages/airflow/example_dags/example_datasets.py took 0.395 seconds
[2024-04-09T22:01:19.146+0000] {processor.py:161} INFO - Started process (PID=435) to work on /home/airflow/.local/lib/python3.12/site-packages/airflow/example_dags/example_datasets.py
[2024-04-09T22:01:19.148+0000] {processor.py:830} INFO - Processing file /home/airflow/.local/lib/python3.12/site-packages/airflow/example_dags/example_datasets.py for tasks to queue
[2024-04-09T22:01:19.151+0000] {logging_mixin.py:188} INFO - [2024-04-09T22:01:19.151+0000] {dagbag.py:540} INFO - Filling up the DagBag from /home/airflow/.local/lib/python3.12/site-packages/airflow/example_dags/example_datasets.py
[2024-04-09T22:01:19.183+0000] {processor.py:840} INFO - DAG(s) 'dataset_consumes_1', 'dataset_consumes_1_never_scheduled', 'dataset_produces_2', 'dataset_consumes_unknown_never_scheduled', 'dataset_consumes_1_and_2', 'conditional_dataset_and_time_based_timetable', 'consume_1_or_both_2_and_3_with_dataset_expressions', 'consume_1_or_2_with_dataset_expressions', 'dataset_produces_1', 'consume_1_and_2_with_dataset_expressions' retrieved from /home/airflow/.local/lib/python3.12/site-packages/airflow/example_dags/example_datasets.py
[2024-04-09T22:01:19.281+0000] {logging_mixin.py:188} INFO - [2024-04-09T22:01:19.281+0000] {dag.py:3096} INFO - Sync 10 DAGs
[2024-04-09T22:01:19.319+0000] {logging_mixin.py:188} INFO - [2024-04-09T22:01:19.318+0000] {dag.py:3954} INFO - Setting next_dagrun for conditional_dataset_and_time_based_timetable to 2024-04-03 01:00:00+00:00, run_after=2024-04-03 01:00:00+00:00
[2024-04-09T22:01:19.324+0000] {logging_mixin.py:188} INFO - [2024-04-09T22:01:19.324+0000] {dag.py:3954} INFO - Setting next_dagrun for consume_1_and_2_with_dataset_expressions to None, run_after=None
[2024-04-09T22:01:19.326+0000] {logging_mixin.py:188} INFO - [2024-04-09T22:01:19.326+0000] {dag.py:3954} INFO - Setting next_dagrun for consume_1_or_2_with_dataset_expressions to None, run_after=None
[2024-04-09T22:01:19.328+0000] {logging_mixin.py:188} INFO - [2024-04-09T22:01:19.328+0000] {dag.py:3954} INFO - Setting next_dagrun for consume_1_or_both_2_and_3_with_dataset_expressions to None, run_after=None
[2024-04-09T22:01:19.330+0000] {logging_mixin.py:188} INFO - [2024-04-09T22:01:19.330+0000] {dag.py:3954} INFO - Setting next_dagrun for dataset_consumes_1 to None, run_after=None
[2024-04-09T22:01:19.332+0000] {logging_mixin.py:188} INFO - [2024-04-09T22:01:19.332+0000] {dag.py:3954} INFO - Setting next_dagrun for dataset_consumes_1_and_2 to None, run_after=None
[2024-04-09T22:01:19.334+0000] {logging_mixin.py:188} INFO - [2024-04-09T22:01:19.334+0000] {dag.py:3954} INFO - Setting next_dagrun for dataset_consumes_1_never_scheduled to None, run_after=None
[2024-04-09T22:01:19.336+0000] {logging_mixin.py:188} INFO - [2024-04-09T22:01:19.336+0000] {dag.py:3954} INFO - Setting next_dagrun for dataset_consumes_unknown_never_scheduled to None, run_after=None
[2024-04-09T22:01:19.340+0000] {logging_mixin.py:188} INFO - [2024-04-09T22:01:19.340+0000] {dag.py:3954} INFO - Setting next_dagrun for dataset_produces_1 to 2024-04-08 00:00:00+00:00, run_after=2024-04-09 00:00:00+00:00
[2024-04-09T22:01:19.342+0000] {logging_mixin.py:188} INFO - [2024-04-09T22:01:19.342+0000] {dag.py:3954} INFO - Setting next_dagrun for dataset_produces_2 to None, run_after=None
[2024-04-09T22:01:19.545+0000] {processor.py:183} INFO - Processing /home/airflow/.local/lib/python3.12/site-packages/airflow/example_dags/example_datasets.py took 0.408 seconds
[2024-04-09T22:01:49.639+0000] {processor.py:161} INFO - Started process (PID=493) to work on /home/airflow/.local/lib/python3.12/site-packages/airflow/example_dags/example_datasets.py
[2024-04-09T22:01:49.641+0000] {processor.py:830} INFO - Processing file /home/airflow/.local/lib/python3.12/site-packages/airflow/example_dags/example_datasets.py for tasks to queue
[2024-04-09T22:01:49.644+0000] {logging_mixin.py:188} INFO - [2024-04-09T22:01:49.644+0000] {dagbag.py:540} INFO - Filling up the DagBag from /home/airflow/.local/lib/python3.12/site-packages/airflow/example_dags/example_datasets.py
[2024-04-09T22:01:49.699+0000] {processor.py:840} INFO - DAG(s) 'dataset_consumes_1_and_2', 'consume_1_or_both_2_and_3_with_dataset_expressions', 'consume_1_and_2_with_dataset_expressions', 'dataset_consumes_1', 'dataset_produces_1', 'dataset_consumes_1_never_scheduled', 'dataset_produces_2', 'dataset_consumes_unknown_never_scheduled', 'conditional_dataset_and_time_based_timetable', 'consume_1_or_2_with_dataset_expressions' retrieved from /home/airflow/.local/lib/python3.12/site-packages/airflow/example_dags/example_datasets.py
[2024-04-09T22:01:49.854+0000] {logging_mixin.py:188} INFO - [2024-04-09T22:01:49.854+0000] {dag.py:3096} INFO - Sync 10 DAGs
[2024-04-09T22:01:49.908+0000] {logging_mixin.py:188} INFO - [2024-04-09T22:01:49.908+0000] {dag.py:3954} INFO - Setting next_dagrun for conditional_dataset_and_time_based_timetable to 2024-04-03 01:00:00+00:00, run_after=2024-04-03 01:00:00+00:00
[2024-04-09T22:01:49.927+0000] {logging_mixin.py:188} INFO - [2024-04-09T22:01:49.927+0000] {dag.py:3954} INFO - Setting next_dagrun for consume_1_and_2_with_dataset_expressions to None, run_after=None
[2024-04-09T22:01:49.932+0000] {logging_mixin.py:188} INFO - [2024-04-09T22:01:49.931+0000] {dag.py:3954} INFO - Setting next_dagrun for consume_1_or_2_with_dataset_expressions to None, run_after=None
[2024-04-09T22:01:49.937+0000] {logging_mixin.py:188} INFO - [2024-04-09T22:01:49.937+0000] {dag.py:3954} INFO - Setting next_dagrun for consume_1_or_both_2_and_3_with_dataset_expressions to None, run_after=None
[2024-04-09T22:01:49.942+0000] {logging_mixin.py:188} INFO - [2024-04-09T22:01:49.941+0000] {dag.py:3954} INFO - Setting next_dagrun for dataset_consumes_1 to None, run_after=None
[2024-04-09T22:01:49.953+0000] {logging_mixin.py:188} INFO - [2024-04-09T22:01:49.952+0000] {dag.py:3954} INFO - Setting next_dagrun for dataset_consumes_1_and_2 to None, run_after=None
[2024-04-09T22:01:49.956+0000] {logging_mixin.py:188} INFO - [2024-04-09T22:01:49.956+0000] {dag.py:3954} INFO - Setting next_dagrun for dataset_consumes_1_never_scheduled to None, run_after=None
[2024-04-09T22:01:49.975+0000] {logging_mixin.py:188} INFO - [2024-04-09T22:01:49.974+0000] {dag.py:3954} INFO - Setting next_dagrun for dataset_consumes_unknown_never_scheduled to None, run_after=None
[2024-04-09T22:01:49.982+0000] {logging_mixin.py:188} INFO - [2024-04-09T22:01:49.982+0000] {dag.py:3954} INFO - Setting next_dagrun for dataset_produces_1 to 2024-04-08 00:00:00+00:00, run_after=2024-04-09 00:00:00+00:00
[2024-04-09T22:01:49.986+0000] {logging_mixin.py:188} INFO - [2024-04-09T22:01:49.985+0000] {dag.py:3954} INFO - Setting next_dagrun for dataset_produces_2 to None, run_after=None
[2024-04-09T22:01:50.179+0000] {processor.py:183} INFO - Processing /home/airflow/.local/lib/python3.12/site-packages/airflow/example_dags/example_datasets.py took 0.570 seconds
[2024-04-09T22:02:20.236+0000] {processor.py:161} INFO - Started process (PID=551) to work on /home/airflow/.local/lib/python3.12/site-packages/airflow/example_dags/example_datasets.py
[2024-04-09T22:02:20.238+0000] {processor.py:830} INFO - Processing file /home/airflow/.local/lib/python3.12/site-packages/airflow/example_dags/example_datasets.py for tasks to queue
[2024-04-09T22:02:20.241+0000] {logging_mixin.py:188} INFO - [2024-04-09T22:02:20.240+0000] {dagbag.py:540} INFO - Filling up the DagBag from /home/airflow/.local/lib/python3.12/site-packages/airflow/example_dags/example_datasets.py
[2024-04-09T22:02:20.270+0000] {processor.py:840} INFO - DAG(s) 'dataset_consumes_1', 'consume_1_or_2_with_dataset_expressions', 'consume_1_and_2_with_dataset_expressions', 'conditional_dataset_and_time_based_timetable', 'dataset_consumes_unknown_never_scheduled', 'dataset_produces_2', 'dataset_consumes_1_and_2', 'dataset_consumes_1_never_scheduled', 'dataset_produces_1', 'consume_1_or_both_2_and_3_with_dataset_expressions' retrieved from /home/airflow/.local/lib/python3.12/site-packages/airflow/example_dags/example_datasets.py
[2024-04-09T22:02:20.348+0000] {logging_mixin.py:188} INFO - [2024-04-09T22:02:20.347+0000] {dag.py:3096} INFO - Sync 10 DAGs
[2024-04-09T22:02:20.381+0000] {logging_mixin.py:188} INFO - [2024-04-09T22:02:20.381+0000] {dag.py:3954} INFO - Setting next_dagrun for conditional_dataset_and_time_based_timetable to 2024-04-03 01:00:00+00:00, run_after=2024-04-03 01:00:00+00:00
[2024-04-09T22:02:20.386+0000] {logging_mixin.py:188} INFO - [2024-04-09T22:02:20.386+0000] {dag.py:3954} INFO - Setting next_dagrun for consume_1_and_2_with_dataset_expressions to None, run_after=None
[2024-04-09T22:02:20.389+0000] {logging_mixin.py:188} INFO - [2024-04-09T22:02:20.388+0000] {dag.py:3954} INFO - Setting next_dagrun for consume_1_or_2_with_dataset_expressions to None, run_after=None
[2024-04-09T22:02:20.391+0000] {logging_mixin.py:188} INFO - [2024-04-09T22:02:20.391+0000] {dag.py:3954} INFO - Setting next_dagrun for consume_1_or_both_2_and_3_with_dataset_expressions to None, run_after=None
[2024-04-09T22:02:20.393+0000] {logging_mixin.py:188} INFO - [2024-04-09T22:02:20.393+0000] {dag.py:3954} INFO - Setting next_dagrun for dataset_consumes_1 to None, run_after=None
[2024-04-09T22:02:20.395+0000] {logging_mixin.py:188} INFO - [2024-04-09T22:02:20.395+0000] {dag.py:3954} INFO - Setting next_dagrun for dataset_consumes_1_and_2 to None, run_after=None
[2024-04-09T22:02:20.397+0000] {logging_mixin.py:188} INFO - [2024-04-09T22:02:20.397+0000] {dag.py:3954} INFO - Setting next_dagrun for dataset_consumes_1_never_scheduled to None, run_after=None
[2024-04-09T22:02:20.399+0000] {logging_mixin.py:188} INFO - [2024-04-09T22:02:20.399+0000] {dag.py:3954} INFO - Setting next_dagrun for dataset_consumes_unknown_never_scheduled to None, run_after=None
[2024-04-09T22:02:20.405+0000] {logging_mixin.py:188} INFO - [2024-04-09T22:02:20.405+0000] {dag.py:3954} INFO - Setting next_dagrun for dataset_produces_1 to 2024-04-08 00:00:00+00:00, run_after=2024-04-09 00:00:00+00:00
[2024-04-09T22:02:20.410+0000] {logging_mixin.py:188} INFO - [2024-04-09T22:02:20.410+0000] {dag.py:3954} INFO - Setting next_dagrun for dataset_produces_2 to None, run_after=None
[2024-04-09T22:02:20.722+0000] {processor.py:183} INFO - Processing /home/airflow/.local/lib/python3.12/site-packages/airflow/example_dags/example_datasets.py took 0.496 seconds
[2024-04-09T22:03:26.781+0000] {processor.py:161} INFO - Started process (PID=640) to work on /home/airflow/.local/lib/python3.12/site-packages/airflow/example_dags/example_datasets.py
[2024-04-09T22:03:26.783+0000] {processor.py:830} INFO - Processing file /home/airflow/.local/lib/python3.12/site-packages/airflow/example_dags/example_datasets.py for tasks to queue
[2024-04-09T22:03:26.787+0000] {logging_mixin.py:188} INFO - [2024-04-09T22:03:26.786+0000] {dagbag.py:540} INFO - Filling up the DagBag from /home/airflow/.local/lib/python3.12/site-packages/airflow/example_dags/example_datasets.py
[2024-04-09T22:03:26.811+0000] {processor.py:840} INFO - DAG(s) 'dataset_consumes_1_and_2', 'dataset_consumes_1_never_scheduled', 'dataset_consumes_1', 'dataset_produces_2', 'conditional_dataset_and_time_based_timetable', 'consume_1_and_2_with_dataset_expressions', 'dataset_produces_1', 'consume_1_or_both_2_and_3_with_dataset_expressions', 'consume_1_or_2_with_dataset_expressions', 'dataset_consumes_unknown_never_scheduled' retrieved from /home/airflow/.local/lib/python3.12/site-packages/airflow/example_dags/example_datasets.py
[2024-04-09T22:03:26.894+0000] {logging_mixin.py:188} INFO - [2024-04-09T22:03:26.893+0000] {dag.py:3096} INFO - Sync 10 DAGs
[2024-04-09T22:03:26.929+0000] {logging_mixin.py:188} INFO - [2024-04-09T22:03:26.929+0000] {dag.py:3954} INFO - Setting next_dagrun for conditional_dataset_and_time_based_timetable to 2024-04-03 01:00:00+00:00, run_after=2024-04-03 01:00:00+00:00
[2024-04-09T22:03:26.935+0000] {logging_mixin.py:188} INFO - [2024-04-09T22:03:26.934+0000] {dag.py:3954} INFO - Setting next_dagrun for consume_1_and_2_with_dataset_expressions to None, run_after=None
[2024-04-09T22:03:26.937+0000] {logging_mixin.py:188} INFO - [2024-04-09T22:03:26.937+0000] {dag.py:3954} INFO - Setting next_dagrun for consume_1_or_2_with_dataset_expressions to None, run_after=None
[2024-04-09T22:03:26.939+0000] {logging_mixin.py:188} INFO - [2024-04-09T22:03:26.939+0000] {dag.py:3954} INFO - Setting next_dagrun for consume_1_or_both_2_and_3_with_dataset_expressions to None, run_after=None
[2024-04-09T22:03:26.942+0000] {logging_mixin.py:188} INFO - [2024-04-09T22:03:26.942+0000] {dag.py:3954} INFO - Setting next_dagrun for dataset_consumes_1 to None, run_after=None
[2024-04-09T22:03:26.944+0000] {logging_mixin.py:188} INFO - [2024-04-09T22:03:26.944+0000] {dag.py:3954} INFO - Setting next_dagrun for dataset_consumes_1_and_2 to None, run_after=None
[2024-04-09T22:03:26.947+0000] {logging_mixin.py:188} INFO - [2024-04-09T22:03:26.946+0000] {dag.py:3954} INFO - Setting next_dagrun for dataset_consumes_1_never_scheduled to None, run_after=None
[2024-04-09T22:03:26.949+0000] {logging_mixin.py:188} INFO - [2024-04-09T22:03:26.949+0000] {dag.py:3954} INFO - Setting next_dagrun for dataset_consumes_unknown_never_scheduled to None, run_after=None
[2024-04-09T22:03:26.953+0000] {logging_mixin.py:188} INFO - [2024-04-09T22:03:26.952+0000] {dag.py:3954} INFO - Setting next_dagrun for dataset_produces_1 to 2024-04-08 00:00:00+00:00, run_after=2024-04-09 00:00:00+00:00
[2024-04-09T22:03:26.955+0000] {logging_mixin.py:188} INFO - [2024-04-09T22:03:26.955+0000] {dag.py:3954} INFO - Setting next_dagrun for dataset_produces_2 to None, run_after=None
[2024-04-09T22:03:27.141+0000] {processor.py:183} INFO - Processing /home/airflow/.local/lib/python3.12/site-packages/airflow/example_dags/example_datasets.py took 0.372 seconds
[2024-04-09T22:04:00.083+0000] {processor.py:161} INFO - Started process (PID=698) to work on /home/airflow/.local/lib/python3.12/site-packages/airflow/example_dags/example_datasets.py
[2024-04-09T22:04:00.084+0000] {processor.py:830} INFO - Processing file /home/airflow/.local/lib/python3.12/site-packages/airflow/example_dags/example_datasets.py for tasks to queue
[2024-04-09T22:04:00.087+0000] {logging_mixin.py:188} INFO - [2024-04-09T22:04:00.086+0000] {dagbag.py:540} INFO - Filling up the DagBag from /home/airflow/.local/lib/python3.12/site-packages/airflow/example_dags/example_datasets.py
[2024-04-09T22:04:00.106+0000] {processor.py:840} INFO - DAG(s) 'consume_1_or_2_with_dataset_expressions', 'dataset_consumes_unknown_never_scheduled', 'dataset_produces_2', 'dataset_consumes_1', 'dataset_consumes_1_and_2', 'consume_1_or_both_2_and_3_with_dataset_expressions', 'consume_1_and_2_with_dataset_expressions', 'conditional_dataset_and_time_based_timetable', 'dataset_produces_1', 'dataset_consumes_1_never_scheduled' retrieved from /home/airflow/.local/lib/python3.12/site-packages/airflow/example_dags/example_datasets.py
[2024-04-09T22:04:00.169+0000] {logging_mixin.py:188} INFO - [2024-04-09T22:04:00.168+0000] {dag.py:3096} INFO - Sync 10 DAGs
[2024-04-09T22:04:00.212+0000] {logging_mixin.py:188} INFO - [2024-04-09T22:04:00.212+0000] {dag.py:3954} INFO - Setting next_dagrun for conditional_dataset_and_time_based_timetable to 2024-04-03 01:00:00+00:00, run_after=2024-04-03 01:00:00+00:00
[2024-04-09T22:04:00.220+0000] {logging_mixin.py:188} INFO - [2024-04-09T22:04:00.220+0000] {dag.py:3954} INFO - Setting next_dagrun for consume_1_and_2_with_dataset_expressions to None, run_after=None
[2024-04-09T22:04:00.222+0000] {logging_mixin.py:188} INFO - [2024-04-09T22:04:00.222+0000] {dag.py:3954} INFO - Setting next_dagrun for consume_1_or_2_with_dataset_expressions to None, run_after=None
[2024-04-09T22:04:00.224+0000] {logging_mixin.py:188} INFO - [2024-04-09T22:04:00.224+0000] {dag.py:3954} INFO - Setting next_dagrun for consume_1_or_both_2_and_3_with_dataset_expressions to None, run_after=None
[2024-04-09T22:04:00.227+0000] {logging_mixin.py:188} INFO - [2024-04-09T22:04:00.226+0000] {dag.py:3954} INFO - Setting next_dagrun for dataset_consumes_1 to None, run_after=None
[2024-04-09T22:04:00.229+0000] {logging_mixin.py:188} INFO - [2024-04-09T22:04:00.228+0000] {dag.py:3954} INFO - Setting next_dagrun for dataset_consumes_1_and_2 to None, run_after=None
[2024-04-09T22:04:00.231+0000] {logging_mixin.py:188} INFO - [2024-04-09T22:04:00.231+0000] {dag.py:3954} INFO - Setting next_dagrun for dataset_consumes_1_never_scheduled to None, run_after=None
[2024-04-09T22:04:00.233+0000] {logging_mixin.py:188} INFO - [2024-04-09T22:04:00.233+0000] {dag.py:3954} INFO - Setting next_dagrun for dataset_consumes_unknown_never_scheduled to None, run_after=None
[2024-04-09T22:04:00.239+0000] {logging_mixin.py:188} INFO - [2024-04-09T22:04:00.239+0000] {dag.py:3954} INFO - Setting next_dagrun for dataset_produces_1 to 2024-04-08 00:00:00+00:00, run_after=2024-04-09 00:00:00+00:00
[2024-04-09T22:04:00.242+0000] {logging_mixin.py:188} INFO - [2024-04-09T22:04:00.241+0000] {dag.py:3954} INFO - Setting next_dagrun for dataset_produces_2 to None, run_after=None
[2024-04-09T22:04:00.366+0000] {processor.py:183} INFO - Processing /home/airflow/.local/lib/python3.12/site-packages/airflow/example_dags/example_datasets.py took 0.292 seconds
[2024-04-09T22:04:31.688+0000] {processor.py:161} INFO - Started process (PID=756) to work on /home/airflow/.local/lib/python3.12/site-packages/airflow/example_dags/example_datasets.py
[2024-04-09T22:04:31.689+0000] {processor.py:830} INFO - Processing file /home/airflow/.local/lib/python3.12/site-packages/airflow/example_dags/example_datasets.py for tasks to queue
[2024-04-09T22:04:31.692+0000] {logging_mixin.py:188} INFO - [2024-04-09T22:04:31.692+0000] {dagbag.py:540} INFO - Filling up the DagBag from /home/airflow/.local/lib/python3.12/site-packages/airflow/example_dags/example_datasets.py
[2024-04-09T22:04:31.727+0000] {processor.py:840} INFO - DAG(s) 'conditional_dataset_and_time_based_timetable', 'dataset_consumes_1', 'consume_1_or_both_2_and_3_with_dataset_expressions', 'dataset_consumes_1_and_2', 'consume_1_and_2_with_dataset_expressions', 'dataset_consumes_1_never_scheduled', 'dataset_produces_1', 'dataset_consumes_unknown_never_scheduled', 'consume_1_or_2_with_dataset_expressions', 'dataset_produces_2' retrieved from /home/airflow/.local/lib/python3.12/site-packages/airflow/example_dags/example_datasets.py
[2024-04-09T22:04:31.794+0000] {logging_mixin.py:188} INFO - [2024-04-09T22:04:31.794+0000] {dag.py:3096} INFO - Sync 10 DAGs
[2024-04-09T22:04:31.830+0000] {logging_mixin.py:188} INFO - [2024-04-09T22:04:31.829+0000] {dag.py:3954} INFO - Setting next_dagrun for conditional_dataset_and_time_based_timetable to 2024-04-03 01:00:00+00:00, run_after=2024-04-03 01:00:00+00:00
[2024-04-09T22:04:31.837+0000] {logging_mixin.py:188} INFO - [2024-04-09T22:04:31.837+0000] {dag.py:3954} INFO - Setting next_dagrun for consume_1_and_2_with_dataset_expressions to None, run_after=None
[2024-04-09T22:04:31.840+0000] {logging_mixin.py:188} INFO - [2024-04-09T22:04:31.840+0000] {dag.py:3954} INFO - Setting next_dagrun for consume_1_or_2_with_dataset_expressions to None, run_after=None
[2024-04-09T22:04:31.844+0000] {logging_mixin.py:188} INFO - [2024-04-09T22:04:31.844+0000] {dag.py:3954} INFO - Setting next_dagrun for consume_1_or_both_2_and_3_with_dataset_expressions to None, run_after=None
[2024-04-09T22:04:31.847+0000] {logging_mixin.py:188} INFO - [2024-04-09T22:04:31.846+0000] {dag.py:3954} INFO - Setting next_dagrun for dataset_consumes_1 to None, run_after=None
[2024-04-09T22:04:31.849+0000] {logging_mixin.py:188} INFO - [2024-04-09T22:04:31.848+0000] {dag.py:3954} INFO - Setting next_dagrun for dataset_consumes_1_and_2 to None, run_after=None
[2024-04-09T22:04:31.851+0000] {logging_mixin.py:188} INFO - [2024-04-09T22:04:31.851+0000] {dag.py:3954} INFO - Setting next_dagrun for dataset_consumes_1_never_scheduled to None, run_after=None
[2024-04-09T22:04:31.853+0000] {logging_mixin.py:188} INFO - [2024-04-09T22:04:31.853+0000] {dag.py:3954} INFO - Setting next_dagrun for dataset_consumes_unknown_never_scheduled to None, run_after=None
[2024-04-09T22:04:31.857+0000] {logging_mixin.py:188} INFO - [2024-04-09T22:04:31.857+0000] {dag.py:3954} INFO - Setting next_dagrun for dataset_produces_1 to 2024-04-08 00:00:00+00:00, run_after=2024-04-09 00:00:00+00:00
[2024-04-09T22:04:31.860+0000] {logging_mixin.py:188} INFO - [2024-04-09T22:04:31.859+0000] {dag.py:3954} INFO - Setting next_dagrun for dataset_produces_2 to None, run_after=None
[2024-04-09T22:04:32.237+0000] {processor.py:183} INFO - Processing /home/airflow/.local/lib/python3.12/site-packages/airflow/example_dags/example_datasets.py took 0.565 seconds
[2024-04-09T22:05:04.189+0000] {processor.py:161} INFO - Started process (PID=814) to work on /home/airflow/.local/lib/python3.12/site-packages/airflow/example_dags/example_datasets.py
[2024-04-09T22:05:04.191+0000] {processor.py:830} INFO - Processing file /home/airflow/.local/lib/python3.12/site-packages/airflow/example_dags/example_datasets.py for tasks to queue
[2024-04-09T22:05:04.193+0000] {logging_mixin.py:188} INFO - [2024-04-09T22:05:04.193+0000] {dagbag.py:540} INFO - Filling up the DagBag from /home/airflow/.local/lib/python3.12/site-packages/airflow/example_dags/example_datasets.py
[2024-04-09T22:05:04.212+0000] {processor.py:840} INFO - DAG(s) 'dataset_consumes_1_never_scheduled', 'consume_1_or_2_with_dataset_expressions', 'dataset_produces_1', 'consume_1_and_2_with_dataset_expressions', 'dataset_produces_2', 'dataset_consumes_unknown_never_scheduled', 'dataset_consumes_1', 'dataset_consumes_1_and_2', 'conditional_dataset_and_time_based_timetable', 'consume_1_or_both_2_and_3_with_dataset_expressions' retrieved from /home/airflow/.local/lib/python3.12/site-packages/airflow/example_dags/example_datasets.py
[2024-04-09T22:05:04.281+0000] {logging_mixin.py:188} INFO - [2024-04-09T22:05:04.280+0000] {dag.py:3096} INFO - Sync 10 DAGs
[2024-04-09T22:05:04.315+0000] {logging_mixin.py:188} INFO - [2024-04-09T22:05:04.314+0000] {dag.py:3954} INFO - Setting next_dagrun for conditional_dataset_and_time_based_timetable to 2024-04-03 01:00:00+00:00, run_after=2024-04-03 01:00:00+00:00
[2024-04-09T22:05:04.320+0000] {logging_mixin.py:188} INFO - [2024-04-09T22:05:04.320+0000] {dag.py:3954} INFO - Setting next_dagrun for consume_1_and_2_with_dataset_expressions to None, run_after=None
[2024-04-09T22:05:04.323+0000] {logging_mixin.py:188} INFO - [2024-04-09T22:05:04.322+0000] {dag.py:3954} INFO - Setting next_dagrun for consume_1_or_2_with_dataset_expressions to None, run_after=None
[2024-04-09T22:05:04.325+0000] {logging_mixin.py:188} INFO - [2024-04-09T22:05:04.325+0000] {dag.py:3954} INFO - Setting next_dagrun for consume_1_or_both_2_and_3_with_dataset_expressions to None, run_after=None
[2024-04-09T22:05:04.327+0000] {logging_mixin.py:188} INFO - [2024-04-09T22:05:04.327+0000] {dag.py:3954} INFO - Setting next_dagrun for dataset_consumes_1 to None, run_after=None
[2024-04-09T22:05:04.329+0000] {logging_mixin.py:188} INFO - [2024-04-09T22:05:04.329+0000] {dag.py:3954} INFO - Setting next_dagrun for dataset_consumes_1_and_2 to None, run_after=None
[2024-04-09T22:05:04.332+0000] {logging_mixin.py:188} INFO - [2024-04-09T22:05:04.331+0000] {dag.py:3954} INFO - Setting next_dagrun for dataset_consumes_1_never_scheduled to None, run_after=None
[2024-04-09T22:05:04.334+0000] {logging_mixin.py:188} INFO - [2024-04-09T22:05:04.334+0000] {dag.py:3954} INFO - Setting next_dagrun for dataset_consumes_unknown_never_scheduled to None, run_after=None
[2024-04-09T22:05:04.338+0000] {logging_mixin.py:188} INFO - [2024-04-09T22:05:04.337+0000] {dag.py:3954} INFO - Setting next_dagrun for dataset_produces_1 to 2024-04-08 00:00:00+00:00, run_after=2024-04-09 00:00:00+00:00
[2024-04-09T22:05:04.340+0000] {logging_mixin.py:188} INFO - [2024-04-09T22:05:04.340+0000] {dag.py:3954} INFO - Setting next_dagrun for dataset_produces_2 to None, run_after=None
[2024-04-09T22:05:08.838+0000] {processor.py:183} INFO - Processing /home/airflow/.local/lib/python3.12/site-packages/airflow/example_dags/example_datasets.py took 4.656 seconds
[2024-04-09T22:05:39.770+0000] {processor.py:161} INFO - Started process (PID=885) to work on /home/airflow/.local/lib/python3.12/site-packages/airflow/example_dags/example_datasets.py
[2024-04-09T22:05:39.771+0000] {processor.py:830} INFO - Processing file /home/airflow/.local/lib/python3.12/site-packages/airflow/example_dags/example_datasets.py for tasks to queue
[2024-04-09T22:05:39.778+0000] {logging_mixin.py:188} INFO - [2024-04-09T22:05:39.777+0000] {dagbag.py:540} INFO - Filling up the DagBag from /home/airflow/.local/lib/python3.12/site-packages/airflow/example_dags/example_datasets.py
[2024-04-09T22:05:39.803+0000] {processor.py:840} INFO - DAG(s) 'dataset_consumes_1_and_2', 'consume_1_and_2_with_dataset_expressions', 'consume_1_or_2_with_dataset_expressions', 'dataset_consumes_1', 'dataset_consumes_1_never_scheduled', 'consume_1_or_both_2_and_3_with_dataset_expressions', 'conditional_dataset_and_time_based_timetable', 'dataset_produces_2', 'dataset_consumes_unknown_never_scheduled', 'dataset_produces_1' retrieved from /home/airflow/.local/lib/python3.12/site-packages/airflow/example_dags/example_datasets.py
[2024-04-09T22:05:39.873+0000] {logging_mixin.py:188} INFO - [2024-04-09T22:05:39.873+0000] {dag.py:3096} INFO - Sync 10 DAGs
[2024-04-09T22:05:39.907+0000] {logging_mixin.py:188} INFO - [2024-04-09T22:05:39.907+0000] {dag.py:3954} INFO - Setting next_dagrun for conditional_dataset_and_time_based_timetable to 2024-04-03 01:00:00+00:00, run_after=2024-04-03 01:00:00+00:00
[2024-04-09T22:05:39.912+0000] {logging_mixin.py:188} INFO - [2024-04-09T22:05:39.912+0000] {dag.py:3954} INFO - Setting next_dagrun for consume_1_and_2_with_dataset_expressions to None, run_after=None
[2024-04-09T22:05:39.915+0000] {logging_mixin.py:188} INFO - [2024-04-09T22:05:39.914+0000] {dag.py:3954} INFO - Setting next_dagrun for consume_1_or_2_with_dataset_expressions to None, run_after=None
[2024-04-09T22:05:39.917+0000] {logging_mixin.py:188} INFO - [2024-04-09T22:05:39.917+0000] {dag.py:3954} INFO - Setting next_dagrun for consume_1_or_both_2_and_3_with_dataset_expressions to None, run_after=None
[2024-04-09T22:05:39.919+0000] {logging_mixin.py:188} INFO - [2024-04-09T22:05:39.919+0000] {dag.py:3954} INFO - Setting next_dagrun for dataset_consumes_1 to None, run_after=None
[2024-04-09T22:05:39.922+0000] {logging_mixin.py:188} INFO - [2024-04-09T22:05:39.922+0000] {dag.py:3954} INFO - Setting next_dagrun for dataset_consumes_1_and_2 to None, run_after=None
[2024-04-09T22:05:39.924+0000] {logging_mixin.py:188} INFO - [2024-04-09T22:05:39.924+0000] {dag.py:3954} INFO - Setting next_dagrun for dataset_consumes_1_never_scheduled to None, run_after=None
[2024-04-09T22:05:39.927+0000] {logging_mixin.py:188} INFO - [2024-04-09T22:05:39.926+0000] {dag.py:3954} INFO - Setting next_dagrun for dataset_consumes_unknown_never_scheduled to None, run_after=None
[2024-04-09T22:05:39.931+0000] {logging_mixin.py:188} INFO - [2024-04-09T22:05:39.931+0000] {dag.py:3954} INFO - Setting next_dagrun for dataset_produces_1 to 2024-04-08 00:00:00+00:00, run_after=2024-04-09 00:00:00+00:00
[2024-04-09T22:05:39.933+0000] {logging_mixin.py:188} INFO - [2024-04-09T22:05:39.933+0000] {dag.py:3954} INFO - Setting next_dagrun for dataset_produces_2 to None, run_after=None
[2024-04-09T22:05:40.236+0000] {processor.py:183} INFO - Processing /home/airflow/.local/lib/python3.12/site-packages/airflow/example_dags/example_datasets.py took 0.474 seconds
[2024-04-09T22:06:11.042+0000] {processor.py:161} INFO - Started process (PID=943) to work on /home/airflow/.local/lib/python3.12/site-packages/airflow/example_dags/example_datasets.py
[2024-04-09T22:06:11.043+0000] {processor.py:830} INFO - Processing file /home/airflow/.local/lib/python3.12/site-packages/airflow/example_dags/example_datasets.py for tasks to queue
[2024-04-09T22:06:11.046+0000] {logging_mixin.py:188} INFO - [2024-04-09T22:06:11.046+0000] {dagbag.py:540} INFO - Filling up the DagBag from /home/airflow/.local/lib/python3.12/site-packages/airflow/example_dags/example_datasets.py
[2024-04-09T22:06:11.065+0000] {processor.py:840} INFO - DAG(s) 'dataset_produces_2', 'conditional_dataset_and_time_based_timetable', 'consume_1_and_2_with_dataset_expressions', 'consume_1_or_2_with_dataset_expressions', 'consume_1_or_both_2_and_3_with_dataset_expressions', 'dataset_consumes_unknown_never_scheduled', 'dataset_produces_1', 'dataset_consumes_1_never_scheduled', 'dataset_consumes_1', 'dataset_consumes_1_and_2' retrieved from /home/airflow/.local/lib/python3.12/site-packages/airflow/example_dags/example_datasets.py
[2024-04-09T22:06:11.132+0000] {logging_mixin.py:188} INFO - [2024-04-09T22:06:11.132+0000] {dag.py:3096} INFO - Sync 10 DAGs
[2024-04-09T22:06:11.165+0000] {logging_mixin.py:188} INFO - [2024-04-09T22:06:11.164+0000] {dag.py:3954} INFO - Setting next_dagrun for conditional_dataset_and_time_based_timetable to 2024-04-03 01:00:00+00:00, run_after=2024-04-03 01:00:00+00:00
[2024-04-09T22:06:11.170+0000] {logging_mixin.py:188} INFO - [2024-04-09T22:06:11.170+0000] {dag.py:3954} INFO - Setting next_dagrun for consume_1_and_2_with_dataset_expressions to None, run_after=None
[2024-04-09T22:06:11.173+0000] {logging_mixin.py:188} INFO - [2024-04-09T22:06:11.172+0000] {dag.py:3954} INFO - Setting next_dagrun for consume_1_or_2_with_dataset_expressions to None, run_after=None
[2024-04-09T22:06:11.175+0000] {logging_mixin.py:188} INFO - [2024-04-09T22:06:11.175+0000] {dag.py:3954} INFO - Setting next_dagrun for consume_1_or_both_2_and_3_with_dataset_expressions to None, run_after=None
[2024-04-09T22:06:11.177+0000] {logging_mixin.py:188} INFO - [2024-04-09T22:06:11.177+0000] {dag.py:3954} INFO - Setting next_dagrun for dataset_consumes_1 to None, run_after=None
[2024-04-09T22:06:11.180+0000] {logging_mixin.py:188} INFO - [2024-04-09T22:06:11.179+0000] {dag.py:3954} INFO - Setting next_dagrun for dataset_consumes_1_and_2 to None, run_after=None
[2024-04-09T22:06:11.182+0000] {logging_mixin.py:188} INFO - [2024-04-09T22:06:11.182+0000] {dag.py:3954} INFO - Setting next_dagrun for dataset_consumes_1_never_scheduled to None, run_after=None
[2024-04-09T22:06:11.184+0000] {logging_mixin.py:188} INFO - [2024-04-09T22:06:11.184+0000] {dag.py:3954} INFO - Setting next_dagrun for dataset_consumes_unknown_never_scheduled to None, run_after=None
[2024-04-09T22:06:11.188+0000] {logging_mixin.py:188} INFO - [2024-04-09T22:06:11.187+0000] {dag.py:3954} INFO - Setting next_dagrun for dataset_produces_1 to 2024-04-08 00:00:00+00:00, run_after=2024-04-09 00:00:00+00:00
[2024-04-09T22:06:11.190+0000] {logging_mixin.py:188} INFO - [2024-04-09T22:06:11.190+0000] {dag.py:3954} INFO - Setting next_dagrun for dataset_produces_2 to None, run_after=None
[2024-04-09T22:06:11.336+0000] {processor.py:183} INFO - Processing /home/airflow/.local/lib/python3.12/site-packages/airflow/example_dags/example_datasets.py took 0.302 seconds
[2024-04-09T22:06:41.426+0000] {processor.py:161} INFO - Started process (PID=1001) to work on /home/airflow/.local/lib/python3.12/site-packages/airflow/example_dags/example_datasets.py
[2024-04-09T22:06:41.427+0000] {processor.py:830} INFO - Processing file /home/airflow/.local/lib/python3.12/site-packages/airflow/example_dags/example_datasets.py for tasks to queue
[2024-04-09T22:06:41.431+0000] {logging_mixin.py:188} INFO - [2024-04-09T22:06:41.430+0000] {dagbag.py:540} INFO - Filling up the DagBag from /home/airflow/.local/lib/python3.12/site-packages/airflow/example_dags/example_datasets.py
[2024-04-09T22:06:41.458+0000] {processor.py:840} INFO - DAG(s) 'consume_1_or_both_2_and_3_with_dataset_expressions', 'consume_1_and_2_with_dataset_expressions', 'dataset_consumes_1_never_scheduled', 'dataset_consumes_1', 'conditional_dataset_and_time_based_timetable', 'consume_1_or_2_with_dataset_expressions', 'dataset_consumes_unknown_never_scheduled', 'dataset_consumes_1_and_2', 'dataset_produces_2', 'dataset_produces_1' retrieved from /home/airflow/.local/lib/python3.12/site-packages/airflow/example_dags/example_datasets.py
[2024-04-09T22:06:41.692+0000] {logging_mixin.py:188} INFO - [2024-04-09T22:06:41.691+0000] {dag.py:3096} INFO - Sync 10 DAGs
[2024-04-09T22:06:41.740+0000] {logging_mixin.py:188} INFO - [2024-04-09T22:06:41.740+0000] {dag.py:3954} INFO - Setting next_dagrun for conditional_dataset_and_time_based_timetable to 2024-04-03 01:00:00+00:00, run_after=2024-04-03 01:00:00+00:00
[2024-04-09T22:06:41.747+0000] {logging_mixin.py:188} INFO - [2024-04-09T22:06:41.746+0000] {dag.py:3954} INFO - Setting next_dagrun for consume_1_and_2_with_dataset_expressions to None, run_after=None
[2024-04-09T22:06:41.750+0000] {logging_mixin.py:188} INFO - [2024-04-09T22:06:41.749+0000] {dag.py:3954} INFO - Setting next_dagrun for consume_1_or_2_with_dataset_expressions to None, run_after=None
[2024-04-09T22:06:41.753+0000] {logging_mixin.py:188} INFO - [2024-04-09T22:06:41.753+0000] {dag.py:3954} INFO - Setting next_dagrun for consume_1_or_both_2_and_3_with_dataset_expressions to None, run_after=None
[2024-04-09T22:06:41.756+0000] {logging_mixin.py:188} INFO - [2024-04-09T22:06:41.756+0000] {dag.py:3954} INFO - Setting next_dagrun for dataset_consumes_1 to None, run_after=None
[2024-04-09T22:06:41.759+0000] {logging_mixin.py:188} INFO - [2024-04-09T22:06:41.759+0000] {dag.py:3954} INFO - Setting next_dagrun for dataset_consumes_1_and_2 to None, run_after=None
[2024-04-09T22:06:41.762+0000] {logging_mixin.py:188} INFO - [2024-04-09T22:06:41.762+0000] {dag.py:3954} INFO - Setting next_dagrun for dataset_consumes_1_never_scheduled to None, run_after=None
[2024-04-09T22:06:41.765+0000] {logging_mixin.py:188} INFO - [2024-04-09T22:06:41.764+0000] {dag.py:3954} INFO - Setting next_dagrun for dataset_consumes_unknown_never_scheduled to None, run_after=None
[2024-04-09T22:06:41.771+0000] {logging_mixin.py:188} INFO - [2024-04-09T22:06:41.770+0000] {dag.py:3954} INFO - Setting next_dagrun for dataset_produces_1 to 2024-04-08 00:00:00+00:00, run_after=2024-04-09 00:00:00+00:00
[2024-04-09T22:06:41.774+0000] {logging_mixin.py:188} INFO - [2024-04-09T22:06:41.773+0000] {dag.py:3954} INFO - Setting next_dagrun for dataset_produces_2 to None, run_after=None
[2024-04-09T22:06:41.865+0000] {processor.py:183} INFO - Processing /home/airflow/.local/lib/python3.12/site-packages/airflow/example_dags/example_datasets.py took 0.448 seconds
[2024-04-09T22:07:13.224+0000] {processor.py:161} INFO - Started process (PID=1059) to work on /home/airflow/.local/lib/python3.12/site-packages/airflow/example_dags/example_datasets.py
[2024-04-09T22:07:13.226+0000] {processor.py:830} INFO - Processing file /home/airflow/.local/lib/python3.12/site-packages/airflow/example_dags/example_datasets.py for tasks to queue
[2024-04-09T22:07:13.231+0000] {logging_mixin.py:188} INFO - [2024-04-09T22:07:13.230+0000] {dagbag.py:540} INFO - Filling up the DagBag from /home/airflow/.local/lib/python3.12/site-packages/airflow/example_dags/example_datasets.py
[2024-04-09T22:07:13.260+0000] {processor.py:840} INFO - DAG(s) 'conditional_dataset_and_time_based_timetable', 'dataset_consumes_1_never_scheduled', 'dataset_consumes_1', 'dataset_consumes_1_and_2', 'consume_1_or_2_with_dataset_expressions', 'dataset_produces_2', 'consume_1_and_2_with_dataset_expressions', 'dataset_produces_1', 'consume_1_or_both_2_and_3_with_dataset_expressions', 'dataset_consumes_unknown_never_scheduled' retrieved from /home/airflow/.local/lib/python3.12/site-packages/airflow/example_dags/example_datasets.py
[2024-04-09T22:07:13.718+0000] {logging_mixin.py:188} INFO - [2024-04-09T22:07:13.718+0000] {dag.py:3096} INFO - Sync 10 DAGs
[2024-04-09T22:07:13.766+0000] {logging_mixin.py:188} INFO - [2024-04-09T22:07:13.765+0000] {dag.py:3954} INFO - Setting next_dagrun for conditional_dataset_and_time_based_timetable to 2024-04-03 01:00:00+00:00, run_after=2024-04-03 01:00:00+00:00
[2024-04-09T22:07:13.773+0000] {logging_mixin.py:188} INFO - [2024-04-09T22:07:13.772+0000] {dag.py:3954} INFO - Setting next_dagrun for consume_1_and_2_with_dataset_expressions to None, run_after=None
[2024-04-09T22:07:13.776+0000] {logging_mixin.py:188} INFO - [2024-04-09T22:07:13.776+0000] {dag.py:3954} INFO - Setting next_dagrun for consume_1_or_2_with_dataset_expressions to None, run_after=None
[2024-04-09T22:07:13.782+0000] {logging_mixin.py:188} INFO - [2024-04-09T22:07:13.781+0000] {dag.py:3954} INFO - Setting next_dagrun for consume_1_or_both_2_and_3_with_dataset_expressions to None, run_after=None
[2024-04-09T22:07:13.788+0000] {logging_mixin.py:188} INFO - [2024-04-09T22:07:13.787+0000] {dag.py:3954} INFO - Setting next_dagrun for dataset_consumes_1 to None, run_after=None
[2024-04-09T22:07:13.792+0000] {logging_mixin.py:188} INFO - [2024-04-09T22:07:13.792+0000] {dag.py:3954} INFO - Setting next_dagrun for dataset_consumes_1_and_2 to None, run_after=None
[2024-04-09T22:07:13.795+0000] {logging_mixin.py:188} INFO - [2024-04-09T22:07:13.795+0000] {dag.py:3954} INFO - Setting next_dagrun for dataset_consumes_1_never_scheduled to None, run_after=None
[2024-04-09T22:07:13.798+0000] {logging_mixin.py:188} INFO - [2024-04-09T22:07:13.797+0000] {dag.py:3954} INFO - Setting next_dagrun for dataset_consumes_unknown_never_scheduled to None, run_after=None
[2024-04-09T22:07:13.804+0000] {logging_mixin.py:188} INFO - [2024-04-09T22:07:13.803+0000] {dag.py:3954} INFO - Setting next_dagrun for dataset_produces_1 to 2024-04-08 00:00:00+00:00, run_after=2024-04-09 00:00:00+00:00
[2024-04-09T22:07:13.808+0000] {logging_mixin.py:188} INFO - [2024-04-09T22:07:13.807+0000] {dag.py:3954} INFO - Setting next_dagrun for dataset_produces_2 to None, run_after=None
[2024-04-09T22:07:13.925+0000] {processor.py:183} INFO - Processing /home/airflow/.local/lib/python3.12/site-packages/airflow/example_dags/example_datasets.py took 0.715 seconds
[2024-04-09T22:07:43.995+0000] {processor.py:161} INFO - Started process (PID=1117) to work on /home/airflow/.local/lib/python3.12/site-packages/airflow/example_dags/example_datasets.py
[2024-04-09T22:07:43.996+0000] {processor.py:830} INFO - Processing file /home/airflow/.local/lib/python3.12/site-packages/airflow/example_dags/example_datasets.py for tasks to queue
[2024-04-09T22:07:43.999+0000] {logging_mixin.py:188} INFO - [2024-04-09T22:07:43.999+0000] {dagbag.py:540} INFO - Filling up the DagBag from /home/airflow/.local/lib/python3.12/site-packages/airflow/example_dags/example_datasets.py
[2024-04-09T22:07:44.024+0000] {processor.py:840} INFO - DAG(s) 'conditional_dataset_and_time_based_timetable', 'consume_1_or_both_2_and_3_with_dataset_expressions', 'consume_1_or_2_with_dataset_expressions', 'dataset_consumes_1', 'dataset_produces_2', 'consume_1_and_2_with_dataset_expressions', 'dataset_consumes_unknown_never_scheduled', 'dataset_consumes_1_and_2', 'dataset_consumes_1_never_scheduled', 'dataset_produces_1' retrieved from /home/airflow/.local/lib/python3.12/site-packages/airflow/example_dags/example_datasets.py
[2024-04-09T22:07:44.318+0000] {logging_mixin.py:188} INFO - [2024-04-09T22:07:44.318+0000] {dag.py:3096} INFO - Sync 10 DAGs
[2024-04-09T22:07:44.362+0000] {logging_mixin.py:188} INFO - [2024-04-09T22:07:44.362+0000] {dag.py:3954} INFO - Setting next_dagrun for conditional_dataset_and_time_based_timetable to 2024-04-03 01:00:00+00:00, run_after=2024-04-03 01:00:00+00:00
[2024-04-09T22:07:44.372+0000] {logging_mixin.py:188} INFO - [2024-04-09T22:07:44.371+0000] {dag.py:3954} INFO - Setting next_dagrun for consume_1_and_2_with_dataset_expressions to None, run_after=None
[2024-04-09T22:07:44.375+0000] {logging_mixin.py:188} INFO - [2024-04-09T22:07:44.375+0000] {dag.py:3954} INFO - Setting next_dagrun for consume_1_or_2_with_dataset_expressions to None, run_after=None
[2024-04-09T22:07:44.377+0000] {logging_mixin.py:188} INFO - [2024-04-09T22:07:44.377+0000] {dag.py:3954} INFO - Setting next_dagrun for consume_1_or_both_2_and_3_with_dataset_expressions to None, run_after=None
[2024-04-09T22:07:44.380+0000] {logging_mixin.py:188} INFO - [2024-04-09T22:07:44.379+0000] {dag.py:3954} INFO - Setting next_dagrun for dataset_consumes_1 to None, run_after=None
[2024-04-09T22:07:44.382+0000] {logging_mixin.py:188} INFO - [2024-04-09T22:07:44.382+0000] {dag.py:3954} INFO - Setting next_dagrun for dataset_consumes_1_and_2 to None, run_after=None
[2024-04-09T22:07:44.384+0000] {logging_mixin.py:188} INFO - [2024-04-09T22:07:44.384+0000] {dag.py:3954} INFO - Setting next_dagrun for dataset_consumes_1_never_scheduled to None, run_after=None
[2024-04-09T22:07:44.387+0000] {logging_mixin.py:188} INFO - [2024-04-09T22:07:44.386+0000] {dag.py:3954} INFO - Setting next_dagrun for dataset_consumes_unknown_never_scheduled to None, run_after=None
[2024-04-09T22:07:44.391+0000] {logging_mixin.py:188} INFO - [2024-04-09T22:07:44.391+0000] {dag.py:3954} INFO - Setting next_dagrun for dataset_produces_1 to 2024-04-08 00:00:00+00:00, run_after=2024-04-09 00:00:00+00:00
[2024-04-09T22:07:44.436+0000] {logging_mixin.py:188} INFO - [2024-04-09T22:07:44.435+0000] {dag.py:3954} INFO - Setting next_dagrun for dataset_produces_2 to None, run_after=None
[2024-04-09T22:07:44.559+0000] {processor.py:183} INFO - Processing /home/airflow/.local/lib/python3.12/site-packages/airflow/example_dags/example_datasets.py took 0.575 seconds
[2024-04-09T22:08:14.846+0000] {processor.py:161} INFO - Started process (PID=1176) to work on /home/airflow/.local/lib/python3.12/site-packages/airflow/example_dags/example_datasets.py
[2024-04-09T22:08:14.847+0000] {processor.py:830} INFO - Processing file /home/airflow/.local/lib/python3.12/site-packages/airflow/example_dags/example_datasets.py for tasks to queue
[2024-04-09T22:08:14.851+0000] {logging_mixin.py:188} INFO - [2024-04-09T22:08:14.850+0000] {dagbag.py:540} INFO - Filling up the DagBag from /home/airflow/.local/lib/python3.12/site-packages/airflow/example_dags/example_datasets.py
[2024-04-09T22:08:14.873+0000] {processor.py:840} INFO - DAG(s) 'consume_1_or_both_2_and_3_with_dataset_expressions', 'dataset_consumes_1', 'conditional_dataset_and_time_based_timetable', 'dataset_consumes_unknown_never_scheduled', 'dataset_produces_1', 'consume_1_and_2_with_dataset_expressions', 'dataset_produces_2', 'consume_1_or_2_with_dataset_expressions', 'dataset_consumes_1_never_scheduled', 'dataset_consumes_1_and_2' retrieved from /home/airflow/.local/lib/python3.12/site-packages/airflow/example_dags/example_datasets.py
[2024-04-09T22:08:14.948+0000] {logging_mixin.py:188} INFO - [2024-04-09T22:08:14.947+0000] {dag.py:3096} INFO - Sync 10 DAGs
[2024-04-09T22:08:14.986+0000] {logging_mixin.py:188} INFO - [2024-04-09T22:08:14.985+0000] {dag.py:3954} INFO - Setting next_dagrun for conditional_dataset_and_time_based_timetable to 2024-04-03 01:00:00+00:00, run_after=2024-04-03 01:00:00+00:00
[2024-04-09T22:08:14.991+0000] {logging_mixin.py:188} INFO - [2024-04-09T22:08:14.991+0000] {dag.py:3954} INFO - Setting next_dagrun for consume_1_and_2_with_dataset_expressions to None, run_after=None
[2024-04-09T22:08:14.994+0000] {logging_mixin.py:188} INFO - [2024-04-09T22:08:14.994+0000] {dag.py:3954} INFO - Setting next_dagrun for consume_1_or_2_with_dataset_expressions to None, run_after=None
[2024-04-09T22:08:14.998+0000] {logging_mixin.py:188} INFO - [2024-04-09T22:08:14.997+0000] {dag.py:3954} INFO - Setting next_dagrun for consume_1_or_both_2_and_3_with_dataset_expressions to None, run_after=None
[2024-04-09T22:08:15.000+0000] {logging_mixin.py:188} INFO - [2024-04-09T22:08:15.000+0000] {dag.py:3954} INFO - Setting next_dagrun for dataset_consumes_1 to None, run_after=None
[2024-04-09T22:08:15.003+0000] {logging_mixin.py:188} INFO - [2024-04-09T22:08:15.003+0000] {dag.py:3954} INFO - Setting next_dagrun for dataset_consumes_1_and_2 to None, run_after=None
[2024-04-09T22:08:15.005+0000] {logging_mixin.py:188} INFO - [2024-04-09T22:08:15.005+0000] {dag.py:3954} INFO - Setting next_dagrun for dataset_consumes_1_never_scheduled to None, run_after=None
[2024-04-09T22:08:15.008+0000] {logging_mixin.py:188} INFO - [2024-04-09T22:08:15.007+0000] {dag.py:3954} INFO - Setting next_dagrun for dataset_consumes_unknown_never_scheduled to None, run_after=None
[2024-04-09T22:08:15.012+0000] {logging_mixin.py:188} INFO - [2024-04-09T22:08:15.012+0000] {dag.py:3954} INFO - Setting next_dagrun for dataset_produces_1 to 2024-04-08 00:00:00+00:00, run_after=2024-04-09 00:00:00+00:00
[2024-04-09T22:08:15.015+0000] {logging_mixin.py:188} INFO - [2024-04-09T22:08:15.015+0000] {dag.py:3954} INFO - Setting next_dagrun for dataset_produces_2 to None, run_after=None
[2024-04-09T22:08:15.222+0000] {processor.py:183} INFO - Processing /home/airflow/.local/lib/python3.12/site-packages/airflow/example_dags/example_datasets.py took 0.388 seconds
[2024-04-09T22:08:46.181+0000] {processor.py:161} INFO - Started process (PID=1234) to work on /home/airflow/.local/lib/python3.12/site-packages/airflow/example_dags/example_datasets.py
[2024-04-09T22:08:46.182+0000] {processor.py:830} INFO - Processing file /home/airflow/.local/lib/python3.12/site-packages/airflow/example_dags/example_datasets.py for tasks to queue
[2024-04-09T22:08:46.185+0000] {logging_mixin.py:188} INFO - [2024-04-09T22:08:46.184+0000] {dagbag.py:540} INFO - Filling up the DagBag from /home/airflow/.local/lib/python3.12/site-packages/airflow/example_dags/example_datasets.py
[2024-04-09T22:08:46.205+0000] {processor.py:840} INFO - DAG(s) 'dataset_consumes_unknown_never_scheduled', 'dataset_produces_1', 'consume_1_or_2_with_dataset_expressions', 'dataset_consumes_1', 'consume_1_or_both_2_and_3_with_dataset_expressions', 'conditional_dataset_and_time_based_timetable', 'dataset_consumes_1_never_scheduled', 'dataset_consumes_1_and_2', 'dataset_produces_2', 'consume_1_and_2_with_dataset_expressions' retrieved from /home/airflow/.local/lib/python3.12/site-packages/airflow/example_dags/example_datasets.py
[2024-04-09T22:08:46.279+0000] {logging_mixin.py:188} INFO - [2024-04-09T22:08:46.278+0000] {dag.py:3096} INFO - Sync 10 DAGs
[2024-04-09T22:08:46.319+0000] {logging_mixin.py:188} INFO - [2024-04-09T22:08:46.318+0000] {dag.py:3954} INFO - Setting next_dagrun for conditional_dataset_and_time_based_timetable to 2024-04-03 01:00:00+00:00, run_after=2024-04-03 01:00:00+00:00
[2024-04-09T22:08:46.325+0000] {logging_mixin.py:188} INFO - [2024-04-09T22:08:46.324+0000] {dag.py:3954} INFO - Setting next_dagrun for consume_1_and_2_with_dataset_expressions to None, run_after=None
[2024-04-09T22:08:46.328+0000] {logging_mixin.py:188} INFO - [2024-04-09T22:08:46.327+0000] {dag.py:3954} INFO - Setting next_dagrun for consume_1_or_2_with_dataset_expressions to None, run_after=None
[2024-04-09T22:08:46.330+0000] {logging_mixin.py:188} INFO - [2024-04-09T22:08:46.330+0000] {dag.py:3954} INFO - Setting next_dagrun for consume_1_or_both_2_and_3_with_dataset_expressions to None, run_after=None
[2024-04-09T22:08:46.333+0000] {logging_mixin.py:188} INFO - [2024-04-09T22:08:46.333+0000] {dag.py:3954} INFO - Setting next_dagrun for dataset_consumes_1 to None, run_after=None
[2024-04-09T22:08:46.335+0000] {logging_mixin.py:188} INFO - [2024-04-09T22:08:46.335+0000] {dag.py:3954} INFO - Setting next_dagrun for dataset_consumes_1_and_2 to None, run_after=None
[2024-04-09T22:08:46.338+0000] {logging_mixin.py:188} INFO - [2024-04-09T22:08:46.338+0000] {dag.py:3954} INFO - Setting next_dagrun for dataset_consumes_1_never_scheduled to None, run_after=None
[2024-04-09T22:08:46.341+0000] {logging_mixin.py:188} INFO - [2024-04-09T22:08:46.340+0000] {dag.py:3954} INFO - Setting next_dagrun for dataset_consumes_unknown_never_scheduled to None, run_after=None
[2024-04-09T22:08:46.345+0000] {logging_mixin.py:188} INFO - [2024-04-09T22:08:46.345+0000] {dag.py:3954} INFO - Setting next_dagrun for dataset_produces_1 to 2024-04-08 00:00:00+00:00, run_after=2024-04-09 00:00:00+00:00
[2024-04-09T22:08:46.348+0000] {logging_mixin.py:188} INFO - [2024-04-09T22:08:46.347+0000] {dag.py:3954} INFO - Setting next_dagrun for dataset_produces_2 to None, run_after=None
[2024-04-09T22:08:46.435+0000] {processor.py:183} INFO - Processing /home/airflow/.local/lib/python3.12/site-packages/airflow/example_dags/example_datasets.py took 0.264 seconds
[2024-04-09T22:09:16.542+0000] {processor.py:161} INFO - Started process (PID=1292) to work on /home/airflow/.local/lib/python3.12/site-packages/airflow/example_dags/example_datasets.py
[2024-04-09T22:09:16.544+0000] {processor.py:830} INFO - Processing file /home/airflow/.local/lib/python3.12/site-packages/airflow/example_dags/example_datasets.py for tasks to queue
[2024-04-09T22:09:16.547+0000] {logging_mixin.py:188} INFO - [2024-04-09T22:09:16.546+0000] {dagbag.py:540} INFO - Filling up the DagBag from /home/airflow/.local/lib/python3.12/site-packages/airflow/example_dags/example_datasets.py
[2024-04-09T22:09:16.565+0000] {processor.py:840} INFO - DAG(s) 'dataset_produces_2', 'dataset_produces_1', 'consume_1_or_2_with_dataset_expressions', 'consume_1_or_both_2_and_3_with_dataset_expressions', 'conditional_dataset_and_time_based_timetable', 'dataset_consumes_1_never_scheduled', 'dataset_consumes_unknown_never_scheduled', 'dataset_consumes_1_and_2', 'consume_1_and_2_with_dataset_expressions', 'dataset_consumes_1' retrieved from /home/airflow/.local/lib/python3.12/site-packages/airflow/example_dags/example_datasets.py
[2024-04-09T22:09:16.638+0000] {logging_mixin.py:188} INFO - [2024-04-09T22:09:16.638+0000] {dag.py:3096} INFO - Sync 10 DAGs
[2024-04-09T22:09:16.680+0000] {logging_mixin.py:188} INFO - [2024-04-09T22:09:16.679+0000] {dag.py:3954} INFO - Setting next_dagrun for conditional_dataset_and_time_based_timetable to 2024-04-03 01:00:00+00:00, run_after=2024-04-03 01:00:00+00:00
[2024-04-09T22:09:16.685+0000] {logging_mixin.py:188} INFO - [2024-04-09T22:09:16.685+0000] {dag.py:3954} INFO - Setting next_dagrun for consume_1_and_2_with_dataset_expressions to None, run_after=None
[2024-04-09T22:09:16.688+0000] {logging_mixin.py:188} INFO - [2024-04-09T22:09:16.688+0000] {dag.py:3954} INFO - Setting next_dagrun for consume_1_or_2_with_dataset_expressions to None, run_after=None
[2024-04-09T22:09:16.691+0000] {logging_mixin.py:188} INFO - [2024-04-09T22:09:16.690+0000] {dag.py:3954} INFO - Setting next_dagrun for consume_1_or_both_2_and_3_with_dataset_expressions to None, run_after=None
[2024-04-09T22:09:16.694+0000] {logging_mixin.py:188} INFO - [2024-04-09T22:09:16.693+0000] {dag.py:3954} INFO - Setting next_dagrun for dataset_consumes_1 to None, run_after=None
[2024-04-09T22:09:16.696+0000] {logging_mixin.py:188} INFO - [2024-04-09T22:09:16.696+0000] {dag.py:3954} INFO - Setting next_dagrun for dataset_consumes_1_and_2 to None, run_after=None
[2024-04-09T22:09:16.699+0000] {logging_mixin.py:188} INFO - [2024-04-09T22:09:16.698+0000] {dag.py:3954} INFO - Setting next_dagrun for dataset_consumes_1_never_scheduled to None, run_after=None
[2024-04-09T22:09:16.701+0000] {logging_mixin.py:188} INFO - [2024-04-09T22:09:16.701+0000] {dag.py:3954} INFO - Setting next_dagrun for dataset_consumes_unknown_never_scheduled to None, run_after=None
[2024-04-09T22:09:16.705+0000] {logging_mixin.py:188} INFO - [2024-04-09T22:09:16.705+0000] {dag.py:3954} INFO - Setting next_dagrun for dataset_produces_1 to 2024-04-08 00:00:00+00:00, run_after=2024-04-09 00:00:00+00:00
[2024-04-09T22:09:16.708+0000] {logging_mixin.py:188} INFO - [2024-04-09T22:09:16.708+0000] {dag.py:3954} INFO - Setting next_dagrun for dataset_produces_2 to None, run_after=None
[2024-04-09T22:09:16.828+0000] {processor.py:183} INFO - Processing /home/airflow/.local/lib/python3.12/site-packages/airflow/example_dags/example_datasets.py took 0.295 seconds
[2024-04-09T22:09:47.024+0000] {processor.py:161} INFO - Started process (PID=1350) to work on /home/airflow/.local/lib/python3.12/site-packages/airflow/example_dags/example_datasets.py
[2024-04-09T22:09:47.025+0000] {processor.py:830} INFO - Processing file /home/airflow/.local/lib/python3.12/site-packages/airflow/example_dags/example_datasets.py for tasks to queue
[2024-04-09T22:09:47.028+0000] {logging_mixin.py:188} INFO - [2024-04-09T22:09:47.027+0000] {dagbag.py:540} INFO - Filling up the DagBag from /home/airflow/.local/lib/python3.12/site-packages/airflow/example_dags/example_datasets.py
[2024-04-09T22:09:47.047+0000] {processor.py:840} INFO - DAG(s) 'dataset_produces_2', 'consume_1_and_2_with_dataset_expressions', 'consume_1_or_both_2_and_3_with_dataset_expressions', 'dataset_consumes_1', 'dataset_consumes_1_never_scheduled', 'dataset_produces_1', 'consume_1_or_2_with_dataset_expressions', 'dataset_consumes_unknown_never_scheduled', 'conditional_dataset_and_time_based_timetable', 'dataset_consumes_1_and_2' retrieved from /home/airflow/.local/lib/python3.12/site-packages/airflow/example_dags/example_datasets.py
[2024-04-09T22:09:47.117+0000] {logging_mixin.py:188} INFO - [2024-04-09T22:09:47.117+0000] {dag.py:3096} INFO - Sync 10 DAGs
[2024-04-09T22:09:47.152+0000] {logging_mixin.py:188} INFO - [2024-04-09T22:09:47.152+0000] {dag.py:3954} INFO - Setting next_dagrun for conditional_dataset_and_time_based_timetable to 2024-04-03 01:00:00+00:00, run_after=2024-04-03 01:00:00+00:00
[2024-04-09T22:09:47.157+0000] {logging_mixin.py:188} INFO - [2024-04-09T22:09:47.157+0000] {dag.py:3954} INFO - Setting next_dagrun for consume_1_and_2_with_dataset_expressions to None, run_after=None
[2024-04-09T22:09:47.160+0000] {logging_mixin.py:188} INFO - [2024-04-09T22:09:47.160+0000] {dag.py:3954} INFO - Setting next_dagrun for consume_1_or_2_with_dataset_expressions to None, run_after=None
[2024-04-09T22:09:47.162+0000] {logging_mixin.py:188} INFO - [2024-04-09T22:09:47.162+0000] {dag.py:3954} INFO - Setting next_dagrun for consume_1_or_both_2_and_3_with_dataset_expressions to None, run_after=None
[2024-04-09T22:09:47.164+0000] {logging_mixin.py:188} INFO - [2024-04-09T22:09:47.164+0000] {dag.py:3954} INFO - Setting next_dagrun for dataset_consumes_1 to None, run_after=None
[2024-04-09T22:09:47.167+0000] {logging_mixin.py:188} INFO - [2024-04-09T22:09:47.166+0000] {dag.py:3954} INFO - Setting next_dagrun for dataset_consumes_1_and_2 to None, run_after=None
[2024-04-09T22:09:47.169+0000] {logging_mixin.py:188} INFO - [2024-04-09T22:09:47.169+0000] {dag.py:3954} INFO - Setting next_dagrun for dataset_consumes_1_never_scheduled to None, run_after=None
[2024-04-09T22:09:47.171+0000] {logging_mixin.py:188} INFO - [2024-04-09T22:09:47.171+0000] {dag.py:3954} INFO - Setting next_dagrun for dataset_consumes_unknown_never_scheduled to None, run_after=None
[2024-04-09T22:09:47.175+0000] {logging_mixin.py:188} INFO - [2024-04-09T22:09:47.175+0000] {dag.py:3954} INFO - Setting next_dagrun for dataset_produces_1 to 2024-04-08 00:00:00+00:00, run_after=2024-04-09 00:00:00+00:00
[2024-04-09T22:09:47.177+0000] {logging_mixin.py:188} INFO - [2024-04-09T22:09:47.177+0000] {dag.py:3954} INFO - Setting next_dagrun for dataset_produces_2 to None, run_after=None
[2024-04-09T22:09:47.250+0000] {processor.py:183} INFO - Processing /home/airflow/.local/lib/python3.12/site-packages/airflow/example_dags/example_datasets.py took 0.235 seconds
[2024-04-09T22:10:17.391+0000] {processor.py:161} INFO - Started process (PID=1408) to work on /home/airflow/.local/lib/python3.12/site-packages/airflow/example_dags/example_datasets.py
[2024-04-09T22:10:17.392+0000] {processor.py:830} INFO - Processing file /home/airflow/.local/lib/python3.12/site-packages/airflow/example_dags/example_datasets.py for tasks to queue
[2024-04-09T22:10:17.395+0000] {logging_mixin.py:188} INFO - [2024-04-09T22:10:17.395+0000] {dagbag.py:540} INFO - Filling up the DagBag from /home/airflow/.local/lib/python3.12/site-packages/airflow/example_dags/example_datasets.py
[2024-04-09T22:10:17.416+0000] {processor.py:840} INFO - DAG(s) 'dataset_consumes_unknown_never_scheduled', 'dataset_produces_1', 'consume_1_or_2_with_dataset_expressions', 'dataset_produces_2', 'consume_1_or_both_2_and_3_with_dataset_expressions', 'dataset_consumes_1_and_2', 'consume_1_and_2_with_dataset_expressions', 'dataset_consumes_1_never_scheduled', 'conditional_dataset_and_time_based_timetable', 'dataset_consumes_1' retrieved from /home/airflow/.local/lib/python3.12/site-packages/airflow/example_dags/example_datasets.py
[2024-04-09T22:10:17.494+0000] {logging_mixin.py:188} INFO - [2024-04-09T22:10:17.494+0000] {dag.py:3096} INFO - Sync 10 DAGs
[2024-04-09T22:10:17.534+0000] {logging_mixin.py:188} INFO - [2024-04-09T22:10:17.533+0000] {dag.py:3954} INFO - Setting next_dagrun for conditional_dataset_and_time_based_timetable to 2024-04-03 01:00:00+00:00, run_after=2024-04-03 01:00:00+00:00
[2024-04-09T22:10:17.540+0000] {logging_mixin.py:188} INFO - [2024-04-09T22:10:17.540+0000] {dag.py:3954} INFO - Setting next_dagrun for consume_1_and_2_with_dataset_expressions to None, run_after=None
[2024-04-09T22:10:17.543+0000] {logging_mixin.py:188} INFO - [2024-04-09T22:10:17.542+0000] {dag.py:3954} INFO - Setting next_dagrun for consume_1_or_2_with_dataset_expressions to None, run_after=None
[2024-04-09T22:10:17.545+0000] {logging_mixin.py:188} INFO - [2024-04-09T22:10:17.545+0000] {dag.py:3954} INFO - Setting next_dagrun for consume_1_or_both_2_and_3_with_dataset_expressions to None, run_after=None
[2024-04-09T22:10:17.547+0000] {logging_mixin.py:188} INFO - [2024-04-09T22:10:17.547+0000] {dag.py:3954} INFO - Setting next_dagrun for dataset_consumes_1 to None, run_after=None
[2024-04-09T22:10:17.550+0000] {logging_mixin.py:188} INFO - [2024-04-09T22:10:17.549+0000] {dag.py:3954} INFO - Setting next_dagrun for dataset_consumes_1_and_2 to None, run_after=None
[2024-04-09T22:10:17.552+0000] {logging_mixin.py:188} INFO - [2024-04-09T22:10:17.552+0000] {dag.py:3954} INFO - Setting next_dagrun for dataset_consumes_1_never_scheduled to None, run_after=None
[2024-04-09T22:10:17.555+0000] {logging_mixin.py:188} INFO - [2024-04-09T22:10:17.555+0000] {dag.py:3954} INFO - Setting next_dagrun for dataset_consumes_unknown_never_scheduled to None, run_after=None
[2024-04-09T22:10:17.560+0000] {logging_mixin.py:188} INFO - [2024-04-09T22:10:17.560+0000] {dag.py:3954} INFO - Setting next_dagrun for dataset_produces_1 to 2024-04-08 00:00:00+00:00, run_after=2024-04-09 00:00:00+00:00
[2024-04-09T22:10:17.564+0000] {logging_mixin.py:188} INFO - [2024-04-09T22:10:17.563+0000] {dag.py:3954} INFO - Setting next_dagrun for dataset_produces_2 to None, run_after=None
[2024-04-09T22:10:17.676+0000] {processor.py:183} INFO - Processing /home/airflow/.local/lib/python3.12/site-packages/airflow/example_dags/example_datasets.py took 0.297 seconds
[2024-04-09T22:10:48.209+0000] {processor.py:161} INFO - Started process (PID=1466) to work on /home/airflow/.local/lib/python3.12/site-packages/airflow/example_dags/example_datasets.py
[2024-04-09T22:10:48.211+0000] {processor.py:830} INFO - Processing file /home/airflow/.local/lib/python3.12/site-packages/airflow/example_dags/example_datasets.py for tasks to queue
[2024-04-09T22:10:48.213+0000] {logging_mixin.py:188} INFO - [2024-04-09T22:10:48.213+0000] {dagbag.py:540} INFO - Filling up the DagBag from /home/airflow/.local/lib/python3.12/site-packages/airflow/example_dags/example_datasets.py
[2024-04-09T22:10:48.235+0000] {processor.py:840} INFO - DAG(s) 'dataset_consumes_1', 'dataset_produces_1', 'consume_1_or_both_2_and_3_with_dataset_expressions', 'consume_1_or_2_with_dataset_expressions', 'consume_1_and_2_with_dataset_expressions', 'conditional_dataset_and_time_based_timetable', 'dataset_consumes_unknown_never_scheduled', 'dataset_consumes_1_and_2', 'dataset_consumes_1_never_scheduled', 'dataset_produces_2' retrieved from /home/airflow/.local/lib/python3.12/site-packages/airflow/example_dags/example_datasets.py
[2024-04-09T22:10:48.317+0000] {logging_mixin.py:188} INFO - [2024-04-09T22:10:48.317+0000] {dag.py:3096} INFO - Sync 10 DAGs
[2024-04-09T22:10:48.357+0000] {logging_mixin.py:188} INFO - [2024-04-09T22:10:48.357+0000] {dag.py:3954} INFO - Setting next_dagrun for conditional_dataset_and_time_based_timetable to 2024-04-03 01:00:00+00:00, run_after=2024-04-03 01:00:00+00:00
[2024-04-09T22:10:48.363+0000] {logging_mixin.py:188} INFO - [2024-04-09T22:10:48.363+0000] {dag.py:3954} INFO - Setting next_dagrun for consume_1_and_2_with_dataset_expressions to None, run_after=None
[2024-04-09T22:10:48.367+0000] {logging_mixin.py:188} INFO - [2024-04-09T22:10:48.367+0000] {dag.py:3954} INFO - Setting next_dagrun for consume_1_or_2_with_dataset_expressions to None, run_after=None
[2024-04-09T22:10:48.371+0000] {logging_mixin.py:188} INFO - [2024-04-09T22:10:48.370+0000] {dag.py:3954} INFO - Setting next_dagrun for consume_1_or_both_2_and_3_with_dataset_expressions to None, run_after=None
[2024-04-09T22:10:48.373+0000] {logging_mixin.py:188} INFO - [2024-04-09T22:10:48.373+0000] {dag.py:3954} INFO - Setting next_dagrun for dataset_consumes_1 to None, run_after=None
[2024-04-09T22:10:48.376+0000] {logging_mixin.py:188} INFO - [2024-04-09T22:10:48.376+0000] {dag.py:3954} INFO - Setting next_dagrun for dataset_consumes_1_and_2 to None, run_after=None
[2024-04-09T22:10:48.378+0000] {logging_mixin.py:188} INFO - [2024-04-09T22:10:48.378+0000] {dag.py:3954} INFO - Setting next_dagrun for dataset_consumes_1_never_scheduled to None, run_after=None
[2024-04-09T22:10:48.381+0000] {logging_mixin.py:188} INFO - [2024-04-09T22:10:48.380+0000] {dag.py:3954} INFO - Setting next_dagrun for dataset_consumes_unknown_never_scheduled to None, run_after=None
[2024-04-09T22:10:48.384+0000] {logging_mixin.py:188} INFO - [2024-04-09T22:10:48.384+0000] {dag.py:3954} INFO - Setting next_dagrun for dataset_produces_1 to 2024-04-08 00:00:00+00:00, run_after=2024-04-09 00:00:00+00:00
[2024-04-09T22:10:48.387+0000] {logging_mixin.py:188} INFO - [2024-04-09T22:10:48.387+0000] {dag.py:3954} INFO - Setting next_dagrun for dataset_produces_2 to None, run_after=None
[2024-04-09T22:10:48.480+0000] {processor.py:183} INFO - Processing /home/airflow/.local/lib/python3.12/site-packages/airflow/example_dags/example_datasets.py took 0.278 seconds
[2024-04-09T22:11:19.045+0000] {processor.py:161} INFO - Started process (PID=1524) to work on /home/airflow/.local/lib/python3.12/site-packages/airflow/example_dags/example_datasets.py
[2024-04-09T22:11:19.051+0000] {processor.py:830} INFO - Processing file /home/airflow/.local/lib/python3.12/site-packages/airflow/example_dags/example_datasets.py for tasks to queue
[2024-04-09T22:11:19.056+0000] {logging_mixin.py:188} INFO - [2024-04-09T22:11:19.055+0000] {dagbag.py:540} INFO - Filling up the DagBag from /home/airflow/.local/lib/python3.12/site-packages/airflow/example_dags/example_datasets.py
[2024-04-09T22:11:19.107+0000] {processor.py:840} INFO - DAG(s) 'dataset_produces_1', 'consume_1_and_2_with_dataset_expressions', 'dataset_consumes_1', 'dataset_consumes_1_and_2', 'consume_1_or_2_with_dataset_expressions', 'dataset_consumes_1_never_scheduled', 'dataset_consumes_unknown_never_scheduled', 'conditional_dataset_and_time_based_timetable', 'consume_1_or_both_2_and_3_with_dataset_expressions', 'dataset_produces_2' retrieved from /home/airflow/.local/lib/python3.12/site-packages/airflow/example_dags/example_datasets.py
[2024-04-09T22:11:19.204+0000] {logging_mixin.py:188} INFO - [2024-04-09T22:11:19.204+0000] {dag.py:3096} INFO - Sync 10 DAGs
[2024-04-09T22:11:19.242+0000] {logging_mixin.py:188} INFO - [2024-04-09T22:11:19.241+0000] {dag.py:3954} INFO - Setting next_dagrun for conditional_dataset_and_time_based_timetable to 2024-04-03 01:00:00+00:00, run_after=2024-04-03 01:00:00+00:00
[2024-04-09T22:11:19.248+0000] {logging_mixin.py:188} INFO - [2024-04-09T22:11:19.247+0000] {dag.py:3954} INFO - Setting next_dagrun for consume_1_and_2_with_dataset_expressions to None, run_after=None
[2024-04-09T22:11:19.250+0000] {logging_mixin.py:188} INFO - [2024-04-09T22:11:19.250+0000] {dag.py:3954} INFO - Setting next_dagrun for consume_1_or_2_with_dataset_expressions to None, run_after=None
[2024-04-09T22:11:19.253+0000] {logging_mixin.py:188} INFO - [2024-04-09T22:11:19.253+0000] {dag.py:3954} INFO - Setting next_dagrun for consume_1_or_both_2_and_3_with_dataset_expressions to None, run_after=None
[2024-04-09T22:11:19.256+0000] {logging_mixin.py:188} INFO - [2024-04-09T22:11:19.256+0000] {dag.py:3954} INFO - Setting next_dagrun for dataset_consumes_1 to None, run_after=None
[2024-04-09T22:11:19.259+0000] {logging_mixin.py:188} INFO - [2024-04-09T22:11:19.259+0000] {dag.py:3954} INFO - Setting next_dagrun for dataset_consumes_1_and_2 to None, run_after=None
[2024-04-09T22:11:19.262+0000] {logging_mixin.py:188} INFO - [2024-04-09T22:11:19.261+0000] {dag.py:3954} INFO - Setting next_dagrun for dataset_consumes_1_never_scheduled to None, run_after=None
[2024-04-09T22:11:19.264+0000] {logging_mixin.py:188} INFO - [2024-04-09T22:11:19.263+0000] {dag.py:3954} INFO - Setting next_dagrun for dataset_consumes_unknown_never_scheduled to None, run_after=None
[2024-04-09T22:11:19.268+0000] {logging_mixin.py:188} INFO - [2024-04-09T22:11:19.267+0000] {dag.py:3954} INFO - Setting next_dagrun for dataset_produces_1 to 2024-04-08 00:00:00+00:00, run_after=2024-04-09 00:00:00+00:00
[2024-04-09T22:11:19.271+0000] {logging_mixin.py:188} INFO - [2024-04-09T22:11:19.270+0000] {dag.py:3954} INFO - Setting next_dagrun for dataset_produces_2 to None, run_after=None
[2024-04-09T22:11:19.346+0000] {processor.py:183} INFO - Processing /home/airflow/.local/lib/python3.12/site-packages/airflow/example_dags/example_datasets.py took 0.323 seconds
