[2024-04-09T21:57:46.409+0000] {processor.py:161} INFO - Started process (PID=75) to work on /home/airflow/.local/lib/python3.12/site-packages/airflow/example_dags/example_time_delta_sensor_async.py
[2024-04-09T21:57:46.410+0000] {processor.py:830} INFO - Processing file /home/airflow/.local/lib/python3.12/site-packages/airflow/example_dags/example_time_delta_sensor_async.py for tasks to queue
[2024-04-09T21:57:46.413+0000] {logging_mixin.py:188} INFO - [2024-04-09T21:57:46.413+0000] {dagbag.py:540} INFO - Filling up the DagBag from /home/airflow/.local/lib/python3.12/site-packages/airflow/example_dags/example_time_delta_sensor_async.py
[2024-04-09T21:57:46.425+0000] {processor.py:840} INFO - DAG(s) 'example_time_delta_sensor_async' retrieved from /home/airflow/.local/lib/python3.12/site-packages/airflow/example_dags/example_time_delta_sensor_async.py
[2024-04-09T21:57:46.566+0000] {logging_mixin.py:188} INFO - [2024-04-09T21:57:46.566+0000] {dag.py:3096} INFO - Sync 1 DAGs
[2024-04-09T21:57:46.585+0000] {logging_mixin.py:188} INFO - [2024-04-09T21:57:46.584+0000] {dag.py:3954} INFO - Setting next_dagrun for example_time_delta_sensor_async to None, run_after=None
[2024-04-09T21:57:46.766+0000] {processor.py:183} INFO - Processing /home/airflow/.local/lib/python3.12/site-packages/airflow/example_dags/example_time_delta_sensor_async.py took 0.368 seconds
[2024-04-09T21:58:20.728+0000] {processor.py:161} INFO - Started process (PID=133) to work on /home/airflow/.local/lib/python3.12/site-packages/airflow/example_dags/example_time_delta_sensor_async.py
[2024-04-09T21:58:20.730+0000] {processor.py:830} INFO - Processing file /home/airflow/.local/lib/python3.12/site-packages/airflow/example_dags/example_time_delta_sensor_async.py for tasks to queue
[2024-04-09T21:58:20.732+0000] {logging_mixin.py:188} INFO - [2024-04-09T21:58:20.732+0000] {dagbag.py:540} INFO - Filling up the DagBag from /home/airflow/.local/lib/python3.12/site-packages/airflow/example_dags/example_time_delta_sensor_async.py
[2024-04-09T21:58:20.738+0000] {processor.py:840} INFO - DAG(s) 'example_time_delta_sensor_async' retrieved from /home/airflow/.local/lib/python3.12/site-packages/airflow/example_dags/example_time_delta_sensor_async.py
[2024-04-09T21:58:20.764+0000] {logging_mixin.py:188} INFO - [2024-04-09T21:58:20.763+0000] {dag.py:3096} INFO - Sync 1 DAGs
[2024-04-09T21:58:20.780+0000] {logging_mixin.py:188} INFO - [2024-04-09T21:58:20.780+0000] {dag.py:3954} INFO - Setting next_dagrun for example_time_delta_sensor_async to None, run_after=None
[2024-04-09T21:58:21.001+0000] {processor.py:183} INFO - Processing /home/airflow/.local/lib/python3.12/site-packages/airflow/example_dags/example_time_delta_sensor_async.py took 0.280 seconds
[2024-04-09T21:58:51.652+0000] {processor.py:161} INFO - Started process (PID=189) to work on /home/airflow/.local/lib/python3.12/site-packages/airflow/example_dags/example_time_delta_sensor_async.py
[2024-04-09T21:58:51.653+0000] {processor.py:830} INFO - Processing file /home/airflow/.local/lib/python3.12/site-packages/airflow/example_dags/example_time_delta_sensor_async.py for tasks to queue
[2024-04-09T21:58:51.656+0000] {logging_mixin.py:188} INFO - [2024-04-09T21:58:51.655+0000] {dagbag.py:540} INFO - Filling up the DagBag from /home/airflow/.local/lib/python3.12/site-packages/airflow/example_dags/example_time_delta_sensor_async.py
[2024-04-09T21:58:51.661+0000] {processor.py:840} INFO - DAG(s) 'example_time_delta_sensor_async' retrieved from /home/airflow/.local/lib/python3.12/site-packages/airflow/example_dags/example_time_delta_sensor_async.py
[2024-04-09T21:58:51.688+0000] {logging_mixin.py:188} INFO - [2024-04-09T21:58:51.687+0000] {dag.py:3096} INFO - Sync 1 DAGs
[2024-04-09T21:58:51.705+0000] {logging_mixin.py:188} INFO - [2024-04-09T21:58:51.704+0000] {dag.py:3954} INFO - Setting next_dagrun for example_time_delta_sensor_async to None, run_after=None
[2024-04-09T21:58:51.911+0000] {processor.py:183} INFO - Processing /home/airflow/.local/lib/python3.12/site-packages/airflow/example_dags/example_time_delta_sensor_async.py took 0.267 seconds
[2024-04-09T21:59:25.136+0000] {processor.py:161} INFO - Started process (PID=247) to work on /home/airflow/.local/lib/python3.12/site-packages/airflow/example_dags/example_time_delta_sensor_async.py
[2024-04-09T21:59:25.138+0000] {processor.py:830} INFO - Processing file /home/airflow/.local/lib/python3.12/site-packages/airflow/example_dags/example_time_delta_sensor_async.py for tasks to queue
[2024-04-09T21:59:25.141+0000] {logging_mixin.py:188} INFO - [2024-04-09T21:59:25.141+0000] {dagbag.py:540} INFO - Filling up the DagBag from /home/airflow/.local/lib/python3.12/site-packages/airflow/example_dags/example_time_delta_sensor_async.py
[2024-04-09T21:59:25.149+0000] {processor.py:840} INFO - DAG(s) 'example_time_delta_sensor_async' retrieved from /home/airflow/.local/lib/python3.12/site-packages/airflow/example_dags/example_time_delta_sensor_async.py
[2024-04-09T21:59:25.180+0000] {logging_mixin.py:188} INFO - [2024-04-09T21:59:25.180+0000] {dag.py:3096} INFO - Sync 1 DAGs
[2024-04-09T21:59:25.205+0000] {logging_mixin.py:188} INFO - [2024-04-09T21:59:25.204+0000] {dag.py:3954} INFO - Setting next_dagrun for example_time_delta_sensor_async to None, run_after=None
[2024-04-09T21:59:25.371+0000] {processor.py:183} INFO - Processing /home/airflow/.local/lib/python3.12/site-packages/airflow/example_dags/example_time_delta_sensor_async.py took 0.245 seconds
[2024-04-09T22:00:07.042+0000] {processor.py:161} INFO - Started process (PID=305) to work on /home/airflow/.local/lib/python3.12/site-packages/airflow/example_dags/example_time_delta_sensor_async.py
[2024-04-09T22:00:07.044+0000] {processor.py:830} INFO - Processing file /home/airflow/.local/lib/python3.12/site-packages/airflow/example_dags/example_time_delta_sensor_async.py for tasks to queue
[2024-04-09T22:00:07.046+0000] {logging_mixin.py:188} INFO - [2024-04-09T22:00:07.046+0000] {dagbag.py:540} INFO - Filling up the DagBag from /home/airflow/.local/lib/python3.12/site-packages/airflow/example_dags/example_time_delta_sensor_async.py
[2024-04-09T22:00:07.053+0000] {processor.py:840} INFO - DAG(s) 'example_time_delta_sensor_async' retrieved from /home/airflow/.local/lib/python3.12/site-packages/airflow/example_dags/example_time_delta_sensor_async.py
[2024-04-09T22:00:07.118+0000] {logging_mixin.py:188} INFO - [2024-04-09T22:00:07.118+0000] {dag.py:3096} INFO - Sync 1 DAGs
[2024-04-09T22:00:07.167+0000] {logging_mixin.py:188} INFO - [2024-04-09T22:00:07.167+0000] {dag.py:3954} INFO - Setting next_dagrun for example_time_delta_sensor_async to None, run_after=None
[2024-04-09T22:00:07.384+0000] {processor.py:183} INFO - Processing /home/airflow/.local/lib/python3.12/site-packages/airflow/example_dags/example_time_delta_sensor_async.py took 0.350 seconds
[2024-04-09T22:00:39.133+0000] {processor.py:161} INFO - Started process (PID=363) to work on /home/airflow/.local/lib/python3.12/site-packages/airflow/example_dags/example_time_delta_sensor_async.py
[2024-04-09T22:00:39.135+0000] {processor.py:830} INFO - Processing file /home/airflow/.local/lib/python3.12/site-packages/airflow/example_dags/example_time_delta_sensor_async.py for tasks to queue
[2024-04-09T22:00:39.185+0000] {logging_mixin.py:188} INFO - [2024-04-09T22:00:39.137+0000] {dagbag.py:540} INFO - Filling up the DagBag from /home/airflow/.local/lib/python3.12/site-packages/airflow/example_dags/example_time_delta_sensor_async.py
[2024-04-09T22:00:39.285+0000] {processor.py:840} INFO - DAG(s) 'example_time_delta_sensor_async' retrieved from /home/airflow/.local/lib/python3.12/site-packages/airflow/example_dags/example_time_delta_sensor_async.py
[2024-04-09T22:00:39.353+0000] {logging_mixin.py:188} INFO - [2024-04-09T22:00:39.353+0000] {dag.py:3096} INFO - Sync 1 DAGs
[2024-04-09T22:00:39.373+0000] {logging_mixin.py:188} INFO - [2024-04-09T22:00:39.373+0000] {dag.py:3954} INFO - Setting next_dagrun for example_time_delta_sensor_async to None, run_after=None
[2024-04-09T22:00:39.562+0000] {processor.py:183} INFO - Processing /home/airflow/.local/lib/python3.12/site-packages/airflow/example_dags/example_time_delta_sensor_async.py took 0.465 seconds
[2024-04-09T22:01:09.743+0000] {processor.py:161} INFO - Started process (PID=420) to work on /home/airflow/.local/lib/python3.12/site-packages/airflow/example_dags/example_time_delta_sensor_async.py
[2024-04-09T22:01:09.745+0000] {processor.py:830} INFO - Processing file /home/airflow/.local/lib/python3.12/site-packages/airflow/example_dags/example_time_delta_sensor_async.py for tasks to queue
[2024-04-09T22:01:09.749+0000] {logging_mixin.py:188} INFO - [2024-04-09T22:01:09.748+0000] {dagbag.py:540} INFO - Filling up the DagBag from /home/airflow/.local/lib/python3.12/site-packages/airflow/example_dags/example_time_delta_sensor_async.py
[2024-04-09T22:01:09.755+0000] {processor.py:840} INFO - DAG(s) 'example_time_delta_sensor_async' retrieved from /home/airflow/.local/lib/python3.12/site-packages/airflow/example_dags/example_time_delta_sensor_async.py
[2024-04-09T22:01:09.781+0000] {logging_mixin.py:188} INFO - [2024-04-09T22:01:09.781+0000] {dag.py:3096} INFO - Sync 1 DAGs
[2024-04-09T22:01:09.798+0000] {logging_mixin.py:188} INFO - [2024-04-09T22:01:09.798+0000] {dag.py:3954} INFO - Setting next_dagrun for example_time_delta_sensor_async to None, run_after=None
[2024-04-09T22:01:09.943+0000] {processor.py:183} INFO - Processing /home/airflow/.local/lib/python3.12/site-packages/airflow/example_dags/example_time_delta_sensor_async.py took 0.208 seconds
[2024-04-09T22:01:40.632+0000] {processor.py:161} INFO - Started process (PID=478) to work on /home/airflow/.local/lib/python3.12/site-packages/airflow/example_dags/example_time_delta_sensor_async.py
[2024-04-09T22:01:40.634+0000] {processor.py:830} INFO - Processing file /home/airflow/.local/lib/python3.12/site-packages/airflow/example_dags/example_time_delta_sensor_async.py for tasks to queue
[2024-04-09T22:01:40.637+0000] {logging_mixin.py:188} INFO - [2024-04-09T22:01:40.637+0000] {dagbag.py:540} INFO - Filling up the DagBag from /home/airflow/.local/lib/python3.12/site-packages/airflow/example_dags/example_time_delta_sensor_async.py
[2024-04-09T22:01:40.643+0000] {processor.py:840} INFO - DAG(s) 'example_time_delta_sensor_async' retrieved from /home/airflow/.local/lib/python3.12/site-packages/airflow/example_dags/example_time_delta_sensor_async.py
[2024-04-09T22:01:40.669+0000] {logging_mixin.py:188} INFO - [2024-04-09T22:01:40.668+0000] {dag.py:3096} INFO - Sync 1 DAGs
[2024-04-09T22:01:40.685+0000] {logging_mixin.py:188} INFO - [2024-04-09T22:01:40.685+0000] {dag.py:3954} INFO - Setting next_dagrun for example_time_delta_sensor_async to None, run_after=None
[2024-04-09T22:01:41.010+0000] {processor.py:183} INFO - Processing /home/airflow/.local/lib/python3.12/site-packages/airflow/example_dags/example_time_delta_sensor_async.py took 0.385 seconds
[2024-04-09T22:02:11.660+0000] {processor.py:161} INFO - Started process (PID=536) to work on /home/airflow/.local/lib/python3.12/site-packages/airflow/example_dags/example_time_delta_sensor_async.py
[2024-04-09T22:02:11.661+0000] {processor.py:830} INFO - Processing file /home/airflow/.local/lib/python3.12/site-packages/airflow/example_dags/example_time_delta_sensor_async.py for tasks to queue
[2024-04-09T22:02:11.664+0000] {logging_mixin.py:188} INFO - [2024-04-09T22:02:11.664+0000] {dagbag.py:540} INFO - Filling up the DagBag from /home/airflow/.local/lib/python3.12/site-packages/airflow/example_dags/example_time_delta_sensor_async.py
[2024-04-09T22:02:11.670+0000] {processor.py:840} INFO - DAG(s) 'example_time_delta_sensor_async' retrieved from /home/airflow/.local/lib/python3.12/site-packages/airflow/example_dags/example_time_delta_sensor_async.py
[2024-04-09T22:02:11.696+0000] {logging_mixin.py:188} INFO - [2024-04-09T22:02:11.696+0000] {dag.py:3096} INFO - Sync 1 DAGs
[2024-04-09T22:02:11.714+0000] {logging_mixin.py:188} INFO - [2024-04-09T22:02:11.714+0000] {dag.py:3954} INFO - Setting next_dagrun for example_time_delta_sensor_async to None, run_after=None
[2024-04-09T22:02:11.851+0000] {processor.py:183} INFO - Processing /home/airflow/.local/lib/python3.12/site-packages/airflow/example_dags/example_time_delta_sensor_async.py took 0.199 seconds
[2024-04-09T22:03:23.933+0000] {processor.py:161} INFO - Started process (PID=628) to work on /home/airflow/.local/lib/python3.12/site-packages/airflow/example_dags/example_time_delta_sensor_async.py
[2024-04-09T22:03:23.935+0000] {processor.py:830} INFO - Processing file /home/airflow/.local/lib/python3.12/site-packages/airflow/example_dags/example_time_delta_sensor_async.py for tasks to queue
[2024-04-09T22:03:23.937+0000] {logging_mixin.py:188} INFO - [2024-04-09T22:03:23.937+0000] {dagbag.py:540} INFO - Filling up the DagBag from /home/airflow/.local/lib/python3.12/site-packages/airflow/example_dags/example_time_delta_sensor_async.py
[2024-04-09T22:03:23.945+0000] {processor.py:840} INFO - DAG(s) 'example_time_delta_sensor_async' retrieved from /home/airflow/.local/lib/python3.12/site-packages/airflow/example_dags/example_time_delta_sensor_async.py
[2024-04-09T22:03:23.978+0000] {logging_mixin.py:188} INFO - [2024-04-09T22:03:23.977+0000] {dag.py:3096} INFO - Sync 1 DAGs
[2024-04-09T22:03:24.002+0000] {logging_mixin.py:188} INFO - [2024-04-09T22:03:24.002+0000] {dag.py:3954} INFO - Setting next_dagrun for example_time_delta_sensor_async to None, run_after=None
[2024-04-09T22:03:24.151+0000] {processor.py:183} INFO - Processing /home/airflow/.local/lib/python3.12/site-packages/airflow/example_dags/example_time_delta_sensor_async.py took 0.225 seconds
[2024-04-09T22:03:58.663+0000] {processor.py:161} INFO - Started process (PID=686) to work on /home/airflow/.local/lib/python3.12/site-packages/airflow/example_dags/example_time_delta_sensor_async.py
[2024-04-09T22:03:58.665+0000] {processor.py:830} INFO - Processing file /home/airflow/.local/lib/python3.12/site-packages/airflow/example_dags/example_time_delta_sensor_async.py for tasks to queue
[2024-04-09T22:03:58.668+0000] {logging_mixin.py:188} INFO - [2024-04-09T22:03:58.668+0000] {dagbag.py:540} INFO - Filling up the DagBag from /home/airflow/.local/lib/python3.12/site-packages/airflow/example_dags/example_time_delta_sensor_async.py
[2024-04-09T22:03:58.675+0000] {processor.py:840} INFO - DAG(s) 'example_time_delta_sensor_async' retrieved from /home/airflow/.local/lib/python3.12/site-packages/airflow/example_dags/example_time_delta_sensor_async.py
[2024-04-09T22:03:58.702+0000] {logging_mixin.py:188} INFO - [2024-04-09T22:03:58.702+0000] {dag.py:3096} INFO - Sync 1 DAGs
[2024-04-09T22:03:58.719+0000] {logging_mixin.py:188} INFO - [2024-04-09T22:03:58.719+0000] {dag.py:3954} INFO - Setting next_dagrun for example_time_delta_sensor_async to None, run_after=None
[2024-04-09T22:03:58.836+0000] {processor.py:183} INFO - Processing /home/airflow/.local/lib/python3.12/site-packages/airflow/example_dags/example_time_delta_sensor_async.py took 0.181 seconds
[2024-04-09T22:04:29.580+0000] {processor.py:161} INFO - Started process (PID=744) to work on /home/airflow/.local/lib/python3.12/site-packages/airflow/example_dags/example_time_delta_sensor_async.py
[2024-04-09T22:04:29.581+0000] {processor.py:830} INFO - Processing file /home/airflow/.local/lib/python3.12/site-packages/airflow/example_dags/example_time_delta_sensor_async.py for tasks to queue
[2024-04-09T22:04:29.584+0000] {logging_mixin.py:188} INFO - [2024-04-09T22:04:29.584+0000] {dagbag.py:540} INFO - Filling up the DagBag from /home/airflow/.local/lib/python3.12/site-packages/airflow/example_dags/example_time_delta_sensor_async.py
[2024-04-09T22:04:29.591+0000] {processor.py:840} INFO - DAG(s) 'example_time_delta_sensor_async' retrieved from /home/airflow/.local/lib/python3.12/site-packages/airflow/example_dags/example_time_delta_sensor_async.py
[2024-04-09T22:04:29.618+0000] {logging_mixin.py:188} INFO - [2024-04-09T22:04:29.617+0000] {dag.py:3096} INFO - Sync 1 DAGs
[2024-04-09T22:04:29.635+0000] {logging_mixin.py:188} INFO - [2024-04-09T22:04:29.634+0000] {dag.py:3954} INFO - Setting next_dagrun for example_time_delta_sensor_async to None, run_after=None
[2024-04-09T22:04:29.748+0000] {processor.py:183} INFO - Processing /home/airflow/.local/lib/python3.12/site-packages/airflow/example_dags/example_time_delta_sensor_async.py took 0.177 seconds
[2024-04-09T22:05:02.077+0000] {processor.py:161} INFO - Started process (PID=802) to work on /home/airflow/.local/lib/python3.12/site-packages/airflow/example_dags/example_time_delta_sensor_async.py
[2024-04-09T22:05:02.078+0000] {processor.py:830} INFO - Processing file /home/airflow/.local/lib/python3.12/site-packages/airflow/example_dags/example_time_delta_sensor_async.py for tasks to queue
[2024-04-09T22:05:02.081+0000] {logging_mixin.py:188} INFO - [2024-04-09T22:05:02.080+0000] {dagbag.py:540} INFO - Filling up the DagBag from /home/airflow/.local/lib/python3.12/site-packages/airflow/example_dags/example_time_delta_sensor_async.py
[2024-04-09T22:05:02.087+0000] {processor.py:840} INFO - DAG(s) 'example_time_delta_sensor_async' retrieved from /home/airflow/.local/lib/python3.12/site-packages/airflow/example_dags/example_time_delta_sensor_async.py
[2024-04-09T22:05:02.113+0000] {logging_mixin.py:188} INFO - [2024-04-09T22:05:02.113+0000] {dag.py:3096} INFO - Sync 1 DAGs
[2024-04-09T22:05:02.131+0000] {logging_mixin.py:188} INFO - [2024-04-09T22:05:02.131+0000] {dag.py:3954} INFO - Setting next_dagrun for example_time_delta_sensor_async to None, run_after=None
[2024-04-09T22:05:02.333+0000] {processor.py:183} INFO - Processing /home/airflow/.local/lib/python3.12/site-packages/airflow/example_dags/example_time_delta_sensor_async.py took 0.264 seconds
[2024-04-09T22:05:32.486+0000] {processor.py:161} INFO - Started process (PID=860) to work on /home/airflow/.local/lib/python3.12/site-packages/airflow/example_dags/example_time_delta_sensor_async.py
[2024-04-09T22:05:32.488+0000] {processor.py:830} INFO - Processing file /home/airflow/.local/lib/python3.12/site-packages/airflow/example_dags/example_time_delta_sensor_async.py for tasks to queue
[2024-04-09T22:05:32.490+0000] {logging_mixin.py:188} INFO - [2024-04-09T22:05:32.490+0000] {dagbag.py:540} INFO - Filling up the DagBag from /home/airflow/.local/lib/python3.12/site-packages/airflow/example_dags/example_time_delta_sensor_async.py
[2024-04-09T22:05:32.498+0000] {processor.py:840} INFO - DAG(s) 'example_time_delta_sensor_async' retrieved from /home/airflow/.local/lib/python3.12/site-packages/airflow/example_dags/example_time_delta_sensor_async.py
[2024-04-09T22:05:32.530+0000] {logging_mixin.py:188} INFO - [2024-04-09T22:05:32.530+0000] {dag.py:3096} INFO - Sync 1 DAGs
[2024-04-09T22:05:32.560+0000] {logging_mixin.py:188} INFO - [2024-04-09T22:05:32.559+0000] {dag.py:3954} INFO - Setting next_dagrun for example_time_delta_sensor_async to None, run_after=None
[2024-04-09T22:05:32.642+0000] {processor.py:183} INFO - Processing /home/airflow/.local/lib/python3.12/site-packages/airflow/example_dags/example_time_delta_sensor_async.py took 0.164 seconds
[2024-04-09T22:06:03.554+0000] {processor.py:161} INFO - Started process (PID=918) to work on /home/airflow/.local/lib/python3.12/site-packages/airflow/example_dags/example_time_delta_sensor_async.py
[2024-04-09T22:06:03.555+0000] {processor.py:830} INFO - Processing file /home/airflow/.local/lib/python3.12/site-packages/airflow/example_dags/example_time_delta_sensor_async.py for tasks to queue
[2024-04-09T22:06:03.558+0000] {logging_mixin.py:188} INFO - [2024-04-09T22:06:03.558+0000] {dagbag.py:540} INFO - Filling up the DagBag from /home/airflow/.local/lib/python3.12/site-packages/airflow/example_dags/example_time_delta_sensor_async.py
[2024-04-09T22:06:03.564+0000] {processor.py:840} INFO - DAG(s) 'example_time_delta_sensor_async' retrieved from /home/airflow/.local/lib/python3.12/site-packages/airflow/example_dags/example_time_delta_sensor_async.py
[2024-04-09T22:06:03.589+0000] {logging_mixin.py:188} INFO - [2024-04-09T22:06:03.589+0000] {dag.py:3096} INFO - Sync 1 DAGs
[2024-04-09T22:06:03.614+0000] {logging_mixin.py:188} INFO - [2024-04-09T22:06:03.614+0000] {dag.py:3954} INFO - Setting next_dagrun for example_time_delta_sensor_async to None, run_after=None
[2024-04-09T22:06:03.867+0000] {processor.py:183} INFO - Processing /home/airflow/.local/lib/python3.12/site-packages/airflow/example_dags/example_time_delta_sensor_async.py took 0.321 seconds
[2024-04-09T22:06:34.589+0000] {processor.py:161} INFO - Started process (PID=976) to work on /home/airflow/.local/lib/python3.12/site-packages/airflow/example_dags/example_time_delta_sensor_async.py
[2024-04-09T22:06:34.590+0000] {processor.py:830} INFO - Processing file /home/airflow/.local/lib/python3.12/site-packages/airflow/example_dags/example_time_delta_sensor_async.py for tasks to queue
[2024-04-09T22:06:34.592+0000] {logging_mixin.py:188} INFO - [2024-04-09T22:06:34.592+0000] {dagbag.py:540} INFO - Filling up the DagBag from /home/airflow/.local/lib/python3.12/site-packages/airflow/example_dags/example_time_delta_sensor_async.py
[2024-04-09T22:06:34.598+0000] {processor.py:840} INFO - DAG(s) 'example_time_delta_sensor_async' retrieved from /home/airflow/.local/lib/python3.12/site-packages/airflow/example_dags/example_time_delta_sensor_async.py
[2024-04-09T22:06:34.627+0000] {logging_mixin.py:188} INFO - [2024-04-09T22:06:34.627+0000] {dag.py:3096} INFO - Sync 1 DAGs
[2024-04-09T22:06:34.648+0000] {logging_mixin.py:188} INFO - [2024-04-09T22:06:34.647+0000] {dag.py:3954} INFO - Setting next_dagrun for example_time_delta_sensor_async to None, run_after=None
[2024-04-09T22:06:34.700+0000] {processor.py:183} INFO - Processing /home/airflow/.local/lib/python3.12/site-packages/airflow/example_dags/example_time_delta_sensor_async.py took 0.119 seconds
[2024-04-09T22:07:05.971+0000] {processor.py:161} INFO - Started process (PID=1034) to work on /home/airflow/.local/lib/python3.12/site-packages/airflow/example_dags/example_time_delta_sensor_async.py
[2024-04-09T22:07:05.973+0000] {processor.py:830} INFO - Processing file /home/airflow/.local/lib/python3.12/site-packages/airflow/example_dags/example_time_delta_sensor_async.py for tasks to queue
[2024-04-09T22:07:05.976+0000] {logging_mixin.py:188} INFO - [2024-04-09T22:07:05.975+0000] {dagbag.py:540} INFO - Filling up the DagBag from /home/airflow/.local/lib/python3.12/site-packages/airflow/example_dags/example_time_delta_sensor_async.py
[2024-04-09T22:07:05.986+0000] {processor.py:840} INFO - DAG(s) 'example_time_delta_sensor_async' retrieved from /home/airflow/.local/lib/python3.12/site-packages/airflow/example_dags/example_time_delta_sensor_async.py
[2024-04-09T22:07:06.047+0000] {logging_mixin.py:188} INFO - [2024-04-09T22:07:06.045+0000] {dag.py:3096} INFO - Sync 1 DAGs
[2024-04-09T22:07:06.078+0000] {logging_mixin.py:188} INFO - [2024-04-09T22:07:06.077+0000] {dag.py:3954} INFO - Setting next_dagrun for example_time_delta_sensor_async to None, run_after=None
[2024-04-09T22:07:06.192+0000] {processor.py:183} INFO - Processing /home/airflow/.local/lib/python3.12/site-packages/airflow/example_dags/example_time_delta_sensor_async.py took 0.230 seconds
[2024-04-09T22:07:36.621+0000] {processor.py:161} INFO - Started process (PID=1092) to work on /home/airflow/.local/lib/python3.12/site-packages/airflow/example_dags/example_time_delta_sensor_async.py
[2024-04-09T22:07:36.623+0000] {processor.py:830} INFO - Processing file /home/airflow/.local/lib/python3.12/site-packages/airflow/example_dags/example_time_delta_sensor_async.py for tasks to queue
[2024-04-09T22:07:36.626+0000] {logging_mixin.py:188} INFO - [2024-04-09T22:07:36.625+0000] {dagbag.py:540} INFO - Filling up the DagBag from /home/airflow/.local/lib/python3.12/site-packages/airflow/example_dags/example_time_delta_sensor_async.py
[2024-04-09T22:07:36.632+0000] {processor.py:840} INFO - DAG(s) 'example_time_delta_sensor_async' retrieved from /home/airflow/.local/lib/python3.12/site-packages/airflow/example_dags/example_time_delta_sensor_async.py
[2024-04-09T22:07:36.666+0000] {logging_mixin.py:188} INFO - [2024-04-09T22:07:36.666+0000] {dag.py:3096} INFO - Sync 1 DAGs
[2024-04-09T22:07:36.689+0000] {logging_mixin.py:188} INFO - [2024-04-09T22:07:36.688+0000] {dag.py:3954} INFO - Setting next_dagrun for example_time_delta_sensor_async to None, run_after=None
[2024-04-09T22:07:36.741+0000] {processor.py:183} INFO - Processing /home/airflow/.local/lib/python3.12/site-packages/airflow/example_dags/example_time_delta_sensor_async.py took 0.132 seconds
[2024-04-09T22:08:07.348+0000] {processor.py:161} INFO - Started process (PID=1151) to work on /home/airflow/.local/lib/python3.12/site-packages/airflow/example_dags/example_time_delta_sensor_async.py
[2024-04-09T22:08:07.349+0000] {processor.py:830} INFO - Processing file /home/airflow/.local/lib/python3.12/site-packages/airflow/example_dags/example_time_delta_sensor_async.py for tasks to queue
[2024-04-09T22:08:07.352+0000] {logging_mixin.py:188} INFO - [2024-04-09T22:08:07.351+0000] {dagbag.py:540} INFO - Filling up the DagBag from /home/airflow/.local/lib/python3.12/site-packages/airflow/example_dags/example_time_delta_sensor_async.py
[2024-04-09T22:08:07.357+0000] {processor.py:840} INFO - DAG(s) 'example_time_delta_sensor_async' retrieved from /home/airflow/.local/lib/python3.12/site-packages/airflow/example_dags/example_time_delta_sensor_async.py
[2024-04-09T22:08:07.384+0000] {logging_mixin.py:188} INFO - [2024-04-09T22:08:07.384+0000] {dag.py:3096} INFO - Sync 1 DAGs
[2024-04-09T22:08:07.407+0000] {logging_mixin.py:188} INFO - [2024-04-09T22:08:07.406+0000] {dag.py:3954} INFO - Setting next_dagrun for example_time_delta_sensor_async to None, run_after=None
[2024-04-09T22:08:07.464+0000] {processor.py:183} INFO - Processing /home/airflow/.local/lib/python3.12/site-packages/airflow/example_dags/example_time_delta_sensor_async.py took 0.125 seconds
[2024-04-09T22:08:38.083+0000] {processor.py:161} INFO - Started process (PID=1207) to work on /home/airflow/.local/lib/python3.12/site-packages/airflow/example_dags/example_time_delta_sensor_async.py
[2024-04-09T22:08:38.085+0000] {processor.py:830} INFO - Processing file /home/airflow/.local/lib/python3.12/site-packages/airflow/example_dags/example_time_delta_sensor_async.py for tasks to queue
[2024-04-09T22:08:38.088+0000] {logging_mixin.py:188} INFO - [2024-04-09T22:08:38.088+0000] {dagbag.py:540} INFO - Filling up the DagBag from /home/airflow/.local/lib/python3.12/site-packages/airflow/example_dags/example_time_delta_sensor_async.py
[2024-04-09T22:08:38.095+0000] {processor.py:840} INFO - DAG(s) 'example_time_delta_sensor_async' retrieved from /home/airflow/.local/lib/python3.12/site-packages/airflow/example_dags/example_time_delta_sensor_async.py
[2024-04-09T22:08:38.128+0000] {logging_mixin.py:188} INFO - [2024-04-09T22:08:38.128+0000] {dag.py:3096} INFO - Sync 1 DAGs
[2024-04-09T22:08:38.152+0000] {logging_mixin.py:188} INFO - [2024-04-09T22:08:38.151+0000] {dag.py:3954} INFO - Setting next_dagrun for example_time_delta_sensor_async to None, run_after=None
[2024-04-09T22:08:38.207+0000] {processor.py:183} INFO - Processing /home/airflow/.local/lib/python3.12/site-packages/airflow/example_dags/example_time_delta_sensor_async.py took 0.133 seconds
[2024-04-09T22:09:08.757+0000] {processor.py:161} INFO - Started process (PID=1265) to work on /home/airflow/.local/lib/python3.12/site-packages/airflow/example_dags/example_time_delta_sensor_async.py
[2024-04-09T22:09:08.759+0000] {processor.py:830} INFO - Processing file /home/airflow/.local/lib/python3.12/site-packages/airflow/example_dags/example_time_delta_sensor_async.py for tasks to queue
[2024-04-09T22:09:08.763+0000] {logging_mixin.py:188} INFO - [2024-04-09T22:09:08.762+0000] {dagbag.py:540} INFO - Filling up the DagBag from /home/airflow/.local/lib/python3.12/site-packages/airflow/example_dags/example_time_delta_sensor_async.py
[2024-04-09T22:09:08.771+0000] {processor.py:840} INFO - DAG(s) 'example_time_delta_sensor_async' retrieved from /home/airflow/.local/lib/python3.12/site-packages/airflow/example_dags/example_time_delta_sensor_async.py
[2024-04-09T22:09:08.802+0000] {logging_mixin.py:188} INFO - [2024-04-09T22:09:08.802+0000] {dag.py:3096} INFO - Sync 1 DAGs
[2024-04-09T22:09:08.824+0000] {logging_mixin.py:188} INFO - [2024-04-09T22:09:08.823+0000] {dag.py:3954} INFO - Setting next_dagrun for example_time_delta_sensor_async to None, run_after=None
[2024-04-09T22:09:08.883+0000] {processor.py:183} INFO - Processing /home/airflow/.local/lib/python3.12/site-packages/airflow/example_dags/example_time_delta_sensor_async.py took 0.139 seconds
[2024-04-09T22:09:39.185+0000] {processor.py:161} INFO - Started process (PID=1322) to work on /home/airflow/.local/lib/python3.12/site-packages/airflow/example_dags/example_time_delta_sensor_async.py
[2024-04-09T22:09:39.187+0000] {processor.py:830} INFO - Processing file /home/airflow/.local/lib/python3.12/site-packages/airflow/example_dags/example_time_delta_sensor_async.py for tasks to queue
[2024-04-09T22:09:39.190+0000] {logging_mixin.py:188} INFO - [2024-04-09T22:09:39.189+0000] {dagbag.py:540} INFO - Filling up the DagBag from /home/airflow/.local/lib/python3.12/site-packages/airflow/example_dags/example_time_delta_sensor_async.py
[2024-04-09T22:09:39.196+0000] {processor.py:840} INFO - DAG(s) 'example_time_delta_sensor_async' retrieved from /home/airflow/.local/lib/python3.12/site-packages/airflow/example_dags/example_time_delta_sensor_async.py
[2024-04-09T22:09:39.226+0000] {logging_mixin.py:188} INFO - [2024-04-09T22:09:39.226+0000] {dag.py:3096} INFO - Sync 1 DAGs
[2024-04-09T22:09:39.248+0000] {logging_mixin.py:188} INFO - [2024-04-09T22:09:39.248+0000] {dag.py:3954} INFO - Setting next_dagrun for example_time_delta_sensor_async to None, run_after=None
[2024-04-09T22:09:39.341+0000] {processor.py:183} INFO - Processing /home/airflow/.local/lib/python3.12/site-packages/airflow/example_dags/example_time_delta_sensor_async.py took 0.164 seconds
[2024-04-09T22:10:09.931+0000] {processor.py:161} INFO - Started process (PID=1380) to work on /home/airflow/.local/lib/python3.12/site-packages/airflow/example_dags/example_time_delta_sensor_async.py
[2024-04-09T22:10:09.932+0000] {processor.py:830} INFO - Processing file /home/airflow/.local/lib/python3.12/site-packages/airflow/example_dags/example_time_delta_sensor_async.py for tasks to queue
[2024-04-09T22:10:09.935+0000] {logging_mixin.py:188} INFO - [2024-04-09T22:10:09.934+0000] {dagbag.py:540} INFO - Filling up the DagBag from /home/airflow/.local/lib/python3.12/site-packages/airflow/example_dags/example_time_delta_sensor_async.py
[2024-04-09T22:10:09.941+0000] {processor.py:840} INFO - DAG(s) 'example_time_delta_sensor_async' retrieved from /home/airflow/.local/lib/python3.12/site-packages/airflow/example_dags/example_time_delta_sensor_async.py
[2024-04-09T22:10:09.970+0000] {logging_mixin.py:188} INFO - [2024-04-09T22:10:09.969+0000] {dag.py:3096} INFO - Sync 1 DAGs
[2024-04-09T22:10:09.990+0000] {logging_mixin.py:188} INFO - [2024-04-09T22:10:09.990+0000] {dag.py:3954} INFO - Setting next_dagrun for example_time_delta_sensor_async to None, run_after=None
[2024-04-09T22:10:10.051+0000] {processor.py:183} INFO - Processing /home/airflow/.local/lib/python3.12/site-packages/airflow/example_dags/example_time_delta_sensor_async.py took 0.132 seconds
