[2024-04-09T21:57:56.409+0000] {processor.py:161} INFO - Started process (PID=93) to work on /home/airflow/.local/lib/python3.12/site-packages/airflow/example_dags/example_skip_dag.py
[2024-04-09T21:57:56.411+0000] {processor.py:830} INFO - Processing file /home/airflow/.local/lib/python3.12/site-packages/airflow/example_dags/example_skip_dag.py for tasks to queue
[2024-04-09T21:57:56.414+0000] {logging_mixin.py:188} INFO - [2024-04-09T21:57:56.413+0000] {dagbag.py:540} INFO - Filling up the DagBag from /home/airflow/.local/lib/python3.12/site-packages/airflow/example_dags/example_skip_dag.py
[2024-04-09T21:57:56.556+0000] {processor.py:840} INFO - DAG(s) 'example_skip_dag' retrieved from /home/airflow/.local/lib/python3.12/site-packages/airflow/example_dags/example_skip_dag.py
[2024-04-09T21:57:56.751+0000] {logging_mixin.py:188} INFO - [2024-04-09T21:57:56.751+0000] {dag.py:3096} INFO - Sync 1 DAGs
[2024-04-09T21:57:56.777+0000] {logging_mixin.py:188} INFO - [2024-04-09T21:57:56.777+0000] {dag.py:3954} INFO - Setting next_dagrun for example_skip_dag to 2024-04-08 00:00:00+00:00, run_after=2024-04-09 00:00:00+00:00
[2024-04-09T21:57:57.105+0000] {processor.py:183} INFO - Processing /home/airflow/.local/lib/python3.12/site-packages/airflow/example_dags/example_skip_dag.py took 0.704 seconds
[2024-04-09T21:58:27.713+0000] {processor.py:161} INFO - Started process (PID=151) to work on /home/airflow/.local/lib/python3.12/site-packages/airflow/example_dags/example_skip_dag.py
[2024-04-09T21:58:27.715+0000] {processor.py:830} INFO - Processing file /home/airflow/.local/lib/python3.12/site-packages/airflow/example_dags/example_skip_dag.py for tasks to queue
[2024-04-09T21:58:27.718+0000] {logging_mixin.py:188} INFO - [2024-04-09T21:58:27.717+0000] {dagbag.py:540} INFO - Filling up the DagBag from /home/airflow/.local/lib/python3.12/site-packages/airflow/example_dags/example_skip_dag.py
[2024-04-09T21:58:27.726+0000] {processor.py:840} INFO - DAG(s) 'example_skip_dag' retrieved from /home/airflow/.local/lib/python3.12/site-packages/airflow/example_dags/example_skip_dag.py
[2024-04-09T21:58:27.756+0000] {logging_mixin.py:188} INFO - [2024-04-09T21:58:27.756+0000] {dag.py:3096} INFO - Sync 1 DAGs
[2024-04-09T21:58:27.785+0000] {logging_mixin.py:188} INFO - [2024-04-09T21:58:27.784+0000] {dag.py:3954} INFO - Setting next_dagrun for example_skip_dag to 2024-04-08 00:00:00+00:00, run_after=2024-04-09 00:00:00+00:00
[2024-04-09T21:58:27.954+0000] {processor.py:183} INFO - Processing /home/airflow/.local/lib/python3.12/site-packages/airflow/example_dags/example_skip_dag.py took 0.250 seconds
[2024-04-09T21:58:58.240+0000] {processor.py:161} INFO - Started process (PID=207) to work on /home/airflow/.local/lib/python3.12/site-packages/airflow/example_dags/example_skip_dag.py
[2024-04-09T21:58:58.241+0000] {processor.py:830} INFO - Processing file /home/airflow/.local/lib/python3.12/site-packages/airflow/example_dags/example_skip_dag.py for tasks to queue
[2024-04-09T21:58:58.244+0000] {logging_mixin.py:188} INFO - [2024-04-09T21:58:58.244+0000] {dagbag.py:540} INFO - Filling up the DagBag from /home/airflow/.local/lib/python3.12/site-packages/airflow/example_dags/example_skip_dag.py
[2024-04-09T21:58:58.255+0000] {processor.py:840} INFO - DAG(s) 'example_skip_dag' retrieved from /home/airflow/.local/lib/python3.12/site-packages/airflow/example_dags/example_skip_dag.py
[2024-04-09T21:58:58.291+0000] {logging_mixin.py:188} INFO - [2024-04-09T21:58:58.291+0000] {dag.py:3096} INFO - Sync 1 DAGs
[2024-04-09T21:58:58.326+0000] {logging_mixin.py:188} INFO - [2024-04-09T21:58:58.325+0000] {dag.py:3954} INFO - Setting next_dagrun for example_skip_dag to 2024-04-08 00:00:00+00:00, run_after=2024-04-09 00:00:00+00:00
[2024-04-09T21:58:58.496+0000] {processor.py:183} INFO - Processing /home/airflow/.local/lib/python3.12/site-packages/airflow/example_dags/example_skip_dag.py took 0.266 seconds
[2024-04-09T21:59:29.015+0000] {processor.py:161} INFO - Started process (PID=265) to work on /home/airflow/.local/lib/python3.12/site-packages/airflow/example_dags/example_skip_dag.py
[2024-04-09T21:59:29.017+0000] {processor.py:830} INFO - Processing file /home/airflow/.local/lib/python3.12/site-packages/airflow/example_dags/example_skip_dag.py for tasks to queue
[2024-04-09T21:59:29.019+0000] {logging_mixin.py:188} INFO - [2024-04-09T21:59:29.019+0000] {dagbag.py:540} INFO - Filling up the DagBag from /home/airflow/.local/lib/python3.12/site-packages/airflow/example_dags/example_skip_dag.py
[2024-04-09T21:59:29.027+0000] {processor.py:840} INFO - DAG(s) 'example_skip_dag' retrieved from /home/airflow/.local/lib/python3.12/site-packages/airflow/example_dags/example_skip_dag.py
[2024-04-09T21:59:29.058+0000] {logging_mixin.py:188} INFO - [2024-04-09T21:59:29.058+0000] {dag.py:3096} INFO - Sync 1 DAGs
[2024-04-09T21:59:29.090+0000] {logging_mixin.py:188} INFO - [2024-04-09T21:59:29.090+0000] {dag.py:3954} INFO - Setting next_dagrun for example_skip_dag to 2024-04-08 00:00:00+00:00, run_after=2024-04-09 00:00:00+00:00
[2024-04-09T21:59:29.256+0000] {processor.py:183} INFO - Processing /home/airflow/.local/lib/python3.12/site-packages/airflow/example_dags/example_skip_dag.py took 0.249 seconds
[2024-04-09T22:00:10.791+0000] {processor.py:161} INFO - Started process (PID=323) to work on /home/airflow/.local/lib/python3.12/site-packages/airflow/example_dags/example_skip_dag.py
[2024-04-09T22:00:10.793+0000] {processor.py:830} INFO - Processing file /home/airflow/.local/lib/python3.12/site-packages/airflow/example_dags/example_skip_dag.py for tasks to queue
[2024-04-09T22:00:10.795+0000] {logging_mixin.py:188} INFO - [2024-04-09T22:00:10.795+0000] {dagbag.py:540} INFO - Filling up the DagBag from /home/airflow/.local/lib/python3.12/site-packages/airflow/example_dags/example_skip_dag.py
[2024-04-09T22:00:10.804+0000] {processor.py:840} INFO - DAG(s) 'example_skip_dag' retrieved from /home/airflow/.local/lib/python3.12/site-packages/airflow/example_dags/example_skip_dag.py
[2024-04-09T22:00:10.832+0000] {logging_mixin.py:188} INFO - [2024-04-09T22:00:10.832+0000] {dag.py:3096} INFO - Sync 1 DAGs
[2024-04-09T22:00:10.867+0000] {logging_mixin.py:188} INFO - [2024-04-09T22:00:10.866+0000] {dag.py:3954} INFO - Setting next_dagrun for example_skip_dag to 2024-04-08 00:00:00+00:00, run_after=2024-04-09 00:00:00+00:00
[2024-04-09T22:00:11.027+0000] {processor.py:183} INFO - Processing /home/airflow/.local/lib/python3.12/site-packages/airflow/example_dags/example_skip_dag.py took 0.244 seconds
[2024-04-09T22:00:49.935+0000] {processor.py:161} INFO - Started process (PID=384) to work on /home/airflow/.local/lib/python3.12/site-packages/airflow/example_dags/example_skip_dag.py
[2024-04-09T22:00:49.936+0000] {processor.py:830} INFO - Processing file /home/airflow/.local/lib/python3.12/site-packages/airflow/example_dags/example_skip_dag.py for tasks to queue
[2024-04-09T22:00:49.939+0000] {logging_mixin.py:188} INFO - [2024-04-09T22:00:49.938+0000] {dagbag.py:540} INFO - Filling up the DagBag from /home/airflow/.local/lib/python3.12/site-packages/airflow/example_dags/example_skip_dag.py
[2024-04-09T22:00:49.947+0000] {processor.py:840} INFO - DAG(s) 'example_skip_dag' retrieved from /home/airflow/.local/lib/python3.12/site-packages/airflow/example_dags/example_skip_dag.py
[2024-04-09T22:00:49.976+0000] {logging_mixin.py:188} INFO - [2024-04-09T22:00:49.976+0000] {dag.py:3096} INFO - Sync 1 DAGs
[2024-04-09T22:00:50.005+0000] {logging_mixin.py:188} INFO - [2024-04-09T22:00:50.005+0000] {dag.py:3954} INFO - Setting next_dagrun for example_skip_dag to 2024-04-08 00:00:00+00:00, run_after=2024-04-09 00:00:00+00:00
[2024-04-09T22:00:50.200+0000] {processor.py:183} INFO - Processing /home/airflow/.local/lib/python3.12/site-packages/airflow/example_dags/example_skip_dag.py took 0.273 seconds
[2024-04-09T22:01:20.432+0000] {processor.py:161} INFO - Started process (PID=441) to work on /home/airflow/.local/lib/python3.12/site-packages/airflow/example_dags/example_skip_dag.py
[2024-04-09T22:01:20.433+0000] {processor.py:830} INFO - Processing file /home/airflow/.local/lib/python3.12/site-packages/airflow/example_dags/example_skip_dag.py for tasks to queue
[2024-04-09T22:01:20.436+0000] {logging_mixin.py:188} INFO - [2024-04-09T22:01:20.436+0000] {dagbag.py:540} INFO - Filling up the DagBag from /home/airflow/.local/lib/python3.12/site-packages/airflow/example_dags/example_skip_dag.py
[2024-04-09T22:01:20.445+0000] {processor.py:840} INFO - DAG(s) 'example_skip_dag' retrieved from /home/airflow/.local/lib/python3.12/site-packages/airflow/example_dags/example_skip_dag.py
[2024-04-09T22:01:20.473+0000] {logging_mixin.py:188} INFO - [2024-04-09T22:01:20.473+0000] {dag.py:3096} INFO - Sync 1 DAGs
[2024-04-09T22:01:20.504+0000] {logging_mixin.py:188} INFO - [2024-04-09T22:01:20.503+0000] {dag.py:3954} INFO - Setting next_dagrun for example_skip_dag to 2024-04-08 00:00:00+00:00, run_after=2024-04-09 00:00:00+00:00
[2024-04-09T22:01:20.694+0000] {processor.py:183} INFO - Processing /home/airflow/.local/lib/python3.12/site-packages/airflow/example_dags/example_skip_dag.py took 0.271 seconds
[2024-04-09T22:01:50.979+0000] {processor.py:161} INFO - Started process (PID=499) to work on /home/airflow/.local/lib/python3.12/site-packages/airflow/example_dags/example_skip_dag.py
[2024-04-09T22:01:50.981+0000] {processor.py:830} INFO - Processing file /home/airflow/.local/lib/python3.12/site-packages/airflow/example_dags/example_skip_dag.py for tasks to queue
[2024-04-09T22:01:50.984+0000] {logging_mixin.py:188} INFO - [2024-04-09T22:01:50.983+0000] {dagbag.py:540} INFO - Filling up the DagBag from /home/airflow/.local/lib/python3.12/site-packages/airflow/example_dags/example_skip_dag.py
[2024-04-09T22:01:50.996+0000] {processor.py:840} INFO - DAG(s) 'example_skip_dag' retrieved from /home/airflow/.local/lib/python3.12/site-packages/airflow/example_dags/example_skip_dag.py
[2024-04-09T22:01:51.069+0000] {logging_mixin.py:188} INFO - [2024-04-09T22:01:51.069+0000] {dag.py:3096} INFO - Sync 1 DAGs
[2024-04-09T22:01:51.107+0000] {logging_mixin.py:188} INFO - [2024-04-09T22:01:51.106+0000] {dag.py:3954} INFO - Setting next_dagrun for example_skip_dag to 2024-04-08 00:00:00+00:00, run_after=2024-04-09 00:00:00+00:00
[2024-04-09T22:01:51.367+0000] {processor.py:183} INFO - Processing /home/airflow/.local/lib/python3.12/site-packages/airflow/example_dags/example_skip_dag.py took 0.400 seconds
[2024-04-09T22:02:21.658+0000] {processor.py:161} INFO - Started process (PID=557) to work on /home/airflow/.local/lib/python3.12/site-packages/airflow/example_dags/example_skip_dag.py
[2024-04-09T22:02:21.659+0000] {processor.py:830} INFO - Processing file /home/airflow/.local/lib/python3.12/site-packages/airflow/example_dags/example_skip_dag.py for tasks to queue
[2024-04-09T22:02:21.662+0000] {logging_mixin.py:188} INFO - [2024-04-09T22:02:21.662+0000] {dagbag.py:540} INFO - Filling up the DagBag from /home/airflow/.local/lib/python3.12/site-packages/airflow/example_dags/example_skip_dag.py
[2024-04-09T22:02:21.671+0000] {processor.py:840} INFO - DAG(s) 'example_skip_dag' retrieved from /home/airflow/.local/lib/python3.12/site-packages/airflow/example_dags/example_skip_dag.py
[2024-04-09T22:02:21.702+0000] {logging_mixin.py:188} INFO - [2024-04-09T22:02:21.702+0000] {dag.py:3096} INFO - Sync 1 DAGs
[2024-04-09T22:02:21.738+0000] {logging_mixin.py:188} INFO - [2024-04-09T22:02:21.737+0000] {dag.py:3954} INFO - Setting next_dagrun for example_skip_dag to 2024-04-08 00:00:00+00:00, run_after=2024-04-09 00:00:00+00:00
[2024-04-09T22:02:22.185+0000] {processor.py:183} INFO - Processing /home/airflow/.local/lib/python3.12/site-packages/airflow/example_dags/example_skip_dag.py took 0.536 seconds
[2024-04-09T22:03:27.558+0000] {processor.py:161} INFO - Started process (PID=646) to work on /home/airflow/.local/lib/python3.12/site-packages/airflow/example_dags/example_skip_dag.py
[2024-04-09T22:03:27.560+0000] {processor.py:830} INFO - Processing file /home/airflow/.local/lib/python3.12/site-packages/airflow/example_dags/example_skip_dag.py for tasks to queue
[2024-04-09T22:03:27.563+0000] {logging_mixin.py:188} INFO - [2024-04-09T22:03:27.562+0000] {dagbag.py:540} INFO - Filling up the DagBag from /home/airflow/.local/lib/python3.12/site-packages/airflow/example_dags/example_skip_dag.py
[2024-04-09T22:03:27.575+0000] {processor.py:840} INFO - DAG(s) 'example_skip_dag' retrieved from /home/airflow/.local/lib/python3.12/site-packages/airflow/example_dags/example_skip_dag.py
[2024-04-09T22:03:27.608+0000] {logging_mixin.py:188} INFO - [2024-04-09T22:03:27.608+0000] {dag.py:3096} INFO - Sync 1 DAGs
[2024-04-09T22:03:27.641+0000] {logging_mixin.py:188} INFO - [2024-04-09T22:03:27.641+0000] {dag.py:3954} INFO - Setting next_dagrun for example_skip_dag to 2024-04-08 00:00:00+00:00, run_after=2024-04-09 00:00:00+00:00
[2024-04-09T22:03:27.951+0000] {processor.py:183} INFO - Processing /home/airflow/.local/lib/python3.12/site-packages/airflow/example_dags/example_skip_dag.py took 0.402 seconds
[2024-04-09T22:04:00.875+0000] {processor.py:161} INFO - Started process (PID=704) to work on /home/airflow/.local/lib/python3.12/site-packages/airflow/example_dags/example_skip_dag.py
[2024-04-09T22:04:00.877+0000] {processor.py:830} INFO - Processing file /home/airflow/.local/lib/python3.12/site-packages/airflow/example_dags/example_skip_dag.py for tasks to queue
[2024-04-09T22:04:00.879+0000] {logging_mixin.py:188} INFO - [2024-04-09T22:04:00.879+0000] {dagbag.py:540} INFO - Filling up the DagBag from /home/airflow/.local/lib/python3.12/site-packages/airflow/example_dags/example_skip_dag.py
[2024-04-09T22:04:00.888+0000] {processor.py:840} INFO - DAG(s) 'example_skip_dag' retrieved from /home/airflow/.local/lib/python3.12/site-packages/airflow/example_dags/example_skip_dag.py
[2024-04-09T22:04:00.924+0000] {logging_mixin.py:188} INFO - [2024-04-09T22:04:00.924+0000] {dag.py:3096} INFO - Sync 1 DAGs
[2024-04-09T22:04:00.960+0000] {logging_mixin.py:188} INFO - [2024-04-09T22:04:00.960+0000] {dag.py:3954} INFO - Setting next_dagrun for example_skip_dag to 2024-04-08 00:00:00+00:00, run_after=2024-04-09 00:00:00+00:00
[2024-04-09T22:04:01.112+0000] {processor.py:183} INFO - Processing /home/airflow/.local/lib/python3.12/site-packages/airflow/example_dags/example_skip_dag.py took 0.244 seconds
[2024-04-09T22:04:32.774+0000] {processor.py:161} INFO - Started process (PID=762) to work on /home/airflow/.local/lib/python3.12/site-packages/airflow/example_dags/example_skip_dag.py
[2024-04-09T22:04:32.775+0000] {processor.py:830} INFO - Processing file /home/airflow/.local/lib/python3.12/site-packages/airflow/example_dags/example_skip_dag.py for tasks to queue
[2024-04-09T22:04:32.778+0000] {logging_mixin.py:188} INFO - [2024-04-09T22:04:32.777+0000] {dagbag.py:540} INFO - Filling up the DagBag from /home/airflow/.local/lib/python3.12/site-packages/airflow/example_dags/example_skip_dag.py
[2024-04-09T22:04:32.786+0000] {processor.py:840} INFO - DAG(s) 'example_skip_dag' retrieved from /home/airflow/.local/lib/python3.12/site-packages/airflow/example_dags/example_skip_dag.py
[2024-04-09T22:04:32.814+0000] {logging_mixin.py:188} INFO - [2024-04-09T22:04:32.814+0000] {dag.py:3096} INFO - Sync 1 DAGs
[2024-04-09T22:04:32.851+0000] {logging_mixin.py:188} INFO - [2024-04-09T22:04:32.851+0000] {dag.py:3954} INFO - Setting next_dagrun for example_skip_dag to 2024-04-08 00:00:00+00:00, run_after=2024-04-09 00:00:00+00:00
[2024-04-09T22:04:32.987+0000] {processor.py:183} INFO - Processing /home/airflow/.local/lib/python3.12/site-packages/airflow/example_dags/example_skip_dag.py took 0.221 seconds
[2024-04-09T22:05:06.195+0000] {processor.py:161} INFO - Started process (PID=820) to work on /home/airflow/.local/lib/python3.12/site-packages/airflow/example_dags/example_skip_dag.py
[2024-04-09T22:05:06.197+0000] {processor.py:830} INFO - Processing file /home/airflow/.local/lib/python3.12/site-packages/airflow/example_dags/example_skip_dag.py for tasks to queue
[2024-04-09T22:05:06.200+0000] {logging_mixin.py:188} INFO - [2024-04-09T22:05:06.200+0000] {dagbag.py:540} INFO - Filling up the DagBag from /home/airflow/.local/lib/python3.12/site-packages/airflow/example_dags/example_skip_dag.py
[2024-04-09T22:05:06.210+0000] {processor.py:840} INFO - DAG(s) 'example_skip_dag' retrieved from /home/airflow/.local/lib/python3.12/site-packages/airflow/example_dags/example_skip_dag.py
[2024-04-09T22:05:06.239+0000] {logging_mixin.py:188} INFO - [2024-04-09T22:05:06.239+0000] {dag.py:3096} INFO - Sync 1 DAGs
[2024-04-09T22:05:06.270+0000] {logging_mixin.py:188} INFO - [2024-04-09T22:05:06.269+0000] {dag.py:3954} INFO - Setting next_dagrun for example_skip_dag to 2024-04-08 00:00:00+00:00, run_after=2024-04-09 00:00:00+00:00
[2024-04-09T22:05:06.439+0000] {processor.py:183} INFO - Processing /home/airflow/.local/lib/python3.12/site-packages/airflow/example_dags/example_skip_dag.py took 0.252 seconds
[2024-04-09T22:05:36.788+0000] {processor.py:161} INFO - Started process (PID=877) to work on /home/airflow/.local/lib/python3.12/site-packages/airflow/example_dags/example_skip_dag.py
[2024-04-09T22:05:36.791+0000] {processor.py:830} INFO - Processing file /home/airflow/.local/lib/python3.12/site-packages/airflow/example_dags/example_skip_dag.py for tasks to queue
[2024-04-09T22:05:36.794+0000] {logging_mixin.py:188} INFO - [2024-04-09T22:05:36.793+0000] {dagbag.py:540} INFO - Filling up the DagBag from /home/airflow/.local/lib/python3.12/site-packages/airflow/example_dags/example_skip_dag.py
[2024-04-09T22:05:36.812+0000] {processor.py:840} INFO - DAG(s) 'example_skip_dag' retrieved from /home/airflow/.local/lib/python3.12/site-packages/airflow/example_dags/example_skip_dag.py
[2024-04-09T22:05:36.855+0000] {logging_mixin.py:188} INFO - [2024-04-09T22:05:36.854+0000] {dag.py:3096} INFO - Sync 1 DAGs
[2024-04-09T22:05:36.889+0000] {logging_mixin.py:188} INFO - [2024-04-09T22:05:36.889+0000] {dag.py:3954} INFO - Setting next_dagrun for example_skip_dag to 2024-04-08 00:00:00+00:00, run_after=2024-04-09 00:00:00+00:00
[2024-04-09T22:05:36.996+0000] {processor.py:183} INFO - Processing /home/airflow/.local/lib/python3.12/site-packages/airflow/example_dags/example_skip_dag.py took 0.219 seconds
[2024-04-09T22:06:07.150+0000] {processor.py:161} INFO - Started process (PID=935) to work on /home/airflow/.local/lib/python3.12/site-packages/airflow/example_dags/example_skip_dag.py
[2024-04-09T22:06:07.151+0000] {processor.py:830} INFO - Processing file /home/airflow/.local/lib/python3.12/site-packages/airflow/example_dags/example_skip_dag.py for tasks to queue
[2024-04-09T22:06:07.154+0000] {logging_mixin.py:188} INFO - [2024-04-09T22:06:07.154+0000] {dagbag.py:540} INFO - Filling up the DagBag from /home/airflow/.local/lib/python3.12/site-packages/airflow/example_dags/example_skip_dag.py
[2024-04-09T22:06:07.167+0000] {processor.py:840} INFO - DAG(s) 'example_skip_dag' retrieved from /home/airflow/.local/lib/python3.12/site-packages/airflow/example_dags/example_skip_dag.py
[2024-04-09T22:06:07.202+0000] {logging_mixin.py:188} INFO - [2024-04-09T22:06:07.201+0000] {dag.py:3096} INFO - Sync 1 DAGs
[2024-04-09T22:06:07.238+0000] {logging_mixin.py:188} INFO - [2024-04-09T22:06:07.238+0000] {dag.py:3954} INFO - Setting next_dagrun for example_skip_dag to 2024-04-08 00:00:00+00:00, run_after=2024-04-09 00:00:00+00:00
[2024-04-09T22:06:07.309+0000] {processor.py:183} INFO - Processing /home/airflow/.local/lib/python3.12/site-packages/airflow/example_dags/example_skip_dag.py took 0.171 seconds
[2024-04-09T22:06:38.124+0000] {processor.py:161} INFO - Started process (PID=993) to work on /home/airflow/.local/lib/python3.12/site-packages/airflow/example_dags/example_skip_dag.py
[2024-04-09T22:06:38.125+0000] {processor.py:830} INFO - Processing file /home/airflow/.local/lib/python3.12/site-packages/airflow/example_dags/example_skip_dag.py for tasks to queue
[2024-04-09T22:06:38.128+0000] {logging_mixin.py:188} INFO - [2024-04-09T22:06:38.127+0000] {dagbag.py:540} INFO - Filling up the DagBag from /home/airflow/.local/lib/python3.12/site-packages/airflow/example_dags/example_skip_dag.py
[2024-04-09T22:06:38.137+0000] {processor.py:840} INFO - DAG(s) 'example_skip_dag' retrieved from /home/airflow/.local/lib/python3.12/site-packages/airflow/example_dags/example_skip_dag.py
[2024-04-09T22:06:38.384+0000] {logging_mixin.py:188} INFO - [2024-04-09T22:06:38.384+0000] {dag.py:3096} INFO - Sync 1 DAGs
[2024-04-09T22:06:38.425+0000] {logging_mixin.py:188} INFO - [2024-04-09T22:06:38.424+0000] {dag.py:3954} INFO - Setting next_dagrun for example_skip_dag to 2024-04-08 00:00:00+00:00, run_after=2024-04-09 00:00:00+00:00
[2024-04-09T22:06:38.484+0000] {processor.py:183} INFO - Processing /home/airflow/.local/lib/python3.12/site-packages/airflow/example_dags/example_skip_dag.py took 0.369 seconds
[2024-04-09T22:07:11.758+0000] {processor.py:161} INFO - Started process (PID=1051) to work on /home/airflow/.local/lib/python3.12/site-packages/airflow/example_dags/example_skip_dag.py
[2024-04-09T22:07:11.760+0000] {processor.py:830} INFO - Processing file /home/airflow/.local/lib/python3.12/site-packages/airflow/example_dags/example_skip_dag.py for tasks to queue
[2024-04-09T22:07:11.764+0000] {logging_mixin.py:188} INFO - [2024-04-09T22:07:11.763+0000] {dagbag.py:540} INFO - Filling up the DagBag from /home/airflow/.local/lib/python3.12/site-packages/airflow/example_dags/example_skip_dag.py
[2024-04-09T22:07:11.773+0000] {processor.py:840} INFO - DAG(s) 'example_skip_dag' retrieved from /home/airflow/.local/lib/python3.12/site-packages/airflow/example_dags/example_skip_dag.py
[2024-04-09T22:07:11.826+0000] {logging_mixin.py:188} INFO - [2024-04-09T22:07:11.825+0000] {dag.py:3096} INFO - Sync 1 DAGs
[2024-04-09T22:07:12.039+0000] {logging_mixin.py:188} INFO - [2024-04-09T22:07:12.038+0000] {dag.py:3954} INFO - Setting next_dagrun for example_skip_dag to 2024-04-08 00:00:00+00:00, run_after=2024-04-09 00:00:00+00:00
[2024-04-09T22:07:12.128+0000] {processor.py:183} INFO - Processing /home/airflow/.local/lib/python3.12/site-packages/airflow/example_dags/example_skip_dag.py took 0.382 seconds
[2024-04-09T22:07:42.537+0000] {processor.py:161} INFO - Started process (PID=1109) to work on /home/airflow/.local/lib/python3.12/site-packages/airflow/example_dags/example_skip_dag.py
[2024-04-09T22:07:42.540+0000] {processor.py:830} INFO - Processing file /home/airflow/.local/lib/python3.12/site-packages/airflow/example_dags/example_skip_dag.py for tasks to queue
[2024-04-09T22:07:42.544+0000] {logging_mixin.py:188} INFO - [2024-04-09T22:07:42.543+0000] {dagbag.py:540} INFO - Filling up the DagBag from /home/airflow/.local/lib/python3.12/site-packages/airflow/example_dags/example_skip_dag.py
[2024-04-09T22:07:42.556+0000] {processor.py:840} INFO - DAG(s) 'example_skip_dag' retrieved from /home/airflow/.local/lib/python3.12/site-packages/airflow/example_dags/example_skip_dag.py
[2024-04-09T22:07:42.597+0000] {logging_mixin.py:188} INFO - [2024-04-09T22:07:42.596+0000] {dag.py:3096} INFO - Sync 1 DAGs
[2024-04-09T22:07:42.643+0000] {logging_mixin.py:188} INFO - [2024-04-09T22:07:42.642+0000] {dag.py:3954} INFO - Setting next_dagrun for example_skip_dag to 2024-04-08 00:00:00+00:00, run_after=2024-04-09 00:00:00+00:00
[2024-04-09T22:07:43.056+0000] {processor.py:183} INFO - Processing /home/airflow/.local/lib/python3.12/site-packages/airflow/example_dags/example_skip_dag.py took 0.534 seconds
[2024-04-09T22:08:13.257+0000] {processor.py:161} INFO - Started process (PID=1168) to work on /home/airflow/.local/lib/python3.12/site-packages/airflow/example_dags/example_skip_dag.py
[2024-04-09T22:08:13.259+0000] {processor.py:830} INFO - Processing file /home/airflow/.local/lib/python3.12/site-packages/airflow/example_dags/example_skip_dag.py for tasks to queue
[2024-04-09T22:08:13.262+0000] {logging_mixin.py:188} INFO - [2024-04-09T22:08:13.262+0000] {dagbag.py:540} INFO - Filling up the DagBag from /home/airflow/.local/lib/python3.12/site-packages/airflow/example_dags/example_skip_dag.py
[2024-04-09T22:08:13.273+0000] {processor.py:840} INFO - DAG(s) 'example_skip_dag' retrieved from /home/airflow/.local/lib/python3.12/site-packages/airflow/example_dags/example_skip_dag.py
[2024-04-09T22:08:13.312+0000] {logging_mixin.py:188} INFO - [2024-04-09T22:08:13.311+0000] {dag.py:3096} INFO - Sync 1 DAGs
[2024-04-09T22:08:13.349+0000] {logging_mixin.py:188} INFO - [2024-04-09T22:08:13.349+0000] {dag.py:3954} INFO - Setting next_dagrun for example_skip_dag to 2024-04-08 00:00:00+00:00, run_after=2024-04-09 00:00:00+00:00
[2024-04-09T22:08:13.410+0000] {processor.py:183} INFO - Processing /home/airflow/.local/lib/python3.12/site-packages/airflow/example_dags/example_skip_dag.py took 0.161 seconds
[2024-04-09T22:08:43.551+0000] {processor.py:161} INFO - Started process (PID=1226) to work on /home/airflow/.local/lib/python3.12/site-packages/airflow/example_dags/example_skip_dag.py
[2024-04-09T22:08:43.553+0000] {processor.py:830} INFO - Processing file /home/airflow/.local/lib/python3.12/site-packages/airflow/example_dags/example_skip_dag.py for tasks to queue
[2024-04-09T22:08:43.556+0000] {logging_mixin.py:188} INFO - [2024-04-09T22:08:43.556+0000] {dagbag.py:540} INFO - Filling up the DagBag from /home/airflow/.local/lib/python3.12/site-packages/airflow/example_dags/example_skip_dag.py
[2024-04-09T22:08:43.568+0000] {processor.py:840} INFO - DAG(s) 'example_skip_dag' retrieved from /home/airflow/.local/lib/python3.12/site-packages/airflow/example_dags/example_skip_dag.py
[2024-04-09T22:08:43.606+0000] {logging_mixin.py:188} INFO - [2024-04-09T22:08:43.606+0000] {dag.py:3096} INFO - Sync 1 DAGs
[2024-04-09T22:08:43.648+0000] {logging_mixin.py:188} INFO - [2024-04-09T22:08:43.647+0000] {dag.py:3954} INFO - Setting next_dagrun for example_skip_dag to 2024-04-08 00:00:00+00:00, run_after=2024-04-09 00:00:00+00:00
[2024-04-09T22:08:43.711+0000] {processor.py:183} INFO - Processing /home/airflow/.local/lib/python3.12/site-packages/airflow/example_dags/example_skip_dag.py took 0.172 seconds
[2024-04-09T22:09:13.801+0000] {processor.py:161} INFO - Started process (PID=1284) to work on /home/airflow/.local/lib/python3.12/site-packages/airflow/example_dags/example_skip_dag.py
[2024-04-09T22:09:13.803+0000] {processor.py:830} INFO - Processing file /home/airflow/.local/lib/python3.12/site-packages/airflow/example_dags/example_skip_dag.py for tasks to queue
[2024-04-09T22:09:13.806+0000] {logging_mixin.py:188} INFO - [2024-04-09T22:09:13.806+0000] {dagbag.py:540} INFO - Filling up the DagBag from /home/airflow/.local/lib/python3.12/site-packages/airflow/example_dags/example_skip_dag.py
[2024-04-09T22:09:13.819+0000] {processor.py:840} INFO - DAG(s) 'example_skip_dag' retrieved from /home/airflow/.local/lib/python3.12/site-packages/airflow/example_dags/example_skip_dag.py
[2024-04-09T22:09:13.853+0000] {logging_mixin.py:188} INFO - [2024-04-09T22:09:13.853+0000] {dag.py:3096} INFO - Sync 1 DAGs
[2024-04-09T22:09:13.892+0000] {logging_mixin.py:188} INFO - [2024-04-09T22:09:13.891+0000] {dag.py:3954} INFO - Setting next_dagrun for example_skip_dag to 2024-04-08 00:00:00+00:00, run_after=2024-04-09 00:00:00+00:00
[2024-04-09T22:09:13.938+0000] {processor.py:183} INFO - Processing /home/airflow/.local/lib/python3.12/site-packages/airflow/example_dags/example_skip_dag.py took 0.149 seconds
[2024-04-09T22:09:44.319+0000] {processor.py:161} INFO - Started process (PID=1342) to work on /home/airflow/.local/lib/python3.12/site-packages/airflow/example_dags/example_skip_dag.py
[2024-04-09T22:09:44.327+0000] {processor.py:830} INFO - Processing file /home/airflow/.local/lib/python3.12/site-packages/airflow/example_dags/example_skip_dag.py for tasks to queue
[2024-04-09T22:09:44.333+0000] {logging_mixin.py:188} INFO - [2024-04-09T22:09:44.331+0000] {dagbag.py:540} INFO - Filling up the DagBag from /home/airflow/.local/lib/python3.12/site-packages/airflow/example_dags/example_skip_dag.py
[2024-04-09T22:09:44.361+0000] {processor.py:840} INFO - DAG(s) 'example_skip_dag' retrieved from /home/airflow/.local/lib/python3.12/site-packages/airflow/example_dags/example_skip_dag.py
[2024-04-09T22:09:44.433+0000] {logging_mixin.py:188} INFO - [2024-04-09T22:09:44.433+0000] {dag.py:3096} INFO - Sync 1 DAGs
[2024-04-09T22:09:44.473+0000] {logging_mixin.py:188} INFO - [2024-04-09T22:09:44.472+0000] {dag.py:3954} INFO - Setting next_dagrun for example_skip_dag to 2024-04-08 00:00:00+00:00, run_after=2024-04-09 00:00:00+00:00
[2024-04-09T22:09:44.580+0000] {processor.py:183} INFO - Processing /home/airflow/.local/lib/python3.12/site-packages/airflow/example_dags/example_skip_dag.py took 0.277 seconds
[2024-04-09T22:10:14.717+0000] {processor.py:161} INFO - Started process (PID=1400) to work on /home/airflow/.local/lib/python3.12/site-packages/airflow/example_dags/example_skip_dag.py
[2024-04-09T22:10:14.719+0000] {processor.py:830} INFO - Processing file /home/airflow/.local/lib/python3.12/site-packages/airflow/example_dags/example_skip_dag.py for tasks to queue
[2024-04-09T22:10:14.725+0000] {logging_mixin.py:188} INFO - [2024-04-09T22:10:14.723+0000] {dagbag.py:540} INFO - Filling up the DagBag from /home/airflow/.local/lib/python3.12/site-packages/airflow/example_dags/example_skip_dag.py
[2024-04-09T22:10:14.746+0000] {processor.py:840} INFO - DAG(s) 'example_skip_dag' retrieved from /home/airflow/.local/lib/python3.12/site-packages/airflow/example_dags/example_skip_dag.py
[2024-04-09T22:10:14.790+0000] {logging_mixin.py:188} INFO - [2024-04-09T22:10:14.790+0000] {dag.py:3096} INFO - Sync 1 DAGs
[2024-04-09T22:10:14.858+0000] {logging_mixin.py:188} INFO - [2024-04-09T22:10:14.858+0000] {dag.py:3954} INFO - Setting next_dagrun for example_skip_dag to 2024-04-08 00:00:00+00:00, run_after=2024-04-09 00:00:00+00:00
[2024-04-09T22:10:14.932+0000] {processor.py:183} INFO - Processing /home/airflow/.local/lib/python3.12/site-packages/airflow/example_dags/example_skip_dag.py took 0.228 seconds
