[2024-04-09T21:56:36.125+0000] {processor.py:161} INFO - Started process (PID=52) to work on /home/airflow/.local/lib/python3.12/site-packages/airflow/example_dags/example_branch_operator.py
[2024-04-09T21:56:36.127+0000] {processor.py:830} INFO - Processing file /home/airflow/.local/lib/python3.12/site-packages/airflow/example_dags/example_branch_operator.py for tasks to queue
[2024-04-09T21:56:36.131+0000] {logging_mixin.py:188} INFO - [2024-04-09T21:56:36.130+0000] {dagbag.py:540} INFO - Filling up the DagBag from /home/airflow/.local/lib/python3.12/site-packages/airflow/example_dags/example_branch_operator.py
[2024-04-09T21:56:39.963+0000] {processor.py:840} INFO - DAG(s) 'example_branch_operator' retrieved from /home/airflow/.local/lib/python3.12/site-packages/airflow/example_dags/example_branch_operator.py
[2024-04-09T21:56:45.416+0000] {logging_mixin.py:188} INFO - [2024-04-09T21:56:45.416+0000] {dag.py:3096} INFO - Sync 1 DAGs
[2024-04-09T21:56:46.204+0000] {logging_mixin.py:188} INFO - [2024-04-09T21:56:46.204+0000] {dag.py:3954} INFO - Setting next_dagrun for example_branch_operator to 2024-04-08 00:00:00+00:00, run_after=2024-04-09 00:00:00+00:00
[2024-04-09T21:56:47.444+0000] {processor.py:183} INFO - Processing /home/airflow/.local/lib/python3.12/site-packages/airflow/example_dags/example_branch_operator.py took 11.331 seconds
[2024-04-09T21:58:15.866+0000] {processor.py:161} INFO - Started process (PID=116) to work on /home/airflow/.local/lib/python3.12/site-packages/airflow/example_dags/example_branch_operator.py
[2024-04-09T21:58:15.871+0000] {processor.py:830} INFO - Processing file /home/airflow/.local/lib/python3.12/site-packages/airflow/example_dags/example_branch_operator.py for tasks to queue
[2024-04-09T21:58:15.876+0000] {logging_mixin.py:188} INFO - [2024-04-09T21:58:15.875+0000] {dagbag.py:540} INFO - Filling up the DagBag from /home/airflow/.local/lib/python3.12/site-packages/airflow/example_dags/example_branch_operator.py
[2024-04-09T21:58:16.019+0000] {processor.py:840} INFO - DAG(s) 'example_branch_operator' retrieved from /home/airflow/.local/lib/python3.12/site-packages/airflow/example_dags/example_branch_operator.py
[2024-04-09T21:58:16.059+0000] {logging_mixin.py:188} INFO - [2024-04-09T21:58:16.059+0000] {dag.py:3096} INFO - Sync 1 DAGs
[2024-04-09T21:58:16.098+0000] {logging_mixin.py:188} INFO - [2024-04-09T21:58:16.098+0000] {dag.py:3954} INFO - Setting next_dagrun for example_branch_operator to 2024-04-08 00:00:00+00:00, run_after=2024-04-09 00:00:00+00:00
[2024-04-09T21:58:16.325+0000] {processor.py:183} INFO - Processing /home/airflow/.local/lib/python3.12/site-packages/airflow/example_dags/example_branch_operator.py took 0.482 seconds
[2024-04-09T21:58:46.925+0000] {processor.py:161} INFO - Started process (PID=178) to work on /home/airflow/.local/lib/python3.12/site-packages/airflow/example_dags/example_branch_operator.py
[2024-04-09T21:58:46.926+0000] {processor.py:830} INFO - Processing file /home/airflow/.local/lib/python3.12/site-packages/airflow/example_dags/example_branch_operator.py for tasks to queue
[2024-04-09T21:58:46.929+0000] {logging_mixin.py:188} INFO - [2024-04-09T21:58:46.929+0000] {dagbag.py:540} INFO - Filling up the DagBag from /home/airflow/.local/lib/python3.12/site-packages/airflow/example_dags/example_branch_operator.py
[2024-04-09T21:58:46.960+0000] {processor.py:840} INFO - DAG(s) 'example_branch_operator' retrieved from /home/airflow/.local/lib/python3.12/site-packages/airflow/example_dags/example_branch_operator.py
[2024-04-09T21:58:47.026+0000] {logging_mixin.py:188} INFO - [2024-04-09T21:58:47.025+0000] {dag.py:3096} INFO - Sync 1 DAGs
[2024-04-09T21:58:47.071+0000] {logging_mixin.py:188} INFO - [2024-04-09T21:58:47.070+0000] {dag.py:3954} INFO - Setting next_dagrun for example_branch_operator to 2024-04-08 00:00:00+00:00, run_after=2024-04-09 00:00:00+00:00
[2024-04-09T21:58:47.511+0000] {processor.py:183} INFO - Processing /home/airflow/.local/lib/python3.12/site-packages/airflow/example_dags/example_branch_operator.py took 0.598 seconds
[2024-04-09T21:59:22.186+0000] {processor.py:161} INFO - Started process (PID=236) to work on /home/airflow/.local/lib/python3.12/site-packages/airflow/example_dags/example_branch_operator.py
[2024-04-09T21:59:22.187+0000] {processor.py:830} INFO - Processing file /home/airflow/.local/lib/python3.12/site-packages/airflow/example_dags/example_branch_operator.py for tasks to queue
[2024-04-09T21:59:22.190+0000] {logging_mixin.py:188} INFO - [2024-04-09T21:59:22.189+0000] {dagbag.py:540} INFO - Filling up the DagBag from /home/airflow/.local/lib/python3.12/site-packages/airflow/example_dags/example_branch_operator.py
[2024-04-09T21:59:22.211+0000] {processor.py:840} INFO - DAG(s) 'example_branch_operator' retrieved from /home/airflow/.local/lib/python3.12/site-packages/airflow/example_dags/example_branch_operator.py
[2024-04-09T21:59:22.269+0000] {logging_mixin.py:188} INFO - [2024-04-09T21:59:22.268+0000] {dag.py:3096} INFO - Sync 1 DAGs
[2024-04-09T21:59:22.302+0000] {logging_mixin.py:188} INFO - [2024-04-09T21:59:22.302+0000] {dag.py:3954} INFO - Setting next_dagrun for example_branch_operator to 2024-04-08 00:00:00+00:00, run_after=2024-04-09 00:00:00+00:00
[2024-04-09T21:59:22.599+0000] {processor.py:183} INFO - Processing /home/airflow/.local/lib/python3.12/site-packages/airflow/example_dags/example_branch_operator.py took 0.421 seconds
[2024-04-09T21:59:53.410+0000] {processor.py:161} INFO - Started process (PID=294) to work on /home/airflow/.local/lib/python3.12/site-packages/airflow/example_dags/example_branch_operator.py
[2024-04-09T21:59:53.411+0000] {processor.py:830} INFO - Processing file /home/airflow/.local/lib/python3.12/site-packages/airflow/example_dags/example_branch_operator.py for tasks to queue
[2024-04-09T21:59:53.414+0000] {logging_mixin.py:188} INFO - [2024-04-09T21:59:53.413+0000] {dagbag.py:540} INFO - Filling up the DagBag from /home/airflow/.local/lib/python3.12/site-packages/airflow/example_dags/example_branch_operator.py
[2024-04-09T21:59:53.443+0000] {processor.py:840} INFO - DAG(s) 'example_branch_operator' retrieved from /home/airflow/.local/lib/python3.12/site-packages/airflow/example_dags/example_branch_operator.py
[2024-04-09T21:59:53.831+0000] {logging_mixin.py:188} INFO - [2024-04-09T21:59:53.831+0000] {dag.py:3096} INFO - Sync 1 DAGs
[2024-04-09T21:59:53.996+0000] {logging_mixin.py:188} INFO - [2024-04-09T21:59:53.876+0000] {dag.py:3954} INFO - Setting next_dagrun for example_branch_operator to 2024-04-08 00:00:00+00:00, run_after=2024-04-09 00:00:00+00:00
[2024-04-09T21:59:54.916+0000] {processor.py:183} INFO - Processing /home/airflow/.local/lib/python3.12/site-packages/airflow/example_dags/example_branch_operator.py took 1.514 seconds
[2024-04-09T22:00:25.487+0000] {processor.py:161} INFO - Started process (PID=352) to work on /home/airflow/.local/lib/python3.12/site-packages/airflow/example_dags/example_branch_operator.py
[2024-04-09T22:00:25.488+0000] {processor.py:830} INFO - Processing file /home/airflow/.local/lib/python3.12/site-packages/airflow/example_dags/example_branch_operator.py for tasks to queue
[2024-04-09T22:00:25.491+0000] {logging_mixin.py:188} INFO - [2024-04-09T22:00:25.491+0000] {dagbag.py:540} INFO - Filling up the DagBag from /home/airflow/.local/lib/python3.12/site-packages/airflow/example_dags/example_branch_operator.py
[2024-04-09T22:00:25.521+0000] {processor.py:840} INFO - DAG(s) 'example_branch_operator' retrieved from /home/airflow/.local/lib/python3.12/site-packages/airflow/example_dags/example_branch_operator.py
[2024-04-09T22:00:25.566+0000] {logging_mixin.py:188} INFO - [2024-04-09T22:00:25.565+0000] {dag.py:3096} INFO - Sync 1 DAGs
[2024-04-09T22:00:25.605+0000] {logging_mixin.py:188} INFO - [2024-04-09T22:00:25.605+0000] {dag.py:3954} INFO - Setting next_dagrun for example_branch_operator to 2024-04-08 00:00:00+00:00, run_after=2024-04-09 00:00:00+00:00
[2024-04-09T22:00:25.916+0000] {processor.py:183} INFO - Processing /home/airflow/.local/lib/python3.12/site-packages/airflow/example_dags/example_branch_operator.py took 0.439 seconds
[2024-04-09T22:00:56.135+0000] {processor.py:161} INFO - Started process (PID=410) to work on /home/airflow/.local/lib/python3.12/site-packages/airflow/example_dags/example_branch_operator.py
[2024-04-09T22:00:56.136+0000] {processor.py:830} INFO - Processing file /home/airflow/.local/lib/python3.12/site-packages/airflow/example_dags/example_branch_operator.py for tasks to queue
[2024-04-09T22:00:56.139+0000] {logging_mixin.py:188} INFO - [2024-04-09T22:00:56.139+0000] {dagbag.py:540} INFO - Filling up the DagBag from /home/airflow/.local/lib/python3.12/site-packages/airflow/example_dags/example_branch_operator.py
[2024-04-09T22:00:56.160+0000] {processor.py:840} INFO - DAG(s) 'example_branch_operator' retrieved from /home/airflow/.local/lib/python3.12/site-packages/airflow/example_dags/example_branch_operator.py
[2024-04-09T22:00:56.199+0000] {logging_mixin.py:188} INFO - [2024-04-09T22:00:56.199+0000] {dag.py:3096} INFO - Sync 1 DAGs
[2024-04-09T22:00:56.229+0000] {logging_mixin.py:188} INFO - [2024-04-09T22:00:56.229+0000] {dag.py:3954} INFO - Setting next_dagrun for example_branch_operator to 2024-04-08 00:00:00+00:00, run_after=2024-04-09 00:00:00+00:00
[2024-04-09T22:00:56.435+0000] {processor.py:183} INFO - Processing /home/airflow/.local/lib/python3.12/site-packages/airflow/example_dags/example_branch_operator.py took 0.308 seconds
[2024-04-09T22:01:26.710+0000] {processor.py:161} INFO - Started process (PID=468) to work on /home/airflow/.local/lib/python3.12/site-packages/airflow/example_dags/example_branch_operator.py
[2024-04-09T22:01:26.712+0000] {processor.py:830} INFO - Processing file /home/airflow/.local/lib/python3.12/site-packages/airflow/example_dags/example_branch_operator.py for tasks to queue
[2024-04-09T22:01:26.714+0000] {logging_mixin.py:188} INFO - [2024-04-09T22:01:26.714+0000] {dagbag.py:540} INFO - Filling up the DagBag from /home/airflow/.local/lib/python3.12/site-packages/airflow/example_dags/example_branch_operator.py
[2024-04-09T22:01:26.738+0000] {processor.py:840} INFO - DAG(s) 'example_branch_operator' retrieved from /home/airflow/.local/lib/python3.12/site-packages/airflow/example_dags/example_branch_operator.py
[2024-04-09T22:01:26.789+0000] {logging_mixin.py:188} INFO - [2024-04-09T22:01:26.788+0000] {dag.py:3096} INFO - Sync 1 DAGs
[2024-04-09T22:01:26.823+0000] {logging_mixin.py:188} INFO - [2024-04-09T22:01:26.823+0000] {dag.py:3954} INFO - Setting next_dagrun for example_branch_operator to 2024-04-08 00:00:00+00:00, run_after=2024-04-09 00:00:00+00:00
[2024-04-09T22:01:27.434+0000] {processor.py:183} INFO - Processing /home/airflow/.local/lib/python3.12/site-packages/airflow/example_dags/example_branch_operator.py took 0.734 seconds
[2024-04-09T22:02:00.987+0000] {processor.py:161} INFO - Started process (PID=526) to work on /home/airflow/.local/lib/python3.12/site-packages/airflow/example_dags/example_branch_operator.py
[2024-04-09T22:02:00.988+0000] {processor.py:830} INFO - Processing file /home/airflow/.local/lib/python3.12/site-packages/airflow/example_dags/example_branch_operator.py for tasks to queue
[2024-04-09T22:02:00.990+0000] {logging_mixin.py:188} INFO - [2024-04-09T22:02:00.990+0000] {dagbag.py:540} INFO - Filling up the DagBag from /home/airflow/.local/lib/python3.12/site-packages/airflow/example_dags/example_branch_operator.py
[2024-04-09T22:02:01.020+0000] {processor.py:840} INFO - DAG(s) 'example_branch_operator' retrieved from /home/airflow/.local/lib/python3.12/site-packages/airflow/example_dags/example_branch_operator.py
[2024-04-09T22:02:01.061+0000] {logging_mixin.py:188} INFO - [2024-04-09T22:02:01.061+0000] {dag.py:3096} INFO - Sync 1 DAGs
[2024-04-09T22:02:01.092+0000] {logging_mixin.py:188} INFO - [2024-04-09T22:02:01.091+0000] {dag.py:3954} INFO - Setting next_dagrun for example_branch_operator to 2024-04-08 00:00:00+00:00, run_after=2024-04-09 00:00:00+00:00
[2024-04-09T22:02:01.356+0000] {processor.py:183} INFO - Processing /home/airflow/.local/lib/python3.12/site-packages/airflow/example_dags/example_branch_operator.py took 0.377 seconds
[2024-04-09T22:02:33.420+0000] {processor.py:161} INFO - Started process (PID=583) to work on /home/airflow/.local/lib/python3.12/site-packages/airflow/example_dags/example_branch_operator.py
[2024-04-09T22:02:33.422+0000] {processor.py:830} INFO - Processing file /home/airflow/.local/lib/python3.12/site-packages/airflow/example_dags/example_branch_operator.py for tasks to queue
[2024-04-09T22:02:33.428+0000] {logging_mixin.py:188} INFO - [2024-04-09T22:02:33.427+0000] {dagbag.py:540} INFO - Filling up the DagBag from /home/airflow/.local/lib/python3.12/site-packages/airflow/example_dags/example_branch_operator.py
[2024-04-09T22:02:33.453+0000] {processor.py:840} INFO - DAG(s) 'example_branch_operator' retrieved from /home/airflow/.local/lib/python3.12/site-packages/airflow/example_dags/example_branch_operator.py
[2024-04-09T22:02:33.668+0000] {logging_mixin.py:188} INFO - [2024-04-09T22:02:33.668+0000] {dag.py:3096} INFO - Sync 1 DAGs
[2024-04-09T22:02:33.701+0000] {logging_mixin.py:188} INFO - [2024-04-09T22:02:33.700+0000] {dag.py:3954} INFO - Setting next_dagrun for example_branch_operator to 2024-04-08 00:00:00+00:00, run_after=2024-04-09 00:00:00+00:00
[2024-04-09T22:02:34.094+0000] {processor.py:183} INFO - Processing /home/airflow/.local/lib/python3.12/site-packages/airflow/example_dags/example_branch_operator.py took 0.683 seconds
[2024-04-09T22:03:22.189+0000] {processor.py:161} INFO - Started process (PID=614) to work on /home/airflow/.local/lib/python3.12/site-packages/airflow/example_dags/example_branch_operator.py
[2024-04-09T22:03:22.191+0000] {processor.py:830} INFO - Processing file /home/airflow/.local/lib/python3.12/site-packages/airflow/example_dags/example_branch_operator.py for tasks to queue
[2024-04-09T22:03:22.194+0000] {logging_mixin.py:188} INFO - [2024-04-09T22:03:22.193+0000] {dagbag.py:540} INFO - Filling up the DagBag from /home/airflow/.local/lib/python3.12/site-packages/airflow/example_dags/example_branch_operator.py
[2024-04-09T22:03:22.218+0000] {processor.py:840} INFO - DAG(s) 'example_branch_operator' retrieved from /home/airflow/.local/lib/python3.12/site-packages/airflow/example_dags/example_branch_operator.py
[2024-04-09T22:03:22.265+0000] {logging_mixin.py:188} INFO - [2024-04-09T22:03:22.265+0000] {dag.py:3096} INFO - Sync 1 DAGs
[2024-04-09T22:03:22.298+0000] {logging_mixin.py:188} INFO - [2024-04-09T22:03:22.298+0000] {dag.py:3954} INFO - Setting next_dagrun for example_branch_operator to 2024-04-08 00:00:00+00:00, run_after=2024-04-09 00:00:00+00:00
[2024-04-09T22:03:22.442+0000] {processor.py:183} INFO - Processing /home/airflow/.local/lib/python3.12/site-packages/airflow/example_dags/example_branch_operator.py took 0.261 seconds
[2024-04-09T22:03:57.005+0000] {processor.py:161} INFO - Started process (PID=678) to work on /home/airflow/.local/lib/python3.12/site-packages/airflow/example_dags/example_branch_operator.py
[2024-04-09T22:03:57.007+0000] {processor.py:830} INFO - Processing file /home/airflow/.local/lib/python3.12/site-packages/airflow/example_dags/example_branch_operator.py for tasks to queue
[2024-04-09T22:03:57.009+0000] {logging_mixin.py:188} INFO - [2024-04-09T22:03:57.009+0000] {dagbag.py:540} INFO - Filling up the DagBag from /home/airflow/.local/lib/python3.12/site-packages/airflow/example_dags/example_branch_operator.py
[2024-04-09T22:03:57.031+0000] {processor.py:840} INFO - DAG(s) 'example_branch_operator' retrieved from /home/airflow/.local/lib/python3.12/site-packages/airflow/example_dags/example_branch_operator.py
[2024-04-09T22:03:57.072+0000] {logging_mixin.py:188} INFO - [2024-04-09T22:03:57.072+0000] {dag.py:3096} INFO - Sync 1 DAGs
[2024-04-09T22:03:57.113+0000] {logging_mixin.py:188} INFO - [2024-04-09T22:03:57.112+0000] {dag.py:3954} INFO - Setting next_dagrun for example_branch_operator to 2024-04-08 00:00:00+00:00, run_after=2024-04-09 00:00:00+00:00
[2024-04-09T22:03:57.272+0000] {processor.py:183} INFO - Processing /home/airflow/.local/lib/python3.12/site-packages/airflow/example_dags/example_branch_operator.py took 0.274 seconds
[2024-04-09T22:04:27.418+0000] {processor.py:161} INFO - Started process (PID=736) to work on /home/airflow/.local/lib/python3.12/site-packages/airflow/example_dags/example_branch_operator.py
[2024-04-09T22:04:27.420+0000] {processor.py:830} INFO - Processing file /home/airflow/.local/lib/python3.12/site-packages/airflow/example_dags/example_branch_operator.py for tasks to queue
[2024-04-09T22:04:27.424+0000] {logging_mixin.py:188} INFO - [2024-04-09T22:04:27.423+0000] {dagbag.py:540} INFO - Filling up the DagBag from /home/airflow/.local/lib/python3.12/site-packages/airflow/example_dags/example_branch_operator.py
[2024-04-09T22:04:27.448+0000] {processor.py:840} INFO - DAG(s) 'example_branch_operator' retrieved from /home/airflow/.local/lib/python3.12/site-packages/airflow/example_dags/example_branch_operator.py
[2024-04-09T22:04:27.486+0000] {logging_mixin.py:188} INFO - [2024-04-09T22:04:27.486+0000] {dag.py:3096} INFO - Sync 1 DAGs
[2024-04-09T22:04:27.519+0000] {logging_mixin.py:188} INFO - [2024-04-09T22:04:27.519+0000] {dag.py:3954} INFO - Setting next_dagrun for example_branch_operator to 2024-04-08 00:00:00+00:00, run_after=2024-04-09 00:00:00+00:00
[2024-04-09T22:04:27.786+0000] {processor.py:183} INFO - Processing /home/airflow/.local/lib/python3.12/site-packages/airflow/example_dags/example_branch_operator.py took 0.378 seconds
[2024-04-09T22:05:00.669+0000] {processor.py:161} INFO - Started process (PID=794) to work on /home/airflow/.local/lib/python3.12/site-packages/airflow/example_dags/example_branch_operator.py
[2024-04-09T22:05:00.670+0000] {processor.py:830} INFO - Processing file /home/airflow/.local/lib/python3.12/site-packages/airflow/example_dags/example_branch_operator.py for tasks to queue
[2024-04-09T22:05:00.673+0000] {logging_mixin.py:188} INFO - [2024-04-09T22:05:00.673+0000] {dagbag.py:540} INFO - Filling up the DagBag from /home/airflow/.local/lib/python3.12/site-packages/airflow/example_dags/example_branch_operator.py
[2024-04-09T22:05:00.711+0000] {processor.py:840} INFO - DAG(s) 'example_branch_operator' retrieved from /home/airflow/.local/lib/python3.12/site-packages/airflow/example_dags/example_branch_operator.py
[2024-04-09T22:05:00.769+0000] {logging_mixin.py:188} INFO - [2024-04-09T22:05:00.768+0000] {dag.py:3096} INFO - Sync 1 DAGs
[2024-04-09T22:05:00.801+0000] {logging_mixin.py:188} INFO - [2024-04-09T22:05:00.800+0000] {dag.py:3954} INFO - Setting next_dagrun for example_branch_operator to 2024-04-08 00:00:00+00:00, run_after=2024-04-09 00:00:00+00:00
[2024-04-09T22:05:00.993+0000] {processor.py:183} INFO - Processing /home/airflow/.local/lib/python3.12/site-packages/airflow/example_dags/example_branch_operator.py took 0.335 seconds
[2024-04-09T22:05:31.220+0000] {processor.py:161} INFO - Started process (PID=852) to work on /home/airflow/.local/lib/python3.12/site-packages/airflow/example_dags/example_branch_operator.py
[2024-04-09T22:05:31.221+0000] {processor.py:830} INFO - Processing file /home/airflow/.local/lib/python3.12/site-packages/airflow/example_dags/example_branch_operator.py for tasks to queue
[2024-04-09T22:05:31.224+0000] {logging_mixin.py:188} INFO - [2024-04-09T22:05:31.224+0000] {dagbag.py:540} INFO - Filling up the DagBag from /home/airflow/.local/lib/python3.12/site-packages/airflow/example_dags/example_branch_operator.py
[2024-04-09T22:05:31.258+0000] {processor.py:840} INFO - DAG(s) 'example_branch_operator' retrieved from /home/airflow/.local/lib/python3.12/site-packages/airflow/example_dags/example_branch_operator.py
[2024-04-09T22:05:31.312+0000] {logging_mixin.py:188} INFO - [2024-04-09T22:05:31.312+0000] {dag.py:3096} INFO - Sync 1 DAGs
[2024-04-09T22:05:31.570+0000] {logging_mixin.py:188} INFO - [2024-04-09T22:05:31.569+0000] {dag.py:3954} INFO - Setting next_dagrun for example_branch_operator to 2024-04-08 00:00:00+00:00, run_after=2024-04-09 00:00:00+00:00
[2024-04-09T22:05:31.717+0000] {processor.py:183} INFO - Processing /home/airflow/.local/lib/python3.12/site-packages/airflow/example_dags/example_branch_operator.py took 0.506 seconds
[2024-04-09T22:06:02.037+0000] {processor.py:161} INFO - Started process (PID=910) to work on /home/airflow/.local/lib/python3.12/site-packages/airflow/example_dags/example_branch_operator.py
[2024-04-09T22:06:02.038+0000] {processor.py:830} INFO - Processing file /home/airflow/.local/lib/python3.12/site-packages/airflow/example_dags/example_branch_operator.py for tasks to queue
[2024-04-09T22:06:02.040+0000] {logging_mixin.py:188} INFO - [2024-04-09T22:06:02.040+0000] {dagbag.py:540} INFO - Filling up the DagBag from /home/airflow/.local/lib/python3.12/site-packages/airflow/example_dags/example_branch_operator.py
[2024-04-09T22:06:02.071+0000] {processor.py:840} INFO - DAG(s) 'example_branch_operator' retrieved from /home/airflow/.local/lib/python3.12/site-packages/airflow/example_dags/example_branch_operator.py
[2024-04-09T22:06:02.108+0000] {logging_mixin.py:188} INFO - [2024-04-09T22:06:02.108+0000] {dag.py:3096} INFO - Sync 1 DAGs
[2024-04-09T22:06:02.356+0000] {logging_mixin.py:188} INFO - [2024-04-09T22:06:02.355+0000] {dag.py:3954} INFO - Setting next_dagrun for example_branch_operator to 2024-04-08 00:00:00+00:00, run_after=2024-04-09 00:00:00+00:00
[2024-04-09T22:06:02.467+0000] {processor.py:183} INFO - Processing /home/airflow/.local/lib/python3.12/site-packages/airflow/example_dags/example_branch_operator.py took 0.439 seconds
[2024-04-09T22:06:32.872+0000] {processor.py:161} INFO - Started process (PID=967) to work on /home/airflow/.local/lib/python3.12/site-packages/airflow/example_dags/example_branch_operator.py
[2024-04-09T22:06:32.874+0000] {processor.py:830} INFO - Processing file /home/airflow/.local/lib/python3.12/site-packages/airflow/example_dags/example_branch_operator.py for tasks to queue
[2024-04-09T22:06:32.878+0000] {logging_mixin.py:188} INFO - [2024-04-09T22:06:32.877+0000] {dagbag.py:540} INFO - Filling up the DagBag from /home/airflow/.local/lib/python3.12/site-packages/airflow/example_dags/example_branch_operator.py
[2024-04-09T22:06:32.905+0000] {processor.py:840} INFO - DAG(s) 'example_branch_operator' retrieved from /home/airflow/.local/lib/python3.12/site-packages/airflow/example_dags/example_branch_operator.py
[2024-04-09T22:06:32.957+0000] {logging_mixin.py:188} INFO - [2024-04-09T22:06:32.957+0000] {dag.py:3096} INFO - Sync 1 DAGs
[2024-04-09T22:06:32.999+0000] {logging_mixin.py:188} INFO - [2024-04-09T22:06:32.998+0000] {dag.py:3954} INFO - Setting next_dagrun for example_branch_operator to 2024-04-08 00:00:00+00:00, run_after=2024-04-09 00:00:00+00:00
[2024-04-09T22:06:33.346+0000] {processor.py:183} INFO - Processing /home/airflow/.local/lib/python3.12/site-packages/airflow/example_dags/example_branch_operator.py took 0.486 seconds
[2024-04-09T22:07:03.740+0000] {processor.py:161} INFO - Started process (PID=1024) to work on /home/airflow/.local/lib/python3.12/site-packages/airflow/example_dags/example_branch_operator.py
[2024-04-09T22:07:03.741+0000] {processor.py:830} INFO - Processing file /home/airflow/.local/lib/python3.12/site-packages/airflow/example_dags/example_branch_operator.py for tasks to queue
[2024-04-09T22:07:03.744+0000] {logging_mixin.py:188} INFO - [2024-04-09T22:07:03.744+0000] {dagbag.py:540} INFO - Filling up the DagBag from /home/airflow/.local/lib/python3.12/site-packages/airflow/example_dags/example_branch_operator.py
[2024-04-09T22:07:03.779+0000] {processor.py:840} INFO - DAG(s) 'example_branch_operator' retrieved from /home/airflow/.local/lib/python3.12/site-packages/airflow/example_dags/example_branch_operator.py
[2024-04-09T22:07:03.852+0000] {logging_mixin.py:188} INFO - [2024-04-09T22:07:03.852+0000] {dag.py:3096} INFO - Sync 1 DAGs
[2024-04-09T22:07:03.893+0000] {logging_mixin.py:188} INFO - [2024-04-09T22:07:03.893+0000] {dag.py:3954} INFO - Setting next_dagrun for example_branch_operator to 2024-04-08 00:00:00+00:00, run_after=2024-04-09 00:00:00+00:00
[2024-04-09T22:07:04.017+0000] {processor.py:183} INFO - Processing /home/airflow/.local/lib/python3.12/site-packages/airflow/example_dags/example_branch_operator.py took 0.286 seconds
[2024-04-09T22:07:34.092+0000] {processor.py:161} INFO - Started process (PID=1081) to work on /home/airflow/.local/lib/python3.12/site-packages/airflow/example_dags/example_branch_operator.py
[2024-04-09T22:07:34.094+0000] {processor.py:830} INFO - Processing file /home/airflow/.local/lib/python3.12/site-packages/airflow/example_dags/example_branch_operator.py for tasks to queue
[2024-04-09T22:07:34.098+0000] {logging_mixin.py:188} INFO - [2024-04-09T22:07:34.097+0000] {dagbag.py:540} INFO - Filling up the DagBag from /home/airflow/.local/lib/python3.12/site-packages/airflow/example_dags/example_branch_operator.py
[2024-04-09T22:07:34.124+0000] {processor.py:840} INFO - DAG(s) 'example_branch_operator' retrieved from /home/airflow/.local/lib/python3.12/site-packages/airflow/example_dags/example_branch_operator.py
[2024-04-09T22:07:34.177+0000] {logging_mixin.py:188} INFO - [2024-04-09T22:07:34.177+0000] {dag.py:3096} INFO - Sync 1 DAGs
[2024-04-09T22:07:34.218+0000] {logging_mixin.py:188} INFO - [2024-04-09T22:07:34.218+0000] {dag.py:3954} INFO - Setting next_dagrun for example_branch_operator to 2024-04-08 00:00:00+00:00, run_after=2024-04-09 00:00:00+00:00
[2024-04-09T22:07:34.276+0000] {processor.py:183} INFO - Processing /home/airflow/.local/lib/python3.12/site-packages/airflow/example_dags/example_branch_operator.py took 0.193 seconds
[2024-04-09T22:08:05.115+0000] {processor.py:161} INFO - Started process (PID=1140) to work on /home/airflow/.local/lib/python3.12/site-packages/airflow/example_dags/example_branch_operator.py
[2024-04-09T22:08:05.117+0000] {processor.py:830} INFO - Processing file /home/airflow/.local/lib/python3.12/site-packages/airflow/example_dags/example_branch_operator.py for tasks to queue
[2024-04-09T22:08:05.119+0000] {logging_mixin.py:188} INFO - [2024-04-09T22:08:05.119+0000] {dagbag.py:540} INFO - Filling up the DagBag from /home/airflow/.local/lib/python3.12/site-packages/airflow/example_dags/example_branch_operator.py
[2024-04-09T22:08:05.309+0000] {processor.py:840} INFO - DAG(s) 'example_branch_operator' retrieved from /home/airflow/.local/lib/python3.12/site-packages/airflow/example_dags/example_branch_operator.py
[2024-04-09T22:08:05.371+0000] {logging_mixin.py:188} INFO - [2024-04-09T22:08:05.371+0000] {dag.py:3096} INFO - Sync 1 DAGs
[2024-04-09T22:08:05.405+0000] {logging_mixin.py:188} INFO - [2024-04-09T22:08:05.404+0000] {dag.py:3954} INFO - Setting next_dagrun for example_branch_operator to 2024-04-08 00:00:00+00:00, run_after=2024-04-09 00:00:00+00:00
[2024-04-09T22:08:05.586+0000] {processor.py:183} INFO - Processing /home/airflow/.local/lib/python3.12/site-packages/airflow/example_dags/example_branch_operator.py took 0.478 seconds
[2024-04-09T22:08:35.937+0000] {processor.py:161} INFO - Started process (PID=1198) to work on /home/airflow/.local/lib/python3.12/site-packages/airflow/example_dags/example_branch_operator.py
[2024-04-09T22:08:35.939+0000] {processor.py:830} INFO - Processing file /home/airflow/.local/lib/python3.12/site-packages/airflow/example_dags/example_branch_operator.py for tasks to queue
[2024-04-09T22:08:35.943+0000] {logging_mixin.py:188} INFO - [2024-04-09T22:08:35.943+0000] {dagbag.py:540} INFO - Filling up the DagBag from /home/airflow/.local/lib/python3.12/site-packages/airflow/example_dags/example_branch_operator.py
[2024-04-09T22:08:35.967+0000] {processor.py:840} INFO - DAG(s) 'example_branch_operator' retrieved from /home/airflow/.local/lib/python3.12/site-packages/airflow/example_dags/example_branch_operator.py
[2024-04-09T22:08:36.013+0000] {logging_mixin.py:188} INFO - [2024-04-09T22:08:36.013+0000] {dag.py:3096} INFO - Sync 1 DAGs
[2024-04-09T22:08:36.050+0000] {logging_mixin.py:188} INFO - [2024-04-09T22:08:36.050+0000] {dag.py:3954} INFO - Setting next_dagrun for example_branch_operator to 2024-04-08 00:00:00+00:00, run_after=2024-04-09 00:00:00+00:00
[2024-04-09T22:08:36.108+0000] {processor.py:183} INFO - Processing /home/airflow/.local/lib/python3.12/site-packages/airflow/example_dags/example_branch_operator.py took 0.181 seconds
[2024-04-09T22:09:06.762+0000] {processor.py:161} INFO - Started process (PID=1256) to work on /home/airflow/.local/lib/python3.12/site-packages/airflow/example_dags/example_branch_operator.py
[2024-04-09T22:09:06.764+0000] {processor.py:830} INFO - Processing file /home/airflow/.local/lib/python3.12/site-packages/airflow/example_dags/example_branch_operator.py for tasks to queue
[2024-04-09T22:09:06.766+0000] {logging_mixin.py:188} INFO - [2024-04-09T22:09:06.766+0000] {dagbag.py:540} INFO - Filling up the DagBag from /home/airflow/.local/lib/python3.12/site-packages/airflow/example_dags/example_branch_operator.py
[2024-04-09T22:09:06.790+0000] {processor.py:840} INFO - DAG(s) 'example_branch_operator' retrieved from /home/airflow/.local/lib/python3.12/site-packages/airflow/example_dags/example_branch_operator.py
[2024-04-09T22:09:06.846+0000] {logging_mixin.py:188} INFO - [2024-04-09T22:09:06.846+0000] {dag.py:3096} INFO - Sync 1 DAGs
[2024-04-09T22:09:06.886+0000] {logging_mixin.py:188} INFO - [2024-04-09T22:09:06.886+0000] {dag.py:3954} INFO - Setting next_dagrun for example_branch_operator to 2024-04-08 00:00:00+00:00, run_after=2024-04-09 00:00:00+00:00
[2024-04-09T22:09:06.993+0000] {processor.py:183} INFO - Processing /home/airflow/.local/lib/python3.12/site-packages/airflow/example_dags/example_branch_operator.py took 0.239 seconds
[2024-04-09T22:09:37.282+0000] {processor.py:161} INFO - Started process (PID=1314) to work on /home/airflow/.local/lib/python3.12/site-packages/airflow/example_dags/example_branch_operator.py
[2024-04-09T22:09:37.283+0000] {processor.py:830} INFO - Processing file /home/airflow/.local/lib/python3.12/site-packages/airflow/example_dags/example_branch_operator.py for tasks to queue
[2024-04-09T22:09:37.287+0000] {logging_mixin.py:188} INFO - [2024-04-09T22:09:37.286+0000] {dagbag.py:540} INFO - Filling up the DagBag from /home/airflow/.local/lib/python3.12/site-packages/airflow/example_dags/example_branch_operator.py
[2024-04-09T22:09:37.321+0000] {processor.py:840} INFO - DAG(s) 'example_branch_operator' retrieved from /home/airflow/.local/lib/python3.12/site-packages/airflow/example_dags/example_branch_operator.py
[2024-04-09T22:09:37.378+0000] {logging_mixin.py:188} INFO - [2024-04-09T22:09:37.377+0000] {dag.py:3096} INFO - Sync 1 DAGs
[2024-04-09T22:09:37.413+0000] {logging_mixin.py:188} INFO - [2024-04-09T22:09:37.412+0000] {dag.py:3954} INFO - Setting next_dagrun for example_branch_operator to 2024-04-08 00:00:00+00:00, run_after=2024-04-09 00:00:00+00:00
[2024-04-09T22:09:37.470+0000] {processor.py:183} INFO - Processing /home/airflow/.local/lib/python3.12/site-packages/airflow/example_dags/example_branch_operator.py took 0.198 seconds
[2024-04-09T22:10:08.031+0000] {processor.py:161} INFO - Started process (PID=1372) to work on /home/airflow/.local/lib/python3.12/site-packages/airflow/example_dags/example_branch_operator.py
[2024-04-09T22:10:08.038+0000] {processor.py:830} INFO - Processing file /home/airflow/.local/lib/python3.12/site-packages/airflow/example_dags/example_branch_operator.py for tasks to queue
[2024-04-09T22:10:08.042+0000] {logging_mixin.py:188} INFO - [2024-04-09T22:10:08.041+0000] {dagbag.py:540} INFO - Filling up the DagBag from /home/airflow/.local/lib/python3.12/site-packages/airflow/example_dags/example_branch_operator.py
[2024-04-09T22:10:08.084+0000] {processor.py:840} INFO - DAG(s) 'example_branch_operator' retrieved from /home/airflow/.local/lib/python3.12/site-packages/airflow/example_dags/example_branch_operator.py
[2024-04-09T22:10:08.138+0000] {logging_mixin.py:188} INFO - [2024-04-09T22:10:08.138+0000] {dag.py:3096} INFO - Sync 1 DAGs
[2024-04-09T22:10:08.171+0000] {logging_mixin.py:188} INFO - [2024-04-09T22:10:08.171+0000] {dag.py:3954} INFO - Setting next_dagrun for example_branch_operator to 2024-04-08 00:00:00+00:00, run_after=2024-04-09 00:00:00+00:00
[2024-04-09T22:10:08.235+0000] {processor.py:183} INFO - Processing /home/airflow/.local/lib/python3.12/site-packages/airflow/example_dags/example_branch_operator.py took 0.216 seconds
[2024-04-09T22:10:38.307+0000] {processor.py:161} INFO - Started process (PID=1430) to work on /home/airflow/.local/lib/python3.12/site-packages/airflow/example_dags/example_branch_operator.py
[2024-04-09T22:10:38.308+0000] {processor.py:830} INFO - Processing file /home/airflow/.local/lib/python3.12/site-packages/airflow/example_dags/example_branch_operator.py for tasks to queue
[2024-04-09T22:10:38.311+0000] {logging_mixin.py:188} INFO - [2024-04-09T22:10:38.311+0000] {dagbag.py:540} INFO - Filling up the DagBag from /home/airflow/.local/lib/python3.12/site-packages/airflow/example_dags/example_branch_operator.py
[2024-04-09T22:10:38.338+0000] {processor.py:840} INFO - DAG(s) 'example_branch_operator' retrieved from /home/airflow/.local/lib/python3.12/site-packages/airflow/example_dags/example_branch_operator.py
[2024-04-09T22:10:38.379+0000] {logging_mixin.py:188} INFO - [2024-04-09T22:10:38.378+0000] {dag.py:3096} INFO - Sync 1 DAGs
[2024-04-09T22:10:38.412+0000] {logging_mixin.py:188} INFO - [2024-04-09T22:10:38.411+0000] {dag.py:3954} INFO - Setting next_dagrun for example_branch_operator to 2024-04-08 00:00:00+00:00, run_after=2024-04-09 00:00:00+00:00
[2024-04-09T22:10:38.472+0000] {processor.py:183} INFO - Processing /home/airflow/.local/lib/python3.12/site-packages/airflow/example_dags/example_branch_operator.py took 0.173 seconds
[2024-04-09T22:11:08.920+0000] {processor.py:161} INFO - Started process (PID=1488) to work on /home/airflow/.local/lib/python3.12/site-packages/airflow/example_dags/example_branch_operator.py
[2024-04-09T22:11:08.927+0000] {processor.py:830} INFO - Processing file /home/airflow/.local/lib/python3.12/site-packages/airflow/example_dags/example_branch_operator.py for tasks to queue
[2024-04-09T22:11:08.931+0000] {logging_mixin.py:188} INFO - [2024-04-09T22:11:08.930+0000] {dagbag.py:540} INFO - Filling up the DagBag from /home/airflow/.local/lib/python3.12/site-packages/airflow/example_dags/example_branch_operator.py
[2024-04-09T22:11:08.968+0000] {processor.py:840} INFO - DAG(s) 'example_branch_operator' retrieved from /home/airflow/.local/lib/python3.12/site-packages/airflow/example_dags/example_branch_operator.py
[2024-04-09T22:11:09.022+0000] {logging_mixin.py:188} INFO - [2024-04-09T22:11:09.022+0000] {dag.py:3096} INFO - Sync 1 DAGs
[2024-04-09T22:11:09.071+0000] {logging_mixin.py:188} INFO - [2024-04-09T22:11:09.071+0000] {dag.py:3954} INFO - Setting next_dagrun for example_branch_operator to 2024-04-08 00:00:00+00:00, run_after=2024-04-09 00:00:00+00:00
[2024-04-09T22:11:09.209+0000] {processor.py:183} INFO - Processing /home/airflow/.local/lib/python3.12/site-packages/airflow/example_dags/example_branch_operator.py took 0.298 seconds
[2024-04-09T22:11:39.799+0000] {processor.py:161} INFO - Started process (PID=1546) to work on /home/airflow/.local/lib/python3.12/site-packages/airflow/example_dags/example_branch_operator.py
[2024-04-09T22:11:39.801+0000] {processor.py:830} INFO - Processing file /home/airflow/.local/lib/python3.12/site-packages/airflow/example_dags/example_branch_operator.py for tasks to queue
[2024-04-09T22:11:39.804+0000] {logging_mixin.py:188} INFO - [2024-04-09T22:11:39.803+0000] {dagbag.py:540} INFO - Filling up the DagBag from /home/airflow/.local/lib/python3.12/site-packages/airflow/example_dags/example_branch_operator.py
[2024-04-09T22:11:39.844+0000] {processor.py:840} INFO - DAG(s) 'example_branch_operator' retrieved from /home/airflow/.local/lib/python3.12/site-packages/airflow/example_dags/example_branch_operator.py
[2024-04-09T22:11:39.896+0000] {logging_mixin.py:188} INFO - [2024-04-09T22:11:39.895+0000] {dag.py:3096} INFO - Sync 1 DAGs
[2024-04-09T22:11:39.942+0000] {logging_mixin.py:188} INFO - [2024-04-09T22:11:39.942+0000] {dag.py:3954} INFO - Setting next_dagrun for example_branch_operator to 2024-04-08 00:00:00+00:00, run_after=2024-04-09 00:00:00+00:00
[2024-04-09T22:11:39.996+0000] {processor.py:183} INFO - Processing /home/airflow/.local/lib/python3.12/site-packages/airflow/example_dags/example_branch_operator.py took 0.205 seconds
