[2024-04-09T21:57:51.260+0000] {processor.py:161} INFO - Started process (PID=85) to work on /home/airflow/.local/lib/python3.12/site-packages/airflow/example_dags/example_setup_teardown.py
[2024-04-09T21:57:51.264+0000] {processor.py:830} INFO - Processing file /home/airflow/.local/lib/python3.12/site-packages/airflow/example_dags/example_setup_teardown.py for tasks to queue
[2024-04-09T21:57:51.268+0000] {logging_mixin.py:188} INFO - [2024-04-09T21:57:51.267+0000] {dagbag.py:540} INFO - Filling up the DagBag from /home/airflow/.local/lib/python3.12/site-packages/airflow/example_dags/example_setup_teardown.py
[2024-04-09T21:57:51.303+0000] {processor.py:840} INFO - DAG(s) 'example_setup_teardown' retrieved from /home/airflow/.local/lib/python3.12/site-packages/airflow/example_dags/example_setup_teardown.py
[2024-04-09T21:57:51.521+0000] {logging_mixin.py:188} INFO - [2024-04-09T21:57:51.520+0000] {dag.py:3096} INFO - Sync 1 DAGs
[2024-04-09T21:57:51.605+0000] {logging_mixin.py:188} INFO - [2024-04-09T21:57:51.605+0000] {dag.py:3954} INFO - Setting next_dagrun for example_setup_teardown to 2024-04-08 00:00:00+00:00, run_after=2024-04-09 00:00:00+00:00
[2024-04-09T21:57:51.802+0000] {processor.py:183} INFO - Processing /home/airflow/.local/lib/python3.12/site-packages/airflow/example_dags/example_setup_teardown.py took 0.551 seconds
[2024-04-09T21:58:24.092+0000] {processor.py:161} INFO - Started process (PID=143) to work on /home/airflow/.local/lib/python3.12/site-packages/airflow/example_dags/example_setup_teardown.py
[2024-04-09T21:58:24.094+0000] {processor.py:830} INFO - Processing file /home/airflow/.local/lib/python3.12/site-packages/airflow/example_dags/example_setup_teardown.py for tasks to queue
[2024-04-09T21:58:24.098+0000] {logging_mixin.py:188} INFO - [2024-04-09T21:58:24.097+0000] {dagbag.py:540} INFO - Filling up the DagBag from /home/airflow/.local/lib/python3.12/site-packages/airflow/example_dags/example_setup_teardown.py
[2024-04-09T21:58:24.114+0000] {processor.py:840} INFO - DAG(s) 'example_setup_teardown' retrieved from /home/airflow/.local/lib/python3.12/site-packages/airflow/example_dags/example_setup_teardown.py
[2024-04-09T21:58:24.156+0000] {logging_mixin.py:188} INFO - [2024-04-09T21:58:24.155+0000] {dag.py:3096} INFO - Sync 1 DAGs
[2024-04-09T21:58:24.220+0000] {logging_mixin.py:188} INFO - [2024-04-09T21:58:24.219+0000] {dag.py:3954} INFO - Setting next_dagrun for example_setup_teardown to 2024-04-08 00:00:00+00:00, run_after=2024-04-09 00:00:00+00:00
[2024-04-09T21:58:24.539+0000] {processor.py:183} INFO - Processing /home/airflow/.local/lib/python3.12/site-packages/airflow/example_dags/example_setup_teardown.py took 0.464 seconds
[2024-04-09T21:58:55.048+0000] {processor.py:161} INFO - Started process (PID=199) to work on /home/airflow/.local/lib/python3.12/site-packages/airflow/example_dags/example_setup_teardown.py
[2024-04-09T21:58:55.049+0000] {processor.py:830} INFO - Processing file /home/airflow/.local/lib/python3.12/site-packages/airflow/example_dags/example_setup_teardown.py for tasks to queue
[2024-04-09T21:58:55.052+0000] {logging_mixin.py:188} INFO - [2024-04-09T21:58:55.051+0000] {dagbag.py:540} INFO - Filling up the DagBag from /home/airflow/.local/lib/python3.12/site-packages/airflow/example_dags/example_setup_teardown.py
[2024-04-09T21:58:55.067+0000] {processor.py:840} INFO - DAG(s) 'example_setup_teardown' retrieved from /home/airflow/.local/lib/python3.12/site-packages/airflow/example_dags/example_setup_teardown.py
[2024-04-09T21:58:55.100+0000] {logging_mixin.py:188} INFO - [2024-04-09T21:58:55.100+0000] {dag.py:3096} INFO - Sync 1 DAGs
[2024-04-09T21:58:55.132+0000] {logging_mixin.py:188} INFO - [2024-04-09T21:58:55.132+0000] {dag.py:3954} INFO - Setting next_dagrun for example_setup_teardown to 2024-04-08 00:00:00+00:00, run_after=2024-04-09 00:00:00+00:00
[2024-04-09T21:58:55.419+0000] {processor.py:183} INFO - Processing /home/airflow/.local/lib/python3.12/site-packages/airflow/example_dags/example_setup_teardown.py took 0.378 seconds
[2024-04-09T21:59:27.662+0000] {processor.py:161} INFO - Started process (PID=257) to work on /home/airflow/.local/lib/python3.12/site-packages/airflow/example_dags/example_setup_teardown.py
[2024-04-09T21:59:27.663+0000] {processor.py:830} INFO - Processing file /home/airflow/.local/lib/python3.12/site-packages/airflow/example_dags/example_setup_teardown.py for tasks to queue
[2024-04-09T21:59:27.666+0000] {logging_mixin.py:188} INFO - [2024-04-09T21:59:27.665+0000] {dagbag.py:540} INFO - Filling up the DagBag from /home/airflow/.local/lib/python3.12/site-packages/airflow/example_dags/example_setup_teardown.py
[2024-04-09T21:59:27.675+0000] {processor.py:840} INFO - DAG(s) 'example_setup_teardown' retrieved from /home/airflow/.local/lib/python3.12/site-packages/airflow/example_dags/example_setup_teardown.py
[2024-04-09T21:59:27.707+0000] {logging_mixin.py:188} INFO - [2024-04-09T21:59:27.707+0000] {dag.py:3096} INFO - Sync 1 DAGs
[2024-04-09T21:59:27.739+0000] {logging_mixin.py:188} INFO - [2024-04-09T21:59:27.738+0000] {dag.py:3954} INFO - Setting next_dagrun for example_setup_teardown to 2024-04-08 00:00:00+00:00, run_after=2024-04-09 00:00:00+00:00
[2024-04-09T21:59:27.942+0000] {processor.py:183} INFO - Processing /home/airflow/.local/lib/python3.12/site-packages/airflow/example_dags/example_setup_teardown.py took 0.287 seconds
[2024-04-09T22:00:09.336+0000] {processor.py:161} INFO - Started process (PID=315) to work on /home/airflow/.local/lib/python3.12/site-packages/airflow/example_dags/example_setup_teardown.py
[2024-04-09T22:00:09.338+0000] {processor.py:830} INFO - Processing file /home/airflow/.local/lib/python3.12/site-packages/airflow/example_dags/example_setup_teardown.py for tasks to queue
[2024-04-09T22:00:09.341+0000] {logging_mixin.py:188} INFO - [2024-04-09T22:00:09.341+0000] {dagbag.py:540} INFO - Filling up the DagBag from /home/airflow/.local/lib/python3.12/site-packages/airflow/example_dags/example_setup_teardown.py
[2024-04-09T22:00:09.352+0000] {processor.py:840} INFO - DAG(s) 'example_setup_teardown' retrieved from /home/airflow/.local/lib/python3.12/site-packages/airflow/example_dags/example_setup_teardown.py
[2024-04-09T22:00:09.387+0000] {logging_mixin.py:188} INFO - [2024-04-09T22:00:09.387+0000] {dag.py:3096} INFO - Sync 1 DAGs
[2024-04-09T22:00:09.430+0000] {logging_mixin.py:188} INFO - [2024-04-09T22:00:09.429+0000] {dag.py:3954} INFO - Setting next_dagrun for example_setup_teardown to 2024-04-08 00:00:00+00:00, run_after=2024-04-09 00:00:00+00:00
[2024-04-09T22:00:09.601+0000] {processor.py:183} INFO - Processing /home/airflow/.local/lib/python3.12/site-packages/airflow/example_dags/example_setup_teardown.py took 0.274 seconds
[2024-04-09T22:00:47.184+0000] {processor.py:161} INFO - Started process (PID=376) to work on /home/airflow/.local/lib/python3.12/site-packages/airflow/example_dags/example_setup_teardown.py
[2024-04-09T22:00:47.186+0000] {processor.py:830} INFO - Processing file /home/airflow/.local/lib/python3.12/site-packages/airflow/example_dags/example_setup_teardown.py for tasks to queue
[2024-04-09T22:00:47.189+0000] {logging_mixin.py:188} INFO - [2024-04-09T22:00:47.188+0000] {dagbag.py:540} INFO - Filling up the DagBag from /home/airflow/.local/lib/python3.12/site-packages/airflow/example_dags/example_setup_teardown.py
[2024-04-09T22:00:47.201+0000] {processor.py:840} INFO - DAG(s) 'example_setup_teardown' retrieved from /home/airflow/.local/lib/python3.12/site-packages/airflow/example_dags/example_setup_teardown.py
[2024-04-09T22:00:47.229+0000] {logging_mixin.py:188} INFO - [2024-04-09T22:00:47.229+0000] {dag.py:3096} INFO - Sync 1 DAGs
[2024-04-09T22:00:47.261+0000] {logging_mixin.py:188} INFO - [2024-04-09T22:00:47.261+0000] {dag.py:3954} INFO - Setting next_dagrun for example_setup_teardown to 2024-04-08 00:00:00+00:00, run_after=2024-04-09 00:00:00+00:00
[2024-04-09T22:00:47.526+0000] {processor.py:183} INFO - Processing /home/airflow/.local/lib/python3.12/site-packages/airflow/example_dags/example_setup_teardown.py took 0.351 seconds
[2024-04-09T22:01:17.610+0000] {processor.py:161} INFO - Started process (PID=433) to work on /home/airflow/.local/lib/python3.12/site-packages/airflow/example_dags/example_setup_teardown.py
[2024-04-09T22:01:17.619+0000] {processor.py:830} INFO - Processing file /home/airflow/.local/lib/python3.12/site-packages/airflow/example_dags/example_setup_teardown.py for tasks to queue
[2024-04-09T22:01:17.625+0000] {logging_mixin.py:188} INFO - [2024-04-09T22:01:17.625+0000] {dagbag.py:540} INFO - Filling up the DagBag from /home/airflow/.local/lib/python3.12/site-packages/airflow/example_dags/example_setup_teardown.py
[2024-04-09T22:01:17.640+0000] {processor.py:840} INFO - DAG(s) 'example_setup_teardown' retrieved from /home/airflow/.local/lib/python3.12/site-packages/airflow/example_dags/example_setup_teardown.py
[2024-04-09T22:01:17.707+0000] {logging_mixin.py:188} INFO - [2024-04-09T22:01:17.707+0000] {dag.py:3096} INFO - Sync 1 DAGs
[2024-04-09T22:01:17.753+0000] {logging_mixin.py:188} INFO - [2024-04-09T22:01:17.753+0000] {dag.py:3954} INFO - Setting next_dagrun for example_setup_teardown to 2024-04-08 00:00:00+00:00, run_after=2024-04-09 00:00:00+00:00
[2024-04-09T22:01:17.932+0000] {processor.py:183} INFO - Processing /home/airflow/.local/lib/python3.12/site-packages/airflow/example_dags/example_setup_teardown.py took 0.335 seconds
[2024-04-09T22:01:48.168+0000] {processor.py:161} INFO - Started process (PID=491) to work on /home/airflow/.local/lib/python3.12/site-packages/airflow/example_dags/example_setup_teardown.py
[2024-04-09T22:01:48.169+0000] {processor.py:830} INFO - Processing file /home/airflow/.local/lib/python3.12/site-packages/airflow/example_dags/example_setup_teardown.py for tasks to queue
[2024-04-09T22:01:48.173+0000] {logging_mixin.py:188} INFO - [2024-04-09T22:01:48.172+0000] {dagbag.py:540} INFO - Filling up the DagBag from /home/airflow/.local/lib/python3.12/site-packages/airflow/example_dags/example_setup_teardown.py
[2024-04-09T22:01:48.182+0000] {processor.py:840} INFO - DAG(s) 'example_setup_teardown' retrieved from /home/airflow/.local/lib/python3.12/site-packages/airflow/example_dags/example_setup_teardown.py
[2024-04-09T22:01:48.220+0000] {logging_mixin.py:188} INFO - [2024-04-09T22:01:48.219+0000] {dag.py:3096} INFO - Sync 1 DAGs
[2024-04-09T22:01:48.259+0000] {logging_mixin.py:188} INFO - [2024-04-09T22:01:48.259+0000] {dag.py:3954} INFO - Setting next_dagrun for example_setup_teardown to 2024-04-08 00:00:00+00:00, run_after=2024-04-09 00:00:00+00:00
[2024-04-09T22:01:48.416+0000] {processor.py:183} INFO - Processing /home/airflow/.local/lib/python3.12/site-packages/airflow/example_dags/example_setup_teardown.py took 0.259 seconds
[2024-04-09T22:02:18.726+0000] {processor.py:161} INFO - Started process (PID=549) to work on /home/airflow/.local/lib/python3.12/site-packages/airflow/example_dags/example_setup_teardown.py
[2024-04-09T22:02:18.730+0000] {processor.py:830} INFO - Processing file /home/airflow/.local/lib/python3.12/site-packages/airflow/example_dags/example_setup_teardown.py for tasks to queue
[2024-04-09T22:02:18.733+0000] {logging_mixin.py:188} INFO - [2024-04-09T22:02:18.732+0000] {dagbag.py:540} INFO - Filling up the DagBag from /home/airflow/.local/lib/python3.12/site-packages/airflow/example_dags/example_setup_teardown.py
[2024-04-09T22:02:18.741+0000] {processor.py:840} INFO - DAG(s) 'example_setup_teardown' retrieved from /home/airflow/.local/lib/python3.12/site-packages/airflow/example_dags/example_setup_teardown.py
[2024-04-09T22:02:18.782+0000] {logging_mixin.py:188} INFO - [2024-04-09T22:02:18.782+0000] {dag.py:3096} INFO - Sync 1 DAGs
[2024-04-09T22:02:18.862+0000] {logging_mixin.py:188} INFO - [2024-04-09T22:02:18.861+0000] {dag.py:3954} INFO - Setting next_dagrun for example_setup_teardown to 2024-04-08 00:00:00+00:00, run_after=2024-04-09 00:00:00+00:00
[2024-04-09T22:02:19.026+0000] {processor.py:183} INFO - Processing /home/airflow/.local/lib/python3.12/site-packages/airflow/example_dags/example_setup_teardown.py took 0.309 seconds
[2024-04-09T22:03:26.060+0000] {processor.py:161} INFO - Started process (PID=638) to work on /home/airflow/.local/lib/python3.12/site-packages/airflow/example_dags/example_setup_teardown.py
[2024-04-09T22:03:26.062+0000] {processor.py:830} INFO - Processing file /home/airflow/.local/lib/python3.12/site-packages/airflow/example_dags/example_setup_teardown.py for tasks to queue
[2024-04-09T22:03:26.064+0000] {logging_mixin.py:188} INFO - [2024-04-09T22:03:26.064+0000] {dagbag.py:540} INFO - Filling up the DagBag from /home/airflow/.local/lib/python3.12/site-packages/airflow/example_dags/example_setup_teardown.py
[2024-04-09T22:03:26.075+0000] {processor.py:840} INFO - DAG(s) 'example_setup_teardown' retrieved from /home/airflow/.local/lib/python3.12/site-packages/airflow/example_dags/example_setup_teardown.py
[2024-04-09T22:03:26.103+0000] {logging_mixin.py:188} INFO - [2024-04-09T22:03:26.103+0000] {dag.py:3096} INFO - Sync 1 DAGs
[2024-04-09T22:03:26.144+0000] {logging_mixin.py:188} INFO - [2024-04-09T22:03:26.144+0000] {dag.py:3954} INFO - Setting next_dagrun for example_setup_teardown to 2024-04-08 00:00:00+00:00, run_after=2024-04-09 00:00:00+00:00
[2024-04-09T22:03:26.412+0000] {processor.py:183} INFO - Processing /home/airflow/.local/lib/python3.12/site-packages/airflow/example_dags/example_setup_teardown.py took 0.361 seconds
[2024-04-09T22:03:59.885+0000] {processor.py:161} INFO - Started process (PID=696) to work on /home/airflow/.local/lib/python3.12/site-packages/airflow/example_dags/example_setup_teardown.py
[2024-04-09T22:03:59.886+0000] {processor.py:830} INFO - Processing file /home/airflow/.local/lib/python3.12/site-packages/airflow/example_dags/example_setup_teardown.py for tasks to queue
[2024-04-09T22:03:59.888+0000] {logging_mixin.py:188} INFO - [2024-04-09T22:03:59.888+0000] {dagbag.py:540} INFO - Filling up the DagBag from /home/airflow/.local/lib/python3.12/site-packages/airflow/example_dags/example_setup_teardown.py
[2024-04-09T22:03:59.897+0000] {processor.py:840} INFO - DAG(s) 'example_setup_teardown' retrieved from /home/airflow/.local/lib/python3.12/site-packages/airflow/example_dags/example_setup_teardown.py
[2024-04-09T22:03:59.923+0000] {logging_mixin.py:188} INFO - [2024-04-09T22:03:59.923+0000] {dag.py:3096} INFO - Sync 1 DAGs
[2024-04-09T22:03:59.951+0000] {logging_mixin.py:188} INFO - [2024-04-09T22:03:59.951+0000] {dag.py:3954} INFO - Setting next_dagrun for example_setup_teardown to 2024-04-08 00:00:00+00:00, run_after=2024-04-09 00:00:00+00:00
[2024-04-09T22:04:00.040+0000] {processor.py:183} INFO - Processing /home/airflow/.local/lib/python3.12/site-packages/airflow/example_dags/example_setup_teardown.py took 0.164 seconds
[2024-04-09T22:04:31.292+0000] {processor.py:161} INFO - Started process (PID=754) to work on /home/airflow/.local/lib/python3.12/site-packages/airflow/example_dags/example_setup_teardown.py
[2024-04-09T22:04:31.294+0000] {processor.py:830} INFO - Processing file /home/airflow/.local/lib/python3.12/site-packages/airflow/example_dags/example_setup_teardown.py for tasks to queue
[2024-04-09T22:04:31.297+0000] {logging_mixin.py:188} INFO - [2024-04-09T22:04:31.296+0000] {dagbag.py:540} INFO - Filling up the DagBag from /home/airflow/.local/lib/python3.12/site-packages/airflow/example_dags/example_setup_teardown.py
[2024-04-09T22:04:31.306+0000] {processor.py:840} INFO - DAG(s) 'example_setup_teardown' retrieved from /home/airflow/.local/lib/python3.12/site-packages/airflow/example_dags/example_setup_teardown.py
[2024-04-09T22:04:31.337+0000] {logging_mixin.py:188} INFO - [2024-04-09T22:04:31.337+0000] {dag.py:3096} INFO - Sync 1 DAGs
[2024-04-09T22:04:31.366+0000] {logging_mixin.py:188} INFO - [2024-04-09T22:04:31.366+0000] {dag.py:3954} INFO - Setting next_dagrun for example_setup_teardown to 2024-04-08 00:00:00+00:00, run_after=2024-04-09 00:00:00+00:00
[2024-04-09T22:04:31.497+0000] {processor.py:183} INFO - Processing /home/airflow/.local/lib/python3.12/site-packages/airflow/example_dags/example_setup_teardown.py took 0.213 seconds
[2024-04-09T22:05:03.791+0000] {processor.py:161} INFO - Started process (PID=812) to work on /home/airflow/.local/lib/python3.12/site-packages/airflow/example_dags/example_setup_teardown.py
[2024-04-09T22:05:03.794+0000] {processor.py:830} INFO - Processing file /home/airflow/.local/lib/python3.12/site-packages/airflow/example_dags/example_setup_teardown.py for tasks to queue
[2024-04-09T22:05:03.797+0000] {logging_mixin.py:188} INFO - [2024-04-09T22:05:03.797+0000] {dagbag.py:540} INFO - Filling up the DagBag from /home/airflow/.local/lib/python3.12/site-packages/airflow/example_dags/example_setup_teardown.py
[2024-04-09T22:05:03.807+0000] {processor.py:840} INFO - DAG(s) 'example_setup_teardown' retrieved from /home/airflow/.local/lib/python3.12/site-packages/airflow/example_dags/example_setup_teardown.py
[2024-04-09T22:05:03.837+0000] {logging_mixin.py:188} INFO - [2024-04-09T22:05:03.837+0000] {dag.py:3096} INFO - Sync 1 DAGs
[2024-04-09T22:05:03.865+0000] {logging_mixin.py:188} INFO - [2024-04-09T22:05:03.865+0000] {dag.py:3954} INFO - Setting next_dagrun for example_setup_teardown to 2024-04-08 00:00:00+00:00, run_after=2024-04-09 00:00:00+00:00
[2024-04-09T22:05:04.148+0000] {processor.py:183} INFO - Processing /home/airflow/.local/lib/python3.12/site-packages/airflow/example_dags/example_setup_teardown.py took 0.367 seconds
[2024-04-09T22:05:35.029+0000] {processor.py:161} INFO - Started process (PID=870) to work on /home/airflow/.local/lib/python3.12/site-packages/airflow/example_dags/example_setup_teardown.py
[2024-04-09T22:05:35.030+0000] {processor.py:830} INFO - Processing file /home/airflow/.local/lib/python3.12/site-packages/airflow/example_dags/example_setup_teardown.py for tasks to queue
[2024-04-09T22:05:35.033+0000] {logging_mixin.py:188} INFO - [2024-04-09T22:05:35.032+0000] {dagbag.py:540} INFO - Filling up the DagBag from /home/airflow/.local/lib/python3.12/site-packages/airflow/example_dags/example_setup_teardown.py
[2024-04-09T22:05:35.045+0000] {processor.py:840} INFO - DAG(s) 'example_setup_teardown' retrieved from /home/airflow/.local/lib/python3.12/site-packages/airflow/example_dags/example_setup_teardown.py
[2024-04-09T22:05:35.075+0000] {logging_mixin.py:188} INFO - [2024-04-09T22:05:35.075+0000] {dag.py:3096} INFO - Sync 1 DAGs
[2024-04-09T22:05:35.115+0000] {logging_mixin.py:188} INFO - [2024-04-09T22:05:35.114+0000] {dag.py:3954} INFO - Setting next_dagrun for example_setup_teardown to 2024-04-08 00:00:00+00:00, run_after=2024-04-09 00:00:00+00:00
[2024-04-09T22:05:35.275+0000] {processor.py:183} INFO - Processing /home/airflow/.local/lib/python3.12/site-packages/airflow/example_dags/example_setup_teardown.py took 0.254 seconds
[2024-04-09T22:06:05.539+0000] {processor.py:161} INFO - Started process (PID=929) to work on /home/airflow/.local/lib/python3.12/site-packages/airflow/example_dags/example_setup_teardown.py
[2024-04-09T22:06:05.541+0000] {processor.py:830} INFO - Processing file /home/airflow/.local/lib/python3.12/site-packages/airflow/example_dags/example_setup_teardown.py for tasks to queue
[2024-04-09T22:06:05.544+0000] {logging_mixin.py:188} INFO - [2024-04-09T22:06:05.544+0000] {dagbag.py:540} INFO - Filling up the DagBag from /home/airflow/.local/lib/python3.12/site-packages/airflow/example_dags/example_setup_teardown.py
[2024-04-09T22:06:05.556+0000] {processor.py:840} INFO - DAG(s) 'example_setup_teardown' retrieved from /home/airflow/.local/lib/python3.12/site-packages/airflow/example_dags/example_setup_teardown.py
[2024-04-09T22:06:05.583+0000] {logging_mixin.py:188} INFO - [2024-04-09T22:06:05.583+0000] {dag.py:3096} INFO - Sync 1 DAGs
[2024-04-09T22:06:05.621+0000] {logging_mixin.py:188} INFO - [2024-04-09T22:06:05.620+0000] {dag.py:3954} INFO - Setting next_dagrun for example_setup_teardown to 2024-04-08 00:00:00+00:00, run_after=2024-04-09 00:00:00+00:00
[2024-04-09T22:06:05.695+0000] {processor.py:183} INFO - Processing /home/airflow/.local/lib/python3.12/site-packages/airflow/example_dags/example_setup_teardown.py took 0.167 seconds
[2024-04-09T22:06:36.544+0000] {processor.py:161} INFO - Started process (PID=986) to work on /home/airflow/.local/lib/python3.12/site-packages/airflow/example_dags/example_setup_teardown.py
[2024-04-09T22:06:36.546+0000] {processor.py:830} INFO - Processing file /home/airflow/.local/lib/python3.12/site-packages/airflow/example_dags/example_setup_teardown.py for tasks to queue
[2024-04-09T22:06:36.549+0000] {logging_mixin.py:188} INFO - [2024-04-09T22:06:36.548+0000] {dagbag.py:540} INFO - Filling up the DagBag from /home/airflow/.local/lib/python3.12/site-packages/airflow/example_dags/example_setup_teardown.py
[2024-04-09T22:06:36.560+0000] {processor.py:840} INFO - DAG(s) 'example_setup_teardown' retrieved from /home/airflow/.local/lib/python3.12/site-packages/airflow/example_dags/example_setup_teardown.py
[2024-04-09T22:06:36.769+0000] {logging_mixin.py:188} INFO - [2024-04-09T22:06:36.769+0000] {dag.py:3096} INFO - Sync 1 DAGs
[2024-04-09T22:06:36.794+0000] {logging_mixin.py:188} INFO - [2024-04-09T22:06:36.794+0000] {dag.py:3954} INFO - Setting next_dagrun for example_setup_teardown to 2024-04-08 00:00:00+00:00, run_after=2024-04-09 00:00:00+00:00
[2024-04-09T22:06:36.896+0000] {processor.py:183} INFO - Processing /home/airflow/.local/lib/python3.12/site-packages/airflow/example_dags/example_setup_teardown.py took 0.359 seconds
[2024-04-09T22:07:09.514+0000] {processor.py:161} INFO - Started process (PID=1044) to work on /home/airflow/.local/lib/python3.12/site-packages/airflow/example_dags/example_setup_teardown.py
[2024-04-09T22:07:09.519+0000] {processor.py:830} INFO - Processing file /home/airflow/.local/lib/python3.12/site-packages/airflow/example_dags/example_setup_teardown.py for tasks to queue
[2024-04-09T22:07:09.525+0000] {logging_mixin.py:188} INFO - [2024-04-09T22:07:09.524+0000] {dagbag.py:540} INFO - Filling up the DagBag from /home/airflow/.local/lib/python3.12/site-packages/airflow/example_dags/example_setup_teardown.py
[2024-04-09T22:07:09.555+0000] {processor.py:840} INFO - DAG(s) 'example_setup_teardown' retrieved from /home/airflow/.local/lib/python3.12/site-packages/airflow/example_dags/example_setup_teardown.py
[2024-04-09T22:07:09.649+0000] {logging_mixin.py:188} INFO - [2024-04-09T22:07:09.649+0000] {dag.py:3096} INFO - Sync 1 DAGs
[2024-04-09T22:07:10.206+0000] {logging_mixin.py:188} INFO - [2024-04-09T22:07:10.206+0000] {dag.py:3954} INFO - Setting next_dagrun for example_setup_teardown to 2024-04-08 00:00:00+00:00, run_after=2024-04-09 00:00:00+00:00
[2024-04-09T22:07:10.351+0000] {processor.py:183} INFO - Processing /home/airflow/.local/lib/python3.12/site-packages/airflow/example_dags/example_setup_teardown.py took 0.854 seconds
[2024-04-09T22:07:41.046+0000] {processor.py:161} INFO - Started process (PID=1102) to work on /home/airflow/.local/lib/python3.12/site-packages/airflow/example_dags/example_setup_teardown.py
[2024-04-09T22:07:41.048+0000] {processor.py:830} INFO - Processing file /home/airflow/.local/lib/python3.12/site-packages/airflow/example_dags/example_setup_teardown.py for tasks to queue
[2024-04-09T22:07:41.052+0000] {logging_mixin.py:188} INFO - [2024-04-09T22:07:41.051+0000] {dagbag.py:540} INFO - Filling up the DagBag from /home/airflow/.local/lib/python3.12/site-packages/airflow/example_dags/example_setup_teardown.py
[2024-04-09T22:07:41.061+0000] {processor.py:840} INFO - DAG(s) 'example_setup_teardown' retrieved from /home/airflow/.local/lib/python3.12/site-packages/airflow/example_dags/example_setup_teardown.py
[2024-04-09T22:07:41.089+0000] {logging_mixin.py:188} INFO - [2024-04-09T22:07:41.089+0000] {dag.py:3096} INFO - Sync 1 DAGs
[2024-04-09T22:07:41.124+0000] {logging_mixin.py:188} INFO - [2024-04-09T22:07:41.124+0000] {dag.py:3954} INFO - Setting next_dagrun for example_setup_teardown to 2024-04-08 00:00:00+00:00, run_after=2024-04-09 00:00:00+00:00
[2024-04-09T22:07:41.450+0000] {processor.py:183} INFO - Processing /home/airflow/.local/lib/python3.12/site-packages/airflow/example_dags/example_setup_teardown.py took 0.415 seconds
[2024-04-09T22:08:11.572+0000] {processor.py:161} INFO - Started process (PID=1161) to work on /home/airflow/.local/lib/python3.12/site-packages/airflow/example_dags/example_setup_teardown.py
[2024-04-09T22:08:11.573+0000] {processor.py:830} INFO - Processing file /home/airflow/.local/lib/python3.12/site-packages/airflow/example_dags/example_setup_teardown.py for tasks to queue
[2024-04-09T22:08:11.577+0000] {logging_mixin.py:188} INFO - [2024-04-09T22:08:11.576+0000] {dagbag.py:540} INFO - Filling up the DagBag from /home/airflow/.local/lib/python3.12/site-packages/airflow/example_dags/example_setup_teardown.py
[2024-04-09T22:08:11.588+0000] {processor.py:840} INFO - DAG(s) 'example_setup_teardown' retrieved from /home/airflow/.local/lib/python3.12/site-packages/airflow/example_dags/example_setup_teardown.py
[2024-04-09T22:08:11.622+0000] {logging_mixin.py:188} INFO - [2024-04-09T22:08:11.622+0000] {dag.py:3096} INFO - Sync 1 DAGs
[2024-04-09T22:08:11.700+0000] {logging_mixin.py:188} INFO - [2024-04-09T22:08:11.699+0000] {dag.py:3954} INFO - Setting next_dagrun for example_setup_teardown to 2024-04-08 00:00:00+00:00, run_after=2024-04-09 00:00:00+00:00
[2024-04-09T22:08:11.820+0000] {processor.py:183} INFO - Processing /home/airflow/.local/lib/python3.12/site-packages/airflow/example_dags/example_setup_teardown.py took 0.258 seconds
[2024-04-09T22:08:41.900+0000] {processor.py:161} INFO - Started process (PID=1219) to work on /home/airflow/.local/lib/python3.12/site-packages/airflow/example_dags/example_setup_teardown.py
[2024-04-09T22:08:41.902+0000] {processor.py:830} INFO - Processing file /home/airflow/.local/lib/python3.12/site-packages/airflow/example_dags/example_setup_teardown.py for tasks to queue
[2024-04-09T22:08:41.906+0000] {logging_mixin.py:188} INFO - [2024-04-09T22:08:41.905+0000] {dagbag.py:540} INFO - Filling up the DagBag from /home/airflow/.local/lib/python3.12/site-packages/airflow/example_dags/example_setup_teardown.py
[2024-04-09T22:08:41.916+0000] {processor.py:840} INFO - DAG(s) 'example_setup_teardown' retrieved from /home/airflow/.local/lib/python3.12/site-packages/airflow/example_dags/example_setup_teardown.py
[2024-04-09T22:08:41.946+0000] {logging_mixin.py:188} INFO - [2024-04-09T22:08:41.946+0000] {dag.py:3096} INFO - Sync 1 DAGs
[2024-04-09T22:08:41.979+0000] {logging_mixin.py:188} INFO - [2024-04-09T22:08:41.979+0000] {dag.py:3954} INFO - Setting next_dagrun for example_setup_teardown to 2024-04-08 00:00:00+00:00, run_after=2024-04-09 00:00:00+00:00
[2024-04-09T22:08:42.111+0000] {processor.py:183} INFO - Processing /home/airflow/.local/lib/python3.12/site-packages/airflow/example_dags/example_setup_teardown.py took 0.223 seconds
[2024-04-09T22:09:12.170+0000] {processor.py:161} INFO - Started process (PID=1277) to work on /home/airflow/.local/lib/python3.12/site-packages/airflow/example_dags/example_setup_teardown.py
[2024-04-09T22:09:12.171+0000] {processor.py:830} INFO - Processing file /home/airflow/.local/lib/python3.12/site-packages/airflow/example_dags/example_setup_teardown.py for tasks to queue
[2024-04-09T22:09:12.175+0000] {logging_mixin.py:188} INFO - [2024-04-09T22:09:12.175+0000] {dagbag.py:540} INFO - Filling up the DagBag from /home/airflow/.local/lib/python3.12/site-packages/airflow/example_dags/example_setup_teardown.py
[2024-04-09T22:09:12.186+0000] {processor.py:840} INFO - DAG(s) 'example_setup_teardown' retrieved from /home/airflow/.local/lib/python3.12/site-packages/airflow/example_dags/example_setup_teardown.py
[2024-04-09T22:09:12.216+0000] {logging_mixin.py:188} INFO - [2024-04-09T22:09:12.216+0000] {dag.py:3096} INFO - Sync 1 DAGs
[2024-04-09T22:09:12.252+0000] {logging_mixin.py:188} INFO - [2024-04-09T22:09:12.252+0000] {dag.py:3954} INFO - Setting next_dagrun for example_setup_teardown to 2024-04-08 00:00:00+00:00, run_after=2024-04-09 00:00:00+00:00
[2024-04-09T22:09:12.360+0000] {processor.py:183} INFO - Processing /home/airflow/.local/lib/python3.12/site-packages/airflow/example_dags/example_setup_teardown.py took 0.199 seconds
[2024-04-09T22:09:42.610+0000] {processor.py:161} INFO - Started process (PID=1335) to work on /home/airflow/.local/lib/python3.12/site-packages/airflow/example_dags/example_setup_teardown.py
[2024-04-09T22:09:42.611+0000] {processor.py:830} INFO - Processing file /home/airflow/.local/lib/python3.12/site-packages/airflow/example_dags/example_setup_teardown.py for tasks to queue
[2024-04-09T22:09:42.614+0000] {logging_mixin.py:188} INFO - [2024-04-09T22:09:42.613+0000] {dagbag.py:540} INFO - Filling up the DagBag from /home/airflow/.local/lib/python3.12/site-packages/airflow/example_dags/example_setup_teardown.py
[2024-04-09T22:09:42.623+0000] {processor.py:840} INFO - DAG(s) 'example_setup_teardown' retrieved from /home/airflow/.local/lib/python3.12/site-packages/airflow/example_dags/example_setup_teardown.py
[2024-04-09T22:09:42.659+0000] {logging_mixin.py:188} INFO - [2024-04-09T22:09:42.658+0000] {dag.py:3096} INFO - Sync 1 DAGs
[2024-04-09T22:09:42.705+0000] {logging_mixin.py:188} INFO - [2024-04-09T22:09:42.704+0000] {dag.py:3954} INFO - Setting next_dagrun for example_setup_teardown to 2024-04-08 00:00:00+00:00, run_after=2024-04-09 00:00:00+00:00
[2024-04-09T22:09:42.857+0000] {processor.py:183} INFO - Processing /home/airflow/.local/lib/python3.12/site-packages/airflow/example_dags/example_setup_teardown.py took 0.255 seconds
[2024-04-09T22:10:12.973+0000] {processor.py:161} INFO - Started process (PID=1393) to work on /home/airflow/.local/lib/python3.12/site-packages/airflow/example_dags/example_setup_teardown.py
[2024-04-09T22:10:12.975+0000] {processor.py:830} INFO - Processing file /home/airflow/.local/lib/python3.12/site-packages/airflow/example_dags/example_setup_teardown.py for tasks to queue
[2024-04-09T22:10:12.978+0000] {logging_mixin.py:188} INFO - [2024-04-09T22:10:12.977+0000] {dagbag.py:540} INFO - Filling up the DagBag from /home/airflow/.local/lib/python3.12/site-packages/airflow/example_dags/example_setup_teardown.py
[2024-04-09T22:10:12.990+0000] {processor.py:840} INFO - DAG(s) 'example_setup_teardown' retrieved from /home/airflow/.local/lib/python3.12/site-packages/airflow/example_dags/example_setup_teardown.py
[2024-04-09T22:10:13.022+0000] {logging_mixin.py:188} INFO - [2024-04-09T22:10:13.021+0000] {dag.py:3096} INFO - Sync 1 DAGs
[2024-04-09T22:10:13.065+0000] {logging_mixin.py:188} INFO - [2024-04-09T22:10:13.064+0000] {dag.py:3954} INFO - Setting next_dagrun for example_setup_teardown to 2024-04-08 00:00:00+00:00, run_after=2024-04-09 00:00:00+00:00
[2024-04-09T22:10:13.165+0000] {processor.py:183} INFO - Processing /home/airflow/.local/lib/python3.12/site-packages/airflow/example_dags/example_setup_teardown.py took 0.202 seconds
