[2024-04-09T21:57:45.405+0000] {processor.py:161} INFO - Started process (PID=74) to work on /home/airflow/.local/lib/python3.12/site-packages/airflow/example_dags/example_task_group.py
[2024-04-09T21:57:45.406+0000] {processor.py:830} INFO - Processing file /home/airflow/.local/lib/python3.12/site-packages/airflow/example_dags/example_task_group.py for tasks to queue
[2024-04-09T21:57:45.470+0000] {logging_mixin.py:188} INFO - [2024-04-09T21:57:45.469+0000] {dagbag.py:540} INFO - Filling up the DagBag from /home/airflow/.local/lib/python3.12/site-packages/airflow/example_dags/example_task_group.py
[2024-04-09T21:57:45.574+0000] {processor.py:840} INFO - DAG(s) 'example_task_group' retrieved from /home/airflow/.local/lib/python3.12/site-packages/airflow/example_dags/example_task_group.py
[2024-04-09T21:57:45.898+0000] {logging_mixin.py:188} INFO - [2024-04-09T21:57:45.889+0000] {dag.py:3096} INFO - Sync 1 DAGs
[2024-04-09T21:57:47.145+0000] {logging_mixin.py:188} INFO - [2024-04-09T21:57:47.145+0000] {dag.py:3954} INFO - Setting next_dagrun for example_task_group to 2024-04-08 00:00:00+00:00, run_after=2024-04-09 00:00:00+00:00
[2024-04-09T21:57:47.343+0000] {processor.py:183} INFO - Processing /home/airflow/.local/lib/python3.12/site-packages/airflow/example_dags/example_task_group.py took 1.946 seconds
[2024-04-09T21:58:20.381+0000] {processor.py:161} INFO - Started process (PID=132) to work on /home/airflow/.local/lib/python3.12/site-packages/airflow/example_dags/example_task_group.py
[2024-04-09T21:58:20.382+0000] {processor.py:830} INFO - Processing file /home/airflow/.local/lib/python3.12/site-packages/airflow/example_dags/example_task_group.py for tasks to queue
[2024-04-09T21:58:20.385+0000] {logging_mixin.py:188} INFO - [2024-04-09T21:58:20.384+0000] {dagbag.py:540} INFO - Filling up the DagBag from /home/airflow/.local/lib/python3.12/site-packages/airflow/example_dags/example_task_group.py
[2024-04-09T21:58:20.396+0000] {processor.py:840} INFO - DAG(s) 'example_task_group' retrieved from /home/airflow/.local/lib/python3.12/site-packages/airflow/example_dags/example_task_group.py
[2024-04-09T21:58:20.425+0000] {logging_mixin.py:188} INFO - [2024-04-09T21:58:20.424+0000] {dag.py:3096} INFO - Sync 1 DAGs
[2024-04-09T21:58:20.453+0000] {logging_mixin.py:188} INFO - [2024-04-09T21:58:20.453+0000] {dag.py:3954} INFO - Setting next_dagrun for example_task_group to 2024-04-08 00:00:00+00:00, run_after=2024-04-09 00:00:00+00:00
[2024-04-09T21:58:20.691+0000] {processor.py:183} INFO - Processing /home/airflow/.local/lib/python3.12/site-packages/airflow/example_dags/example_task_group.py took 0.317 seconds
[2024-04-09T21:58:51.343+0000] {processor.py:161} INFO - Started process (PID=188) to work on /home/airflow/.local/lib/python3.12/site-packages/airflow/example_dags/example_task_group.py
[2024-04-09T21:58:51.344+0000] {processor.py:830} INFO - Processing file /home/airflow/.local/lib/python3.12/site-packages/airflow/example_dags/example_task_group.py for tasks to queue
[2024-04-09T21:58:51.348+0000] {logging_mixin.py:188} INFO - [2024-04-09T21:58:51.347+0000] {dagbag.py:540} INFO - Filling up the DagBag from /home/airflow/.local/lib/python3.12/site-packages/airflow/example_dags/example_task_group.py
[2024-04-09T21:58:51.362+0000] {processor.py:840} INFO - DAG(s) 'example_task_group' retrieved from /home/airflow/.local/lib/python3.12/site-packages/airflow/example_dags/example_task_group.py
[2024-04-09T21:58:51.397+0000] {logging_mixin.py:188} INFO - [2024-04-09T21:58:51.396+0000] {dag.py:3096} INFO - Sync 1 DAGs
[2024-04-09T21:58:51.429+0000] {logging_mixin.py:188} INFO - [2024-04-09T21:58:51.429+0000] {dag.py:3954} INFO - Setting next_dagrun for example_task_group to 2024-04-08 00:00:00+00:00, run_after=2024-04-09 00:00:00+00:00
[2024-04-09T21:58:51.786+0000] {processor.py:183} INFO - Processing /home/airflow/.local/lib/python3.12/site-packages/airflow/example_dags/example_task_group.py took 0.452 seconds
[2024-04-09T21:59:24.732+0000] {processor.py:161} INFO - Started process (PID=246) to work on /home/airflow/.local/lib/python3.12/site-packages/airflow/example_dags/example_task_group.py
[2024-04-09T21:59:24.733+0000] {processor.py:830} INFO - Processing file /home/airflow/.local/lib/python3.12/site-packages/airflow/example_dags/example_task_group.py for tasks to queue
[2024-04-09T21:59:24.737+0000] {logging_mixin.py:188} INFO - [2024-04-09T21:59:24.736+0000] {dagbag.py:540} INFO - Filling up the DagBag from /home/airflow/.local/lib/python3.12/site-packages/airflow/example_dags/example_task_group.py
[2024-04-09T21:59:24.746+0000] {processor.py:840} INFO - DAG(s) 'example_task_group' retrieved from /home/airflow/.local/lib/python3.12/site-packages/airflow/example_dags/example_task_group.py
[2024-04-09T21:59:24.777+0000] {logging_mixin.py:188} INFO - [2024-04-09T21:59:24.777+0000] {dag.py:3096} INFO - Sync 1 DAGs
[2024-04-09T21:59:24.812+0000] {logging_mixin.py:188} INFO - [2024-04-09T21:59:24.811+0000] {dag.py:3954} INFO - Setting next_dagrun for example_task_group to 2024-04-08 00:00:00+00:00, run_after=2024-04-09 00:00:00+00:00
[2024-04-09T21:59:25.089+0000] {processor.py:183} INFO - Processing /home/airflow/.local/lib/python3.12/site-packages/airflow/example_dags/example_task_group.py took 0.368 seconds
[2024-04-09T22:00:06.619+0000] {processor.py:161} INFO - Started process (PID=304) to work on /home/airflow/.local/lib/python3.12/site-packages/airflow/example_dags/example_task_group.py
[2024-04-09T22:00:06.621+0000] {processor.py:830} INFO - Processing file /home/airflow/.local/lib/python3.12/site-packages/airflow/example_dags/example_task_group.py for tasks to queue
[2024-04-09T22:00:06.626+0000] {logging_mixin.py:188} INFO - [2024-04-09T22:00:06.624+0000] {dagbag.py:540} INFO - Filling up the DagBag from /home/airflow/.local/lib/python3.12/site-packages/airflow/example_dags/example_task_group.py
[2024-04-09T22:00:06.636+0000] {processor.py:840} INFO - DAG(s) 'example_task_group' retrieved from /home/airflow/.local/lib/python3.12/site-packages/airflow/example_dags/example_task_group.py
[2024-04-09T22:00:06.671+0000] {logging_mixin.py:188} INFO - [2024-04-09T22:00:06.671+0000] {dag.py:3096} INFO - Sync 1 DAGs
[2024-04-09T22:00:06.799+0000] {logging_mixin.py:188} INFO - [2024-04-09T22:00:06.799+0000] {dag.py:3954} INFO - Setting next_dagrun for example_task_group to 2024-04-08 00:00:00+00:00, run_after=2024-04-09 00:00:00+00:00
[2024-04-09T22:00:07.004+0000] {processor.py:183} INFO - Processing /home/airflow/.local/lib/python3.12/site-packages/airflow/example_dags/example_task_group.py took 0.393 seconds
[2024-04-09T22:00:37.429+0000] {processor.py:161} INFO - Started process (PID=361) to work on /home/airflow/.local/lib/python3.12/site-packages/airflow/example_dags/example_task_group.py
[2024-04-09T22:00:37.463+0000] {processor.py:830} INFO - Processing file /home/airflow/.local/lib/python3.12/site-packages/airflow/example_dags/example_task_group.py for tasks to queue
[2024-04-09T22:00:37.466+0000] {logging_mixin.py:188} INFO - [2024-04-09T22:00:37.465+0000] {dagbag.py:540} INFO - Filling up the DagBag from /home/airflow/.local/lib/python3.12/site-packages/airflow/example_dags/example_task_group.py
[2024-04-09T22:00:37.634+0000] {processor.py:840} INFO - DAG(s) 'example_task_group' retrieved from /home/airflow/.local/lib/python3.12/site-packages/airflow/example_dags/example_task_group.py
[2024-04-09T22:00:38.222+0000] {logging_mixin.py:188} INFO - [2024-04-09T22:00:38.222+0000] {dag.py:3096} INFO - Sync 1 DAGs
[2024-04-09T22:00:38.562+0000] {logging_mixin.py:188} INFO - [2024-04-09T22:00:38.561+0000] {dag.py:3954} INFO - Setting next_dagrun for example_task_group to 2024-04-08 00:00:00+00:00, run_after=2024-04-09 00:00:00+00:00
[2024-04-09T22:00:39.020+0000] {processor.py:183} INFO - Processing /home/airflow/.local/lib/python3.12/site-packages/airflow/example_dags/example_task_group.py took 1.887 seconds
[2024-04-09T22:01:09.295+0000] {processor.py:161} INFO - Started process (PID=419) to work on /home/airflow/.local/lib/python3.12/site-packages/airflow/example_dags/example_task_group.py
[2024-04-09T22:01:09.297+0000] {processor.py:830} INFO - Processing file /home/airflow/.local/lib/python3.12/site-packages/airflow/example_dags/example_task_group.py for tasks to queue
[2024-04-09T22:01:09.301+0000] {logging_mixin.py:188} INFO - [2024-04-09T22:01:09.300+0000] {dagbag.py:540} INFO - Filling up the DagBag from /home/airflow/.local/lib/python3.12/site-packages/airflow/example_dags/example_task_group.py
[2024-04-09T22:01:09.313+0000] {processor.py:840} INFO - DAG(s) 'example_task_group' retrieved from /home/airflow/.local/lib/python3.12/site-packages/airflow/example_dags/example_task_group.py
[2024-04-09T22:01:09.344+0000] {logging_mixin.py:188} INFO - [2024-04-09T22:01:09.344+0000] {dag.py:3096} INFO - Sync 1 DAGs
[2024-04-09T22:01:09.377+0000] {logging_mixin.py:188} INFO - [2024-04-09T22:01:09.377+0000] {dag.py:3954} INFO - Setting next_dagrun for example_task_group to 2024-04-08 00:00:00+00:00, run_after=2024-04-09 00:00:00+00:00
[2024-04-09T22:01:09.549+0000] {processor.py:183} INFO - Processing /home/airflow/.local/lib/python3.12/site-packages/airflow/example_dags/example_task_group.py took 0.268 seconds
[2024-04-09T22:01:40.355+0000] {processor.py:161} INFO - Started process (PID=477) to work on /home/airflow/.local/lib/python3.12/site-packages/airflow/example_dags/example_task_group.py
[2024-04-09T22:01:40.356+0000] {processor.py:830} INFO - Processing file /home/airflow/.local/lib/python3.12/site-packages/airflow/example_dags/example_task_group.py for tasks to queue
[2024-04-09T22:01:40.359+0000] {logging_mixin.py:188} INFO - [2024-04-09T22:01:40.359+0000] {dagbag.py:540} INFO - Filling up the DagBag from /home/airflow/.local/lib/python3.12/site-packages/airflow/example_dags/example_task_group.py
[2024-04-09T22:01:40.369+0000] {processor.py:840} INFO - DAG(s) 'example_task_group' retrieved from /home/airflow/.local/lib/python3.12/site-packages/airflow/example_dags/example_task_group.py
[2024-04-09T22:01:40.404+0000] {logging_mixin.py:188} INFO - [2024-04-09T22:01:40.404+0000] {dag.py:3096} INFO - Sync 1 DAGs
[2024-04-09T22:01:40.443+0000] {logging_mixin.py:188} INFO - [2024-04-09T22:01:40.442+0000] {dag.py:3954} INFO - Setting next_dagrun for example_task_group to 2024-04-08 00:00:00+00:00, run_after=2024-04-09 00:00:00+00:00
[2024-04-09T22:01:40.597+0000] {processor.py:183} INFO - Processing /home/airflow/.local/lib/python3.12/site-packages/airflow/example_dags/example_task_group.py took 0.250 seconds
[2024-04-09T22:02:11.382+0000] {processor.py:161} INFO - Started process (PID=535) to work on /home/airflow/.local/lib/python3.12/site-packages/airflow/example_dags/example_task_group.py
[2024-04-09T22:02:11.383+0000] {processor.py:830} INFO - Processing file /home/airflow/.local/lib/python3.12/site-packages/airflow/example_dags/example_task_group.py for tasks to queue
[2024-04-09T22:02:11.386+0000] {logging_mixin.py:188} INFO - [2024-04-09T22:02:11.385+0000] {dagbag.py:540} INFO - Filling up the DagBag from /home/airflow/.local/lib/python3.12/site-packages/airflow/example_dags/example_task_group.py
[2024-04-09T22:02:11.395+0000] {processor.py:840} INFO - DAG(s) 'example_task_group' retrieved from /home/airflow/.local/lib/python3.12/site-packages/airflow/example_dags/example_task_group.py
[2024-04-09T22:02:11.425+0000] {logging_mixin.py:188} INFO - [2024-04-09T22:02:11.425+0000] {dag.py:3096} INFO - Sync 1 DAGs
[2024-04-09T22:02:11.457+0000] {logging_mixin.py:188} INFO - [2024-04-09T22:02:11.457+0000] {dag.py:3954} INFO - Setting next_dagrun for example_task_group to 2024-04-08 00:00:00+00:00, run_after=2024-04-09 00:00:00+00:00
[2024-04-09T22:02:11.624+0000] {processor.py:183} INFO - Processing /home/airflow/.local/lib/python3.12/site-packages/airflow/example_dags/example_task_group.py took 0.252 seconds
[2024-04-09T22:03:18.696+0000] {processor.py:161} INFO - Started process (PID=600) to work on /home/airflow/.local/lib/python3.12/site-packages/airflow/example_dags/example_task_group.py
[2024-04-09T22:03:18.697+0000] {processor.py:830} INFO - Processing file /home/airflow/.local/lib/python3.12/site-packages/airflow/example_dags/example_task_group.py for tasks to queue
[2024-04-09T22:03:18.700+0000] {logging_mixin.py:188} INFO - [2024-04-09T22:03:18.699+0000] {dagbag.py:540} INFO - Filling up the DagBag from /home/airflow/.local/lib/python3.12/site-packages/airflow/example_dags/example_task_group.py
[2024-04-09T22:03:18.710+0000] {processor.py:840} INFO - DAG(s) 'example_task_group' retrieved from /home/airflow/.local/lib/python3.12/site-packages/airflow/example_dags/example_task_group.py
[2024-04-09T22:03:18.741+0000] {logging_mixin.py:188} INFO - [2024-04-09T22:03:18.740+0000] {dag.py:3096} INFO - Sync 1 DAGs
[2024-04-09T22:03:18.777+0000] {logging_mixin.py:188} INFO - [2024-04-09T22:03:18.777+0000] {dag.py:3954} INFO - Setting next_dagrun for example_task_group to 2024-04-08 00:00:00+00:00, run_after=2024-04-09 00:00:00+00:00
[2024-04-09T22:03:18.923+0000] {processor.py:183} INFO - Processing /home/airflow/.local/lib/python3.12/site-packages/airflow/example_dags/example_task_group.py took 0.238 seconds
[2024-04-09T22:03:49.050+0000] {processor.py:161} INFO - Started process (PID=656) to work on /home/airflow/.local/lib/python3.12/site-packages/airflow/example_dags/example_task_group.py
[2024-04-09T22:03:49.052+0000] {processor.py:830} INFO - Processing file /home/airflow/.local/lib/python3.12/site-packages/airflow/example_dags/example_task_group.py for tasks to queue
[2024-04-09T22:03:49.058+0000] {logging_mixin.py:188} INFO - [2024-04-09T22:03:49.058+0000] {dagbag.py:540} INFO - Filling up the DagBag from /home/airflow/.local/lib/python3.12/site-packages/airflow/example_dags/example_task_group.py
[2024-04-09T22:03:49.081+0000] {processor.py:840} INFO - DAG(s) 'example_task_group' retrieved from /home/airflow/.local/lib/python3.12/site-packages/airflow/example_dags/example_task_group.py
[2024-04-09T22:03:49.141+0000] {logging_mixin.py:188} INFO - [2024-04-09T22:03:49.139+0000] {dag.py:3096} INFO - Sync 1 DAGs
[2024-04-09T22:03:49.224+0000] {logging_mixin.py:188} INFO - [2024-04-09T22:03:49.224+0000] {dag.py:3954} INFO - Setting next_dagrun for example_task_group to 2024-04-08 00:00:00+00:00, run_after=2024-04-09 00:00:00+00:00
[2024-04-09T22:03:49.493+0000] {processor.py:183} INFO - Processing /home/airflow/.local/lib/python3.12/site-packages/airflow/example_dags/example_task_group.py took 0.457 seconds
[2024-04-09T22:04:19.708+0000] {processor.py:161} INFO - Started process (PID=713) to work on /home/airflow/.local/lib/python3.12/site-packages/airflow/example_dags/example_task_group.py
[2024-04-09T22:04:19.710+0000] {processor.py:830} INFO - Processing file /home/airflow/.local/lib/python3.12/site-packages/airflow/example_dags/example_task_group.py for tasks to queue
[2024-04-09T22:04:19.713+0000] {logging_mixin.py:188} INFO - [2024-04-09T22:04:19.712+0000] {dagbag.py:540} INFO - Filling up the DagBag from /home/airflow/.local/lib/python3.12/site-packages/airflow/example_dags/example_task_group.py
[2024-04-09T22:04:19.724+0000] {processor.py:840} INFO - DAG(s) 'example_task_group' retrieved from /home/airflow/.local/lib/python3.12/site-packages/airflow/example_dags/example_task_group.py
[2024-04-09T22:04:19.762+0000] {logging_mixin.py:188} INFO - [2024-04-09T22:04:19.761+0000] {dag.py:3096} INFO - Sync 1 DAGs
[2024-04-09T22:04:19.798+0000] {logging_mixin.py:188} INFO - [2024-04-09T22:04:19.797+0000] {dag.py:3954} INFO - Setting next_dagrun for example_task_group to 2024-04-08 00:00:00+00:00, run_after=2024-04-09 00:00:00+00:00
[2024-04-09T22:04:19.918+0000] {processor.py:183} INFO - Processing /home/airflow/.local/lib/python3.12/site-packages/airflow/example_dags/example_task_group.py took 0.221 seconds
[2024-04-09T22:04:50.612+0000] {processor.py:161} INFO - Started process (PID=771) to work on /home/airflow/.local/lib/python3.12/site-packages/airflow/example_dags/example_task_group.py
[2024-04-09T22:04:50.613+0000] {processor.py:830} INFO - Processing file /home/airflow/.local/lib/python3.12/site-packages/airflow/example_dags/example_task_group.py for tasks to queue
[2024-04-09T22:04:50.616+0000] {logging_mixin.py:188} INFO - [2024-04-09T22:04:50.616+0000] {dagbag.py:540} INFO - Filling up the DagBag from /home/airflow/.local/lib/python3.12/site-packages/airflow/example_dags/example_task_group.py
[2024-04-09T22:04:50.626+0000] {processor.py:840} INFO - DAG(s) 'example_task_group' retrieved from /home/airflow/.local/lib/python3.12/site-packages/airflow/example_dags/example_task_group.py
[2024-04-09T22:04:50.666+0000] {logging_mixin.py:188} INFO - [2024-04-09T22:04:50.666+0000] {dag.py:3096} INFO - Sync 1 DAGs
[2024-04-09T22:04:50.712+0000] {logging_mixin.py:188} INFO - [2024-04-09T22:04:50.712+0000] {dag.py:3954} INFO - Setting next_dagrun for example_task_group to 2024-04-08 00:00:00+00:00, run_after=2024-04-09 00:00:00+00:00
[2024-04-09T22:04:50.962+0000] {processor.py:183} INFO - Processing /home/airflow/.local/lib/python3.12/site-packages/airflow/example_dags/example_task_group.py took 0.362 seconds
[2024-04-09T22:05:21.679+0000] {processor.py:161} INFO - Started process (PID=829) to work on /home/airflow/.local/lib/python3.12/site-packages/airflow/example_dags/example_task_group.py
[2024-04-09T22:05:21.681+0000] {processor.py:830} INFO - Processing file /home/airflow/.local/lib/python3.12/site-packages/airflow/example_dags/example_task_group.py for tasks to queue
[2024-04-09T22:05:21.683+0000] {logging_mixin.py:188} INFO - [2024-04-09T22:05:21.683+0000] {dagbag.py:540} INFO - Filling up the DagBag from /home/airflow/.local/lib/python3.12/site-packages/airflow/example_dags/example_task_group.py
[2024-04-09T22:05:21.697+0000] {processor.py:840} INFO - DAG(s) 'example_task_group' retrieved from /home/airflow/.local/lib/python3.12/site-packages/airflow/example_dags/example_task_group.py
[2024-04-09T22:05:21.731+0000] {logging_mixin.py:188} INFO - [2024-04-09T22:05:21.731+0000] {dag.py:3096} INFO - Sync 1 DAGs
[2024-04-09T22:05:21.762+0000] {logging_mixin.py:188} INFO - [2024-04-09T22:05:21.762+0000] {dag.py:3954} INFO - Setting next_dagrun for example_task_group to 2024-04-08 00:00:00+00:00, run_after=2024-04-09 00:00:00+00:00
[2024-04-09T22:05:22.023+0000] {processor.py:183} INFO - Processing /home/airflow/.local/lib/python3.12/site-packages/airflow/example_dags/example_task_group.py took 0.351 seconds
[2024-04-09T22:05:52.347+0000] {processor.py:161} INFO - Started process (PID=887) to work on /home/airflow/.local/lib/python3.12/site-packages/airflow/example_dags/example_task_group.py
[2024-04-09T22:05:52.349+0000] {processor.py:830} INFO - Processing file /home/airflow/.local/lib/python3.12/site-packages/airflow/example_dags/example_task_group.py for tasks to queue
[2024-04-09T22:05:52.352+0000] {logging_mixin.py:188} INFO - [2024-04-09T22:05:52.351+0000] {dagbag.py:540} INFO - Filling up the DagBag from /home/airflow/.local/lib/python3.12/site-packages/airflow/example_dags/example_task_group.py
[2024-04-09T22:05:52.365+0000] {processor.py:840} INFO - DAG(s) 'example_task_group' retrieved from /home/airflow/.local/lib/python3.12/site-packages/airflow/example_dags/example_task_group.py
[2024-04-09T22:05:52.409+0000] {logging_mixin.py:188} INFO - [2024-04-09T22:05:52.408+0000] {dag.py:3096} INFO - Sync 1 DAGs
[2024-04-09T22:05:52.458+0000] {logging_mixin.py:188} INFO - [2024-04-09T22:05:52.457+0000] {dag.py:3954} INFO - Setting next_dagrun for example_task_group to 2024-04-08 00:00:00+00:00, run_after=2024-04-09 00:00:00+00:00
[2024-04-09T22:05:52.602+0000] {processor.py:183} INFO - Processing /home/airflow/.local/lib/python3.12/site-packages/airflow/example_dags/example_task_group.py took 0.265 seconds
[2024-04-09T22:06:23.152+0000] {processor.py:161} INFO - Started process (PID=945) to work on /home/airflow/.local/lib/python3.12/site-packages/airflow/example_dags/example_task_group.py
[2024-04-09T22:06:23.154+0000] {processor.py:830} INFO - Processing file /home/airflow/.local/lib/python3.12/site-packages/airflow/example_dags/example_task_group.py for tasks to queue
[2024-04-09T22:06:23.158+0000] {logging_mixin.py:188} INFO - [2024-04-09T22:06:23.157+0000] {dagbag.py:540} INFO - Filling up the DagBag from /home/airflow/.local/lib/python3.12/site-packages/airflow/example_dags/example_task_group.py
[2024-04-09T22:06:23.167+0000] {processor.py:840} INFO - DAG(s) 'example_task_group' retrieved from /home/airflow/.local/lib/python3.12/site-packages/airflow/example_dags/example_task_group.py
[2024-04-09T22:06:23.196+0000] {logging_mixin.py:188} INFO - [2024-04-09T22:06:23.196+0000] {dag.py:3096} INFO - Sync 1 DAGs
[2024-04-09T22:06:23.225+0000] {logging_mixin.py:188} INFO - [2024-04-09T22:06:23.225+0000] {dag.py:3954} INFO - Setting next_dagrun for example_task_group to 2024-04-08 00:00:00+00:00, run_after=2024-04-09 00:00:00+00:00
[2024-04-09T22:06:23.284+0000] {processor.py:183} INFO - Processing /home/airflow/.local/lib/python3.12/site-packages/airflow/example_dags/example_task_group.py took 0.140 seconds
[2024-04-09T22:06:53.596+0000] {processor.py:161} INFO - Started process (PID=1003) to work on /home/airflow/.local/lib/python3.12/site-packages/airflow/example_dags/example_task_group.py
[2024-04-09T22:06:53.597+0000] {processor.py:830} INFO - Processing file /home/airflow/.local/lib/python3.12/site-packages/airflow/example_dags/example_task_group.py for tasks to queue
[2024-04-09T22:06:53.601+0000] {logging_mixin.py:188} INFO - [2024-04-09T22:06:53.601+0000] {dagbag.py:540} INFO - Filling up the DagBag from /home/airflow/.local/lib/python3.12/site-packages/airflow/example_dags/example_task_group.py
[2024-04-09T22:06:53.612+0000] {processor.py:840} INFO - DAG(s) 'example_task_group' retrieved from /home/airflow/.local/lib/python3.12/site-packages/airflow/example_dags/example_task_group.py
[2024-04-09T22:06:53.648+0000] {logging_mixin.py:188} INFO - [2024-04-09T22:06:53.648+0000] {dag.py:3096} INFO - Sync 1 DAGs
[2024-04-09T22:06:53.689+0000] {logging_mixin.py:188} INFO - [2024-04-09T22:06:53.689+0000] {dag.py:3954} INFO - Setting next_dagrun for example_task_group to 2024-04-08 00:00:00+00:00, run_after=2024-04-09 00:00:00+00:00
[2024-04-09T22:06:53.792+0000] {processor.py:183} INFO - Processing /home/airflow/.local/lib/python3.12/site-packages/airflow/example_dags/example_task_group.py took 0.204 seconds
[2024-04-09T22:07:24.038+0000] {processor.py:161} INFO - Started process (PID=1061) to work on /home/airflow/.local/lib/python3.12/site-packages/airflow/example_dags/example_task_group.py
[2024-04-09T22:07:24.039+0000] {processor.py:830} INFO - Processing file /home/airflow/.local/lib/python3.12/site-packages/airflow/example_dags/example_task_group.py for tasks to queue
[2024-04-09T22:07:24.043+0000] {logging_mixin.py:188} INFO - [2024-04-09T22:07:24.042+0000] {dagbag.py:540} INFO - Filling up the DagBag from /home/airflow/.local/lib/python3.12/site-packages/airflow/example_dags/example_task_group.py
[2024-04-09T22:07:24.053+0000] {processor.py:840} INFO - DAG(s) 'example_task_group' retrieved from /home/airflow/.local/lib/python3.12/site-packages/airflow/example_dags/example_task_group.py
[2024-04-09T22:07:24.085+0000] {logging_mixin.py:188} INFO - [2024-04-09T22:07:24.084+0000] {dag.py:3096} INFO - Sync 1 DAGs
[2024-04-09T22:07:24.119+0000] {logging_mixin.py:188} INFO - [2024-04-09T22:07:24.118+0000] {dag.py:3954} INFO - Setting next_dagrun for example_task_group to 2024-04-08 00:00:00+00:00, run_after=2024-04-09 00:00:00+00:00
[2024-04-09T22:07:24.189+0000] {processor.py:183} INFO - Processing /home/airflow/.local/lib/python3.12/site-packages/airflow/example_dags/example_task_group.py took 0.159 seconds
[2024-04-09T22:07:54.670+0000] {processor.py:161} INFO - Started process (PID=1119) to work on /home/airflow/.local/lib/python3.12/site-packages/airflow/example_dags/example_task_group.py
[2024-04-09T22:07:54.672+0000] {processor.py:830} INFO - Processing file /home/airflow/.local/lib/python3.12/site-packages/airflow/example_dags/example_task_group.py for tasks to queue
[2024-04-09T22:07:54.677+0000] {logging_mixin.py:188} INFO - [2024-04-09T22:07:54.676+0000] {dagbag.py:540} INFO - Filling up the DagBag from /home/airflow/.local/lib/python3.12/site-packages/airflow/example_dags/example_task_group.py
[2024-04-09T22:07:54.691+0000] {processor.py:840} INFO - DAG(s) 'example_task_group' retrieved from /home/airflow/.local/lib/python3.12/site-packages/airflow/example_dags/example_task_group.py
[2024-04-09T22:07:54.898+0000] {logging_mixin.py:188} INFO - [2024-04-09T22:07:54.898+0000] {dag.py:3096} INFO - Sync 1 DAGs
[2024-04-09T22:07:54.925+0000] {logging_mixin.py:188} INFO - [2024-04-09T22:07:54.925+0000] {dag.py:3954} INFO - Setting next_dagrun for example_task_group to 2024-04-08 00:00:00+00:00, run_after=2024-04-09 00:00:00+00:00
[2024-04-09T22:07:54.971+0000] {processor.py:183} INFO - Processing /home/airflow/.local/lib/python3.12/site-packages/airflow/example_dags/example_task_group.py took 0.312 seconds
[2024-04-09T22:08:25.334+0000] {processor.py:161} INFO - Started process (PID=1184) to work on /home/airflow/.local/lib/python3.12/site-packages/airflow/example_dags/example_task_group.py
[2024-04-09T22:08:25.336+0000] {processor.py:830} INFO - Processing file /home/airflow/.local/lib/python3.12/site-packages/airflow/example_dags/example_task_group.py for tasks to queue
[2024-04-09T22:08:25.339+0000] {logging_mixin.py:188} INFO - [2024-04-09T22:08:25.339+0000] {dagbag.py:540} INFO - Filling up the DagBag from /home/airflow/.local/lib/python3.12/site-packages/airflow/example_dags/example_task_group.py
[2024-04-09T22:08:25.352+0000] {processor.py:840} INFO - DAG(s) 'example_task_group' retrieved from /home/airflow/.local/lib/python3.12/site-packages/airflow/example_dags/example_task_group.py
[2024-04-09T22:08:25.391+0000] {logging_mixin.py:188} INFO - [2024-04-09T22:08:25.391+0000] {dag.py:3096} INFO - Sync 1 DAGs
[2024-04-09T22:08:25.431+0000] {logging_mixin.py:188} INFO - [2024-04-09T22:08:25.431+0000] {dag.py:3954} INFO - Setting next_dagrun for example_task_group to 2024-04-08 00:00:00+00:00, run_after=2024-04-09 00:00:00+00:00
[2024-04-09T22:08:25.551+0000] {processor.py:183} INFO - Processing /home/airflow/.local/lib/python3.12/site-packages/airflow/example_dags/example_task_group.py took 0.227 seconds
[2024-04-09T22:08:56.289+0000] {processor.py:161} INFO - Started process (PID=1242) to work on /home/airflow/.local/lib/python3.12/site-packages/airflow/example_dags/example_task_group.py
[2024-04-09T22:08:56.292+0000] {processor.py:830} INFO - Processing file /home/airflow/.local/lib/python3.12/site-packages/airflow/example_dags/example_task_group.py for tasks to queue
[2024-04-09T22:08:56.295+0000] {logging_mixin.py:188} INFO - [2024-04-09T22:08:56.294+0000] {dagbag.py:540} INFO - Filling up the DagBag from /home/airflow/.local/lib/python3.12/site-packages/airflow/example_dags/example_task_group.py
[2024-04-09T22:08:56.308+0000] {processor.py:840} INFO - DAG(s) 'example_task_group' retrieved from /home/airflow/.local/lib/python3.12/site-packages/airflow/example_dags/example_task_group.py
[2024-04-09T22:08:56.345+0000] {logging_mixin.py:188} INFO - [2024-04-09T22:08:56.344+0000] {dag.py:3096} INFO - Sync 1 DAGs
[2024-04-09T22:08:56.383+0000] {logging_mixin.py:188} INFO - [2024-04-09T22:08:56.382+0000] {dag.py:3954} INFO - Setting next_dagrun for example_task_group to 2024-04-08 00:00:00+00:00, run_after=2024-04-09 00:00:00+00:00
[2024-04-09T22:08:56.457+0000] {processor.py:183} INFO - Processing /home/airflow/.local/lib/python3.12/site-packages/airflow/example_dags/example_task_group.py took 0.176 seconds
[2024-04-09T22:09:26.608+0000] {processor.py:161} INFO - Started process (PID=1300) to work on /home/airflow/.local/lib/python3.12/site-packages/airflow/example_dags/example_task_group.py
[2024-04-09T22:09:26.611+0000] {processor.py:830} INFO - Processing file /home/airflow/.local/lib/python3.12/site-packages/airflow/example_dags/example_task_group.py for tasks to queue
[2024-04-09T22:09:26.615+0000] {logging_mixin.py:188} INFO - [2024-04-09T22:09:26.615+0000] {dagbag.py:540} INFO - Filling up the DagBag from /home/airflow/.local/lib/python3.12/site-packages/airflow/example_dags/example_task_group.py
[2024-04-09T22:09:26.629+0000] {processor.py:840} INFO - DAG(s) 'example_task_group' retrieved from /home/airflow/.local/lib/python3.12/site-packages/airflow/example_dags/example_task_group.py
[2024-04-09T22:09:26.666+0000] {logging_mixin.py:188} INFO - [2024-04-09T22:09:26.665+0000] {dag.py:3096} INFO - Sync 1 DAGs
[2024-04-09T22:09:26.718+0000] {logging_mixin.py:188} INFO - [2024-04-09T22:09:26.717+0000] {dag.py:3954} INFO - Setting next_dagrun for example_task_group to 2024-04-08 00:00:00+00:00, run_after=2024-04-09 00:00:00+00:00
[2024-04-09T22:09:26.797+0000] {processor.py:183} INFO - Processing /home/airflow/.local/lib/python3.12/site-packages/airflow/example_dags/example_task_group.py took 0.203 seconds
[2024-04-09T22:09:57.214+0000] {processor.py:161} INFO - Started process (PID=1358) to work on /home/airflow/.local/lib/python3.12/site-packages/airflow/example_dags/example_task_group.py
[2024-04-09T22:09:57.216+0000] {processor.py:830} INFO - Processing file /home/airflow/.local/lib/python3.12/site-packages/airflow/example_dags/example_task_group.py for tasks to queue
[2024-04-09T22:09:57.225+0000] {logging_mixin.py:188} INFO - [2024-04-09T22:09:57.225+0000] {dagbag.py:540} INFO - Filling up the DagBag from /home/airflow/.local/lib/python3.12/site-packages/airflow/example_dags/example_task_group.py
[2024-04-09T22:09:57.237+0000] {processor.py:840} INFO - DAG(s) 'example_task_group' retrieved from /home/airflow/.local/lib/python3.12/site-packages/airflow/example_dags/example_task_group.py
[2024-04-09T22:09:57.284+0000] {logging_mixin.py:188} INFO - [2024-04-09T22:09:57.284+0000] {dag.py:3096} INFO - Sync 1 DAGs
[2024-04-09T22:09:57.325+0000] {logging_mixin.py:188} INFO - [2024-04-09T22:09:57.325+0000] {dag.py:3954} INFO - Setting next_dagrun for example_task_group to 2024-04-08 00:00:00+00:00, run_after=2024-04-09 00:00:00+00:00
[2024-04-09T22:09:57.436+0000] {processor.py:183} INFO - Processing /home/airflow/.local/lib/python3.12/site-packages/airflow/example_dags/example_task_group.py took 0.236 seconds
[2024-04-09T22:10:27.721+0000] {processor.py:161} INFO - Started process (PID=1416) to work on /home/airflow/.local/lib/python3.12/site-packages/airflow/example_dags/example_task_group.py
[2024-04-09T22:10:27.723+0000] {processor.py:830} INFO - Processing file /home/airflow/.local/lib/python3.12/site-packages/airflow/example_dags/example_task_group.py for tasks to queue
[2024-04-09T22:10:27.725+0000] {logging_mixin.py:188} INFO - [2024-04-09T22:10:27.725+0000] {dagbag.py:540} INFO - Filling up the DagBag from /home/airflow/.local/lib/python3.12/site-packages/airflow/example_dags/example_task_group.py
[2024-04-09T22:10:27.734+0000] {processor.py:840} INFO - DAG(s) 'example_task_group' retrieved from /home/airflow/.local/lib/python3.12/site-packages/airflow/example_dags/example_task_group.py
[2024-04-09T22:10:27.764+0000] {logging_mixin.py:188} INFO - [2024-04-09T22:10:27.764+0000] {dag.py:3096} INFO - Sync 1 DAGs
[2024-04-09T22:10:27.793+0000] {logging_mixin.py:188} INFO - [2024-04-09T22:10:27.793+0000] {dag.py:3954} INFO - Setting next_dagrun for example_task_group to 2024-04-08 00:00:00+00:00, run_after=2024-04-09 00:00:00+00:00
[2024-04-09T22:10:27.852+0000] {processor.py:183} INFO - Processing /home/airflow/.local/lib/python3.12/site-packages/airflow/example_dags/example_task_group.py took 0.139 seconds
[2024-04-09T22:10:58.348+0000] {processor.py:161} INFO - Started process (PID=1474) to work on /home/airflow/.local/lib/python3.12/site-packages/airflow/example_dags/example_task_group.py
[2024-04-09T22:10:58.350+0000] {processor.py:830} INFO - Processing file /home/airflow/.local/lib/python3.12/site-packages/airflow/example_dags/example_task_group.py for tasks to queue
[2024-04-09T22:10:58.352+0000] {logging_mixin.py:188} INFO - [2024-04-09T22:10:58.352+0000] {dagbag.py:540} INFO - Filling up the DagBag from /home/airflow/.local/lib/python3.12/site-packages/airflow/example_dags/example_task_group.py
[2024-04-09T22:10:58.366+0000] {processor.py:840} INFO - DAG(s) 'example_task_group' retrieved from /home/airflow/.local/lib/python3.12/site-packages/airflow/example_dags/example_task_group.py
[2024-04-09T22:10:58.400+0000] {logging_mixin.py:188} INFO - [2024-04-09T22:10:58.399+0000] {dag.py:3096} INFO - Sync 1 DAGs
[2024-04-09T22:10:58.429+0000] {logging_mixin.py:188} INFO - [2024-04-09T22:10:58.428+0000] {dag.py:3954} INFO - Setting next_dagrun for example_task_group to 2024-04-08 00:00:00+00:00, run_after=2024-04-09 00:00:00+00:00
[2024-04-09T22:10:58.496+0000] {processor.py:183} INFO - Processing /home/airflow/.local/lib/python3.12/site-packages/airflow/example_dags/example_task_group.py took 0.155 seconds
[2024-04-09T22:11:29.140+0000] {processor.py:161} INFO - Started process (PID=1532) to work on /home/airflow/.local/lib/python3.12/site-packages/airflow/example_dags/example_task_group.py
[2024-04-09T22:11:29.143+0000] {processor.py:830} INFO - Processing file /home/airflow/.local/lib/python3.12/site-packages/airflow/example_dags/example_task_group.py for tasks to queue
[2024-04-09T22:11:29.146+0000] {logging_mixin.py:188} INFO - [2024-04-09T22:11:29.145+0000] {dagbag.py:540} INFO - Filling up the DagBag from /home/airflow/.local/lib/python3.12/site-packages/airflow/example_dags/example_task_group.py
[2024-04-09T22:11:29.156+0000] {processor.py:840} INFO - DAG(s) 'example_task_group' retrieved from /home/airflow/.local/lib/python3.12/site-packages/airflow/example_dags/example_task_group.py
[2024-04-09T22:11:29.190+0000] {logging_mixin.py:188} INFO - [2024-04-09T22:11:29.190+0000] {dag.py:3096} INFO - Sync 1 DAGs
[2024-04-09T22:11:29.230+0000] {logging_mixin.py:188} INFO - [2024-04-09T22:11:29.230+0000] {dag.py:3954} INFO - Setting next_dagrun for example_task_group to 2024-04-08 00:00:00+00:00, run_after=2024-04-09 00:00:00+00:00
[2024-04-09T22:11:29.300+0000] {processor.py:183} INFO - Processing /home/airflow/.local/lib/python3.12/site-packages/airflow/example_dags/example_task_group.py took 0.168 seconds
