[2024-04-09T21:57:47.515+0000] {processor.py:161} INFO - Started process (PID=77) to work on /home/airflow/.local/lib/python3.12/site-packages/airflow/example_dags/example_nested_branch_dag.py
[2024-04-09T21:57:47.517+0000] {processor.py:830} INFO - Processing file /home/airflow/.local/lib/python3.12/site-packages/airflow/example_dags/example_nested_branch_dag.py for tasks to queue
[2024-04-09T21:57:47.519+0000] {logging_mixin.py:188} INFO - [2024-04-09T21:57:47.519+0000] {dagbag.py:540} INFO - Filling up the DagBag from /home/airflow/.local/lib/python3.12/site-packages/airflow/example_dags/example_nested_branch_dag.py
[2024-04-09T21:57:47.703+0000] {processor.py:840} INFO - DAG(s) 'example_nested_branch_dag' retrieved from /home/airflow/.local/lib/python3.12/site-packages/airflow/example_dags/example_nested_branch_dag.py
[2024-04-09T21:57:47.870+0000] {logging_mixin.py:188} INFO - [2024-04-09T21:57:47.869+0000] {dag.py:3096} INFO - Sync 1 DAGs
[2024-04-09T21:57:47.919+0000] {logging_mixin.py:188} INFO - [2024-04-09T21:57:47.918+0000] {dag.py:3954} INFO - Setting next_dagrun for example_nested_branch_dag to 2024-04-08 00:00:00+00:00, run_after=2024-04-09 00:00:00+00:00
[2024-04-09T21:57:48.264+0000] {processor.py:183} INFO - Processing /home/airflow/.local/lib/python3.12/site-packages/airflow/example_dags/example_nested_branch_dag.py took 0.756 seconds
[2024-04-09T21:58:21.295+0000] {processor.py:161} INFO - Started process (PID=135) to work on /home/airflow/.local/lib/python3.12/site-packages/airflow/example_dags/example_nested_branch_dag.py
[2024-04-09T21:58:21.296+0000] {processor.py:830} INFO - Processing file /home/airflow/.local/lib/python3.12/site-packages/airflow/example_dags/example_nested_branch_dag.py for tasks to queue
[2024-04-09T21:58:21.299+0000] {logging_mixin.py:188} INFO - [2024-04-09T21:58:21.298+0000] {dagbag.py:540} INFO - Filling up the DagBag from /home/airflow/.local/lib/python3.12/site-packages/airflow/example_dags/example_nested_branch_dag.py
[2024-04-09T21:58:21.314+0000] {processor.py:840} INFO - DAG(s) 'example_nested_branch_dag' retrieved from /home/airflow/.local/lib/python3.12/site-packages/airflow/example_dags/example_nested_branch_dag.py
[2024-04-09T21:58:21.344+0000] {logging_mixin.py:188} INFO - [2024-04-09T21:58:21.343+0000] {dag.py:3096} INFO - Sync 1 DAGs
[2024-04-09T21:58:21.374+0000] {logging_mixin.py:188} INFO - [2024-04-09T21:58:21.374+0000] {dag.py:3954} INFO - Setting next_dagrun for example_nested_branch_dag to 2024-04-08 00:00:00+00:00, run_after=2024-04-09 00:00:00+00:00
[2024-04-09T21:58:21.552+0000] {processor.py:183} INFO - Processing /home/airflow/.local/lib/python3.12/site-packages/airflow/example_dags/example_nested_branch_dag.py took 0.266 seconds
[2024-04-09T21:58:51.953+0000] {processor.py:161} INFO - Started process (PID=191) to work on /home/airflow/.local/lib/python3.12/site-packages/airflow/example_dags/example_nested_branch_dag.py
[2024-04-09T21:58:51.954+0000] {processor.py:830} INFO - Processing file /home/airflow/.local/lib/python3.12/site-packages/airflow/example_dags/example_nested_branch_dag.py for tasks to queue
[2024-04-09T21:58:51.957+0000] {logging_mixin.py:188} INFO - [2024-04-09T21:58:51.957+0000] {dagbag.py:540} INFO - Filling up the DagBag from /home/airflow/.local/lib/python3.12/site-packages/airflow/example_dags/example_nested_branch_dag.py
[2024-04-09T21:58:51.974+0000] {processor.py:840} INFO - DAG(s) 'example_nested_branch_dag' retrieved from /home/airflow/.local/lib/python3.12/site-packages/airflow/example_dags/example_nested_branch_dag.py
[2024-04-09T21:58:52.007+0000] {logging_mixin.py:188} INFO - [2024-04-09T21:58:52.006+0000] {dag.py:3096} INFO - Sync 1 DAGs
[2024-04-09T21:58:52.036+0000] {logging_mixin.py:188} INFO - [2024-04-09T21:58:52.036+0000] {dag.py:3954} INFO - Setting next_dagrun for example_nested_branch_dag to 2024-04-08 00:00:00+00:00, run_after=2024-04-09 00:00:00+00:00
[2024-04-09T21:58:52.259+0000] {processor.py:183} INFO - Processing /home/airflow/.local/lib/python3.12/site-packages/airflow/example_dags/example_nested_branch_dag.py took 0.315 seconds
[2024-04-09T21:59:25.755+0000] {processor.py:161} INFO - Started process (PID=249) to work on /home/airflow/.local/lib/python3.12/site-packages/airflow/example_dags/example_nested_branch_dag.py
[2024-04-09T21:59:25.756+0000] {processor.py:830} INFO - Processing file /home/airflow/.local/lib/python3.12/site-packages/airflow/example_dags/example_nested_branch_dag.py for tasks to queue
[2024-04-09T21:59:25.759+0000] {logging_mixin.py:188} INFO - [2024-04-09T21:59:25.759+0000] {dagbag.py:540} INFO - Filling up the DagBag from /home/airflow/.local/lib/python3.12/site-packages/airflow/example_dags/example_nested_branch_dag.py
[2024-04-09T21:59:25.772+0000] {processor.py:840} INFO - DAG(s) 'example_nested_branch_dag' retrieved from /home/airflow/.local/lib/python3.12/site-packages/airflow/example_dags/example_nested_branch_dag.py
[2024-04-09T21:59:25.807+0000] {logging_mixin.py:188} INFO - [2024-04-09T21:59:25.807+0000] {dag.py:3096} INFO - Sync 1 DAGs
[2024-04-09T21:59:25.844+0000] {logging_mixin.py:188} INFO - [2024-04-09T21:59:25.844+0000] {dag.py:3954} INFO - Setting next_dagrun for example_nested_branch_dag to 2024-04-08 00:00:00+00:00, run_after=2024-04-09 00:00:00+00:00
[2024-04-09T21:59:26.012+0000] {processor.py:183} INFO - Processing /home/airflow/.local/lib/python3.12/site-packages/airflow/example_dags/example_nested_branch_dag.py took 0.264 seconds
[2024-04-09T22:00:07.432+0000] {processor.py:161} INFO - Started process (PID=307) to work on /home/airflow/.local/lib/python3.12/site-packages/airflow/example_dags/example_nested_branch_dag.py
[2024-04-09T22:00:07.434+0000] {processor.py:830} INFO - Processing file /home/airflow/.local/lib/python3.12/site-packages/airflow/example_dags/example_nested_branch_dag.py for tasks to queue
[2024-04-09T22:00:07.441+0000] {logging_mixin.py:188} INFO - [2024-04-09T22:00:07.440+0000] {dagbag.py:540} INFO - Filling up the DagBag from /home/airflow/.local/lib/python3.12/site-packages/airflow/example_dags/example_nested_branch_dag.py
[2024-04-09T22:00:07.464+0000] {processor.py:840} INFO - DAG(s) 'example_nested_branch_dag' retrieved from /home/airflow/.local/lib/python3.12/site-packages/airflow/example_dags/example_nested_branch_dag.py
[2024-04-09T22:00:07.501+0000] {logging_mixin.py:188} INFO - [2024-04-09T22:00:07.501+0000] {dag.py:3096} INFO - Sync 1 DAGs
[2024-04-09T22:00:07.532+0000] {logging_mixin.py:188} INFO - [2024-04-09T22:00:07.532+0000] {dag.py:3954} INFO - Setting next_dagrun for example_nested_branch_dag to 2024-04-08 00:00:00+00:00, run_after=2024-04-09 00:00:00+00:00
[2024-04-09T22:00:07.781+0000] {processor.py:183} INFO - Processing /home/airflow/.local/lib/python3.12/site-packages/airflow/example_dags/example_nested_branch_dag.py took 0.360 seconds
[2024-04-09T22:00:40.450+0000] {processor.py:161} INFO - Started process (PID=365) to work on /home/airflow/.local/lib/python3.12/site-packages/airflow/example_dags/example_nested_branch_dag.py
[2024-04-09T22:00:40.452+0000] {processor.py:830} INFO - Processing file /home/airflow/.local/lib/python3.12/site-packages/airflow/example_dags/example_nested_branch_dag.py for tasks to queue
[2024-04-09T22:00:40.455+0000] {logging_mixin.py:188} INFO - [2024-04-09T22:00:40.454+0000] {dagbag.py:540} INFO - Filling up the DagBag from /home/airflow/.local/lib/python3.12/site-packages/airflow/example_dags/example_nested_branch_dag.py
[2024-04-09T22:00:40.600+0000] {processor.py:840} INFO - DAG(s) 'example_nested_branch_dag' retrieved from /home/airflow/.local/lib/python3.12/site-packages/airflow/example_dags/example_nested_branch_dag.py
[2024-04-09T22:00:40.712+0000] {logging_mixin.py:188} INFO - [2024-04-09T22:00:40.712+0000] {dag.py:3096} INFO - Sync 1 DAGs
[2024-04-09T22:00:41.129+0000] {logging_mixin.py:188} INFO - [2024-04-09T22:00:41.129+0000] {dag.py:3954} INFO - Setting next_dagrun for example_nested_branch_dag to 2024-04-08 00:00:00+00:00, run_after=2024-04-09 00:00:00+00:00
[2024-04-09T22:00:41.285+0000] {processor.py:183} INFO - Processing /home/airflow/.local/lib/python3.12/site-packages/airflow/example_dags/example_nested_branch_dag.py took 0.844 seconds
[2024-04-09T22:01:12.019+0000] {processor.py:161} INFO - Started process (PID=422) to work on /home/airflow/.local/lib/python3.12/site-packages/airflow/example_dags/example_nested_branch_dag.py
[2024-04-09T22:01:12.022+0000] {processor.py:830} INFO - Processing file /home/airflow/.local/lib/python3.12/site-packages/airflow/example_dags/example_nested_branch_dag.py for tasks to queue
[2024-04-09T22:01:12.025+0000] {logging_mixin.py:188} INFO - [2024-04-09T22:01:12.024+0000] {dagbag.py:540} INFO - Filling up the DagBag from /home/airflow/.local/lib/python3.12/site-packages/airflow/example_dags/example_nested_branch_dag.py
[2024-04-09T22:01:12.039+0000] {processor.py:840} INFO - DAG(s) 'example_nested_branch_dag' retrieved from /home/airflow/.local/lib/python3.12/site-packages/airflow/example_dags/example_nested_branch_dag.py
[2024-04-09T22:01:12.087+0000] {logging_mixin.py:188} INFO - [2024-04-09T22:01:12.086+0000] {dag.py:3096} INFO - Sync 1 DAGs
[2024-04-09T22:01:12.209+0000] {logging_mixin.py:188} INFO - [2024-04-09T22:01:12.209+0000] {dag.py:3954} INFO - Setting next_dagrun for example_nested_branch_dag to 2024-04-08 00:00:00+00:00, run_after=2024-04-09 00:00:00+00:00
[2024-04-09T22:01:12.557+0000] {processor.py:183} INFO - Processing /home/airflow/.local/lib/python3.12/site-packages/airflow/example_dags/example_nested_branch_dag.py took 0.552 seconds
[2024-04-09T22:01:43.078+0000] {processor.py:161} INFO - Started process (PID=481) to work on /home/airflow/.local/lib/python3.12/site-packages/airflow/example_dags/example_nested_branch_dag.py
[2024-04-09T22:01:43.080+0000] {processor.py:830} INFO - Processing file /home/airflow/.local/lib/python3.12/site-packages/airflow/example_dags/example_nested_branch_dag.py for tasks to queue
[2024-04-09T22:01:43.084+0000] {logging_mixin.py:188} INFO - [2024-04-09T22:01:43.083+0000] {dagbag.py:540} INFO - Filling up the DagBag from /home/airflow/.local/lib/python3.12/site-packages/airflow/example_dags/example_nested_branch_dag.py
[2024-04-09T22:01:43.101+0000] {processor.py:840} INFO - DAG(s) 'example_nested_branch_dag' retrieved from /home/airflow/.local/lib/python3.12/site-packages/airflow/example_dags/example_nested_branch_dag.py
[2024-04-09T22:01:43.137+0000] {logging_mixin.py:188} INFO - [2024-04-09T22:01:43.136+0000] {dag.py:3096} INFO - Sync 1 DAGs
[2024-04-09T22:01:43.176+0000] {logging_mixin.py:188} INFO - [2024-04-09T22:01:43.176+0000] {dag.py:3954} INFO - Setting next_dagrun for example_nested_branch_dag to 2024-04-08 00:00:00+00:00, run_after=2024-04-09 00:00:00+00:00
[2024-04-09T22:01:43.408+0000] {processor.py:183} INFO - Processing /home/airflow/.local/lib/python3.12/site-packages/airflow/example_dags/example_nested_branch_dag.py took 0.340 seconds
[2024-04-09T22:02:13.908+0000] {processor.py:161} INFO - Started process (PID=539) to work on /home/airflow/.local/lib/python3.12/site-packages/airflow/example_dags/example_nested_branch_dag.py
[2024-04-09T22:02:13.909+0000] {processor.py:830} INFO - Processing file /home/airflow/.local/lib/python3.12/site-packages/airflow/example_dags/example_nested_branch_dag.py for tasks to queue
[2024-04-09T22:02:13.912+0000] {logging_mixin.py:188} INFO - [2024-04-09T22:02:13.911+0000] {dagbag.py:540} INFO - Filling up the DagBag from /home/airflow/.local/lib/python3.12/site-packages/airflow/example_dags/example_nested_branch_dag.py
[2024-04-09T22:02:13.929+0000] {processor.py:840} INFO - DAG(s) 'example_nested_branch_dag' retrieved from /home/airflow/.local/lib/python3.12/site-packages/airflow/example_dags/example_nested_branch_dag.py
[2024-04-09T22:02:13.962+0000] {logging_mixin.py:188} INFO - [2024-04-09T22:02:13.961+0000] {dag.py:3096} INFO - Sync 1 DAGs
[2024-04-09T22:02:13.998+0000] {logging_mixin.py:188} INFO - [2024-04-09T22:02:13.998+0000] {dag.py:3954} INFO - Setting next_dagrun for example_nested_branch_dag to 2024-04-08 00:00:00+00:00, run_after=2024-04-09 00:00:00+00:00
[2024-04-09T22:02:14.160+0000] {processor.py:183} INFO - Processing /home/airflow/.local/lib/python3.12/site-packages/airflow/example_dags/example_nested_branch_dag.py took 0.260 seconds
[2024-04-09T22:03:24.191+0000] {processor.py:161} INFO - Started process (PID=630) to work on /home/airflow/.local/lib/python3.12/site-packages/airflow/example_dags/example_nested_branch_dag.py
[2024-04-09T22:03:24.192+0000] {processor.py:830} INFO - Processing file /home/airflow/.local/lib/python3.12/site-packages/airflow/example_dags/example_nested_branch_dag.py for tasks to queue
[2024-04-09T22:03:24.195+0000] {logging_mixin.py:188} INFO - [2024-04-09T22:03:24.194+0000] {dagbag.py:540} INFO - Filling up the DagBag from /home/airflow/.local/lib/python3.12/site-packages/airflow/example_dags/example_nested_branch_dag.py
[2024-04-09T22:03:24.209+0000] {processor.py:840} INFO - DAG(s) 'example_nested_branch_dag' retrieved from /home/airflow/.local/lib/python3.12/site-packages/airflow/example_dags/example_nested_branch_dag.py
[2024-04-09T22:03:24.242+0000] {logging_mixin.py:188} INFO - [2024-04-09T22:03:24.241+0000] {dag.py:3096} INFO - Sync 1 DAGs
[2024-04-09T22:03:24.292+0000] {logging_mixin.py:188} INFO - [2024-04-09T22:03:24.291+0000] {dag.py:3954} INFO - Setting next_dagrun for example_nested_branch_dag to 2024-04-08 00:00:00+00:00, run_after=2024-04-09 00:00:00+00:00
[2024-04-09T22:03:24.435+0000] {processor.py:183} INFO - Processing /home/airflow/.local/lib/python3.12/site-packages/airflow/example_dags/example_nested_branch_dag.py took 0.252 seconds
[2024-04-09T22:03:58.876+0000] {processor.py:161} INFO - Started process (PID=688) to work on /home/airflow/.local/lib/python3.12/site-packages/airflow/example_dags/example_nested_branch_dag.py
[2024-04-09T22:03:58.878+0000] {processor.py:830} INFO - Processing file /home/airflow/.local/lib/python3.12/site-packages/airflow/example_dags/example_nested_branch_dag.py for tasks to queue
[2024-04-09T22:03:58.881+0000] {logging_mixin.py:188} INFO - [2024-04-09T22:03:58.880+0000] {dagbag.py:540} INFO - Filling up the DagBag from /home/airflow/.local/lib/python3.12/site-packages/airflow/example_dags/example_nested_branch_dag.py
[2024-04-09T22:03:58.897+0000] {processor.py:840} INFO - DAG(s) 'example_nested_branch_dag' retrieved from /home/airflow/.local/lib/python3.12/site-packages/airflow/example_dags/example_nested_branch_dag.py
[2024-04-09T22:03:58.927+0000] {logging_mixin.py:188} INFO - [2024-04-09T22:03:58.926+0000] {dag.py:3096} INFO - Sync 1 DAGs
[2024-04-09T22:03:58.957+0000] {logging_mixin.py:188} INFO - [2024-04-09T22:03:58.957+0000] {dag.py:3954} INFO - Setting next_dagrun for example_nested_branch_dag to 2024-04-08 00:00:00+00:00, run_after=2024-04-09 00:00:00+00:00
[2024-04-09T22:03:59.052+0000] {processor.py:183} INFO - Processing /home/airflow/.local/lib/python3.12/site-packages/airflow/example_dags/example_nested_branch_dag.py took 0.185 seconds
[2024-04-09T22:04:29.794+0000] {processor.py:161} INFO - Started process (PID=746) to work on /home/airflow/.local/lib/python3.12/site-packages/airflow/example_dags/example_nested_branch_dag.py
[2024-04-09T22:04:29.795+0000] {processor.py:830} INFO - Processing file /home/airflow/.local/lib/python3.12/site-packages/airflow/example_dags/example_nested_branch_dag.py for tasks to queue
[2024-04-09T22:04:29.798+0000] {logging_mixin.py:188} INFO - [2024-04-09T22:04:29.797+0000] {dagbag.py:540} INFO - Filling up the DagBag from /home/airflow/.local/lib/python3.12/site-packages/airflow/example_dags/example_nested_branch_dag.py
[2024-04-09T22:04:29.812+0000] {processor.py:840} INFO - DAG(s) 'example_nested_branch_dag' retrieved from /home/airflow/.local/lib/python3.12/site-packages/airflow/example_dags/example_nested_branch_dag.py
[2024-04-09T22:04:29.848+0000] {logging_mixin.py:188} INFO - [2024-04-09T22:04:29.847+0000] {dag.py:3096} INFO - Sync 1 DAGs
[2024-04-09T22:04:29.883+0000] {logging_mixin.py:188} INFO - [2024-04-09T22:04:29.883+0000] {dag.py:3954} INFO - Setting next_dagrun for example_nested_branch_dag to 2024-04-08 00:00:00+00:00, run_after=2024-04-09 00:00:00+00:00
[2024-04-09T22:04:30.020+0000] {processor.py:183} INFO - Processing /home/airflow/.local/lib/python3.12/site-packages/airflow/example_dags/example_nested_branch_dag.py took 0.234 seconds
[2024-04-09T22:05:02.377+0000] {processor.py:161} INFO - Started process (PID=804) to work on /home/airflow/.local/lib/python3.12/site-packages/airflow/example_dags/example_nested_branch_dag.py
[2024-04-09T22:05:02.378+0000] {processor.py:830} INFO - Processing file /home/airflow/.local/lib/python3.12/site-packages/airflow/example_dags/example_nested_branch_dag.py for tasks to queue
[2024-04-09T22:05:02.381+0000] {logging_mixin.py:188} INFO - [2024-04-09T22:05:02.380+0000] {dagbag.py:540} INFO - Filling up the DagBag from /home/airflow/.local/lib/python3.12/site-packages/airflow/example_dags/example_nested_branch_dag.py
[2024-04-09T22:05:02.395+0000] {processor.py:840} INFO - DAG(s) 'example_nested_branch_dag' retrieved from /home/airflow/.local/lib/python3.12/site-packages/airflow/example_dags/example_nested_branch_dag.py
[2024-04-09T22:05:02.471+0000] {logging_mixin.py:188} INFO - [2024-04-09T22:05:02.468+0000] {dag.py:3096} INFO - Sync 1 DAGs
[2024-04-09T22:05:02.532+0000] {logging_mixin.py:188} INFO - [2024-04-09T22:05:02.532+0000] {dag.py:3954} INFO - Setting next_dagrun for example_nested_branch_dag to 2024-04-08 00:00:00+00:00, run_after=2024-04-09 00:00:00+00:00
[2024-04-09T22:05:02.682+0000] {processor.py:183} INFO - Processing /home/airflow/.local/lib/python3.12/site-packages/airflow/example_dags/example_nested_branch_dag.py took 0.316 seconds
[2024-04-09T22:05:32.874+0000] {processor.py:161} INFO - Started process (PID=862) to work on /home/airflow/.local/lib/python3.12/site-packages/airflow/example_dags/example_nested_branch_dag.py
[2024-04-09T22:05:32.876+0000] {processor.py:830} INFO - Processing file /home/airflow/.local/lib/python3.12/site-packages/airflow/example_dags/example_nested_branch_dag.py for tasks to queue
[2024-04-09T22:05:32.879+0000] {logging_mixin.py:188} INFO - [2024-04-09T22:05:32.878+0000] {dagbag.py:540} INFO - Filling up the DagBag from /home/airflow/.local/lib/python3.12/site-packages/airflow/example_dags/example_nested_branch_dag.py
[2024-04-09T22:05:32.893+0000] {processor.py:840} INFO - DAG(s) 'example_nested_branch_dag' retrieved from /home/airflow/.local/lib/python3.12/site-packages/airflow/example_dags/example_nested_branch_dag.py
[2024-04-09T22:05:32.945+0000] {logging_mixin.py:188} INFO - [2024-04-09T22:05:32.944+0000] {dag.py:3096} INFO - Sync 1 DAGs
[2024-04-09T22:05:33.008+0000] {logging_mixin.py:188} INFO - [2024-04-09T22:05:33.008+0000] {dag.py:3954} INFO - Setting next_dagrun for example_nested_branch_dag to 2024-04-08 00:00:00+00:00, run_after=2024-04-09 00:00:00+00:00
[2024-04-09T22:05:33.081+0000] {processor.py:183} INFO - Processing /home/airflow/.local/lib/python3.12/site-packages/airflow/example_dags/example_nested_branch_dag.py took 0.217 seconds
[2024-04-09T22:06:03.940+0000] {processor.py:161} INFO - Started process (PID=920) to work on /home/airflow/.local/lib/python3.12/site-packages/airflow/example_dags/example_nested_branch_dag.py
[2024-04-09T22:06:03.943+0000] {processor.py:830} INFO - Processing file /home/airflow/.local/lib/python3.12/site-packages/airflow/example_dags/example_nested_branch_dag.py for tasks to queue
[2024-04-09T22:06:03.946+0000] {logging_mixin.py:188} INFO - [2024-04-09T22:06:03.946+0000] {dagbag.py:540} INFO - Filling up the DagBag from /home/airflow/.local/lib/python3.12/site-packages/airflow/example_dags/example_nested_branch_dag.py
[2024-04-09T22:06:03.965+0000] {processor.py:840} INFO - DAG(s) 'example_nested_branch_dag' retrieved from /home/airflow/.local/lib/python3.12/site-packages/airflow/example_dags/example_nested_branch_dag.py
[2024-04-09T22:06:04.056+0000] {logging_mixin.py:188} INFO - [2024-04-09T22:06:04.056+0000] {dag.py:3096} INFO - Sync 1 DAGs
[2024-04-09T22:06:04.439+0000] {logging_mixin.py:188} INFO - [2024-04-09T22:06:04.439+0000] {dag.py:3954} INFO - Setting next_dagrun for example_nested_branch_dag to 2024-04-08 00:00:00+00:00, run_after=2024-04-09 00:00:00+00:00
[2024-04-09T22:06:04.505+0000] {processor.py:183} INFO - Processing /home/airflow/.local/lib/python3.12/site-packages/airflow/example_dags/example_nested_branch_dag.py took 0.579 seconds
[2024-04-09T22:06:34.807+0000] {processor.py:161} INFO - Started process (PID=978) to work on /home/airflow/.local/lib/python3.12/site-packages/airflow/example_dags/example_nested_branch_dag.py
[2024-04-09T22:06:34.809+0000] {processor.py:830} INFO - Processing file /home/airflow/.local/lib/python3.12/site-packages/airflow/example_dags/example_nested_branch_dag.py for tasks to queue
[2024-04-09T22:06:34.813+0000] {logging_mixin.py:188} INFO - [2024-04-09T22:06:34.812+0000] {dagbag.py:540} INFO - Filling up the DagBag from /home/airflow/.local/lib/python3.12/site-packages/airflow/example_dags/example_nested_branch_dag.py
[2024-04-09T22:06:34.829+0000] {processor.py:840} INFO - DAG(s) 'example_nested_branch_dag' retrieved from /home/airflow/.local/lib/python3.12/site-packages/airflow/example_dags/example_nested_branch_dag.py
[2024-04-09T22:06:34.861+0000] {logging_mixin.py:188} INFO - [2024-04-09T22:06:34.860+0000] {dag.py:3096} INFO - Sync 1 DAGs
[2024-04-09T22:06:34.965+0000] {logging_mixin.py:188} INFO - [2024-04-09T22:06:34.965+0000] {dag.py:3954} INFO - Setting next_dagrun for example_nested_branch_dag to 2024-04-08 00:00:00+00:00, run_after=2024-04-09 00:00:00+00:00
[2024-04-09T22:06:35.334+0000] {processor.py:183} INFO - Processing /home/airflow/.local/lib/python3.12/site-packages/airflow/example_dags/example_nested_branch_dag.py took 0.535 seconds
[2024-04-09T22:07:06.238+0000] {processor.py:161} INFO - Started process (PID=1036) to work on /home/airflow/.local/lib/python3.12/site-packages/airflow/example_dags/example_nested_branch_dag.py
[2024-04-09T22:07:06.239+0000] {processor.py:830} INFO - Processing file /home/airflow/.local/lib/python3.12/site-packages/airflow/example_dags/example_nested_branch_dag.py for tasks to queue
[2024-04-09T22:07:06.242+0000] {logging_mixin.py:188} INFO - [2024-04-09T22:07:06.242+0000] {dagbag.py:540} INFO - Filling up the DagBag from /home/airflow/.local/lib/python3.12/site-packages/airflow/example_dags/example_nested_branch_dag.py
[2024-04-09T22:07:06.268+0000] {processor.py:840} INFO - DAG(s) 'example_nested_branch_dag' retrieved from /home/airflow/.local/lib/python3.12/site-packages/airflow/example_dags/example_nested_branch_dag.py
[2024-04-09T22:07:06.314+0000] {logging_mixin.py:188} INFO - [2024-04-09T22:07:06.314+0000] {dag.py:3096} INFO - Sync 1 DAGs
[2024-04-09T22:07:06.366+0000] {logging_mixin.py:188} INFO - [2024-04-09T22:07:06.366+0000] {dag.py:3954} INFO - Setting next_dagrun for example_nested_branch_dag to 2024-04-08 00:00:00+00:00, run_after=2024-04-09 00:00:00+00:00
[2024-04-09T22:07:06.745+0000] {processor.py:183} INFO - Processing /home/airflow/.local/lib/python3.12/site-packages/airflow/example_dags/example_nested_branch_dag.py took 0.519 seconds
[2024-04-09T22:07:36.810+0000] {processor.py:161} INFO - Started process (PID=1094) to work on /home/airflow/.local/lib/python3.12/site-packages/airflow/example_dags/example_nested_branch_dag.py
[2024-04-09T22:07:36.811+0000] {processor.py:830} INFO - Processing file /home/airflow/.local/lib/python3.12/site-packages/airflow/example_dags/example_nested_branch_dag.py for tasks to queue
[2024-04-09T22:07:36.814+0000] {logging_mixin.py:188} INFO - [2024-04-09T22:07:36.813+0000] {dagbag.py:540} INFO - Filling up the DagBag from /home/airflow/.local/lib/python3.12/site-packages/airflow/example_dags/example_nested_branch_dag.py
[2024-04-09T22:07:36.826+0000] {processor.py:840} INFO - DAG(s) 'example_nested_branch_dag' retrieved from /home/airflow/.local/lib/python3.12/site-packages/airflow/example_dags/example_nested_branch_dag.py
[2024-04-09T22:07:36.865+0000] {logging_mixin.py:188} INFO - [2024-04-09T22:07:36.864+0000] {dag.py:3096} INFO - Sync 1 DAGs
[2024-04-09T22:07:36.896+0000] {logging_mixin.py:188} INFO - [2024-04-09T22:07:36.896+0000] {dag.py:3954} INFO - Setting next_dagrun for example_nested_branch_dag to 2024-04-08 00:00:00+00:00, run_after=2024-04-09 00:00:00+00:00
[2024-04-09T22:07:36.959+0000] {processor.py:183} INFO - Processing /home/airflow/.local/lib/python3.12/site-packages/airflow/example_dags/example_nested_branch_dag.py took 0.157 seconds
[2024-04-09T22:08:07.674+0000] {processor.py:161} INFO - Started process (PID=1153) to work on /home/airflow/.local/lib/python3.12/site-packages/airflow/example_dags/example_nested_branch_dag.py
[2024-04-09T22:08:07.676+0000] {processor.py:830} INFO - Processing file /home/airflow/.local/lib/python3.12/site-packages/airflow/example_dags/example_nested_branch_dag.py for tasks to queue
[2024-04-09T22:08:07.679+0000] {logging_mixin.py:188} INFO - [2024-04-09T22:08:07.678+0000] {dagbag.py:540} INFO - Filling up the DagBag from /home/airflow/.local/lib/python3.12/site-packages/airflow/example_dags/example_nested_branch_dag.py
[2024-04-09T22:08:07.695+0000] {processor.py:840} INFO - DAG(s) 'example_nested_branch_dag' retrieved from /home/airflow/.local/lib/python3.12/site-packages/airflow/example_dags/example_nested_branch_dag.py
[2024-04-09T22:08:07.733+0000] {logging_mixin.py:188} INFO - [2024-04-09T22:08:07.732+0000] {dag.py:3096} INFO - Sync 1 DAGs
[2024-04-09T22:08:07.765+0000] {logging_mixin.py:188} INFO - [2024-04-09T22:08:07.765+0000] {dag.py:3954} INFO - Setting next_dagrun for example_nested_branch_dag to 2024-04-08 00:00:00+00:00, run_after=2024-04-09 00:00:00+00:00
[2024-04-09T22:08:07.814+0000] {processor.py:183} INFO - Processing /home/airflow/.local/lib/python3.12/site-packages/airflow/example_dags/example_nested_branch_dag.py took 0.149 seconds
[2024-04-09T22:08:38.340+0000] {processor.py:161} INFO - Started process (PID=1209) to work on /home/airflow/.local/lib/python3.12/site-packages/airflow/example_dags/example_nested_branch_dag.py
[2024-04-09T22:08:38.342+0000] {processor.py:830} INFO - Processing file /home/airflow/.local/lib/python3.12/site-packages/airflow/example_dags/example_nested_branch_dag.py for tasks to queue
[2024-04-09T22:08:38.345+0000] {logging_mixin.py:188} INFO - [2024-04-09T22:08:38.344+0000] {dagbag.py:540} INFO - Filling up the DagBag from /home/airflow/.local/lib/python3.12/site-packages/airflow/example_dags/example_nested_branch_dag.py
[2024-04-09T22:08:38.362+0000] {processor.py:840} INFO - DAG(s) 'example_nested_branch_dag' retrieved from /home/airflow/.local/lib/python3.12/site-packages/airflow/example_dags/example_nested_branch_dag.py
[2024-04-09T22:08:38.397+0000] {logging_mixin.py:188} INFO - [2024-04-09T22:08:38.397+0000] {dag.py:3096} INFO - Sync 1 DAGs
[2024-04-09T22:08:38.438+0000] {logging_mixin.py:188} INFO - [2024-04-09T22:08:38.438+0000] {dag.py:3954} INFO - Setting next_dagrun for example_nested_branch_dag to 2024-04-08 00:00:00+00:00, run_after=2024-04-09 00:00:00+00:00
[2024-04-09T22:08:38.494+0000] {processor.py:183} INFO - Processing /home/airflow/.local/lib/python3.12/site-packages/airflow/example_dags/example_nested_branch_dag.py took 0.164 seconds
[2024-04-09T22:09:09.095+0000] {processor.py:161} INFO - Started process (PID=1267) to work on /home/airflow/.local/lib/python3.12/site-packages/airflow/example_dags/example_nested_branch_dag.py
[2024-04-09T22:09:09.097+0000] {processor.py:830} INFO - Processing file /home/airflow/.local/lib/python3.12/site-packages/airflow/example_dags/example_nested_branch_dag.py for tasks to queue
[2024-04-09T22:09:09.099+0000] {logging_mixin.py:188} INFO - [2024-04-09T22:09:09.099+0000] {dagbag.py:540} INFO - Filling up the DagBag from /home/airflow/.local/lib/python3.12/site-packages/airflow/example_dags/example_nested_branch_dag.py
[2024-04-09T22:09:09.117+0000] {processor.py:840} INFO - DAG(s) 'example_nested_branch_dag' retrieved from /home/airflow/.local/lib/python3.12/site-packages/airflow/example_dags/example_nested_branch_dag.py
[2024-04-09T22:09:09.151+0000] {logging_mixin.py:188} INFO - [2024-04-09T22:09:09.151+0000] {dag.py:3096} INFO - Sync 1 DAGs
[2024-04-09T22:09:09.194+0000] {logging_mixin.py:188} INFO - [2024-04-09T22:09:09.194+0000] {dag.py:3954} INFO - Setting next_dagrun for example_nested_branch_dag to 2024-04-08 00:00:00+00:00, run_after=2024-04-09 00:00:00+00:00
[2024-04-09T22:09:09.252+0000] {processor.py:183} INFO - Processing /home/airflow/.local/lib/python3.12/site-packages/airflow/example_dags/example_nested_branch_dag.py took 0.166 seconds
[2024-04-09T22:09:39.547+0000] {processor.py:161} INFO - Started process (PID=1325) to work on /home/airflow/.local/lib/python3.12/site-packages/airflow/example_dags/example_nested_branch_dag.py
[2024-04-09T22:09:39.548+0000] {processor.py:830} INFO - Processing file /home/airflow/.local/lib/python3.12/site-packages/airflow/example_dags/example_nested_branch_dag.py for tasks to queue
[2024-04-09T22:09:39.551+0000] {logging_mixin.py:188} INFO - [2024-04-09T22:09:39.550+0000] {dagbag.py:540} INFO - Filling up the DagBag from /home/airflow/.local/lib/python3.12/site-packages/airflow/example_dags/example_nested_branch_dag.py
[2024-04-09T22:09:39.566+0000] {processor.py:840} INFO - DAG(s) 'example_nested_branch_dag' retrieved from /home/airflow/.local/lib/python3.12/site-packages/airflow/example_dags/example_nested_branch_dag.py
[2024-04-09T22:09:39.599+0000] {logging_mixin.py:188} INFO - [2024-04-09T22:09:39.599+0000] {dag.py:3096} INFO - Sync 1 DAGs
[2024-04-09T22:09:39.630+0000] {logging_mixin.py:188} INFO - [2024-04-09T22:09:39.629+0000] {dag.py:3954} INFO - Setting next_dagrun for example_nested_branch_dag to 2024-04-08 00:00:00+00:00, run_after=2024-04-09 00:00:00+00:00
[2024-04-09T22:09:39.684+0000] {processor.py:183} INFO - Processing /home/airflow/.local/lib/python3.12/site-packages/airflow/example_dags/example_nested_branch_dag.py took 0.147 seconds
[2024-04-09T22:10:10.368+0000] {processor.py:161} INFO - Started process (PID=1383) to work on /home/airflow/.local/lib/python3.12/site-packages/airflow/example_dags/example_nested_branch_dag.py
[2024-04-09T22:10:10.369+0000] {processor.py:830} INFO - Processing file /home/airflow/.local/lib/python3.12/site-packages/airflow/example_dags/example_nested_branch_dag.py for tasks to queue
[2024-04-09T22:10:10.373+0000] {logging_mixin.py:188} INFO - [2024-04-09T22:10:10.373+0000] {dagbag.py:540} INFO - Filling up the DagBag from /home/airflow/.local/lib/python3.12/site-packages/airflow/example_dags/example_nested_branch_dag.py
[2024-04-09T22:10:10.403+0000] {processor.py:840} INFO - DAG(s) 'example_nested_branch_dag' retrieved from /home/airflow/.local/lib/python3.12/site-packages/airflow/example_dags/example_nested_branch_dag.py
[2024-04-09T22:10:10.481+0000] {logging_mixin.py:188} INFO - [2024-04-09T22:10:10.481+0000] {dag.py:3096} INFO - Sync 1 DAGs
[2024-04-09T22:10:10.546+0000] {logging_mixin.py:188} INFO - [2024-04-09T22:10:10.546+0000] {dag.py:3954} INFO - Setting next_dagrun for example_nested_branch_dag to 2024-04-08 00:00:00+00:00, run_after=2024-04-09 00:00:00+00:00
[2024-04-09T22:10:10.611+0000] {processor.py:183} INFO - Processing /home/airflow/.local/lib/python3.12/site-packages/airflow/example_dags/example_nested_branch_dag.py took 0.254 seconds
[2024-04-09T22:10:40.792+0000] {processor.py:161} INFO - Started process (PID=1441) to work on /home/airflow/.local/lib/python3.12/site-packages/airflow/example_dags/example_nested_branch_dag.py
[2024-04-09T22:10:40.793+0000] {processor.py:830} INFO - Processing file /home/airflow/.local/lib/python3.12/site-packages/airflow/example_dags/example_nested_branch_dag.py for tasks to queue
[2024-04-09T22:10:40.798+0000] {logging_mixin.py:188} INFO - [2024-04-09T22:10:40.797+0000] {dagbag.py:540} INFO - Filling up the DagBag from /home/airflow/.local/lib/python3.12/site-packages/airflow/example_dags/example_nested_branch_dag.py
[2024-04-09T22:10:40.818+0000] {processor.py:840} INFO - DAG(s) 'example_nested_branch_dag' retrieved from /home/airflow/.local/lib/python3.12/site-packages/airflow/example_dags/example_nested_branch_dag.py
[2024-04-09T22:10:40.862+0000] {logging_mixin.py:188} INFO - [2024-04-09T22:10:40.861+0000] {dag.py:3096} INFO - Sync 1 DAGs
[2024-04-09T22:10:40.918+0000] {logging_mixin.py:188} INFO - [2024-04-09T22:10:40.918+0000] {dag.py:3954} INFO - Setting next_dagrun for example_nested_branch_dag to 2024-04-08 00:00:00+00:00, run_after=2024-04-09 00:00:00+00:00
[2024-04-09T22:10:40.991+0000] {processor.py:183} INFO - Processing /home/airflow/.local/lib/python3.12/site-packages/airflow/example_dags/example_nested_branch_dag.py took 0.210 seconds
[2024-04-09T22:11:11.133+0000] {processor.py:161} INFO - Started process (PID=1498) to work on /home/airflow/.local/lib/python3.12/site-packages/airflow/example_dags/example_nested_branch_dag.py
[2024-04-09T22:11:11.135+0000] {processor.py:830} INFO - Processing file /home/airflow/.local/lib/python3.12/site-packages/airflow/example_dags/example_nested_branch_dag.py for tasks to queue
[2024-04-09T22:11:11.138+0000] {logging_mixin.py:188} INFO - [2024-04-09T22:11:11.137+0000] {dagbag.py:540} INFO - Filling up the DagBag from /home/airflow/.local/lib/python3.12/site-packages/airflow/example_dags/example_nested_branch_dag.py
[2024-04-09T22:11:11.154+0000] {processor.py:840} INFO - DAG(s) 'example_nested_branch_dag' retrieved from /home/airflow/.local/lib/python3.12/site-packages/airflow/example_dags/example_nested_branch_dag.py
[2024-04-09T22:11:11.197+0000] {logging_mixin.py:188} INFO - [2024-04-09T22:11:11.197+0000] {dag.py:3096} INFO - Sync 1 DAGs
[2024-04-09T22:11:11.238+0000] {logging_mixin.py:188} INFO - [2024-04-09T22:11:11.237+0000] {dag.py:3954} INFO - Setting next_dagrun for example_nested_branch_dag to 2024-04-08 00:00:00+00:00, run_after=2024-04-09 00:00:00+00:00
[2024-04-09T22:11:11.291+0000] {processor.py:183} INFO - Processing /home/airflow/.local/lib/python3.12/site-packages/airflow/example_dags/example_nested_branch_dag.py took 0.166 seconds
[2024-04-09T22:11:41.717+0000] {processor.py:161} INFO - Started process (PID=1556) to work on /home/airflow/.local/lib/python3.12/site-packages/airflow/example_dags/example_nested_branch_dag.py
[2024-04-09T22:11:41.718+0000] {processor.py:830} INFO - Processing file /home/airflow/.local/lib/python3.12/site-packages/airflow/example_dags/example_nested_branch_dag.py for tasks to queue
[2024-04-09T22:11:41.721+0000] {logging_mixin.py:188} INFO - [2024-04-09T22:11:41.720+0000] {dagbag.py:540} INFO - Filling up the DagBag from /home/airflow/.local/lib/python3.12/site-packages/airflow/example_dags/example_nested_branch_dag.py
[2024-04-09T22:11:41.734+0000] {processor.py:840} INFO - DAG(s) 'example_nested_branch_dag' retrieved from /home/airflow/.local/lib/python3.12/site-packages/airflow/example_dags/example_nested_branch_dag.py
[2024-04-09T22:11:41.767+0000] {logging_mixin.py:188} INFO - [2024-04-09T22:11:41.766+0000] {dag.py:3096} INFO - Sync 1 DAGs
[2024-04-09T22:11:41.799+0000] {logging_mixin.py:188} INFO - [2024-04-09T22:11:41.798+0000] {dag.py:3954} INFO - Setting next_dagrun for example_nested_branch_dag to 2024-04-08 00:00:00+00:00, run_after=2024-04-09 00:00:00+00:00
[2024-04-09T22:11:41.860+0000] {processor.py:183} INFO - Processing /home/airflow/.local/lib/python3.12/site-packages/airflow/example_dags/example_nested_branch_dag.py took 0.151 seconds
