[2024-04-09T21:57:19.913+0000] {processor.py:161} INFO - Started process (PID=63) to work on /home/airflow/.local/lib/python3.12/site-packages/airflow/example_dags/tutorial_dag.py
[2024-04-09T21:57:19.916+0000] {processor.py:830} INFO - Processing file /home/airflow/.local/lib/python3.12/site-packages/airflow/example_dags/tutorial_dag.py for tasks to queue
[2024-04-09T21:57:19.920+0000] {logging_mixin.py:188} INFO - [2024-04-09T21:57:19.920+0000] {dagbag.py:540} INFO - Filling up the DagBag from /home/airflow/.local/lib/python3.12/site-packages/airflow/example_dags/tutorial_dag.py
[2024-04-09T21:57:20.350+0000] {processor.py:840} INFO - DAG(s) 'tutorial_dag' retrieved from /home/airflow/.local/lib/python3.12/site-packages/airflow/example_dags/tutorial_dag.py
[2024-04-09T21:57:22.618+0000] {logging_mixin.py:188} INFO - [2024-04-09T21:57:22.618+0000] {dag.py:3096} INFO - Sync 1 DAGs
[2024-04-09T21:57:22.679+0000] {logging_mixin.py:188} INFO - [2024-04-09T21:57:22.679+0000] {dag.py:3954} INFO - Setting next_dagrun for tutorial_dag to None, run_after=None
[2024-04-09T21:57:23.974+0000] {processor.py:183} INFO - Processing /home/airflow/.local/lib/python3.12/site-packages/airflow/example_dags/tutorial_dag.py took 4.304 seconds
[2024-04-09T21:58:18.172+0000] {processor.py:161} INFO - Started process (PID=127) to work on /home/airflow/.local/lib/python3.12/site-packages/airflow/example_dags/tutorial_dag.py
[2024-04-09T21:58:18.174+0000] {processor.py:830} INFO - Processing file /home/airflow/.local/lib/python3.12/site-packages/airflow/example_dags/tutorial_dag.py for tasks to queue
[2024-04-09T21:58:18.176+0000] {logging_mixin.py:188} INFO - [2024-04-09T21:58:18.176+0000] {dagbag.py:540} INFO - Filling up the DagBag from /home/airflow/.local/lib/python3.12/site-packages/airflow/example_dags/tutorial_dag.py
[2024-04-09T21:58:18.296+0000] {processor.py:840} INFO - DAG(s) 'tutorial_dag' retrieved from /home/airflow/.local/lib/python3.12/site-packages/airflow/example_dags/tutorial_dag.py
[2024-04-09T21:58:18.321+0000] {logging_mixin.py:188} INFO - [2024-04-09T21:58:18.321+0000] {dag.py:3096} INFO - Sync 1 DAGs
[2024-04-09T21:58:18.339+0000] {logging_mixin.py:188} INFO - [2024-04-09T21:58:18.339+0000] {dag.py:3954} INFO - Setting next_dagrun for tutorial_dag to None, run_after=None
[2024-04-09T21:58:18.536+0000] {processor.py:183} INFO - Processing /home/airflow/.local/lib/python3.12/site-packages/airflow/example_dags/tutorial_dag.py took 0.372 seconds
[2024-04-09T21:58:48.716+0000] {processor.py:161} INFO - Started process (PID=183) to work on /home/airflow/.local/lib/python3.12/site-packages/airflow/example_dags/tutorial_dag.py
[2024-04-09T21:58:48.718+0000] {processor.py:830} INFO - Processing file /home/airflow/.local/lib/python3.12/site-packages/airflow/example_dags/tutorial_dag.py for tasks to queue
[2024-04-09T21:58:48.721+0000] {logging_mixin.py:188} INFO - [2024-04-09T21:58:48.720+0000] {dagbag.py:540} INFO - Filling up the DagBag from /home/airflow/.local/lib/python3.12/site-packages/airflow/example_dags/tutorial_dag.py
[2024-04-09T21:58:48.729+0000] {processor.py:840} INFO - DAG(s) 'tutorial_dag' retrieved from /home/airflow/.local/lib/python3.12/site-packages/airflow/example_dags/tutorial_dag.py
[2024-04-09T21:58:48.760+0000] {logging_mixin.py:188} INFO - [2024-04-09T21:58:48.759+0000] {dag.py:3096} INFO - Sync 1 DAGs
[2024-04-09T21:58:48.779+0000] {logging_mixin.py:188} INFO - [2024-04-09T21:58:48.779+0000] {dag.py:3954} INFO - Setting next_dagrun for tutorial_dag to None, run_after=None
[2024-04-09T21:58:48.970+0000] {processor.py:183} INFO - Processing /home/airflow/.local/lib/python3.12/site-packages/airflow/example_dags/tutorial_dag.py took 0.262 seconds
[2024-04-09T21:59:23.457+0000] {processor.py:161} INFO - Started process (PID=241) to work on /home/airflow/.local/lib/python3.12/site-packages/airflow/example_dags/tutorial_dag.py
[2024-04-09T21:59:23.459+0000] {processor.py:830} INFO - Processing file /home/airflow/.local/lib/python3.12/site-packages/airflow/example_dags/tutorial_dag.py for tasks to queue
[2024-04-09T21:59:23.462+0000] {logging_mixin.py:188} INFO - [2024-04-09T21:59:23.461+0000] {dagbag.py:540} INFO - Filling up the DagBag from /home/airflow/.local/lib/python3.12/site-packages/airflow/example_dags/tutorial_dag.py
[2024-04-09T21:59:23.470+0000] {processor.py:840} INFO - DAG(s) 'tutorial_dag' retrieved from /home/airflow/.local/lib/python3.12/site-packages/airflow/example_dags/tutorial_dag.py
[2024-04-09T21:59:23.496+0000] {logging_mixin.py:188} INFO - [2024-04-09T21:59:23.496+0000] {dag.py:3096} INFO - Sync 1 DAGs
[2024-04-09T21:59:23.513+0000] {logging_mixin.py:188} INFO - [2024-04-09T21:59:23.513+0000] {dag.py:3954} INFO - Setting next_dagrun for tutorial_dag to None, run_after=None
[2024-04-09T21:59:23.711+0000] {processor.py:183} INFO - Processing /home/airflow/.local/lib/python3.12/site-packages/airflow/example_dags/tutorial_dag.py took 0.265 seconds
[2024-04-09T21:59:58.811+0000] {processor.py:161} INFO - Started process (PID=299) to work on /home/airflow/.local/lib/python3.12/site-packages/airflow/example_dags/tutorial_dag.py
[2024-04-09T21:59:58.845+0000] {processor.py:830} INFO - Processing file /home/airflow/.local/lib/python3.12/site-packages/airflow/example_dags/tutorial_dag.py for tasks to queue
[2024-04-09T21:59:58.865+0000] {logging_mixin.py:188} INFO - [2024-04-09T21:59:58.864+0000] {dagbag.py:540} INFO - Filling up the DagBag from /home/airflow/.local/lib/python3.12/site-packages/airflow/example_dags/tutorial_dag.py
[2024-04-09T21:59:59.252+0000] {processor.py:840} INFO - DAG(s) 'tutorial_dag' retrieved from /home/airflow/.local/lib/python3.12/site-packages/airflow/example_dags/tutorial_dag.py
[2024-04-09T21:59:59.623+0000] {logging_mixin.py:188} INFO - [2024-04-09T21:59:59.623+0000] {dag.py:3096} INFO - Sync 1 DAGs
[2024-04-09T22:00:00.082+0000] {logging_mixin.py:188} INFO - [2024-04-09T22:00:00.082+0000] {dag.py:3954} INFO - Setting next_dagrun for tutorial_dag to None, run_after=None
[2024-04-09T22:00:00.528+0000] {processor.py:183} INFO - Processing /home/airflow/.local/lib/python3.12/site-packages/airflow/example_dags/tutorial_dag.py took 1.720 seconds
[2024-04-09T22:00:31.026+0000] {processor.py:161} INFO - Started process (PID=357) to work on /home/airflow/.local/lib/python3.12/site-packages/airflow/example_dags/tutorial_dag.py
[2024-04-09T22:00:31.028+0000] {processor.py:830} INFO - Processing file /home/airflow/.local/lib/python3.12/site-packages/airflow/example_dags/tutorial_dag.py for tasks to queue
[2024-04-09T22:00:31.031+0000] {logging_mixin.py:188} INFO - [2024-04-09T22:00:31.030+0000] {dagbag.py:540} INFO - Filling up the DagBag from /home/airflow/.local/lib/python3.12/site-packages/airflow/example_dags/tutorial_dag.py
[2024-04-09T22:00:31.041+0000] {processor.py:840} INFO - DAG(s) 'tutorial_dag' retrieved from /home/airflow/.local/lib/python3.12/site-packages/airflow/example_dags/tutorial_dag.py
[2024-04-09T22:00:31.076+0000] {logging_mixin.py:188} INFO - [2024-04-09T22:00:31.076+0000] {dag.py:3096} INFO - Sync 1 DAGs
[2024-04-09T22:00:31.100+0000] {logging_mixin.py:188} INFO - [2024-04-09T22:00:31.100+0000] {dag.py:3954} INFO - Setting next_dagrun for tutorial_dag to None, run_after=None
[2024-04-09T22:00:31.333+0000] {processor.py:183} INFO - Processing /home/airflow/.local/lib/python3.12/site-packages/airflow/example_dags/tutorial_dag.py took 0.317 seconds
[2024-04-09T22:01:01.470+0000] {processor.py:161} INFO - Started process (PID=415) to work on /home/airflow/.local/lib/python3.12/site-packages/airflow/example_dags/tutorial_dag.py
[2024-04-09T22:01:01.471+0000] {processor.py:830} INFO - Processing file /home/airflow/.local/lib/python3.12/site-packages/airflow/example_dags/tutorial_dag.py for tasks to queue
[2024-04-09T22:01:01.474+0000] {logging_mixin.py:188} INFO - [2024-04-09T22:01:01.474+0000] {dagbag.py:540} INFO - Filling up the DagBag from /home/airflow/.local/lib/python3.12/site-packages/airflow/example_dags/tutorial_dag.py
[2024-04-09T22:01:01.481+0000] {processor.py:840} INFO - DAG(s) 'tutorial_dag' retrieved from /home/airflow/.local/lib/python3.12/site-packages/airflow/example_dags/tutorial_dag.py
[2024-04-09T22:01:01.508+0000] {logging_mixin.py:188} INFO - [2024-04-09T22:01:01.508+0000] {dag.py:3096} INFO - Sync 1 DAGs
[2024-04-09T22:01:01.526+0000] {logging_mixin.py:188} INFO - [2024-04-09T22:01:01.526+0000] {dag.py:3954} INFO - Setting next_dagrun for tutorial_dag to None, run_after=None
[2024-04-09T22:01:01.776+0000] {processor.py:183} INFO - Processing /home/airflow/.local/lib/python3.12/site-packages/airflow/example_dags/tutorial_dag.py took 0.314 seconds
[2024-04-09T22:01:31.945+0000] {processor.py:161} INFO - Started process (PID=473) to work on /home/airflow/.local/lib/python3.12/site-packages/airflow/example_dags/tutorial_dag.py
[2024-04-09T22:01:31.946+0000] {processor.py:830} INFO - Processing file /home/airflow/.local/lib/python3.12/site-packages/airflow/example_dags/tutorial_dag.py for tasks to queue
[2024-04-09T22:01:31.949+0000] {logging_mixin.py:188} INFO - [2024-04-09T22:01:31.948+0000] {dagbag.py:540} INFO - Filling up the DagBag from /home/airflow/.local/lib/python3.12/site-packages/airflow/example_dags/tutorial_dag.py
[2024-04-09T22:01:31.956+0000] {processor.py:840} INFO - DAG(s) 'tutorial_dag' retrieved from /home/airflow/.local/lib/python3.12/site-packages/airflow/example_dags/tutorial_dag.py
[2024-04-09T22:01:31.994+0000] {logging_mixin.py:188} INFO - [2024-04-09T22:01:31.994+0000] {dag.py:3096} INFO - Sync 1 DAGs
[2024-04-09T22:01:32.011+0000] {logging_mixin.py:188} INFO - [2024-04-09T22:01:32.011+0000] {dag.py:3954} INFO - Setting next_dagrun for tutorial_dag to None, run_after=None
[2024-04-09T22:01:32.137+0000] {processor.py:183} INFO - Processing /home/airflow/.local/lib/python3.12/site-packages/airflow/example_dags/tutorial_dag.py took 0.200 seconds
[2024-04-09T22:02:02.819+0000] {processor.py:161} INFO - Started process (PID=531) to work on /home/airflow/.local/lib/python3.12/site-packages/airflow/example_dags/tutorial_dag.py
[2024-04-09T22:02:02.821+0000] {processor.py:830} INFO - Processing file /home/airflow/.local/lib/python3.12/site-packages/airflow/example_dags/tutorial_dag.py for tasks to queue
[2024-04-09T22:02:02.825+0000] {logging_mixin.py:188} INFO - [2024-04-09T22:02:02.824+0000] {dagbag.py:540} INFO - Filling up the DagBag from /home/airflow/.local/lib/python3.12/site-packages/airflow/example_dags/tutorial_dag.py
[2024-04-09T22:02:02.833+0000] {processor.py:840} INFO - DAG(s) 'tutorial_dag' retrieved from /home/airflow/.local/lib/python3.12/site-packages/airflow/example_dags/tutorial_dag.py
[2024-04-09T22:02:02.861+0000] {logging_mixin.py:188} INFO - [2024-04-09T22:02:02.861+0000] {dag.py:3096} INFO - Sync 1 DAGs
[2024-04-09T22:02:02.981+0000] {logging_mixin.py:188} INFO - [2024-04-09T22:02:02.980+0000] {dag.py:3954} INFO - Setting next_dagrun for tutorial_dag to None, run_after=None
[2024-04-09T22:02:03.213+0000] {processor.py:183} INFO - Processing /home/airflow/.local/lib/python3.12/site-packages/airflow/example_dags/tutorial_dag.py took 0.402 seconds
[2024-04-09T22:02:36.314+0000] {processor.py:161} INFO - Started process (PID=588) to work on /home/airflow/.local/lib/python3.12/site-packages/airflow/example_dags/tutorial_dag.py
[2024-04-09T22:02:36.315+0000] {processor.py:830} INFO - Processing file /home/airflow/.local/lib/python3.12/site-packages/airflow/example_dags/tutorial_dag.py for tasks to queue
[2024-04-09T22:02:36.318+0000] {logging_mixin.py:188} INFO - [2024-04-09T22:02:36.317+0000] {dagbag.py:540} INFO - Filling up the DagBag from /home/airflow/.local/lib/python3.12/site-packages/airflow/example_dags/tutorial_dag.py
[2024-04-09T22:02:36.327+0000] {processor.py:840} INFO - DAG(s) 'tutorial_dag' retrieved from /home/airflow/.local/lib/python3.12/site-packages/airflow/example_dags/tutorial_dag.py
[2024-04-09T22:02:36.372+0000] {logging_mixin.py:188} INFO - [2024-04-09T22:02:36.371+0000] {dag.py:3096} INFO - Sync 1 DAGs
[2024-04-09T22:02:36.413+0000] {logging_mixin.py:188} INFO - [2024-04-09T22:02:36.413+0000] {dag.py:3954} INFO - Setting next_dagrun for tutorial_dag to None, run_after=None
[2024-04-09T22:02:36.701+0000] {processor.py:183} INFO - Processing /home/airflow/.local/lib/python3.12/site-packages/airflow/example_dags/tutorial_dag.py took 0.396 seconds
[2024-04-09T22:03:23.152+0000] {processor.py:161} INFO - Started process (PID=619) to work on /home/airflow/.local/lib/python3.12/site-packages/airflow/example_dags/tutorial_dag.py
[2024-04-09T22:03:23.153+0000] {processor.py:830} INFO - Processing file /home/airflow/.local/lib/python3.12/site-packages/airflow/example_dags/tutorial_dag.py for tasks to queue
[2024-04-09T22:03:23.157+0000] {logging_mixin.py:188} INFO - [2024-04-09T22:03:23.157+0000] {dagbag.py:540} INFO - Filling up the DagBag from /home/airflow/.local/lib/python3.12/site-packages/airflow/example_dags/tutorial_dag.py
[2024-04-09T22:03:23.165+0000] {processor.py:840} INFO - DAG(s) 'tutorial_dag' retrieved from /home/airflow/.local/lib/python3.12/site-packages/airflow/example_dags/tutorial_dag.py
[2024-04-09T22:03:23.194+0000] {logging_mixin.py:188} INFO - [2024-04-09T22:03:23.193+0000] {dag.py:3096} INFO - Sync 1 DAGs
[2024-04-09T22:03:23.215+0000] {logging_mixin.py:188} INFO - [2024-04-09T22:03:23.215+0000] {dag.py:3954} INFO - Setting next_dagrun for tutorial_dag to None, run_after=None
[2024-04-09T22:03:23.476+0000] {processor.py:183} INFO - Processing /home/airflow/.local/lib/python3.12/site-packages/airflow/example_dags/tutorial_dag.py took 0.332 seconds
[2024-04-09T22:03:58.373+0000] {processor.py:161} INFO - Started process (PID=683) to work on /home/airflow/.local/lib/python3.12/site-packages/airflow/example_dags/tutorial_dag.py
[2024-04-09T22:03:58.375+0000] {processor.py:830} INFO - Processing file /home/airflow/.local/lib/python3.12/site-packages/airflow/example_dags/tutorial_dag.py for tasks to queue
[2024-04-09T22:03:58.378+0000] {logging_mixin.py:188} INFO - [2024-04-09T22:03:58.377+0000] {dagbag.py:540} INFO - Filling up the DagBag from /home/airflow/.local/lib/python3.12/site-packages/airflow/example_dags/tutorial_dag.py
[2024-04-09T22:03:58.387+0000] {processor.py:840} INFO - DAG(s) 'tutorial_dag' retrieved from /home/airflow/.local/lib/python3.12/site-packages/airflow/example_dags/tutorial_dag.py
[2024-04-09T22:03:58.422+0000] {logging_mixin.py:188} INFO - [2024-04-09T22:03:58.422+0000] {dag.py:3096} INFO - Sync 1 DAGs
[2024-04-09T22:03:58.441+0000] {logging_mixin.py:188} INFO - [2024-04-09T22:03:58.440+0000] {dag.py:3954} INFO - Setting next_dagrun for tutorial_dag to None, run_after=None
[2024-04-09T22:03:58.552+0000] {processor.py:183} INFO - Processing /home/airflow/.local/lib/python3.12/site-packages/airflow/example_dags/tutorial_dag.py took 0.189 seconds
[2024-04-09T22:04:29.113+0000] {processor.py:161} INFO - Started process (PID=741) to work on /home/airflow/.local/lib/python3.12/site-packages/airflow/example_dags/tutorial_dag.py
[2024-04-09T22:04:29.115+0000] {processor.py:830} INFO - Processing file /home/airflow/.local/lib/python3.12/site-packages/airflow/example_dags/tutorial_dag.py for tasks to queue
[2024-04-09T22:04:29.117+0000] {logging_mixin.py:188} INFO - [2024-04-09T22:04:29.117+0000] {dagbag.py:540} INFO - Filling up the DagBag from /home/airflow/.local/lib/python3.12/site-packages/airflow/example_dags/tutorial_dag.py
[2024-04-09T22:04:29.125+0000] {processor.py:840} INFO - DAG(s) 'tutorial_dag' retrieved from /home/airflow/.local/lib/python3.12/site-packages/airflow/example_dags/tutorial_dag.py
[2024-04-09T22:04:29.152+0000] {logging_mixin.py:188} INFO - [2024-04-09T22:04:29.151+0000] {dag.py:3096} INFO - Sync 1 DAGs
[2024-04-09T22:04:29.170+0000] {logging_mixin.py:188} INFO - [2024-04-09T22:04:29.169+0000] {dag.py:3954} INFO - Setting next_dagrun for tutorial_dag to None, run_after=None
[2024-04-09T22:04:29.316+0000] {processor.py:183} INFO - Processing /home/airflow/.local/lib/python3.12/site-packages/airflow/example_dags/tutorial_dag.py took 0.211 seconds
[2024-04-09T22:05:01.638+0000] {processor.py:161} INFO - Started process (PID=799) to work on /home/airflow/.local/lib/python3.12/site-packages/airflow/example_dags/tutorial_dag.py
[2024-04-09T22:05:01.639+0000] {processor.py:830} INFO - Processing file /home/airflow/.local/lib/python3.12/site-packages/airflow/example_dags/tutorial_dag.py for tasks to queue
[2024-04-09T22:05:01.642+0000] {logging_mixin.py:188} INFO - [2024-04-09T22:05:01.642+0000] {dagbag.py:540} INFO - Filling up the DagBag from /home/airflow/.local/lib/python3.12/site-packages/airflow/example_dags/tutorial_dag.py
[2024-04-09T22:05:01.649+0000] {processor.py:840} INFO - DAG(s) 'tutorial_dag' retrieved from /home/airflow/.local/lib/python3.12/site-packages/airflow/example_dags/tutorial_dag.py
[2024-04-09T22:05:01.677+0000] {logging_mixin.py:188} INFO - [2024-04-09T22:05:01.676+0000] {dag.py:3096} INFO - Sync 1 DAGs
[2024-04-09T22:05:01.704+0000] {logging_mixin.py:188} INFO - [2024-04-09T22:05:01.704+0000] {dag.py:3954} INFO - Setting next_dagrun for tutorial_dag to None, run_after=None
[2024-04-09T22:05:01.858+0000] {processor.py:183} INFO - Processing /home/airflow/.local/lib/python3.12/site-packages/airflow/example_dags/tutorial_dag.py took 0.228 seconds
[2024-04-09T22:05:32.135+0000] {processor.py:161} INFO - Started process (PID=857) to work on /home/airflow/.local/lib/python3.12/site-packages/airflow/example_dags/tutorial_dag.py
[2024-04-09T22:05:32.136+0000] {processor.py:830} INFO - Processing file /home/airflow/.local/lib/python3.12/site-packages/airflow/example_dags/tutorial_dag.py for tasks to queue
[2024-04-09T22:05:32.139+0000] {logging_mixin.py:188} INFO - [2024-04-09T22:05:32.139+0000] {dagbag.py:540} INFO - Filling up the DagBag from /home/airflow/.local/lib/python3.12/site-packages/airflow/example_dags/tutorial_dag.py
[2024-04-09T22:05:32.148+0000] {processor.py:840} INFO - DAG(s) 'tutorial_dag' retrieved from /home/airflow/.local/lib/python3.12/site-packages/airflow/example_dags/tutorial_dag.py
[2024-04-09T22:05:32.182+0000] {logging_mixin.py:188} INFO - [2024-04-09T22:05:32.181+0000] {dag.py:3096} INFO - Sync 1 DAGs
[2024-04-09T22:05:32.214+0000] {logging_mixin.py:188} INFO - [2024-04-09T22:05:32.214+0000] {dag.py:3954} INFO - Setting next_dagrun for tutorial_dag to None, run_after=None
[2024-04-09T22:05:32.310+0000] {processor.py:183} INFO - Processing /home/airflow/.local/lib/python3.12/site-packages/airflow/example_dags/tutorial_dag.py took 0.182 seconds
[2024-04-09T22:06:02.980+0000] {processor.py:161} INFO - Started process (PID=915) to work on /home/airflow/.local/lib/python3.12/site-packages/airflow/example_dags/tutorial_dag.py
[2024-04-09T22:06:02.981+0000] {processor.py:830} INFO - Processing file /home/airflow/.local/lib/python3.12/site-packages/airflow/example_dags/tutorial_dag.py for tasks to queue
[2024-04-09T22:06:02.984+0000] {logging_mixin.py:188} INFO - [2024-04-09T22:06:02.983+0000] {dagbag.py:540} INFO - Filling up the DagBag from /home/airflow/.local/lib/python3.12/site-packages/airflow/example_dags/tutorial_dag.py
[2024-04-09T22:06:02.994+0000] {processor.py:840} INFO - DAG(s) 'tutorial_dag' retrieved from /home/airflow/.local/lib/python3.12/site-packages/airflow/example_dags/tutorial_dag.py
[2024-04-09T22:06:03.023+0000] {logging_mixin.py:188} INFO - [2024-04-09T22:06:03.023+0000] {dag.py:3096} INFO - Sync 1 DAGs
[2024-04-09T22:06:03.042+0000] {logging_mixin.py:188} INFO - [2024-04-09T22:06:03.042+0000] {dag.py:3954} INFO - Setting next_dagrun for tutorial_dag to None, run_after=None
[2024-04-09T22:06:03.104+0000] {processor.py:183} INFO - Processing /home/airflow/.local/lib/python3.12/site-packages/airflow/example_dags/tutorial_dag.py took 0.132 seconds
[2024-04-09T22:06:34.166+0000] {processor.py:161} INFO - Started process (PID=973) to work on /home/airflow/.local/lib/python3.12/site-packages/airflow/example_dags/tutorial_dag.py
[2024-04-09T22:06:34.168+0000] {processor.py:830} INFO - Processing file /home/airflow/.local/lib/python3.12/site-packages/airflow/example_dags/tutorial_dag.py for tasks to queue
[2024-04-09T22:06:34.171+0000] {logging_mixin.py:188} INFO - [2024-04-09T22:06:34.171+0000] {dagbag.py:540} INFO - Filling up the DagBag from /home/airflow/.local/lib/python3.12/site-packages/airflow/example_dags/tutorial_dag.py
[2024-04-09T22:06:34.181+0000] {processor.py:840} INFO - DAG(s) 'tutorial_dag' retrieved from /home/airflow/.local/lib/python3.12/site-packages/airflow/example_dags/tutorial_dag.py
[2024-04-09T22:06:34.214+0000] {logging_mixin.py:188} INFO - [2024-04-09T22:06:34.214+0000] {dag.py:3096} INFO - Sync 1 DAGs
[2024-04-09T22:06:34.242+0000] {logging_mixin.py:188} INFO - [2024-04-09T22:06:34.241+0000] {dag.py:3954} INFO - Setting next_dagrun for tutorial_dag to None, run_after=None
[2024-04-09T22:06:34.318+0000] {processor.py:183} INFO - Processing /home/airflow/.local/lib/python3.12/site-packages/airflow/example_dags/tutorial_dag.py took 0.160 seconds
[2024-04-09T22:07:05.318+0000] {processor.py:161} INFO - Started process (PID=1031) to work on /home/airflow/.local/lib/python3.12/site-packages/airflow/example_dags/tutorial_dag.py
[2024-04-09T22:07:05.319+0000] {processor.py:830} INFO - Processing file /home/airflow/.local/lib/python3.12/site-packages/airflow/example_dags/tutorial_dag.py for tasks to queue
[2024-04-09T22:07:05.323+0000] {logging_mixin.py:188} INFO - [2024-04-09T22:07:05.322+0000] {dagbag.py:540} INFO - Filling up the DagBag from /home/airflow/.local/lib/python3.12/site-packages/airflow/example_dags/tutorial_dag.py
[2024-04-09T22:07:05.351+0000] {processor.py:840} INFO - DAG(s) 'tutorial_dag' retrieved from /home/airflow/.local/lib/python3.12/site-packages/airflow/example_dags/tutorial_dag.py
[2024-04-09T22:07:05.397+0000] {logging_mixin.py:188} INFO - [2024-04-09T22:07:05.397+0000] {dag.py:3096} INFO - Sync 1 DAGs
[2024-04-09T22:07:05.460+0000] {logging_mixin.py:188} INFO - [2024-04-09T22:07:05.459+0000] {dag.py:3954} INFO - Setting next_dagrun for tutorial_dag to None, run_after=None
[2024-04-09T22:07:05.585+0000] {processor.py:183} INFO - Processing /home/airflow/.local/lib/python3.12/site-packages/airflow/example_dags/tutorial_dag.py took 0.281 seconds
[2024-04-09T22:07:36.284+0000] {processor.py:161} INFO - Started process (PID=1089) to work on /home/airflow/.local/lib/python3.12/site-packages/airflow/example_dags/tutorial_dag.py
[2024-04-09T22:07:36.286+0000] {processor.py:830} INFO - Processing file /home/airflow/.local/lib/python3.12/site-packages/airflow/example_dags/tutorial_dag.py for tasks to queue
[2024-04-09T22:07:36.289+0000] {logging_mixin.py:188} INFO - [2024-04-09T22:07:36.288+0000] {dagbag.py:540} INFO - Filling up the DagBag from /home/airflow/.local/lib/python3.12/site-packages/airflow/example_dags/tutorial_dag.py
[2024-04-09T22:07:36.297+0000] {processor.py:840} INFO - DAG(s) 'tutorial_dag' retrieved from /home/airflow/.local/lib/python3.12/site-packages/airflow/example_dags/tutorial_dag.py
[2024-04-09T22:07:36.324+0000] {logging_mixin.py:188} INFO - [2024-04-09T22:07:36.324+0000] {dag.py:3096} INFO - Sync 1 DAGs
[2024-04-09T22:07:36.342+0000] {logging_mixin.py:188} INFO - [2024-04-09T22:07:36.342+0000] {dag.py:3954} INFO - Setting next_dagrun for tutorial_dag to None, run_after=None
[2024-04-09T22:07:36.405+0000] {processor.py:183} INFO - Processing /home/airflow/.local/lib/python3.12/site-packages/airflow/example_dags/tutorial_dag.py took 0.132 seconds
[2024-04-09T22:08:06.964+0000] {processor.py:161} INFO - Started process (PID=1146) to work on /home/airflow/.local/lib/python3.12/site-packages/airflow/example_dags/tutorial_dag.py
[2024-04-09T22:08:06.966+0000] {processor.py:830} INFO - Processing file /home/airflow/.local/lib/python3.12/site-packages/airflow/example_dags/tutorial_dag.py for tasks to queue
[2024-04-09T22:08:06.969+0000] {logging_mixin.py:188} INFO - [2024-04-09T22:08:06.969+0000] {dagbag.py:540} INFO - Filling up the DagBag from /home/airflow/.local/lib/python3.12/site-packages/airflow/example_dags/tutorial_dag.py
[2024-04-09T22:08:06.980+0000] {processor.py:840} INFO - DAG(s) 'tutorial_dag' retrieved from /home/airflow/.local/lib/python3.12/site-packages/airflow/example_dags/tutorial_dag.py
[2024-04-09T22:08:07.010+0000] {logging_mixin.py:188} INFO - [2024-04-09T22:08:07.009+0000] {dag.py:3096} INFO - Sync 1 DAGs
[2024-04-09T22:08:07.030+0000] {logging_mixin.py:188} INFO - [2024-04-09T22:08:07.030+0000] {dag.py:3954} INFO - Setting next_dagrun for tutorial_dag to None, run_after=None
[2024-04-09T22:08:07.107+0000] {processor.py:183} INFO - Processing /home/airflow/.local/lib/python3.12/site-packages/airflow/example_dags/tutorial_dag.py took 0.153 seconds
[2024-04-09T22:08:37.669+0000] {processor.py:161} INFO - Started process (PID=1203) to work on /home/airflow/.local/lib/python3.12/site-packages/airflow/example_dags/tutorial_dag.py
[2024-04-09T22:08:37.671+0000] {processor.py:830} INFO - Processing file /home/airflow/.local/lib/python3.12/site-packages/airflow/example_dags/tutorial_dag.py for tasks to queue
[2024-04-09T22:08:37.675+0000] {logging_mixin.py:188} INFO - [2024-04-09T22:08:37.674+0000] {dagbag.py:540} INFO - Filling up the DagBag from /home/airflow/.local/lib/python3.12/site-packages/airflow/example_dags/tutorial_dag.py
[2024-04-09T22:08:37.684+0000] {processor.py:840} INFO - DAG(s) 'tutorial_dag' retrieved from /home/airflow/.local/lib/python3.12/site-packages/airflow/example_dags/tutorial_dag.py
[2024-04-09T22:08:37.717+0000] {logging_mixin.py:188} INFO - [2024-04-09T22:08:37.716+0000] {dag.py:3096} INFO - Sync 1 DAGs
[2024-04-09T22:08:37.739+0000] {logging_mixin.py:188} INFO - [2024-04-09T22:08:37.739+0000] {dag.py:3954} INFO - Setting next_dagrun for tutorial_dag to None, run_after=None
[2024-04-09T22:08:37.804+0000] {processor.py:183} INFO - Processing /home/airflow/.local/lib/python3.12/site-packages/airflow/example_dags/tutorial_dag.py took 0.145 seconds
[2024-04-09T22:09:08.377+0000] {processor.py:161} INFO - Started process (PID=1261) to work on /home/airflow/.local/lib/python3.12/site-packages/airflow/example_dags/tutorial_dag.py
[2024-04-09T22:09:08.378+0000] {processor.py:830} INFO - Processing file /home/airflow/.local/lib/python3.12/site-packages/airflow/example_dags/tutorial_dag.py for tasks to queue
[2024-04-09T22:09:08.381+0000] {logging_mixin.py:188} INFO - [2024-04-09T22:09:08.380+0000] {dagbag.py:540} INFO - Filling up the DagBag from /home/airflow/.local/lib/python3.12/site-packages/airflow/example_dags/tutorial_dag.py
[2024-04-09T22:09:08.388+0000] {processor.py:840} INFO - DAG(s) 'tutorial_dag' retrieved from /home/airflow/.local/lib/python3.12/site-packages/airflow/example_dags/tutorial_dag.py
[2024-04-09T22:09:08.425+0000] {logging_mixin.py:188} INFO - [2024-04-09T22:09:08.425+0000] {dag.py:3096} INFO - Sync 1 DAGs
[2024-04-09T22:09:08.451+0000] {logging_mixin.py:188} INFO - [2024-04-09T22:09:08.451+0000] {dag.py:3954} INFO - Setting next_dagrun for tutorial_dag to None, run_after=None
[2024-04-09T22:09:08.511+0000] {processor.py:183} INFO - Processing /home/airflow/.local/lib/python3.12/site-packages/airflow/example_dags/tutorial_dag.py took 0.143 seconds
[2024-04-09T22:09:38.845+0000] {processor.py:161} INFO - Started process (PID=1319) to work on /home/airflow/.local/lib/python3.12/site-packages/airflow/example_dags/tutorial_dag.py
[2024-04-09T22:09:38.847+0000] {processor.py:830} INFO - Processing file /home/airflow/.local/lib/python3.12/site-packages/airflow/example_dags/tutorial_dag.py for tasks to queue
[2024-04-09T22:09:38.850+0000] {logging_mixin.py:188} INFO - [2024-04-09T22:09:38.850+0000] {dagbag.py:540} INFO - Filling up the DagBag from /home/airflow/.local/lib/python3.12/site-packages/airflow/example_dags/tutorial_dag.py
[2024-04-09T22:09:38.858+0000] {processor.py:840} INFO - DAG(s) 'tutorial_dag' retrieved from /home/airflow/.local/lib/python3.12/site-packages/airflow/example_dags/tutorial_dag.py
[2024-04-09T22:09:38.885+0000] {logging_mixin.py:188} INFO - [2024-04-09T22:09:38.884+0000] {dag.py:3096} INFO - Sync 1 DAGs
[2024-04-09T22:09:38.902+0000] {logging_mixin.py:188} INFO - [2024-04-09T22:09:38.901+0000] {dag.py:3954} INFO - Setting next_dagrun for tutorial_dag to None, run_after=None
[2024-04-09T22:09:38.962+0000] {processor.py:183} INFO - Processing /home/airflow/.local/lib/python3.12/site-packages/airflow/example_dags/tutorial_dag.py took 0.125 seconds
[2024-04-09T22:10:09.698+0000] {processor.py:161} INFO - Started process (PID=1377) to work on /home/airflow/.local/lib/python3.12/site-packages/airflow/example_dags/tutorial_dag.py
[2024-04-09T22:10:09.699+0000] {processor.py:830} INFO - Processing file /home/airflow/.local/lib/python3.12/site-packages/airflow/example_dags/tutorial_dag.py for tasks to queue
[2024-04-09T22:10:09.702+0000] {logging_mixin.py:188} INFO - [2024-04-09T22:10:09.702+0000] {dagbag.py:540} INFO - Filling up the DagBag from /home/airflow/.local/lib/python3.12/site-packages/airflow/example_dags/tutorial_dag.py
[2024-04-09T22:10:09.712+0000] {processor.py:840} INFO - DAG(s) 'tutorial_dag' retrieved from /home/airflow/.local/lib/python3.12/site-packages/airflow/example_dags/tutorial_dag.py
[2024-04-09T22:10:09.745+0000] {logging_mixin.py:188} INFO - [2024-04-09T22:10:09.745+0000] {dag.py:3096} INFO - Sync 1 DAGs
[2024-04-09T22:10:09.766+0000] {logging_mixin.py:188} INFO - [2024-04-09T22:10:09.766+0000] {dag.py:3954} INFO - Setting next_dagrun for tutorial_dag to None, run_after=None
[2024-04-09T22:10:09.826+0000] {processor.py:183} INFO - Processing /home/airflow/.local/lib/python3.12/site-packages/airflow/example_dags/tutorial_dag.py took 0.141 seconds
