[2024-04-09T21:57:51.394+0000] {processor.py:161} INFO - Started process (PID=86) to work on /home/airflow/.local/lib/python3.12/site-packages/airflow/example_dags/tutorial.py
[2024-04-09T21:57:51.395+0000] {processor.py:830} INFO - Processing file /home/airflow/.local/lib/python3.12/site-packages/airflow/example_dags/tutorial.py for tasks to queue
[2024-04-09T21:57:51.400+0000] {logging_mixin.py:188} INFO - [2024-04-09T21:57:51.399+0000] {dagbag.py:540} INFO - Filling up the DagBag from /home/airflow/.local/lib/python3.12/site-packages/airflow/example_dags/tutorial.py
[2024-04-09T21:57:51.527+0000] {processor.py:840} INFO - DAG(s) 'tutorial' retrieved from /home/airflow/.local/lib/python3.12/site-packages/airflow/example_dags/tutorial.py
[2024-04-09T21:57:51.724+0000] {logging_mixin.py:188} INFO - [2024-04-09T21:57:51.724+0000] {dag.py:3096} INFO - Sync 1 DAGs
[2024-04-09T21:57:51.749+0000] {logging_mixin.py:188} INFO - [2024-04-09T21:57:51.749+0000] {dag.py:3954} INFO - Setting next_dagrun for tutorial to 2024-04-08 00:00:00+00:00, run_after=2024-04-09 00:00:00+00:00
[2024-04-09T21:57:52.123+0000] {processor.py:183} INFO - Processing /home/airflow/.local/lib/python3.12/site-packages/airflow/example_dags/tutorial.py took 0.742 seconds
[2024-04-09T21:58:24.581+0000] {processor.py:161} INFO - Started process (PID=144) to work on /home/airflow/.local/lib/python3.12/site-packages/airflow/example_dags/tutorial.py
[2024-04-09T21:58:24.582+0000] {processor.py:830} INFO - Processing file /home/airflow/.local/lib/python3.12/site-packages/airflow/example_dags/tutorial.py for tasks to queue
[2024-04-09T21:58:24.585+0000] {logging_mixin.py:188} INFO - [2024-04-09T21:58:24.585+0000] {dagbag.py:540} INFO - Filling up the DagBag from /home/airflow/.local/lib/python3.12/site-packages/airflow/example_dags/tutorial.py
[2024-04-09T21:58:24.593+0000] {processor.py:840} INFO - DAG(s) 'tutorial' retrieved from /home/airflow/.local/lib/python3.12/site-packages/airflow/example_dags/tutorial.py
[2024-04-09T21:58:24.623+0000] {logging_mixin.py:188} INFO - [2024-04-09T21:58:24.623+0000] {dag.py:3096} INFO - Sync 1 DAGs
[2024-04-09T21:58:24.658+0000] {logging_mixin.py:188} INFO - [2024-04-09T21:58:24.657+0000] {dag.py:3954} INFO - Setting next_dagrun for tutorial to 2024-04-08 00:00:00+00:00, run_after=2024-04-09 00:00:00+00:00
[2024-04-09T21:58:24.890+0000] {processor.py:183} INFO - Processing /home/airflow/.local/lib/python3.12/site-packages/airflow/example_dags/tutorial.py took 0.317 seconds
[2024-04-09T21:58:55.049+0000] {processor.py:161} INFO - Started process (PID=200) to work on /home/airflow/.local/lib/python3.12/site-packages/airflow/example_dags/tutorial.py
[2024-04-09T21:58:55.050+0000] {processor.py:830} INFO - Processing file /home/airflow/.local/lib/python3.12/site-packages/airflow/example_dags/tutorial.py for tasks to queue
[2024-04-09T21:58:55.055+0000] {logging_mixin.py:188} INFO - [2024-04-09T21:58:55.053+0000] {dagbag.py:540} INFO - Filling up the DagBag from /home/airflow/.local/lib/python3.12/site-packages/airflow/example_dags/tutorial.py
[2024-04-09T21:58:55.067+0000] {processor.py:840} INFO - DAG(s) 'tutorial' retrieved from /home/airflow/.local/lib/python3.12/site-packages/airflow/example_dags/tutorial.py
[2024-04-09T21:58:55.100+0000] {logging_mixin.py:188} INFO - [2024-04-09T21:58:55.099+0000] {dag.py:3096} INFO - Sync 1 DAGs
[2024-04-09T21:58:55.132+0000] {logging_mixin.py:188} INFO - [2024-04-09T21:58:55.131+0000] {dag.py:3954} INFO - Setting next_dagrun for tutorial to 2024-04-08 00:00:00+00:00, run_after=2024-04-09 00:00:00+00:00
[2024-04-09T21:58:55.287+0000] {processor.py:183} INFO - Processing /home/airflow/.local/lib/python3.12/site-packages/airflow/example_dags/tutorial.py took 0.245 seconds
[2024-04-09T21:59:27.802+0000] {processor.py:161} INFO - Started process (PID=258) to work on /home/airflow/.local/lib/python3.12/site-packages/airflow/example_dags/tutorial.py
[2024-04-09T21:59:27.803+0000] {processor.py:830} INFO - Processing file /home/airflow/.local/lib/python3.12/site-packages/airflow/example_dags/tutorial.py for tasks to queue
[2024-04-09T21:59:27.806+0000] {logging_mixin.py:188} INFO - [2024-04-09T21:59:27.806+0000] {dagbag.py:540} INFO - Filling up the DagBag from /home/airflow/.local/lib/python3.12/site-packages/airflow/example_dags/tutorial.py
[2024-04-09T21:59:27.814+0000] {processor.py:840} INFO - DAG(s) 'tutorial' retrieved from /home/airflow/.local/lib/python3.12/site-packages/airflow/example_dags/tutorial.py
[2024-04-09T21:59:27.844+0000] {logging_mixin.py:188} INFO - [2024-04-09T21:59:27.843+0000] {dag.py:3096} INFO - Sync 1 DAGs
[2024-04-09T21:59:27.878+0000] {logging_mixin.py:188} INFO - [2024-04-09T21:59:27.878+0000] {dag.py:3954} INFO - Setting next_dagrun for tutorial to 2024-04-08 00:00:00+00:00, run_after=2024-04-09 00:00:00+00:00
[2024-04-09T21:59:28.075+0000] {processor.py:183} INFO - Processing /home/airflow/.local/lib/python3.12/site-packages/airflow/example_dags/tutorial.py took 0.282 seconds
[2024-04-09T22:00:09.642+0000] {processor.py:161} INFO - Started process (PID=316) to work on /home/airflow/.local/lib/python3.12/site-packages/airflow/example_dags/tutorial.py
[2024-04-09T22:00:09.643+0000] {processor.py:830} INFO - Processing file /home/airflow/.local/lib/python3.12/site-packages/airflow/example_dags/tutorial.py for tasks to queue
[2024-04-09T22:00:09.646+0000] {logging_mixin.py:188} INFO - [2024-04-09T22:00:09.645+0000] {dagbag.py:540} INFO - Filling up the DagBag from /home/airflow/.local/lib/python3.12/site-packages/airflow/example_dags/tutorial.py
[2024-04-09T22:00:09.653+0000] {processor.py:840} INFO - DAG(s) 'tutorial' retrieved from /home/airflow/.local/lib/python3.12/site-packages/airflow/example_dags/tutorial.py
[2024-04-09T22:00:09.680+0000] {logging_mixin.py:188} INFO - [2024-04-09T22:00:09.680+0000] {dag.py:3096} INFO - Sync 1 DAGs
[2024-04-09T22:00:09.708+0000] {logging_mixin.py:188} INFO - [2024-04-09T22:00:09.708+0000] {dag.py:3954} INFO - Setting next_dagrun for tutorial to 2024-04-08 00:00:00+00:00, run_after=2024-04-09 00:00:00+00:00
[2024-04-09T22:00:09.839+0000] {processor.py:183} INFO - Processing /home/airflow/.local/lib/python3.12/site-packages/airflow/example_dags/tutorial.py took 0.205 seconds
[2024-04-09T22:00:47.568+0000] {processor.py:161} INFO - Started process (PID=377) to work on /home/airflow/.local/lib/python3.12/site-packages/airflow/example_dags/tutorial.py
[2024-04-09T22:00:47.570+0000] {processor.py:830} INFO - Processing file /home/airflow/.local/lib/python3.12/site-packages/airflow/example_dags/tutorial.py for tasks to queue
[2024-04-09T22:00:47.573+0000] {logging_mixin.py:188} INFO - [2024-04-09T22:00:47.572+0000] {dagbag.py:540} INFO - Filling up the DagBag from /home/airflow/.local/lib/python3.12/site-packages/airflow/example_dags/tutorial.py
[2024-04-09T22:00:47.661+0000] {processor.py:840} INFO - DAG(s) 'tutorial' retrieved from /home/airflow/.local/lib/python3.12/site-packages/airflow/example_dags/tutorial.py
[2024-04-09T22:00:47.694+0000] {logging_mixin.py:188} INFO - [2024-04-09T22:00:47.694+0000] {dag.py:3096} INFO - Sync 1 DAGs
[2024-04-09T22:00:47.734+0000] {logging_mixin.py:188} INFO - [2024-04-09T22:00:47.733+0000] {dag.py:3954} INFO - Setting next_dagrun for tutorial to 2024-04-08 00:00:00+00:00, run_after=2024-04-09 00:00:00+00:00
[2024-04-09T22:00:48.033+0000] {processor.py:183} INFO - Processing /home/airflow/.local/lib/python3.12/site-packages/airflow/example_dags/tutorial.py took 0.475 seconds
[2024-04-09T22:01:18.130+0000] {processor.py:161} INFO - Started process (PID=434) to work on /home/airflow/.local/lib/python3.12/site-packages/airflow/example_dags/tutorial.py
[2024-04-09T22:01:18.132+0000] {processor.py:830} INFO - Processing file /home/airflow/.local/lib/python3.12/site-packages/airflow/example_dags/tutorial.py for tasks to queue
[2024-04-09T22:01:18.135+0000] {logging_mixin.py:188} INFO - [2024-04-09T22:01:18.135+0000] {dagbag.py:540} INFO - Filling up the DagBag from /home/airflow/.local/lib/python3.12/site-packages/airflow/example_dags/tutorial.py
[2024-04-09T22:01:18.147+0000] {processor.py:840} INFO - DAG(s) 'tutorial' retrieved from /home/airflow/.local/lib/python3.12/site-packages/airflow/example_dags/tutorial.py
[2024-04-09T22:01:18.181+0000] {logging_mixin.py:188} INFO - [2024-04-09T22:01:18.181+0000] {dag.py:3096} INFO - Sync 1 DAGs
[2024-04-09T22:01:18.212+0000] {logging_mixin.py:188} INFO - [2024-04-09T22:01:18.212+0000] {dag.py:3954} INFO - Setting next_dagrun for tutorial to 2024-04-08 00:00:00+00:00, run_after=2024-04-09 00:00:00+00:00
[2024-04-09T22:01:18.355+0000] {processor.py:183} INFO - Processing /home/airflow/.local/lib/python3.12/site-packages/airflow/example_dags/tutorial.py took 0.235 seconds
[2024-04-09T22:01:48.458+0000] {processor.py:161} INFO - Started process (PID=492) to work on /home/airflow/.local/lib/python3.12/site-packages/airflow/example_dags/tutorial.py
[2024-04-09T22:01:48.459+0000] {processor.py:830} INFO - Processing file /home/airflow/.local/lib/python3.12/site-packages/airflow/example_dags/tutorial.py for tasks to queue
[2024-04-09T22:01:48.462+0000] {logging_mixin.py:188} INFO - [2024-04-09T22:01:48.462+0000] {dagbag.py:540} INFO - Filling up the DagBag from /home/airflow/.local/lib/python3.12/site-packages/airflow/example_dags/tutorial.py
[2024-04-09T22:01:48.472+0000] {processor.py:840} INFO - DAG(s) 'tutorial' retrieved from /home/airflow/.local/lib/python3.12/site-packages/airflow/example_dags/tutorial.py
[2024-04-09T22:01:48.505+0000] {logging_mixin.py:188} INFO - [2024-04-09T22:01:48.504+0000] {dag.py:3096} INFO - Sync 1 DAGs
[2024-04-09T22:01:48.547+0000] {logging_mixin.py:188} INFO - [2024-04-09T22:01:48.546+0000] {dag.py:3954} INFO - Setting next_dagrun for tutorial to 2024-04-08 00:00:00+00:00, run_after=2024-04-09 00:00:00+00:00
[2024-04-09T22:01:48.766+0000] {processor.py:183} INFO - Processing /home/airflow/.local/lib/python3.12/site-packages/airflow/example_dags/tutorial.py took 0.316 seconds
[2024-04-09T22:02:19.077+0000] {processor.py:161} INFO - Started process (PID=550) to work on /home/airflow/.local/lib/python3.12/site-packages/airflow/example_dags/tutorial.py
[2024-04-09T22:02:19.079+0000] {processor.py:830} INFO - Processing file /home/airflow/.local/lib/python3.12/site-packages/airflow/example_dags/tutorial.py for tasks to queue
[2024-04-09T22:02:19.082+0000] {logging_mixin.py:188} INFO - [2024-04-09T22:02:19.081+0000] {dagbag.py:540} INFO - Filling up the DagBag from /home/airflow/.local/lib/python3.12/site-packages/airflow/example_dags/tutorial.py
[2024-04-09T22:02:19.089+0000] {processor.py:840} INFO - DAG(s) 'tutorial' retrieved from /home/airflow/.local/lib/python3.12/site-packages/airflow/example_dags/tutorial.py
[2024-04-09T22:02:19.121+0000] {logging_mixin.py:188} INFO - [2024-04-09T22:02:19.120+0000] {dag.py:3096} INFO - Sync 1 DAGs
[2024-04-09T22:02:19.163+0000] {logging_mixin.py:188} INFO - [2024-04-09T22:02:19.163+0000] {dag.py:3954} INFO - Setting next_dagrun for tutorial to 2024-04-08 00:00:00+00:00, run_after=2024-04-09 00:00:00+00:00
[2024-04-09T22:02:19.399+0000] {processor.py:183} INFO - Processing /home/airflow/.local/lib/python3.12/site-packages/airflow/example_dags/tutorial.py took 0.331 seconds
[2024-04-09T22:03:26.460+0000] {processor.py:161} INFO - Started process (PID=639) to work on /home/airflow/.local/lib/python3.12/site-packages/airflow/example_dags/tutorial.py
[2024-04-09T22:03:26.461+0000] {processor.py:830} INFO - Processing file /home/airflow/.local/lib/python3.12/site-packages/airflow/example_dags/tutorial.py for tasks to queue
[2024-04-09T22:03:26.464+0000] {logging_mixin.py:188} INFO - [2024-04-09T22:03:26.464+0000] {dagbag.py:540} INFO - Filling up the DagBag from /home/airflow/.local/lib/python3.12/site-packages/airflow/example_dags/tutorial.py
[2024-04-09T22:03:26.472+0000] {processor.py:840} INFO - DAG(s) 'tutorial' retrieved from /home/airflow/.local/lib/python3.12/site-packages/airflow/example_dags/tutorial.py
[2024-04-09T22:03:26.500+0000] {logging_mixin.py:188} INFO - [2024-04-09T22:03:26.500+0000] {dag.py:3096} INFO - Sync 1 DAGs
[2024-04-09T22:03:26.532+0000] {logging_mixin.py:188} INFO - [2024-04-09T22:03:26.531+0000] {dag.py:3954} INFO - Setting next_dagrun for tutorial to 2024-04-08 00:00:00+00:00, run_after=2024-04-09 00:00:00+00:00
[2024-04-09T22:03:26.728+0000] {processor.py:183} INFO - Processing /home/airflow/.local/lib/python3.12/site-packages/airflow/example_dags/tutorial.py took 0.276 seconds
[2024-04-09T22:04:00.012+0000] {processor.py:161} INFO - Started process (PID=697) to work on /home/airflow/.local/lib/python3.12/site-packages/airflow/example_dags/tutorial.py
[2024-04-09T22:04:00.013+0000] {processor.py:830} INFO - Processing file /home/airflow/.local/lib/python3.12/site-packages/airflow/example_dags/tutorial.py for tasks to queue
[2024-04-09T22:04:00.016+0000] {logging_mixin.py:188} INFO - [2024-04-09T22:04:00.016+0000] {dagbag.py:540} INFO - Filling up the DagBag from /home/airflow/.local/lib/python3.12/site-packages/airflow/example_dags/tutorial.py
[2024-04-09T22:04:00.024+0000] {processor.py:840} INFO - DAG(s) 'tutorial' retrieved from /home/airflow/.local/lib/python3.12/site-packages/airflow/example_dags/tutorial.py
[2024-04-09T22:04:00.052+0000] {logging_mixin.py:188} INFO - [2024-04-09T22:04:00.052+0000] {dag.py:3096} INFO - Sync 1 DAGs
[2024-04-09T22:04:00.087+0000] {logging_mixin.py:188} INFO - [2024-04-09T22:04:00.087+0000] {dag.py:3954} INFO - Setting next_dagrun for tutorial to 2024-04-08 00:00:00+00:00, run_after=2024-04-09 00:00:00+00:00
[2024-04-09T22:04:00.176+0000] {processor.py:183} INFO - Processing /home/airflow/.local/lib/python3.12/site-packages/airflow/example_dags/tutorial.py took 0.175 seconds
[2024-04-09T22:04:31.549+0000] {processor.py:161} INFO - Started process (PID=755) to work on /home/airflow/.local/lib/python3.12/site-packages/airflow/example_dags/tutorial.py
[2024-04-09T22:04:31.552+0000] {processor.py:830} INFO - Processing file /home/airflow/.local/lib/python3.12/site-packages/airflow/example_dags/tutorial.py for tasks to queue
[2024-04-09T22:04:31.556+0000] {logging_mixin.py:188} INFO - [2024-04-09T22:04:31.555+0000] {dagbag.py:540} INFO - Filling up the DagBag from /home/airflow/.local/lib/python3.12/site-packages/airflow/example_dags/tutorial.py
[2024-04-09T22:04:31.576+0000] {processor.py:840} INFO - DAG(s) 'tutorial' retrieved from /home/airflow/.local/lib/python3.12/site-packages/airflow/example_dags/tutorial.py
[2024-04-09T22:04:31.649+0000] {logging_mixin.py:188} INFO - [2024-04-09T22:04:31.648+0000] {dag.py:3096} INFO - Sync 1 DAGs
[2024-04-09T22:04:31.705+0000] {logging_mixin.py:188} INFO - [2024-04-09T22:04:31.705+0000] {dag.py:3954} INFO - Setting next_dagrun for tutorial to 2024-04-08 00:00:00+00:00, run_after=2024-04-09 00:00:00+00:00
[2024-04-09T22:04:31.878+0000] {processor.py:183} INFO - Processing /home/airflow/.local/lib/python3.12/site-packages/airflow/example_dags/tutorial.py took 0.346 seconds
[2024-04-09T22:05:04.018+0000] {processor.py:161} INFO - Started process (PID=813) to work on /home/airflow/.local/lib/python3.12/site-packages/airflow/example_dags/tutorial.py
[2024-04-09T22:05:04.019+0000] {processor.py:830} INFO - Processing file /home/airflow/.local/lib/python3.12/site-packages/airflow/example_dags/tutorial.py for tasks to queue
[2024-04-09T22:05:04.022+0000] {logging_mixin.py:188} INFO - [2024-04-09T22:05:04.022+0000] {dagbag.py:540} INFO - Filling up the DagBag from /home/airflow/.local/lib/python3.12/site-packages/airflow/example_dags/tutorial.py
[2024-04-09T22:05:04.030+0000] {processor.py:840} INFO - DAG(s) 'tutorial' retrieved from /home/airflow/.local/lib/python3.12/site-packages/airflow/example_dags/tutorial.py
[2024-04-09T22:05:04.056+0000] {logging_mixin.py:188} INFO - [2024-04-09T22:05:04.056+0000] {dag.py:3096} INFO - Sync 1 DAGs
[2024-04-09T22:05:04.088+0000] {logging_mixin.py:188} INFO - [2024-04-09T22:05:04.088+0000] {dag.py:3954} INFO - Setting next_dagrun for tutorial to 2024-04-08 00:00:00+00:00, run_after=2024-04-09 00:00:00+00:00
[2024-04-09T22:05:04.365+0000] {processor.py:183} INFO - Processing /home/airflow/.local/lib/python3.12/site-packages/airflow/example_dags/tutorial.py took 0.355 seconds
[2024-04-09T22:05:35.029+0000] {processor.py:161} INFO - Started process (PID=871) to work on /home/airflow/.local/lib/python3.12/site-packages/airflow/example_dags/tutorial.py
[2024-04-09T22:05:35.030+0000] {processor.py:830} INFO - Processing file /home/airflow/.local/lib/python3.12/site-packages/airflow/example_dags/tutorial.py for tasks to queue
[2024-04-09T22:05:35.033+0000] {logging_mixin.py:188} INFO - [2024-04-09T22:05:35.032+0000] {dagbag.py:540} INFO - Filling up the DagBag from /home/airflow/.local/lib/python3.12/site-packages/airflow/example_dags/tutorial.py
[2024-04-09T22:05:35.043+0000] {processor.py:840} INFO - DAG(s) 'tutorial' retrieved from /home/airflow/.local/lib/python3.12/site-packages/airflow/example_dags/tutorial.py
[2024-04-09T22:05:35.073+0000] {logging_mixin.py:188} INFO - [2024-04-09T22:05:35.072+0000] {dag.py:3096} INFO - Sync 1 DAGs
[2024-04-09T22:05:35.112+0000] {logging_mixin.py:188} INFO - [2024-04-09T22:05:35.112+0000] {dag.py:3954} INFO - Setting next_dagrun for tutorial to 2024-04-08 00:00:00+00:00, run_after=2024-04-09 00:00:00+00:00
[2024-04-09T22:05:35.226+0000] {processor.py:183} INFO - Processing /home/airflow/.local/lib/python3.12/site-packages/airflow/example_dags/tutorial.py took 0.205 seconds
[2024-04-09T22:06:05.445+0000] {processor.py:161} INFO - Started process (PID=928) to work on /home/airflow/.local/lib/python3.12/site-packages/airflow/example_dags/tutorial.py
[2024-04-09T22:06:05.446+0000] {processor.py:830} INFO - Processing file /home/airflow/.local/lib/python3.12/site-packages/airflow/example_dags/tutorial.py for tasks to queue
[2024-04-09T22:06:05.449+0000] {logging_mixin.py:188} INFO - [2024-04-09T22:06:05.448+0000] {dagbag.py:540} INFO - Filling up the DagBag from /home/airflow/.local/lib/python3.12/site-packages/airflow/example_dags/tutorial.py
[2024-04-09T22:06:05.457+0000] {processor.py:840} INFO - DAG(s) 'tutorial' retrieved from /home/airflow/.local/lib/python3.12/site-packages/airflow/example_dags/tutorial.py
[2024-04-09T22:06:05.487+0000] {logging_mixin.py:188} INFO - [2024-04-09T22:06:05.487+0000] {dag.py:3096} INFO - Sync 1 DAGs
[2024-04-09T22:06:05.533+0000] {logging_mixin.py:188} INFO - [2024-04-09T22:06:05.532+0000] {dag.py:3954} INFO - Setting next_dagrun for tutorial to 2024-04-08 00:00:00+00:00, run_after=2024-04-09 00:00:00+00:00
[2024-04-09T22:06:05.616+0000] {processor.py:183} INFO - Processing /home/airflow/.local/lib/python3.12/site-packages/airflow/example_dags/tutorial.py took 0.182 seconds
[2024-04-09T22:06:36.920+0000] {processor.py:161} INFO - Started process (PID=987) to work on /home/airflow/.local/lib/python3.12/site-packages/airflow/example_dags/tutorial.py
[2024-04-09T22:06:36.922+0000] {processor.py:830} INFO - Processing file /home/airflow/.local/lib/python3.12/site-packages/airflow/example_dags/tutorial.py for tasks to queue
[2024-04-09T22:06:36.925+0000] {logging_mixin.py:188} INFO - [2024-04-09T22:06:36.924+0000] {dagbag.py:540} INFO - Filling up the DagBag from /home/airflow/.local/lib/python3.12/site-packages/airflow/example_dags/tutorial.py
[2024-04-09T22:06:36.935+0000] {processor.py:840} INFO - DAG(s) 'tutorial' retrieved from /home/airflow/.local/lib/python3.12/site-packages/airflow/example_dags/tutorial.py
[2024-04-09T22:06:37.162+0000] {logging_mixin.py:188} INFO - [2024-04-09T22:06:37.161+0000] {dag.py:3096} INFO - Sync 1 DAGs
[2024-04-09T22:06:37.189+0000] {logging_mixin.py:188} INFO - [2024-04-09T22:06:37.188+0000] {dag.py:3954} INFO - Setting next_dagrun for tutorial to 2024-04-08 00:00:00+00:00, run_after=2024-04-09 00:00:00+00:00
[2024-04-09T22:06:37.263+0000] {processor.py:183} INFO - Processing /home/airflow/.local/lib/python3.12/site-packages/airflow/example_dags/tutorial.py took 0.354 seconds
[2024-04-09T22:07:09.575+0000] {processor.py:161} INFO - Started process (PID=1045) to work on /home/airflow/.local/lib/python3.12/site-packages/airflow/example_dags/tutorial.py
[2024-04-09T22:07:09.579+0000] {processor.py:830} INFO - Processing file /home/airflow/.local/lib/python3.12/site-packages/airflow/example_dags/tutorial.py for tasks to queue
[2024-04-09T22:07:09.583+0000] {logging_mixin.py:188} INFO - [2024-04-09T22:07:09.582+0000] {dagbag.py:540} INFO - Filling up the DagBag from /home/airflow/.local/lib/python3.12/site-packages/airflow/example_dags/tutorial.py
[2024-04-09T22:07:09.616+0000] {processor.py:840} INFO - DAG(s) 'tutorial' retrieved from /home/airflow/.local/lib/python3.12/site-packages/airflow/example_dags/tutorial.py
[2024-04-09T22:07:09.695+0000] {logging_mixin.py:188} INFO - [2024-04-09T22:07:09.694+0000] {dag.py:3096} INFO - Sync 1 DAGs
[2024-04-09T22:07:10.218+0000] {logging_mixin.py:188} INFO - [2024-04-09T22:07:10.218+0000] {dag.py:3954} INFO - Setting next_dagrun for tutorial to 2024-04-08 00:00:00+00:00, run_after=2024-04-09 00:00:00+00:00
[2024-04-09T22:07:10.459+0000] {processor.py:183} INFO - Processing /home/airflow/.local/lib/python3.12/site-packages/airflow/example_dags/tutorial.py took 0.915 seconds
[2024-04-09T22:07:41.048+0000] {processor.py:161} INFO - Started process (PID=1103) to work on /home/airflow/.local/lib/python3.12/site-packages/airflow/example_dags/tutorial.py
[2024-04-09T22:07:41.050+0000] {processor.py:830} INFO - Processing file /home/airflow/.local/lib/python3.12/site-packages/airflow/example_dags/tutorial.py for tasks to queue
[2024-04-09T22:07:41.053+0000] {logging_mixin.py:188} INFO - [2024-04-09T22:07:41.052+0000] {dagbag.py:540} INFO - Filling up the DagBag from /home/airflow/.local/lib/python3.12/site-packages/airflow/example_dags/tutorial.py
[2024-04-09T22:07:41.060+0000] {processor.py:840} INFO - DAG(s) 'tutorial' retrieved from /home/airflow/.local/lib/python3.12/site-packages/airflow/example_dags/tutorial.py
[2024-04-09T22:07:41.089+0000] {logging_mixin.py:188} INFO - [2024-04-09T22:07:41.089+0000] {dag.py:3096} INFO - Sync 1 DAGs
[2024-04-09T22:07:41.124+0000] {logging_mixin.py:188} INFO - [2024-04-09T22:07:41.124+0000] {dag.py:3954} INFO - Setting next_dagrun for tutorial to 2024-04-08 00:00:00+00:00, run_after=2024-04-09 00:00:00+00:00
[2024-04-09T22:07:41.478+0000] {processor.py:183} INFO - Processing /home/airflow/.local/lib/python3.12/site-packages/airflow/example_dags/tutorial.py took 0.442 seconds
[2024-04-09T22:08:11.572+0000] {processor.py:161} INFO - Started process (PID=1162) to work on /home/airflow/.local/lib/python3.12/site-packages/airflow/example_dags/tutorial.py
[2024-04-09T22:08:11.574+0000] {processor.py:830} INFO - Processing file /home/airflow/.local/lib/python3.12/site-packages/airflow/example_dags/tutorial.py for tasks to queue
[2024-04-09T22:08:11.577+0000] {logging_mixin.py:188} INFO - [2024-04-09T22:08:11.576+0000] {dagbag.py:540} INFO - Filling up the DagBag from /home/airflow/.local/lib/python3.12/site-packages/airflow/example_dags/tutorial.py
[2024-04-09T22:08:11.586+0000] {processor.py:840} INFO - DAG(s) 'tutorial' retrieved from /home/airflow/.local/lib/python3.12/site-packages/airflow/example_dags/tutorial.py
[2024-04-09T22:08:11.621+0000] {logging_mixin.py:188} INFO - [2024-04-09T22:08:11.621+0000] {dag.py:3096} INFO - Sync 1 DAGs
[2024-04-09T22:08:11.696+0000] {logging_mixin.py:188} INFO - [2024-04-09T22:08:11.695+0000] {dag.py:3954} INFO - Setting next_dagrun for tutorial to 2024-04-08 00:00:00+00:00, run_after=2024-04-09 00:00:00+00:00
[2024-04-09T22:08:11.780+0000] {processor.py:183} INFO - Processing /home/airflow/.local/lib/python3.12/site-packages/airflow/example_dags/tutorial.py took 0.219 seconds
[2024-04-09T22:08:41.902+0000] {processor.py:161} INFO - Started process (PID=1220) to work on /home/airflow/.local/lib/python3.12/site-packages/airflow/example_dags/tutorial.py
[2024-04-09T22:08:41.903+0000] {processor.py:830} INFO - Processing file /home/airflow/.local/lib/python3.12/site-packages/airflow/example_dags/tutorial.py for tasks to queue
[2024-04-09T22:08:41.906+0000] {logging_mixin.py:188} INFO - [2024-04-09T22:08:41.906+0000] {dagbag.py:540} INFO - Filling up the DagBag from /home/airflow/.local/lib/python3.12/site-packages/airflow/example_dags/tutorial.py
[2024-04-09T22:08:41.915+0000] {processor.py:840} INFO - DAG(s) 'tutorial' retrieved from /home/airflow/.local/lib/python3.12/site-packages/airflow/example_dags/tutorial.py
[2024-04-09T22:08:41.945+0000] {logging_mixin.py:188} INFO - [2024-04-09T22:08:41.945+0000] {dag.py:3096} INFO - Sync 1 DAGs
[2024-04-09T22:08:41.978+0000] {logging_mixin.py:188} INFO - [2024-04-09T22:08:41.977+0000] {dag.py:3954} INFO - Setting next_dagrun for tutorial to 2024-04-08 00:00:00+00:00, run_after=2024-04-09 00:00:00+00:00
[2024-04-09T22:08:42.081+0000] {processor.py:183} INFO - Processing /home/airflow/.local/lib/python3.12/site-packages/airflow/example_dags/tutorial.py took 0.192 seconds
[2024-04-09T22:09:12.171+0000] {processor.py:161} INFO - Started process (PID=1278) to work on /home/airflow/.local/lib/python3.12/site-packages/airflow/example_dags/tutorial.py
[2024-04-09T22:09:12.173+0000] {processor.py:830} INFO - Processing file /home/airflow/.local/lib/python3.12/site-packages/airflow/example_dags/tutorial.py for tasks to queue
[2024-04-09T22:09:12.176+0000] {logging_mixin.py:188} INFO - [2024-04-09T22:09:12.176+0000] {dagbag.py:540} INFO - Filling up the DagBag from /home/airflow/.local/lib/python3.12/site-packages/airflow/example_dags/tutorial.py
[2024-04-09T22:09:12.184+0000] {processor.py:840} INFO - DAG(s) 'tutorial' retrieved from /home/airflow/.local/lib/python3.12/site-packages/airflow/example_dags/tutorial.py
[2024-04-09T22:09:12.214+0000] {logging_mixin.py:188} INFO - [2024-04-09T22:09:12.214+0000] {dag.py:3096} INFO - Sync 1 DAGs
[2024-04-09T22:09:12.249+0000] {logging_mixin.py:188} INFO - [2024-04-09T22:09:12.249+0000] {dag.py:3954} INFO - Setting next_dagrun for tutorial to 2024-04-08 00:00:00+00:00, run_after=2024-04-09 00:00:00+00:00
[2024-04-09T22:09:12.331+0000] {processor.py:183} INFO - Processing /home/airflow/.local/lib/python3.12/site-packages/airflow/example_dags/tutorial.py took 0.168 seconds
[2024-04-09T22:09:42.611+0000] {processor.py:161} INFO - Started process (PID=1336) to work on /home/airflow/.local/lib/python3.12/site-packages/airflow/example_dags/tutorial.py
[2024-04-09T22:09:42.613+0000] {processor.py:830} INFO - Processing file /home/airflow/.local/lib/python3.12/site-packages/airflow/example_dags/tutorial.py for tasks to queue
[2024-04-09T22:09:42.615+0000] {logging_mixin.py:188} INFO - [2024-04-09T22:09:42.615+0000] {dagbag.py:540} INFO - Filling up the DagBag from /home/airflow/.local/lib/python3.12/site-packages/airflow/example_dags/tutorial.py
[2024-04-09T22:09:42.624+0000] {processor.py:840} INFO - DAG(s) 'tutorial' retrieved from /home/airflow/.local/lib/python3.12/site-packages/airflow/example_dags/tutorial.py
[2024-04-09T22:09:42.659+0000] {logging_mixin.py:188} INFO - [2024-04-09T22:09:42.658+0000] {dag.py:3096} INFO - Sync 1 DAGs
[2024-04-09T22:09:42.702+0000] {logging_mixin.py:188} INFO - [2024-04-09T22:09:42.702+0000] {dag.py:3954} INFO - Setting next_dagrun for tutorial to 2024-04-08 00:00:00+00:00, run_after=2024-04-09 00:00:00+00:00
[2024-04-09T22:09:42.828+0000] {processor.py:183} INFO - Processing /home/airflow/.local/lib/python3.12/site-packages/airflow/example_dags/tutorial.py took 0.225 seconds
[2024-04-09T22:10:12.975+0000] {processor.py:161} INFO - Started process (PID=1394) to work on /home/airflow/.local/lib/python3.12/site-packages/airflow/example_dags/tutorial.py
[2024-04-09T22:10:12.976+0000] {processor.py:830} INFO - Processing file /home/airflow/.local/lib/python3.12/site-packages/airflow/example_dags/tutorial.py for tasks to queue
[2024-04-09T22:10:12.980+0000] {logging_mixin.py:188} INFO - [2024-04-09T22:10:12.979+0000] {dagbag.py:540} INFO - Filling up the DagBag from /home/airflow/.local/lib/python3.12/site-packages/airflow/example_dags/tutorial.py
[2024-04-09T22:10:12.990+0000] {processor.py:840} INFO - DAG(s) 'tutorial' retrieved from /home/airflow/.local/lib/python3.12/site-packages/airflow/example_dags/tutorial.py
[2024-04-09T22:10:13.021+0000] {logging_mixin.py:188} INFO - [2024-04-09T22:10:13.020+0000] {dag.py:3096} INFO - Sync 1 DAGs
[2024-04-09T22:10:13.065+0000] {logging_mixin.py:188} INFO - [2024-04-09T22:10:13.064+0000] {dag.py:3954} INFO - Setting next_dagrun for tutorial to 2024-04-08 00:00:00+00:00, run_after=2024-04-09 00:00:00+00:00
[2024-04-09T22:10:13.165+0000] {processor.py:183} INFO - Processing /home/airflow/.local/lib/python3.12/site-packages/airflow/example_dags/tutorial.py took 0.200 seconds
[2024-04-09T22:10:43.821+0000] {processor.py:161} INFO - Started process (PID=1452) to work on /home/airflow/.local/lib/python3.12/site-packages/airflow/example_dags/tutorial.py
[2024-04-09T22:10:43.823+0000] {processor.py:830} INFO - Processing file /home/airflow/.local/lib/python3.12/site-packages/airflow/example_dags/tutorial.py for tasks to queue
[2024-04-09T22:10:43.826+0000] {logging_mixin.py:188} INFO - [2024-04-09T22:10:43.826+0000] {dagbag.py:540} INFO - Filling up the DagBag from /home/airflow/.local/lib/python3.12/site-packages/airflow/example_dags/tutorial.py
[2024-04-09T22:10:43.839+0000] {processor.py:840} INFO - DAG(s) 'tutorial' retrieved from /home/airflow/.local/lib/python3.12/site-packages/airflow/example_dags/tutorial.py
[2024-04-09T22:10:43.876+0000] {logging_mixin.py:188} INFO - [2024-04-09T22:10:43.875+0000] {dag.py:3096} INFO - Sync 1 DAGs
[2024-04-09T22:10:43.919+0000] {logging_mixin.py:188} INFO - [2024-04-09T22:10:43.918+0000] {dag.py:3954} INFO - Setting next_dagrun for tutorial to 2024-04-08 00:00:00+00:00, run_after=2024-04-09 00:00:00+00:00
[2024-04-09T22:10:44.112+0000] {processor.py:183} INFO - Processing /home/airflow/.local/lib/python3.12/site-packages/airflow/example_dags/tutorial.py took 0.303 seconds
[2024-04-09T22:11:14.349+0000] {processor.py:161} INFO - Started process (PID=1510) to work on /home/airflow/.local/lib/python3.12/site-packages/airflow/example_dags/tutorial.py
[2024-04-09T22:11:14.350+0000] {processor.py:830} INFO - Processing file /home/airflow/.local/lib/python3.12/site-packages/airflow/example_dags/tutorial.py for tasks to queue
[2024-04-09T22:11:14.354+0000] {logging_mixin.py:188} INFO - [2024-04-09T22:11:14.354+0000] {dagbag.py:540} INFO - Filling up the DagBag from /home/airflow/.local/lib/python3.12/site-packages/airflow/example_dags/tutorial.py
[2024-04-09T22:11:14.368+0000] {processor.py:840} INFO - DAG(s) 'tutorial' retrieved from /home/airflow/.local/lib/python3.12/site-packages/airflow/example_dags/tutorial.py
[2024-04-09T22:11:14.406+0000] {logging_mixin.py:188} INFO - [2024-04-09T22:11:14.406+0000] {dag.py:3096} INFO - Sync 1 DAGs
[2024-04-09T22:11:14.447+0000] {logging_mixin.py:188} INFO - [2024-04-09T22:11:14.447+0000] {dag.py:3954} INFO - Setting next_dagrun for tutorial to 2024-04-08 00:00:00+00:00, run_after=2024-04-09 00:00:00+00:00
[2024-04-09T22:11:14.569+0000] {processor.py:183} INFO - Processing /home/airflow/.local/lib/python3.12/site-packages/airflow/example_dags/tutorial.py took 0.236 seconds
