[2024-04-09T21:56:36.081+0000] {processor.py:161} INFO - Started process (PID=51) to work on /home/airflow/.local/lib/python3.12/site-packages/airflow/example_dags/tutorial_taskflow_api.py
[2024-04-09T21:56:36.083+0000] {processor.py:830} INFO - Processing file /home/airflow/.local/lib/python3.12/site-packages/airflow/example_dags/tutorial_taskflow_api.py for tasks to queue
[2024-04-09T21:56:36.086+0000] {logging_mixin.py:188} INFO - [2024-04-09T21:56:36.085+0000] {dagbag.py:540} INFO - Filling up the DagBag from /home/airflow/.local/lib/python3.12/site-packages/airflow/example_dags/tutorial_taskflow_api.py
[2024-04-09T21:56:36.103+0000] {processor.py:840} INFO - DAG(s) 'tutorial_taskflow_api' retrieved from /home/airflow/.local/lib/python3.12/site-packages/airflow/example_dags/tutorial_taskflow_api.py
[2024-04-09T21:56:41.575+0000] {logging_mixin.py:188} INFO - [2024-04-09T21:56:41.574+0000] {dag.py:3096} INFO - Sync 1 DAGs
[2024-04-09T21:56:44.026+0000] {logging_mixin.py:188} INFO - [2024-04-09T21:56:44.025+0000] {dag.py:3954} INFO - Setting next_dagrun for tutorial_taskflow_api to None, run_after=None
[2024-04-09T21:56:44.937+0000] {processor.py:183} INFO - Processing /home/airflow/.local/lib/python3.12/site-packages/airflow/example_dags/tutorial_taskflow_api.py took 8.864 seconds
[2024-04-09T21:58:15.124+0000] {processor.py:161} INFO - Started process (PID=115) to work on /home/airflow/.local/lib/python3.12/site-packages/airflow/example_dags/tutorial_taskflow_api.py
[2024-04-09T21:58:15.127+0000] {processor.py:830} INFO - Processing file /home/airflow/.local/lib/python3.12/site-packages/airflow/example_dags/tutorial_taskflow_api.py for tasks to queue
[2024-04-09T21:58:15.131+0000] {logging_mixin.py:188} INFO - [2024-04-09T21:58:15.131+0000] {dagbag.py:540} INFO - Filling up the DagBag from /home/airflow/.local/lib/python3.12/site-packages/airflow/example_dags/tutorial_taskflow_api.py
[2024-04-09T21:58:15.193+0000] {processor.py:840} INFO - DAG(s) 'tutorial_taskflow_api' retrieved from /home/airflow/.local/lib/python3.12/site-packages/airflow/example_dags/tutorial_taskflow_api.py
[2024-04-09T21:58:15.224+0000] {logging_mixin.py:188} INFO - [2024-04-09T21:58:15.224+0000] {dag.py:3096} INFO - Sync 1 DAGs
[2024-04-09T21:58:15.249+0000] {logging_mixin.py:188} INFO - [2024-04-09T21:58:15.249+0000] {dag.py:3954} INFO - Setting next_dagrun for tutorial_taskflow_api to None, run_after=None
[2024-04-09T21:58:15.788+0000] {processor.py:183} INFO - Processing /home/airflow/.local/lib/python3.12/site-packages/airflow/example_dags/tutorial_taskflow_api.py took 0.681 seconds
[2024-04-09T21:58:45.905+0000] {processor.py:161} INFO - Started process (PID=171) to work on /home/airflow/.local/lib/python3.12/site-packages/airflow/example_dags/tutorial_taskflow_api.py
[2024-04-09T21:58:45.907+0000] {processor.py:830} INFO - Processing file /home/airflow/.local/lib/python3.12/site-packages/airflow/example_dags/tutorial_taskflow_api.py for tasks to queue
[2024-04-09T21:58:45.911+0000] {logging_mixin.py:188} INFO - [2024-04-09T21:58:45.910+0000] {dagbag.py:540} INFO - Filling up the DagBag from /home/airflow/.local/lib/python3.12/site-packages/airflow/example_dags/tutorial_taskflow_api.py
[2024-04-09T21:58:45.923+0000] {processor.py:840} INFO - DAG(s) 'tutorial_taskflow_api' retrieved from /home/airflow/.local/lib/python3.12/site-packages/airflow/example_dags/tutorial_taskflow_api.py
[2024-04-09T21:58:45.950+0000] {logging_mixin.py:188} INFO - [2024-04-09T21:58:45.950+0000] {dag.py:3096} INFO - Sync 1 DAGs
[2024-04-09T21:58:45.973+0000] {logging_mixin.py:188} INFO - [2024-04-09T21:58:45.973+0000] {dag.py:3954} INFO - Setting next_dagrun for tutorial_taskflow_api to None, run_after=None
[2024-04-09T21:58:46.200+0000] {processor.py:183} INFO - Processing /home/airflow/.local/lib/python3.12/site-packages/airflow/example_dags/tutorial_taskflow_api.py took 0.306 seconds
[2024-04-09T21:59:21.652+0000] {processor.py:161} INFO - Started process (PID=235) to work on /home/airflow/.local/lib/python3.12/site-packages/airflow/example_dags/tutorial_taskflow_api.py
[2024-04-09T21:59:21.653+0000] {processor.py:830} INFO - Processing file /home/airflow/.local/lib/python3.12/site-packages/airflow/example_dags/tutorial_taskflow_api.py for tasks to queue
[2024-04-09T21:59:21.657+0000] {logging_mixin.py:188} INFO - [2024-04-09T21:59:21.657+0000] {dagbag.py:540} INFO - Filling up the DagBag from /home/airflow/.local/lib/python3.12/site-packages/airflow/example_dags/tutorial_taskflow_api.py
[2024-04-09T21:59:21.670+0000] {processor.py:840} INFO - DAG(s) 'tutorial_taskflow_api' retrieved from /home/airflow/.local/lib/python3.12/site-packages/airflow/example_dags/tutorial_taskflow_api.py
[2024-04-09T21:59:21.765+0000] {logging_mixin.py:188} INFO - [2024-04-09T21:59:21.764+0000] {dag.py:3096} INFO - Sync 1 DAGs
[2024-04-09T21:59:21.806+0000] {logging_mixin.py:188} INFO - [2024-04-09T21:59:21.805+0000] {dag.py:3954} INFO - Setting next_dagrun for tutorial_taskflow_api to None, run_after=None
[2024-04-09T21:59:22.141+0000] {processor.py:183} INFO - Processing /home/airflow/.local/lib/python3.12/site-packages/airflow/example_dags/tutorial_taskflow_api.py took 0.508 seconds
[2024-04-09T21:59:52.828+0000] {processor.py:161} INFO - Started process (PID=293) to work on /home/airflow/.local/lib/python3.12/site-packages/airflow/example_dags/tutorial_taskflow_api.py
[2024-04-09T21:59:52.835+0000] {processor.py:830} INFO - Processing file /home/airflow/.local/lib/python3.12/site-packages/airflow/example_dags/tutorial_taskflow_api.py for tasks to queue
[2024-04-09T21:59:52.857+0000] {logging_mixin.py:188} INFO - [2024-04-09T21:59:52.856+0000] {dagbag.py:540} INFO - Filling up the DagBag from /home/airflow/.local/lib/python3.12/site-packages/airflow/example_dags/tutorial_taskflow_api.py
[2024-04-09T21:59:52.872+0000] {processor.py:840} INFO - DAG(s) 'tutorial_taskflow_api' retrieved from /home/airflow/.local/lib/python3.12/site-packages/airflow/example_dags/tutorial_taskflow_api.py
[2024-04-09T21:59:52.947+0000] {logging_mixin.py:188} INFO - [2024-04-09T21:59:52.946+0000] {dag.py:3096} INFO - Sync 1 DAGs
[2024-04-09T21:59:52.975+0000] {logging_mixin.py:188} INFO - [2024-04-09T21:59:52.975+0000] {dag.py:3954} INFO - Setting next_dagrun for tutorial_taskflow_api to None, run_after=None
[2024-04-09T21:59:53.360+0000] {processor.py:183} INFO - Processing /home/airflow/.local/lib/python3.12/site-packages/airflow/example_dags/tutorial_taskflow_api.py took 0.542 seconds
[2024-04-09T22:00:23.460+0000] {processor.py:161} INFO - Started process (PID=350) to work on /home/airflow/.local/lib/python3.12/site-packages/airflow/example_dags/tutorial_taskflow_api.py
[2024-04-09T22:00:23.461+0000] {processor.py:830} INFO - Processing file /home/airflow/.local/lib/python3.12/site-packages/airflow/example_dags/tutorial_taskflow_api.py for tasks to queue
[2024-04-09T22:00:23.464+0000] {logging_mixin.py:188} INFO - [2024-04-09T22:00:23.464+0000] {dagbag.py:540} INFO - Filling up the DagBag from /home/airflow/.local/lib/python3.12/site-packages/airflow/example_dags/tutorial_taskflow_api.py
[2024-04-09T22:00:23.472+0000] {processor.py:840} INFO - DAG(s) 'tutorial_taskflow_api' retrieved from /home/airflow/.local/lib/python3.12/site-packages/airflow/example_dags/tutorial_taskflow_api.py
[2024-04-09T22:00:23.499+0000] {logging_mixin.py:188} INFO - [2024-04-09T22:00:23.498+0000] {dag.py:3096} INFO - Sync 1 DAGs
[2024-04-09T22:00:23.515+0000] {logging_mixin.py:188} INFO - [2024-04-09T22:00:23.515+0000] {dag.py:3954} INFO - Setting next_dagrun for tutorial_taskflow_api to None, run_after=None
[2024-04-09T22:00:23.693+0000] {processor.py:183} INFO - Processing /home/airflow/.local/lib/python3.12/site-packages/airflow/example_dags/tutorial_taskflow_api.py took 0.241 seconds
[2024-04-09T22:00:53.866+0000] {processor.py:161} INFO - Started process (PID=407) to work on /home/airflow/.local/lib/python3.12/site-packages/airflow/example_dags/tutorial_taskflow_api.py
[2024-04-09T22:00:53.868+0000] {processor.py:830} INFO - Processing file /home/airflow/.local/lib/python3.12/site-packages/airflow/example_dags/tutorial_taskflow_api.py for tasks to queue
[2024-04-09T22:00:53.871+0000] {logging_mixin.py:188} INFO - [2024-04-09T22:00:53.870+0000] {dagbag.py:540} INFO - Filling up the DagBag from /home/airflow/.local/lib/python3.12/site-packages/airflow/example_dags/tutorial_taskflow_api.py
[2024-04-09T22:00:53.880+0000] {processor.py:840} INFO - DAG(s) 'tutorial_taskflow_api' retrieved from /home/airflow/.local/lib/python3.12/site-packages/airflow/example_dags/tutorial_taskflow_api.py
[2024-04-09T22:00:53.908+0000] {logging_mixin.py:188} INFO - [2024-04-09T22:00:53.908+0000] {dag.py:3096} INFO - Sync 1 DAGs
[2024-04-09T22:00:53.927+0000] {logging_mixin.py:188} INFO - [2024-04-09T22:00:53.926+0000] {dag.py:3954} INFO - Setting next_dagrun for tutorial_taskflow_api to None, run_after=None
[2024-04-09T22:00:54.086+0000] {processor.py:183} INFO - Processing /home/airflow/.local/lib/python3.12/site-packages/airflow/example_dags/tutorial_taskflow_api.py took 0.228 seconds
[2024-04-09T22:01:24.450+0000] {processor.py:161} INFO - Started process (PID=464) to work on /home/airflow/.local/lib/python3.12/site-packages/airflow/example_dags/tutorial_taskflow_api.py
[2024-04-09T22:01:24.451+0000] {processor.py:830} INFO - Processing file /home/airflow/.local/lib/python3.12/site-packages/airflow/example_dags/tutorial_taskflow_api.py for tasks to queue
[2024-04-09T22:01:24.454+0000] {logging_mixin.py:188} INFO - [2024-04-09T22:01:24.453+0000] {dagbag.py:540} INFO - Filling up the DagBag from /home/airflow/.local/lib/python3.12/site-packages/airflow/example_dags/tutorial_taskflow_api.py
[2024-04-09T22:01:24.462+0000] {processor.py:840} INFO - DAG(s) 'tutorial_taskflow_api' retrieved from /home/airflow/.local/lib/python3.12/site-packages/airflow/example_dags/tutorial_taskflow_api.py
[2024-04-09T22:01:24.490+0000] {logging_mixin.py:188} INFO - [2024-04-09T22:01:24.490+0000] {dag.py:3096} INFO - Sync 1 DAGs
[2024-04-09T22:01:24.511+0000] {logging_mixin.py:188} INFO - [2024-04-09T22:01:24.510+0000] {dag.py:3954} INFO - Setting next_dagrun for tutorial_taskflow_api to None, run_after=None
[2024-04-09T22:01:24.816+0000] {processor.py:183} INFO - Processing /home/airflow/.local/lib/python3.12/site-packages/airflow/example_dags/tutorial_taskflow_api.py took 0.375 seconds
[2024-04-09T22:01:55.752+0000] {processor.py:161} INFO - Started process (PID=522) to work on /home/airflow/.local/lib/python3.12/site-packages/airflow/example_dags/tutorial_taskflow_api.py
[2024-04-09T22:01:55.753+0000] {processor.py:830} INFO - Processing file /home/airflow/.local/lib/python3.12/site-packages/airflow/example_dags/tutorial_taskflow_api.py for tasks to queue
[2024-04-09T22:01:55.756+0000] {logging_mixin.py:188} INFO - [2024-04-09T22:01:55.755+0000] {dagbag.py:540} INFO - Filling up the DagBag from /home/airflow/.local/lib/python3.12/site-packages/airflow/example_dags/tutorial_taskflow_api.py
[2024-04-09T22:01:55.764+0000] {processor.py:840} INFO - DAG(s) 'tutorial_taskflow_api' retrieved from /home/airflow/.local/lib/python3.12/site-packages/airflow/example_dags/tutorial_taskflow_api.py
[2024-04-09T22:01:55.792+0000] {logging_mixin.py:188} INFO - [2024-04-09T22:01:55.791+0000] {dag.py:3096} INFO - Sync 1 DAGs
[2024-04-09T22:01:55.810+0000] {logging_mixin.py:188} INFO - [2024-04-09T22:01:55.809+0000] {dag.py:3954} INFO - Setting next_dagrun for tutorial_taskflow_api to None, run_after=None
[2024-04-09T22:01:56.070+0000] {processor.py:183} INFO - Processing /home/airflow/.local/lib/python3.12/site-packages/airflow/example_dags/tutorial_taskflow_api.py took 0.326 seconds
[2024-04-09T22:02:29.441+0000] {processor.py:161} INFO - Started process (PID=580) to work on /home/airflow/.local/lib/python3.12/site-packages/airflow/example_dags/tutorial_taskflow_api.py
[2024-04-09T22:02:29.443+0000] {processor.py:830} INFO - Processing file /home/airflow/.local/lib/python3.12/site-packages/airflow/example_dags/tutorial_taskflow_api.py for tasks to queue
[2024-04-09T22:02:29.447+0000] {logging_mixin.py:188} INFO - [2024-04-09T22:02:29.446+0000] {dagbag.py:540} INFO - Filling up the DagBag from /home/airflow/.local/lib/python3.12/site-packages/airflow/example_dags/tutorial_taskflow_api.py
[2024-04-09T22:02:29.457+0000] {processor.py:840} INFO - DAG(s) 'tutorial_taskflow_api' retrieved from /home/airflow/.local/lib/python3.12/site-packages/airflow/example_dags/tutorial_taskflow_api.py
[2024-04-09T22:02:29.491+0000] {logging_mixin.py:188} INFO - [2024-04-09T22:02:29.490+0000] {dag.py:3096} INFO - Sync 1 DAGs
[2024-04-09T22:02:29.509+0000] {logging_mixin.py:188} INFO - [2024-04-09T22:02:29.509+0000] {dag.py:3954} INFO - Setting next_dagrun for tutorial_taskflow_api to None, run_after=None
[2024-04-09T22:02:29.850+0000] {processor.py:183} INFO - Processing /home/airflow/.local/lib/python3.12/site-packages/airflow/example_dags/tutorial_taskflow_api.py took 0.418 seconds
[2024-04-09T22:03:21.739+0000] {processor.py:161} INFO - Started process (PID=613) to work on /home/airflow/.local/lib/python3.12/site-packages/airflow/example_dags/tutorial_taskflow_api.py
[2024-04-09T22:03:21.741+0000] {processor.py:830} INFO - Processing file /home/airflow/.local/lib/python3.12/site-packages/airflow/example_dags/tutorial_taskflow_api.py for tasks to queue
[2024-04-09T22:03:21.744+0000] {logging_mixin.py:188} INFO - [2024-04-09T22:03:21.744+0000] {dagbag.py:540} INFO - Filling up the DagBag from /home/airflow/.local/lib/python3.12/site-packages/airflow/example_dags/tutorial_taskflow_api.py
[2024-04-09T22:03:21.754+0000] {processor.py:840} INFO - DAG(s) 'tutorial_taskflow_api' retrieved from /home/airflow/.local/lib/python3.12/site-packages/airflow/example_dags/tutorial_taskflow_api.py
[2024-04-09T22:03:21.807+0000] {logging_mixin.py:188} INFO - [2024-04-09T22:03:21.805+0000] {dag.py:3096} INFO - Sync 1 DAGs
[2024-04-09T22:03:21.834+0000] {logging_mixin.py:188} INFO - [2024-04-09T22:03:21.834+0000] {dag.py:3954} INFO - Setting next_dagrun for tutorial_taskflow_api to None, run_after=None
[2024-04-09T22:03:22.138+0000] {processor.py:183} INFO - Processing /home/airflow/.local/lib/python3.12/site-packages/airflow/example_dags/tutorial_taskflow_api.py took 0.408 seconds
[2024-04-09T22:03:56.826+0000] {processor.py:161} INFO - Started process (PID=677) to work on /home/airflow/.local/lib/python3.12/site-packages/airflow/example_dags/tutorial_taskflow_api.py
[2024-04-09T22:03:56.828+0000] {processor.py:830} INFO - Processing file /home/airflow/.local/lib/python3.12/site-packages/airflow/example_dags/tutorial_taskflow_api.py for tasks to queue
[2024-04-09T22:03:56.831+0000] {logging_mixin.py:188} INFO - [2024-04-09T22:03:56.830+0000] {dagbag.py:540} INFO - Filling up the DagBag from /home/airflow/.local/lib/python3.12/site-packages/airflow/example_dags/tutorial_taskflow_api.py
[2024-04-09T22:03:56.841+0000] {processor.py:840} INFO - DAG(s) 'tutorial_taskflow_api' retrieved from /home/airflow/.local/lib/python3.12/site-packages/airflow/example_dags/tutorial_taskflow_api.py
[2024-04-09T22:03:56.867+0000] {logging_mixin.py:188} INFO - [2024-04-09T22:03:56.867+0000] {dag.py:3096} INFO - Sync 1 DAGs
[2024-04-09T22:03:56.885+0000] {logging_mixin.py:188} INFO - [2024-04-09T22:03:56.884+0000] {dag.py:3954} INFO - Setting next_dagrun for tutorial_taskflow_api to None, run_after=None
[2024-04-09T22:03:57.078+0000] {processor.py:183} INFO - Processing /home/airflow/.local/lib/python3.12/site-packages/airflow/example_dags/tutorial_taskflow_api.py took 0.262 seconds
[2024-04-09T22:04:27.337+0000] {processor.py:161} INFO - Started process (PID=735) to work on /home/airflow/.local/lib/python3.12/site-packages/airflow/example_dags/tutorial_taskflow_api.py
[2024-04-09T22:04:27.339+0000] {processor.py:830} INFO - Processing file /home/airflow/.local/lib/python3.12/site-packages/airflow/example_dags/tutorial_taskflow_api.py for tasks to queue
[2024-04-09T22:04:27.341+0000] {logging_mixin.py:188} INFO - [2024-04-09T22:04:27.341+0000] {dagbag.py:540} INFO - Filling up the DagBag from /home/airflow/.local/lib/python3.12/site-packages/airflow/example_dags/tutorial_taskflow_api.py
[2024-04-09T22:04:27.349+0000] {processor.py:840} INFO - DAG(s) 'tutorial_taskflow_api' retrieved from /home/airflow/.local/lib/python3.12/site-packages/airflow/example_dags/tutorial_taskflow_api.py
[2024-04-09T22:04:27.383+0000] {logging_mixin.py:188} INFO - [2024-04-09T22:04:27.382+0000] {dag.py:3096} INFO - Sync 1 DAGs
[2024-04-09T22:04:27.410+0000] {logging_mixin.py:188} INFO - [2024-04-09T22:04:27.409+0000] {dag.py:3954} INFO - Setting next_dagrun for tutorial_taskflow_api to None, run_after=None
[2024-04-09T22:04:27.509+0000] {processor.py:183} INFO - Processing /home/airflow/.local/lib/python3.12/site-packages/airflow/example_dags/tutorial_taskflow_api.py took 0.179 seconds
[2024-04-09T22:05:00.666+0000] {processor.py:161} INFO - Started process (PID=793) to work on /home/airflow/.local/lib/python3.12/site-packages/airflow/example_dags/tutorial_taskflow_api.py
[2024-04-09T22:05:00.668+0000] {processor.py:830} INFO - Processing file /home/airflow/.local/lib/python3.12/site-packages/airflow/example_dags/tutorial_taskflow_api.py for tasks to queue
[2024-04-09T22:05:00.671+0000] {logging_mixin.py:188} INFO - [2024-04-09T22:05:00.671+0000] {dagbag.py:540} INFO - Filling up the DagBag from /home/airflow/.local/lib/python3.12/site-packages/airflow/example_dags/tutorial_taskflow_api.py
[2024-04-09T22:05:00.683+0000] {processor.py:840} INFO - DAG(s) 'tutorial_taskflow_api' retrieved from /home/airflow/.local/lib/python3.12/site-packages/airflow/example_dags/tutorial_taskflow_api.py
[2024-04-09T22:05:00.718+0000] {logging_mixin.py:188} INFO - [2024-04-09T22:05:00.718+0000] {dag.py:3096} INFO - Sync 1 DAGs
[2024-04-09T22:05:00.745+0000] {logging_mixin.py:188} INFO - [2024-04-09T22:05:00.745+0000] {dag.py:3954} INFO - Setting next_dagrun for tutorial_taskflow_api to None, run_after=None
[2024-04-09T22:05:00.874+0000] {processor.py:183} INFO - Processing /home/airflow/.local/lib/python3.12/site-packages/airflow/example_dags/tutorial_taskflow_api.py took 0.219 seconds
[2024-04-09T22:05:31.217+0000] {processor.py:161} INFO - Started process (PID=851) to work on /home/airflow/.local/lib/python3.12/site-packages/airflow/example_dags/tutorial_taskflow_api.py
[2024-04-09T22:05:31.218+0000] {processor.py:830} INFO - Processing file /home/airflow/.local/lib/python3.12/site-packages/airflow/example_dags/tutorial_taskflow_api.py for tasks to queue
[2024-04-09T22:05:31.221+0000] {logging_mixin.py:188} INFO - [2024-04-09T22:05:31.220+0000] {dagbag.py:540} INFO - Filling up the DagBag from /home/airflow/.local/lib/python3.12/site-packages/airflow/example_dags/tutorial_taskflow_api.py
[2024-04-09T22:05:31.231+0000] {processor.py:840} INFO - DAG(s) 'tutorial_taskflow_api' retrieved from /home/airflow/.local/lib/python3.12/site-packages/airflow/example_dags/tutorial_taskflow_api.py
[2024-04-09T22:05:31.256+0000] {logging_mixin.py:188} INFO - [2024-04-09T22:05:31.256+0000] {dag.py:3096} INFO - Sync 1 DAGs
[2024-04-09T22:05:31.283+0000] {logging_mixin.py:188} INFO - [2024-04-09T22:05:31.283+0000] {dag.py:3954} INFO - Setting next_dagrun for tutorial_taskflow_api to None, run_after=None
[2024-04-09T22:05:31.385+0000] {processor.py:183} INFO - Processing /home/airflow/.local/lib/python3.12/site-packages/airflow/example_dags/tutorial_taskflow_api.py took 0.179 seconds
[2024-04-09T22:06:01.880+0000] {processor.py:161} INFO - Started process (PID=909) to work on /home/airflow/.local/lib/python3.12/site-packages/airflow/example_dags/tutorial_taskflow_api.py
[2024-04-09T22:06:01.881+0000] {processor.py:830} INFO - Processing file /home/airflow/.local/lib/python3.12/site-packages/airflow/example_dags/tutorial_taskflow_api.py for tasks to queue
[2024-04-09T22:06:01.884+0000] {logging_mixin.py:188} INFO - [2024-04-09T22:06:01.883+0000] {dagbag.py:540} INFO - Filling up the DagBag from /home/airflow/.local/lib/python3.12/site-packages/airflow/example_dags/tutorial_taskflow_api.py
[2024-04-09T22:06:01.892+0000] {processor.py:840} INFO - DAG(s) 'tutorial_taskflow_api' retrieved from /home/airflow/.local/lib/python3.12/site-packages/airflow/example_dags/tutorial_taskflow_api.py
[2024-04-09T22:06:01.921+0000] {logging_mixin.py:188} INFO - [2024-04-09T22:06:01.921+0000] {dag.py:3096} INFO - Sync 1 DAGs
[2024-04-09T22:06:01.940+0000] {logging_mixin.py:188} INFO - [2024-04-09T22:06:01.939+0000] {dag.py:3954} INFO - Setting next_dagrun for tutorial_taskflow_api to None, run_after=None
[2024-04-09T22:06:01.995+0000] {processor.py:183} INFO - Processing /home/airflow/.local/lib/python3.12/site-packages/airflow/example_dags/tutorial_taskflow_api.py took 0.126 seconds
[2024-04-09T22:06:32.635+0000] {processor.py:161} INFO - Started process (PID=965) to work on /home/airflow/.local/lib/python3.12/site-packages/airflow/example_dags/tutorial_taskflow_api.py
[2024-04-09T22:06:32.636+0000] {processor.py:830} INFO - Processing file /home/airflow/.local/lib/python3.12/site-packages/airflow/example_dags/tutorial_taskflow_api.py for tasks to queue
[2024-04-09T22:06:32.639+0000] {logging_mixin.py:188} INFO - [2024-04-09T22:06:32.639+0000] {dagbag.py:540} INFO - Filling up the DagBag from /home/airflow/.local/lib/python3.12/site-packages/airflow/example_dags/tutorial_taskflow_api.py
[2024-04-09T22:06:32.650+0000] {processor.py:840} INFO - DAG(s) 'tutorial_taskflow_api' retrieved from /home/airflow/.local/lib/python3.12/site-packages/airflow/example_dags/tutorial_taskflow_api.py
[2024-04-09T22:06:32.682+0000] {logging_mixin.py:188} INFO - [2024-04-09T22:06:32.681+0000] {dag.py:3096} INFO - Sync 1 DAGs
[2024-04-09T22:06:32.704+0000] {logging_mixin.py:188} INFO - [2024-04-09T22:06:32.703+0000] {dag.py:3954} INFO - Setting next_dagrun for tutorial_taskflow_api to None, run_after=None
[2024-04-09T22:06:32.797+0000] {processor.py:183} INFO - Processing /home/airflow/.local/lib/python3.12/site-packages/airflow/example_dags/tutorial_taskflow_api.py took 0.172 seconds
[2024-04-09T22:07:03.421+0000] {processor.py:161} INFO - Started process (PID=1022) to work on /home/airflow/.local/lib/python3.12/site-packages/airflow/example_dags/tutorial_taskflow_api.py
[2024-04-09T22:07:03.422+0000] {processor.py:830} INFO - Processing file /home/airflow/.local/lib/python3.12/site-packages/airflow/example_dags/tutorial_taskflow_api.py for tasks to queue
[2024-04-09T22:07:03.425+0000] {logging_mixin.py:188} INFO - [2024-04-09T22:07:03.424+0000] {dagbag.py:540} INFO - Filling up the DagBag from /home/airflow/.local/lib/python3.12/site-packages/airflow/example_dags/tutorial_taskflow_api.py
[2024-04-09T22:07:03.433+0000] {processor.py:840} INFO - DAG(s) 'tutorial_taskflow_api' retrieved from /home/airflow/.local/lib/python3.12/site-packages/airflow/example_dags/tutorial_taskflow_api.py
[2024-04-09T22:07:03.463+0000] {logging_mixin.py:188} INFO - [2024-04-09T22:07:03.462+0000] {dag.py:3096} INFO - Sync 1 DAGs
[2024-04-09T22:07:03.485+0000] {logging_mixin.py:188} INFO - [2024-04-09T22:07:03.484+0000] {dag.py:3954} INFO - Setting next_dagrun for tutorial_taskflow_api to None, run_after=None
[2024-04-09T22:07:03.691+0000] {processor.py:183} INFO - Processing /home/airflow/.local/lib/python3.12/site-packages/airflow/example_dags/tutorial_taskflow_api.py took 0.278 seconds
[2024-04-09T22:07:33.895+0000] {processor.py:161} INFO - Started process (PID=1080) to work on /home/airflow/.local/lib/python3.12/site-packages/airflow/example_dags/tutorial_taskflow_api.py
[2024-04-09T22:07:33.897+0000] {processor.py:830} INFO - Processing file /home/airflow/.local/lib/python3.12/site-packages/airflow/example_dags/tutorial_taskflow_api.py for tasks to queue
[2024-04-09T22:07:33.901+0000] {logging_mixin.py:188} INFO - [2024-04-09T22:07:33.900+0000] {dagbag.py:540} INFO - Filling up the DagBag from /home/airflow/.local/lib/python3.12/site-packages/airflow/example_dags/tutorial_taskflow_api.py
[2024-04-09T22:07:33.916+0000] {processor.py:840} INFO - DAG(s) 'tutorial_taskflow_api' retrieved from /home/airflow/.local/lib/python3.12/site-packages/airflow/example_dags/tutorial_taskflow_api.py
[2024-04-09T22:07:33.950+0000] {logging_mixin.py:188} INFO - [2024-04-09T22:07:33.950+0000] {dag.py:3096} INFO - Sync 1 DAGs
[2024-04-09T22:07:33.973+0000] {logging_mixin.py:188} INFO - [2024-04-09T22:07:33.972+0000] {dag.py:3954} INFO - Setting next_dagrun for tutorial_taskflow_api to None, run_after=None
[2024-04-09T22:07:34.045+0000] {processor.py:183} INFO - Processing /home/airflow/.local/lib/python3.12/site-packages/airflow/example_dags/tutorial_taskflow_api.py took 0.161 seconds
[2024-04-09T22:08:04.597+0000] {processor.py:161} INFO - Started process (PID=1139) to work on /home/airflow/.local/lib/python3.12/site-packages/airflow/example_dags/tutorial_taskflow_api.py
[2024-04-09T22:08:04.599+0000] {processor.py:830} INFO - Processing file /home/airflow/.local/lib/python3.12/site-packages/airflow/example_dags/tutorial_taskflow_api.py for tasks to queue
[2024-04-09T22:08:04.602+0000] {logging_mixin.py:188} INFO - [2024-04-09T22:08:04.601+0000] {dagbag.py:540} INFO - Filling up the DagBag from /home/airflow/.local/lib/python3.12/site-packages/airflow/example_dags/tutorial_taskflow_api.py
[2024-04-09T22:08:04.811+0000] {processor.py:840} INFO - DAG(s) 'tutorial_taskflow_api' retrieved from /home/airflow/.local/lib/python3.12/site-packages/airflow/example_dags/tutorial_taskflow_api.py
[2024-04-09T22:08:04.834+0000] {logging_mixin.py:188} INFO - [2024-04-09T22:08:04.834+0000] {dag.py:3096} INFO - Sync 1 DAGs
[2024-04-09T22:08:04.848+0000] {logging_mixin.py:188} INFO - [2024-04-09T22:08:04.848+0000] {dag.py:3954} INFO - Setting next_dagrun for tutorial_taskflow_api to None, run_after=None
[2024-04-09T22:08:05.060+0000] {processor.py:183} INFO - Processing /home/airflow/.local/lib/python3.12/site-packages/airflow/example_dags/tutorial_taskflow_api.py took 0.471 seconds
[2024-04-09T22:08:35.729+0000] {processor.py:161} INFO - Started process (PID=1197) to work on /home/airflow/.local/lib/python3.12/site-packages/airflow/example_dags/tutorial_taskflow_api.py
[2024-04-09T22:08:35.731+0000] {processor.py:830} INFO - Processing file /home/airflow/.local/lib/python3.12/site-packages/airflow/example_dags/tutorial_taskflow_api.py for tasks to queue
[2024-04-09T22:08:35.734+0000] {logging_mixin.py:188} INFO - [2024-04-09T22:08:35.734+0000] {dagbag.py:540} INFO - Filling up the DagBag from /home/airflow/.local/lib/python3.12/site-packages/airflow/example_dags/tutorial_taskflow_api.py
[2024-04-09T22:08:35.745+0000] {processor.py:840} INFO - DAG(s) 'tutorial_taskflow_api' retrieved from /home/airflow/.local/lib/python3.12/site-packages/airflow/example_dags/tutorial_taskflow_api.py
[2024-04-09T22:08:35.774+0000] {logging_mixin.py:188} INFO - [2024-04-09T22:08:35.774+0000] {dag.py:3096} INFO - Sync 1 DAGs
[2024-04-09T22:08:35.800+0000] {logging_mixin.py:188} INFO - [2024-04-09T22:08:35.800+0000] {dag.py:3954} INFO - Setting next_dagrun for tutorial_taskflow_api to None, run_after=None
[2024-04-09T22:08:35.892+0000] {processor.py:183} INFO - Processing /home/airflow/.local/lib/python3.12/site-packages/airflow/example_dags/tutorial_taskflow_api.py took 0.173 seconds
[2024-04-09T22:09:06.586+0000] {processor.py:161} INFO - Started process (PID=1255) to work on /home/airflow/.local/lib/python3.12/site-packages/airflow/example_dags/tutorial_taskflow_api.py
[2024-04-09T22:09:06.588+0000] {processor.py:830} INFO - Processing file /home/airflow/.local/lib/python3.12/site-packages/airflow/example_dags/tutorial_taskflow_api.py for tasks to queue
[2024-04-09T22:09:06.592+0000] {logging_mixin.py:188} INFO - [2024-04-09T22:09:06.591+0000] {dagbag.py:540} INFO - Filling up the DagBag from /home/airflow/.local/lib/python3.12/site-packages/airflow/example_dags/tutorial_taskflow_api.py
[2024-04-09T22:09:06.603+0000] {processor.py:840} INFO - DAG(s) 'tutorial_taskflow_api' retrieved from /home/airflow/.local/lib/python3.12/site-packages/airflow/example_dags/tutorial_taskflow_api.py
[2024-04-09T22:09:06.638+0000] {logging_mixin.py:188} INFO - [2024-04-09T22:09:06.638+0000] {dag.py:3096} INFO - Sync 1 DAGs
[2024-04-09T22:09:06.663+0000] {logging_mixin.py:188} INFO - [2024-04-09T22:09:06.662+0000] {dag.py:3954} INFO - Setting next_dagrun for tutorial_taskflow_api to None, run_after=None
[2024-04-09T22:09:06.720+0000] {processor.py:183} INFO - Processing /home/airflow/.local/lib/python3.12/site-packages/airflow/example_dags/tutorial_taskflow_api.py took 0.145 seconds
[2024-04-09T22:09:37.097+0000] {processor.py:161} INFO - Started process (PID=1313) to work on /home/airflow/.local/lib/python3.12/site-packages/airflow/example_dags/tutorial_taskflow_api.py
[2024-04-09T22:09:37.098+0000] {processor.py:830} INFO - Processing file /home/airflow/.local/lib/python3.12/site-packages/airflow/example_dags/tutorial_taskflow_api.py for tasks to queue
[2024-04-09T22:09:37.104+0000] {logging_mixin.py:188} INFO - [2024-04-09T22:09:37.102+0000] {dagbag.py:540} INFO - Filling up the DagBag from /home/airflow/.local/lib/python3.12/site-packages/airflow/example_dags/tutorial_taskflow_api.py
[2024-04-09T22:09:37.114+0000] {processor.py:840} INFO - DAG(s) 'tutorial_taskflow_api' retrieved from /home/airflow/.local/lib/python3.12/site-packages/airflow/example_dags/tutorial_taskflow_api.py
[2024-04-09T22:09:37.154+0000] {logging_mixin.py:188} INFO - [2024-04-09T22:09:37.154+0000] {dag.py:3096} INFO - Sync 1 DAGs
[2024-04-09T22:09:37.176+0000] {logging_mixin.py:188} INFO - [2024-04-09T22:09:37.176+0000] {dag.py:3954} INFO - Setting next_dagrun for tutorial_taskflow_api to None, run_after=None
[2024-04-09T22:09:37.240+0000] {processor.py:183} INFO - Processing /home/airflow/.local/lib/python3.12/site-packages/airflow/example_dags/tutorial_taskflow_api.py took 0.154 seconds
[2024-04-09T22:10:07.732+0000] {processor.py:161} INFO - Started process (PID=1371) to work on /home/airflow/.local/lib/python3.12/site-packages/airflow/example_dags/tutorial_taskflow_api.py
[2024-04-09T22:10:07.734+0000] {processor.py:830} INFO - Processing file /home/airflow/.local/lib/python3.12/site-packages/airflow/example_dags/tutorial_taskflow_api.py for tasks to queue
[2024-04-09T22:10:07.737+0000] {logging_mixin.py:188} INFO - [2024-04-09T22:10:07.736+0000] {dagbag.py:540} INFO - Filling up the DagBag from /home/airflow/.local/lib/python3.12/site-packages/airflow/example_dags/tutorial_taskflow_api.py
[2024-04-09T22:10:07.746+0000] {processor.py:840} INFO - DAG(s) 'tutorial_taskflow_api' retrieved from /home/airflow/.local/lib/python3.12/site-packages/airflow/example_dags/tutorial_taskflow_api.py
[2024-04-09T22:10:07.794+0000] {logging_mixin.py:188} INFO - [2024-04-09T22:10:07.794+0000] {dag.py:3096} INFO - Sync 1 DAGs
[2024-04-09T22:10:07.824+0000] {logging_mixin.py:188} INFO - [2024-04-09T22:10:07.824+0000] {dag.py:3954} INFO - Setting next_dagrun for tutorial_taskflow_api to None, run_after=None
[2024-04-09T22:10:07.984+0000] {processor.py:183} INFO - Processing /home/airflow/.local/lib/python3.12/site-packages/airflow/example_dags/tutorial_taskflow_api.py took 0.264 seconds
[2024-04-09T22:10:38.039+0000] {processor.py:161} INFO - Started process (PID=1428) to work on /home/airflow/.local/lib/python3.12/site-packages/airflow/example_dags/tutorial_taskflow_api.py
[2024-04-09T22:10:38.040+0000] {processor.py:830} INFO - Processing file /home/airflow/.local/lib/python3.12/site-packages/airflow/example_dags/tutorial_taskflow_api.py for tasks to queue
[2024-04-09T22:10:38.043+0000] {logging_mixin.py:188} INFO - [2024-04-09T22:10:38.042+0000] {dagbag.py:540} INFO - Filling up the DagBag from /home/airflow/.local/lib/python3.12/site-packages/airflow/example_dags/tutorial_taskflow_api.py
[2024-04-09T22:10:38.051+0000] {processor.py:840} INFO - DAG(s) 'tutorial_taskflow_api' retrieved from /home/airflow/.local/lib/python3.12/site-packages/airflow/example_dags/tutorial_taskflow_api.py
[2024-04-09T22:10:38.079+0000] {logging_mixin.py:188} INFO - [2024-04-09T22:10:38.079+0000] {dag.py:3096} INFO - Sync 1 DAGs
[2024-04-09T22:10:38.096+0000] {logging_mixin.py:188} INFO - [2024-04-09T22:10:38.096+0000] {dag.py:3954} INFO - Setting next_dagrun for tutorial_taskflow_api to None, run_after=None
[2024-04-09T22:10:38.229+0000] {processor.py:183} INFO - Processing /home/airflow/.local/lib/python3.12/site-packages/airflow/example_dags/tutorial_taskflow_api.py took 0.199 seconds
[2024-04-09T22:11:08.708+0000] {processor.py:161} INFO - Started process (PID=1487) to work on /home/airflow/.local/lib/python3.12/site-packages/airflow/example_dags/tutorial_taskflow_api.py
[2024-04-09T22:11:08.710+0000] {processor.py:830} INFO - Processing file /home/airflow/.local/lib/python3.12/site-packages/airflow/example_dags/tutorial_taskflow_api.py for tasks to queue
[2024-04-09T22:11:08.713+0000] {logging_mixin.py:188} INFO - [2024-04-09T22:11:08.713+0000] {dagbag.py:540} INFO - Filling up the DagBag from /home/airflow/.local/lib/python3.12/site-packages/airflow/example_dags/tutorial_taskflow_api.py
[2024-04-09T22:11:08.725+0000] {processor.py:840} INFO - DAG(s) 'tutorial_taskflow_api' retrieved from /home/airflow/.local/lib/python3.12/site-packages/airflow/example_dags/tutorial_taskflow_api.py
[2024-04-09T22:11:08.762+0000] {logging_mixin.py:188} INFO - [2024-04-09T22:11:08.762+0000] {dag.py:3096} INFO - Sync 1 DAGs
[2024-04-09T22:11:08.788+0000] {logging_mixin.py:188} INFO - [2024-04-09T22:11:08.787+0000] {dag.py:3954} INFO - Setting next_dagrun for tutorial_taskflow_api to None, run_after=None
[2024-04-09T22:11:08.872+0000] {processor.py:183} INFO - Processing /home/airflow/.local/lib/python3.12/site-packages/airflow/example_dags/tutorial_taskflow_api.py took 0.172 seconds
[2024-04-09T22:11:39.619+0000] {processor.py:161} INFO - Started process (PID=1545) to work on /home/airflow/.local/lib/python3.12/site-packages/airflow/example_dags/tutorial_taskflow_api.py
[2024-04-09T22:11:39.621+0000] {processor.py:830} INFO - Processing file /home/airflow/.local/lib/python3.12/site-packages/airflow/example_dags/tutorial_taskflow_api.py for tasks to queue
[2024-04-09T22:11:39.625+0000] {logging_mixin.py:188} INFO - [2024-04-09T22:11:39.625+0000] {dagbag.py:540} INFO - Filling up the DagBag from /home/airflow/.local/lib/python3.12/site-packages/airflow/example_dags/tutorial_taskflow_api.py
[2024-04-09T22:11:39.638+0000] {processor.py:840} INFO - DAG(s) 'tutorial_taskflow_api' retrieved from /home/airflow/.local/lib/python3.12/site-packages/airflow/example_dags/tutorial_taskflow_api.py
[2024-04-09T22:11:39.678+0000] {logging_mixin.py:188} INFO - [2024-04-09T22:11:39.678+0000] {dag.py:3096} INFO - Sync 1 DAGs
[2024-04-09T22:11:39.698+0000] {logging_mixin.py:188} INFO - [2024-04-09T22:11:39.698+0000] {dag.py:3954} INFO - Setting next_dagrun for tutorial_taskflow_api to None, run_after=None
[2024-04-09T22:11:39.751+0000] {processor.py:183} INFO - Processing /home/airflow/.local/lib/python3.12/site-packages/airflow/example_dags/tutorial_taskflow_api.py took 0.142 seconds
